C:\dev\EMGLANDWEBC\webc\WebC\project\msvc\libjpeg\.\libjpeg___Win32_Debug_JavaScript_Unicode\libjpeg.lib
C:\dev\EMGLANDWEBC\webc\WebC\project\msvc\libjpeg\libjpeg___Win32_Debug_JavaScript_Unicode\cl.command.1.tlog
C:\dev\EMGLANDWEBC\webc\WebC\project\msvc\libjpeg\libjpeg___Win32_Debug_JavaScript_Unicode\CL.read.1.tlog
C:\dev\EMGLANDWEBC\webc\WebC\project\msvc\libjpeg\libjpeg___Win32_Debug_JavaScript_Unicode\CL.write.1.tlog
C:\dev\EMGLANDWEBC\webc\WebC\project\msvc\libjpeg\libjpeg___Win32_Debug_JavaScript_Unicode\jcapimin.obj
C:\dev\EMGLANDWEBC\webc\WebC\project\msvc\libjpeg\libjpeg___Win32_Debug_JavaScript_Unicode\jcapistd.obj
C:\dev\EMGLANDWEBC\webc\WebC\project\msvc\libjpeg\libjpeg___Win32_Debug_JavaScript_Unicode\jccoefct.obj
C:\dev\EMGLANDWEBC\webc\WebC\project\msvc\libjpeg\libjpeg___Win32_Debug_JavaScript_Unicode\jccolor.obj
C:\dev\EMGLANDWEBC\webc\WebC\project\msvc\libjpeg\libjpeg___Win32_Debug_JavaScript_Unicode\jcdctmgr.obj
C:\dev\EMGLANDWEBC\webc\WebC\project\msvc\libjpeg\libjpeg___Win32_Debug_JavaScript_Unicode\jchuff.obj
C:\dev\EMGLANDWEBC\webc\WebC\project\msvc\libjpeg\libjpeg___Win32_Debug_JavaScript_Unicode\jcinit.obj
C:\dev\EMGLANDWEBC\webc\WebC\project\msvc\libjpeg\libjpeg___Win32_Debug_JavaScript_Unicode\jcmainct.obj
C:\dev\EMGLANDWEBC\webc\WebC\project\msvc\libjpeg\libjpeg___Win32_Debug_JavaScript_Unicode\jcmarker.obj
C:\dev\EMGLANDWEBC\webc\WebC\project\msvc\libjpeg\libjpeg___Win32_Debug_JavaScript_Unicode\jcmaster.obj
C:\dev\EMGLANDWEBC\webc\WebC\project\msvc\libjpeg\libjpeg___Win32_Debug_JavaScript_Unicode\jcomapi.obj
C:\dev\EMGLANDWEBC\webc\WebC\project\msvc\libjpeg\libjpeg___Win32_Debug_JavaScript_Unicode\jcparam.obj
C:\dev\EMGLANDWEBC\webc\WebC\project\msvc\libjpeg\libjpeg___Win32_Debug_JavaScript_Unicode\jcphuff.obj
C:\dev\EMGLANDWEBC\webc\WebC\project\msvc\libjpeg\libjpeg___Win32_Debug_JavaScript_Unicode\jcprepct.obj
C:\dev\EMGLANDWEBC\webc\WebC\project\msvc\libjpeg\libjpeg___Win32_Debug_JavaScript_Unicode\jcsample.obj
C:\dev\EMGLANDWEBC\webc\WebC\project\msvc\libjpeg\libjpeg___Win32_Debug_JavaScript_Unicode\jctrans.obj
C:\dev\EMGLANDWEBC\webc\WebC\project\msvc\libjpeg\libjpeg___Win32_Debug_JavaScript_Unicode\jdapimin.obj
C:\dev\EMGLANDWEBC\webc\WebC\project\msvc\libjpeg\libjpeg___Win32_Debug_JavaScript_Unicode\jdapistd.obj
C:\dev\EMGLANDWEBC\webc\WebC\project\msvc\libjpeg\libjpeg___Win32_Debug_JavaScript_Unicode\jdatadst.obj
C:\dev\EMGLANDWEBC\webc\WebC\project\msvc\libjpeg\libjpeg___Win32_Debug_JavaScript_Unicode\jdatasrc.obj
C:\dev\EMGLANDWEBC\webc\WebC\project\msvc\libjpeg\libjpeg___Win32_Debug_JavaScript_Unicode\jdcoefct.obj
C:\dev\EMGLANDWEBC\webc\WebC\project\msvc\libjpeg\libjpeg___Win32_Debug_JavaScript_Unicode\jdcolor.obj
C:\dev\EMGLANDWEBC\webc\WebC\project\msvc\libjpeg\libjpeg___Win32_Debug_JavaScript_Unicode\jddctmgr.obj
C:\dev\EMGLANDWEBC\webc\WebC\project\msvc\libjpeg\libjpeg___Win32_Debug_JavaScript_Unicode\jdhuff.obj
C:\dev\EMGLANDWEBC\webc\WebC\project\msvc\libjpeg\libjpeg___Win32_Debug_JavaScript_Unicode\jdinput.obj
C:\dev\EMGLANDWEBC\webc\WebC\project\msvc\libjpeg\libjpeg___Win32_Debug_JavaScript_Unicode\jdmainct.obj
C:\dev\EMGLANDWEBC\webc\WebC\project\msvc\libjpeg\libjpeg___Win32_Debug_JavaScript_Unicode\jdmarker.obj
C:\dev\EMGLANDWEBC\webc\WebC\project\msvc\libjpeg\libjpeg___Win32_Debug_JavaScript_Unicode\jdmaster.obj
C:\dev\EMGLANDWEBC\webc\WebC\project\msvc\libjpeg\libjpeg___Win32_Debug_JavaScript_Unicode\jdmerge.obj
C:\dev\EMGLANDWEBC\webc\WebC\project\msvc\libjpeg\libjpeg___Win32_Debug_JavaScript_Unicode\jdphuff.obj
C:\dev\EMGLANDWEBC\webc\WebC\project\msvc\libjpeg\libjpeg___Win32_Debug_JavaScript_Unicode\jdpostct.obj
C:\dev\EMGLANDWEBC\webc\WebC\project\msvc\libjpeg\libjpeg___Win32_Debug_JavaScript_Unicode\jdsample.obj
C:\dev\EMGLANDWEBC\webc\WebC\project\msvc\libjpeg\libjpeg___Win32_Debug_JavaScript_Unicode\jdtrans.obj
C:\dev\EMGLANDWEBC\webc\WebC\project\msvc\libjpeg\libjpeg___Win32_Debug_JavaScript_Unicode\jerror.obj
C:\dev\EMGLANDWEBC\webc\WebC\project\msvc\libjpeg\libjpeg___Win32_Debug_JavaScript_Unicode\jfdctflt.obj
C:\dev\EMGLANDWEBC\webc\WebC\project\msvc\libjpeg\libjpeg___Win32_Debug_JavaScript_Unicode\jfdctfst.obj
C:\dev\EMGLANDWEBC\webc\WebC\project\msvc\libjpeg\libjpeg___Win32_Debug_JavaScript_Unicode\jfdctint.obj
C:\dev\EMGLANDWEBC\webc\WebC\project\msvc\libjpeg\libjpeg___Win32_Debug_JavaScript_Unicode\jidctflt.obj
C:\dev\EMGLANDWEBC\webc\WebC\project\msvc\libjpeg\libjpeg___Win32_Debug_JavaScript_Unicode\jidctfst.obj
C:\dev\EMGLANDWEBC\webc\WebC\project\msvc\libjpeg\libjpeg___Win32_Debug_JavaScript_Unicode\jidctint.obj
C:\dev\EMGLANDWEBC\webc\WebC\project\msvc\libjpeg\libjpeg___Win32_Debug_JavaScript_Unicode\jidctred.obj
C:\dev\EMGLANDWEBC\webc\WebC\project\msvc\libjpeg\libjpeg___Win32_Debug_JavaScript_Unicode\jmemmgr.obj
C:\dev\EMGLANDWEBC\webc\WebC\project\msvc\libjpeg\libjpeg___Win32_Debug_JavaScript_Unicode\jmemnobs.obj
C:\dev\EMGLANDWEBC\webc\WebC\project\msvc\libjpeg\libjpeg___Win32_Debug_JavaScript_Unicode\jquant1.obj
C:\dev\EMGLANDWEBC\webc\WebC\project\msvc\libjpeg\libjpeg___Win32_Debug_JavaScript_Unicode\jquant2.obj
C:\dev\EMGLANDWEBC\webc\WebC\project\msvc\libjpeg\libjpeg___Win32_Debug_JavaScript_Unicode\jutils.obj
C:\dev\EMGLANDWEBC\webc\WebC\project\msvc\libjpeg\libjpeg___Win32_Debug_JavaScript_Unicode\lib.command.1.tlog
C:\dev\EMGLANDWEBC\webc\WebC\project\msvc\libjpeg\libjpeg___Win32_Debug_JavaScript_Unicode\libjpeg.write.1.tlog
C:\dev\EMGLANDWEBC\webc\WebC\project\msvc\libjpeg\libjpeg___Win32_Debug_JavaScript_Unicode\Lib-link.read.1.tlog
C:\dev\EMGLANDWEBC\webc\WebC\project\msvc\libjpeg\libjpeg___Win32_Debug_JavaScript_Unicode\Lib-link.write.1.tlog
C:\dev\EMGLANDWEBC\webc\WebC\project\msvc\libjpeg\libjpeg___Win32_Debug_JavaScript_Unicode\vc100.idb
C:\dev\EMGLANDWEBC\webc\WebC\project\msvc\libjpeg\libjpeg___Win32_Debug_JavaScript_Unicode\vc100.pdb
C:\DEV\WEBC\WEBC\PROJECT\MSVC\LIBJPEG\LIBJPEG___WIN32_DEBUG_JAVASCRIPT_UNICODE\JCAPIMIN.OBJ
C:\DEV\WEBC\WEBC\PROJECT\MSVC\LIBJPEG\LIBJPEG___WIN32_DEBUG_JAVASCRIPT_UNICODE\JCAPISTD.OBJ
C:\DEV\WEBC\WEBC\PROJECT\MSVC\LIBJPEG\LIBJPEG___WIN32_DEBUG_JAVASCRIPT_UNICODE\JCCOEFCT.OBJ
C:\DEV\WEBC\WEBC\PROJECT\MSVC\LIBJPEG\LIBJPEG___WIN32_DEBUG_JAVASCRIPT_UNICODE\JCCOLOR.OBJ
C:\DEV\WEBC\WEBC\PROJECT\MSVC\LIBJPEG\LIBJPEG___WIN32_DEBUG_JAVASCRIPT_UNICODE\JCDCTMGR.OBJ
C:\DEV\WEBC\WEBC\PROJECT\MSVC\LIBJPEG\LIBJPEG___WIN32_DEBUG_JAVASCRIPT_UNICODE\JCHUFF.OBJ
C:\DEV\WEBC\WEBC\PROJECT\MSVC\LIBJPEG\LIBJPEG___WIN32_DEBUG_JAVASCRIPT_UNICODE\JCINIT.OBJ
C:\DEV\WEBC\WEBC\PROJECT\MSVC\LIBJPEG\LIBJPEG___WIN32_DEBUG_JAVASCRIPT_UNICODE\JCMAINCT.OBJ
C:\DEV\WEBC\WEBC\PROJECT\MSVC\LIBJPEG\LIBJPEG___WIN32_DEBUG_JAVASCRIPT_UNICODE\JCMARKER.OBJ
C:\DEV\WEBC\WEBC\PROJECT\MSVC\LIBJPEG\LIBJPEG___WIN32_DEBUG_JAVASCRIPT_UNICODE\JCMASTER.OBJ
C:\DEV\WEBC\WEBC\PROJECT\MSVC\LIBJPEG\LIBJPEG___WIN32_DEBUG_JAVASCRIPT_UNICODE\JCOMAPI.OBJ
C:\DEV\WEBC\WEBC\PROJECT\MSVC\LIBJPEG\LIBJPEG___WIN32_DEBUG_JAVASCRIPT_UNICODE\JCPARAM.OBJ
C:\DEV\WEBC\WEBC\PROJECT\MSVC\LIBJPEG\LIBJPEG___WIN32_DEBUG_JAVASCRIPT_UNICODE\JCPHUFF.OBJ
C:\DEV\WEBC\WEBC\PROJECT\MSVC\LIBJPEG\LIBJPEG___WIN32_DEBUG_JAVASCRIPT_UNICODE\JCPREPCT.OBJ
C:\DEV\WEBC\WEBC\PROJECT\MSVC\LIBJPEG\LIBJPEG___WIN32_DEBUG_JAVASCRIPT_UNICODE\JCSAMPLE.OBJ
C:\DEV\WEBC\WEBC\PROJECT\MSVC\LIBJPEG\LIBJPEG___WIN32_DEBUG_JAVASCRIPT_UNICODE\JCTRANS.OBJ
C:\DEV\WEBC\WEBC\PROJECT\MSVC\LIBJPEG\LIBJPEG___WIN32_DEBUG_JAVASCRIPT_UNICODE\JDAPIMIN.OBJ
C:\DEV\WEBC\WEBC\PROJECT\MSVC\LIBJPEG\LIBJPEG___WIN32_DEBUG_JAVASCRIPT_UNICODE\JDAPISTD.OBJ
C:\DEV\WEBC\WEBC\PROJECT\MSVC\LIBJPEG\LIBJPEG___WIN32_DEBUG_JAVASCRIPT_UNICODE\JDATADST.OBJ
C:\DEV\WEBC\WEBC\PROJECT\MSVC\LIBJPEG\LIBJPEG___WIN32_DEBUG_JAVASCRIPT_UNICODE\JDATASRC.OBJ
C:\DEV\WEBC\WEBC\PROJECT\MSVC\LIBJPEG\LIBJPEG___WIN32_DEBUG_JAVASCRIPT_UNICODE\JDCOEFCT.OBJ
C:\DEV\WEBC\WEBC\PROJECT\MSVC\LIBJPEG\LIBJPEG___WIN32_DEBUG_JAVASCRIPT_UNICODE\JDCOLOR.OBJ
C:\DEV\WEBC\WEBC\PROJECT\MSVC\LIBJPEG\LIBJPEG___WIN32_DEBUG_JAVASCRIPT_UNICODE\JDDCTMGR.OBJ
C:\DEV\WEBC\WEBC\PROJECT\MSVC\LIBJPEG\LIBJPEG___WIN32_DEBUG_JAVASCRIPT_UNICODE\JDHUFF.OBJ
C:\DEV\WEBC\WEBC\PROJECT\MSVC\LIBJPEG\LIBJPEG___WIN32_DEBUG_JAVASCRIPT_UNICODE\JDINPUT.OBJ
C:\DEV\WEBC\WEBC\PROJECT\MSVC\LIBJPEG\LIBJPEG___WIN32_DEBUG_JAVASCRIPT_UNICODE\JDMAINCT.OBJ
C:\DEV\WEBC\WEBC\PROJECT\MSVC\LIBJPEG\LIBJPEG___WIN32_DEBUG_JAVASCRIPT_UNICODE\JDMARKER.OBJ
C:\DEV\WEBC\WEBC\PROJECT\MSVC\LIBJPEG\LIBJPEG___WIN32_DEBUG_JAVASCRIPT_UNICODE\JDMASTER.OBJ
C:\DEV\WEBC\WEBC\PROJECT\MSVC\LIBJPEG\LIBJPEG___WIN32_DEBUG_JAVASCRIPT_UNICODE\JDMERGE.OBJ
C:\DEV\WEBC\WEBC\PROJECT\MSVC\LIBJPEG\LIBJPEG___WIN32_DEBUG_JAVASCRIPT_UNICODE\JDPHUFF.OBJ
C:\DEV\WEBC\WEBC\PROJECT\MSVC\LIBJPEG\LIBJPEG___WIN32_DEBUG_JAVASCRIPT_UNICODE\JDPOSTCT.OBJ
C:\DEV\WEBC\WEBC\PROJECT\MSVC\LIBJPEG\LIBJPEG___WIN32_DEBUG_JAVASCRIPT_UNICODE\JDSAMPLE.OBJ
C:\DEV\WEBC\WEBC\PROJECT\MSVC\LIBJPEG\LIBJPEG___WIN32_DEBUG_JAVASCRIPT_UNICODE\JDTRANS.OBJ
C:\DEV\WEBC\WEBC\PROJECT\MSVC\LIBJPEG\LIBJPEG___WIN32_DEBUG_JAVASCRIPT_UNICODE\JERROR.OBJ
C:\DEV\WEBC\WEBC\PROJECT\MSVC\LIBJPEG\LIBJPEG___WIN32_DEBUG_JAVASCRIPT_UNICODE\JFDCTFLT.OBJ
C:\DEV\WEBC\WEBC\PROJECT\MSVC\LIBJPEG\LIBJPEG___WIN32_DEBUG_JAVASCRIPT_UNICODE\JFDCTFST.OBJ
C:\DEV\WEBC\WEBC\PROJECT\MSVC\LIBJPEG\LIBJPEG___WIN32_DEBUG_JAVASCRIPT_UNICODE\JFDCTINT.OBJ
C:\DEV\WEBC\WEBC\PROJECT\MSVC\LIBJPEG\LIBJPEG___WIN32_DEBUG_JAVASCRIPT_UNICODE\JIDCTFLT.OBJ
C:\DEV\WEBC\WEBC\PROJECT\MSVC\LIBJPEG\LIBJPEG___WIN32_DEBUG_JAVASCRIPT_UNICODE\JIDCTFST.OBJ
C:\DEV\WEBC\WEBC\PROJECT\MSVC\LIBJPEG\LIBJPEG___WIN32_DEBUG_JAVASCRIPT_UNICODE\JIDCTINT.OBJ
C:\DEV\WEBC\WEBC\PROJECT\MSVC\LIBJPEG\LIBJPEG___WIN32_DEBUG_JAVASCRIPT_UNICODE\JIDCTRED.OBJ
C:\DEV\WEBC\WEBC\PROJECT\MSVC\LIBJPEG\LIBJPEG___WIN32_DEBUG_JAVASCRIPT_UNICODE\JMEMMGR.OBJ
C:\DEV\WEBC\WEBC\PROJECT\MSVC\LIBJPEG\LIBJPEG___WIN32_DEBUG_JAVASCRIPT_UNICODE\JMEMNOBS.OBJ
C:\DEV\WEBC\WEBC\PROJECT\MSVC\LIBJPEG\LIBJPEG___WIN32_DEBUG_JAVASCRIPT_UNICODE\JQUANT1.OBJ
C:\DEV\WEBC\WEBC\PROJECT\MSVC\LIBJPEG\LIBJPEG___WIN32_DEBUG_JAVASCRIPT_UNICODE\JQUANT2.OBJ
C:\DEV\WEBC\WEBC\PROJECT\MSVC\LIBJPEG\LIBJPEG___WIN32_DEBUG_JAVASCRIPT_UNICODE\JUTILS.OBJ
C:\DEV\WEBC\WEBC\PROJECT\MSVC\LIBJPEG\LIBJPEG___WIN32_DEBUG_JAVASCRIPT_UNICODE\LIBJPEG.LIB
C:\DEV\WEBC\WEBC\PROJECT\MSVC\LIBJPEG\LIBJPEG___WIN32_DEBUG_JAVASCRIPT_UNICODE\VC100.PDB
