Build started 5/31/2011 12:08:10 PM.
     1>Project "C:\Moto_Project\ebs_merge_10_14\WebC\project\msvc.net\fdlibm\fdlibm.vcxproj" on node 3 (build target(s)).
     1>InitializeBuildStatus:
         Creating "Debug\fdlibm.unsuccessfulbuild" because "AlwaysCreate" was specified.
       ClCompile:
         C:\Program Files\Microsoft Visual Studio 10.0\VC\bin\CL.exe /c /ZI /nologo /W3 /WX- /Od /Oy- /D WIN32 /D _DEBUG /D _LIB /D _VC80_UPGRADE=0x0710 /D _MBCS /Gm- /EHsc /RTC1 /MTd /GS /fp:precise /Zc:wchar_t /Zc:forScope /Fo".\Debug/" /Fd".\Debug/vc100.pdb" /Gd /TC /analyze- /errorReport:prompt ..\..\..\lib\fdlibm\e_acos.c ..\..\..\lib\fdlibm\e_acosh.c ..\..\..\lib\fdlibm\e_asin.c ..\..\..\lib\fdlibm\e_atan2.c ..\..\..\lib\fdlibm\e_atanh.c ..\..\..\lib\fdlibm\e_cosh.c ..\..\..\lib\fdlibm\e_exp.c ..\..\..\lib\fdlibm\e_fmod.c ..\..\..\lib\fdlibm\e_gamma.c ..\..\..\lib\fdlibm\e_gamma_r.c ..\..\..\lib\fdlibm\e_hypot.c ..\..\..\lib\fdlibm\e_j0.c ..\..\..\lib\fdlibm\e_j1.c ..\..\..\lib\fdlibm\e_jn.c ..\..\..\lib\fdlibm\e_lgamma.c ..\..\..\lib\fdlibm\e_lgamma_r.c ..\..\..\lib\fdlibm\e_log.c ..\..\..\lib\fdlibm\e_log10.c ..\..\..\lib\fdlibm\e_pow.c ..\..\..\lib\fdlibm\e_rem_pio2.c ..\..\..\lib\fdlibm\e_remainder.c ..\..\..\lib\fdlibm\e_scalb.c ..\..\..\lib\fdlibm\e_sinh.c ..\..\..\lib\fdlibm\e_sqrt.c ..\..\..\lib\fdlibm\k_cos.c ..\..\..\lib\fdlibm\k_rem_pio2.c ..\..\..\lib\fdlibm\k_sin.c ..\..\..\lib\fdlibm\k_standard.c ..\..\..\lib\fdlibm\k_tan.c ..\..\..\lib\fdlibm\s_asinh.c ..\..\..\lib\fdlibm\s_atan.c ..\..\..\lib\fdlibm\s_cbrt.c ..\..\..\lib\fdlibm\s_ceil.c ..\..\..\lib\fdlibm\s_copysign.c ..\..\..\lib\fdlibm\s_cos.c ..\..\..\lib\fdlibm\s_erf.c ..\..\..\lib\fdlibm\s_expm1.c ..\..\..\lib\fdlibm\s_fabs.c ..\..\..\lib\fdlibm\s_finite.c ..\..\..\lib\fdlibm\s_floor.c ..\..\..\lib\fdlibm\s_frexp.c ..\..\..\lib\fdlibm\s_ilogb.c ..\..\..\lib\fdlibm\s_isnan.c ..\..\..\lib\fdlibm\s_ldexp.c ..\..\..\lib\fdlibm\s_lib_version.c ..\..\..\lib\fdlibm\s_log1p.c ..\..\..\lib\fdlibm\s_logb.c ..\..\..\lib\fdlibm\s_matherr.c ..\..\..\lib\fdlibm\s_modf.c ..\..\..\lib\fdlibm\s_nextafter.c ..\..\..\lib\fdlibm\s_rint.c ..\..\..\lib\fdlibm\s_scalbn.c ..\..\..\lib\fdlibm\s_signgam.c ..\..\..\lib\fdlibm\s_significand.c ..\..\..\lib\fdlibm\s_sin.c ..\..\..\lib\fdlibm\s_tan.c ..\..\..\lib\fdlibm\s_tanh.c ..\..\..\lib\fdlibm\w_acos.c ..\..\..\lib\fdlibm\w_acosh.c ..\..\..\lib\fdlibm\w_asin.c ..\..\..\lib\fdlibm\w_atan2.c ..\..\..\lib\fdlibm\w_atanh.c ..\..\..\lib\fdlibm\w_cosh.c ..\..\..\lib\fdlibm\w_exp.c ..\..\..\lib\fdlibm\w_fmod.c ..\..\..\lib\fdlibm\w_gamma.c ..\..\..\lib\fdlibm\w_gamma_r.c ..\..\..\lib\fdlibm\w_hypot.c ..\..\..\lib\fdlibm\w_j0.c ..\..\..\lib\fdlibm\w_j1.c ..\..\..\lib\fdlibm\w_jn.c ..\..\..\lib\fdlibm\w_lgamma.c ..\..\..\lib\fdlibm\w_lgamma_r.c ..\..\..\lib\fdlibm\w_log.c ..\..\..\lib\fdlibm\w_log10.c ..\..\..\lib\fdlibm\w_pow.c ..\..\..\lib\fdlibm\w_remainder.c ..\..\..\lib\fdlibm\w_scalb.c ..\..\..\lib\fdlibm\w_sinh.c ..\..\..\lib\fdlibm\w_sqrt.c
         e_acos.c
         e_acosh.c
         e_asin.c
         e_atan2.c
         e_atanh.c
         e_cosh.c
         e_exp.c
         e_fmod.c
         e_gamma.c
         e_gamma_r.c
         e_hypot.c
         e_j0.c
         e_j1.c
         e_jn.c
         e_lgamma.c
         e_lgamma_r.c
         e_log.c
         e_log10.c
         e_pow.c
         e_rem_pio2.c
         Generating Code...
         Compiling...
         e_remainder.c
         e_scalb.c
         e_sinh.c
         e_sqrt.c
         k_cos.c
         k_rem_pio2.c
         k_sin.c
         k_standard.c
         k_tan.c
         s_asinh.c
         s_atan.c
         s_cbrt.c
         s_ceil.c
         s_copysign.c
         s_cos.c
         s_erf.c
         s_expm1.c
         s_fabs.c
         s_finite.c
         s_floor.c
         Generating Code...
         Compiling...
         s_frexp.c
         s_ilogb.c
         s_isnan.c
         s_ldexp.c
         s_lib_version.c
         s_log1p.c
         s_logb.c
         s_matherr.c
         s_modf.c
         s_nextafter.c
         s_rint.c
         s_scalbn.c
         s_signgam.c
         s_significand.c
         s_sin.c
         s_tan.c
         s_tanh.c
         w_acos.c
         w_acosh.c
         w_asin.c
         Generating Code...
         Compiling...
         w_atan2.c
         w_atanh.c
         w_cosh.c
         w_exp.c
         w_fmod.c
         w_gamma.c
         w_gamma_r.c
         w_hypot.c
         w_j0.c
         w_j1.c
         w_jn.c
         w_lgamma.c
         w_lgamma_r.c
         w_log.c
         w_log10.c
         w_pow.c
         w_remainder.c
         w_scalb.c
         w_sinh.c
         w_sqrt.c
         Generating Code...
       Lib:
         C:\Program Files\Microsoft Visual Studio 10.0\VC\bin\Lib.exe /OUT:".\Debug\fdlibm.lib" /NOLOGO .\Debug/e_acos.obj
         .\Debug/e_acosh.obj
         .\Debug/e_asin.obj
         .\Debug/e_atan2.obj
         .\Debug/e_atanh.obj
         .\Debug/e_cosh.obj
         .\Debug/e_exp.obj
         .\Debug/e_fmod.obj
         .\Debug/e_gamma.obj
         .\Debug/e_gamma_r.obj
         .\Debug/e_hypot.obj
         .\Debug/e_j0.obj
         .\Debug/e_j1.obj
         .\Debug/e_jn.obj
         .\Debug/e_lgamma.obj
         .\Debug/e_lgamma_r.obj
         .\Debug/e_log.obj
         .\Debug/e_log10.obj
         .\Debug/e_pow.obj
         .\Debug/e_rem_pio2.obj
         .\Debug/e_remainder.obj
         .\Debug/e_scalb.obj
         .\Debug/e_sinh.obj
         .\Debug/e_sqrt.obj
         .\Debug/k_cos.obj
         .\Debug/k_rem_pio2.obj
         .\Debug/k_sin.obj
         .\Debug/k_standard.obj
         .\Debug/k_tan.obj
         .\Debug/s_asinh.obj
         .\Debug/s_atan.obj
         .\Debug/s_cbrt.obj
         .\Debug/s_ceil.obj
         .\Debug/s_copysign.obj
         .\Debug/s_cos.obj
         .\Debug/s_erf.obj
         .\Debug/s_expm1.obj
         .\Debug/s_fabs.obj
         .\Debug/s_finite.obj
         .\Debug/s_floor.obj
         .\Debug/s_frexp.obj
         .\Debug/s_ilogb.obj
         .\Debug/s_isnan.obj
         .\Debug/s_ldexp.obj
         .\Debug/s_lib_version.obj
         .\Debug/s_log1p.obj
         .\Debug/s_logb.obj
         .\Debug/s_matherr.obj
         .\Debug/s_modf.obj
         .\Debug/s_nextafter.obj
         .\Debug/s_rint.obj
         .\Debug/s_scalbn.obj
         .\Debug/s_signgam.obj
         .\Debug/s_significand.obj
         .\Debug/s_sin.obj
         .\Debug/s_tan.obj
         .\Debug/s_tanh.obj
         .\Debug/w_acos.obj
         .\Debug/w_acosh.obj
         .\Debug/w_asin.obj
         .\Debug/w_atan2.obj
         .\Debug/w_atanh.obj
         .\Debug/w_cosh.obj
         .\Debug/w_exp.obj
         .\Debug/w_fmod.obj
         .\Debug/w_gamma.obj
         .\Debug/w_gamma_r.obj
         .\Debug/w_hypot.obj
         .\Debug/w_j0.obj
         .\Debug/w_j1.obj
         .\Debug/w_jn.obj
         .\Debug/w_lgamma.obj
         .\Debug/w_lgamma_r.obj
         .\Debug/w_log.obj
         .\Debug/w_log10.obj
         .\Debug/w_pow.obj
         .\Debug/w_remainder.obj
         .\Debug/w_scalb.obj
         .\Debug/w_sinh.obj
         .\Debug/w_sqrt.obj
         fdlibm.vcxproj -> C:\Moto_Project\ebs_merge_10_14\WebC\project\msvc.net\fdlibm\Debug\fdlibm.lib
       FinalizeBuildStatus:
         Deleting file "Debug\fdlibm.unsuccessfulbuild".
         Touching "Debug\fdlibm.lastbuildstate".
     1>Done Building Project "C:\Moto_Project\ebs_merge_10_14\WebC\project\msvc.net\fdlibm\fdlibm.vcxproj" (build target(s)).

Build succeeded.

Time Elapsed 00:00:13.78
