C:\dev\EMGLANDWEBC\webc\WebC\project\msvc\mozjs\.\mozjs___Win32_Debug_JavaScript_Unicode\mozjs.lib
C:\dev\EMGLANDWEBC\webc\WebC\project\msvc\mozjs\mozjs___Win32_Debug_JavaScript_Unicode\cl.command.1.tlog
C:\dev\EMGLANDWEBC\webc\WebC\project\msvc\mozjs\mozjs___Win32_Debug_JavaScript_Unicode\CL.read.1.tlog
C:\dev\EMGLANDWEBC\webc\WebC\project\msvc\mozjs\mozjs___Win32_Debug_JavaScript_Unicode\CL.write.1.tlog
C:\dev\EMGLANDWEBC\webc\WebC\project\msvc\mozjs\mozjs___Win32_Debug_JavaScript_Unicode\jsapi.obj
C:\dev\EMGLANDWEBC\webc\WebC\project\msvc\mozjs\mozjs___Win32_Debug_JavaScript_Unicode\jsarena.obj
C:\dev\EMGLANDWEBC\webc\WebC\project\msvc\mozjs\mozjs___Win32_Debug_JavaScript_Unicode\jsarray.obj
C:\dev\EMGLANDWEBC\webc\WebC\project\msvc\mozjs\mozjs___Win32_Debug_JavaScript_Unicode\jsatom.obj
C:\dev\EMGLANDWEBC\webc\WebC\project\msvc\mozjs\mozjs___Win32_Debug_JavaScript_Unicode\jsbool.obj
C:\dev\EMGLANDWEBC\webc\WebC\project\msvc\mozjs\mozjs___Win32_Debug_JavaScript_Unicode\jscntxt.obj
C:\dev\EMGLANDWEBC\webc\WebC\project\msvc\mozjs\mozjs___Win32_Debug_JavaScript_Unicode\jsdate.obj
C:\dev\EMGLANDWEBC\webc\WebC\project\msvc\mozjs\mozjs___Win32_Debug_JavaScript_Unicode\jsdbgapi.obj
C:\dev\EMGLANDWEBC\webc\WebC\project\msvc\mozjs\mozjs___Win32_Debug_JavaScript_Unicode\jsdhash.obj
C:\dev\EMGLANDWEBC\webc\WebC\project\msvc\mozjs\mozjs___Win32_Debug_JavaScript_Unicode\jsdtoa.obj
C:\dev\EMGLANDWEBC\webc\WebC\project\msvc\mozjs\mozjs___Win32_Debug_JavaScript_Unicode\jsemit.obj
C:\dev\EMGLANDWEBC\webc\WebC\project\msvc\mozjs\mozjs___Win32_Debug_JavaScript_Unicode\jsexn.obj
C:\dev\EMGLANDWEBC\webc\WebC\project\msvc\mozjs\mozjs___Win32_Debug_JavaScript_Unicode\jsfile.obj
C:\dev\EMGLANDWEBC\webc\WebC\project\msvc\mozjs\mozjs___Win32_Debug_JavaScript_Unicode\jsfun.obj
C:\dev\EMGLANDWEBC\webc\WebC\project\msvc\mozjs\mozjs___Win32_Debug_JavaScript_Unicode\jsgc.obj
C:\dev\EMGLANDWEBC\webc\WebC\project\msvc\mozjs\mozjs___Win32_Debug_JavaScript_Unicode\jshash.obj
C:\dev\EMGLANDWEBC\webc\WebC\project\msvc\mozjs\mozjs___Win32_Debug_JavaScript_Unicode\jsinterp.obj
C:\dev\EMGLANDWEBC\webc\WebC\project\msvc\mozjs\mozjs___Win32_Debug_JavaScript_Unicode\jsinvoke.obj
C:\dev\EMGLANDWEBC\webc\WebC\project\msvc\mozjs\mozjs___Win32_Debug_JavaScript_Unicode\jsiter.obj
C:\dev\EMGLANDWEBC\webc\WebC\project\msvc\mozjs\mozjs___Win32_Debug_JavaScript_Unicode\jslock.obj
C:\dev\EMGLANDWEBC\webc\WebC\project\msvc\mozjs\mozjs___Win32_Debug_JavaScript_Unicode\jslog2.obj
C:\dev\EMGLANDWEBC\webc\WebC\project\msvc\mozjs\mozjs___Win32_Debug_JavaScript_Unicode\jslong.obj
C:\dev\EMGLANDWEBC\webc\WebC\project\msvc\mozjs\mozjs___Win32_Debug_JavaScript_Unicode\jsmath.obj
C:\dev\EMGLANDWEBC\webc\WebC\project\msvc\mozjs\mozjs___Win32_Debug_JavaScript_Unicode\jsnum.obj
C:\dev\EMGLANDWEBC\webc\WebC\project\msvc\mozjs\mozjs___Win32_Debug_JavaScript_Unicode\jsobj.obj
C:\dev\EMGLANDWEBC\webc\WebC\project\msvc\mozjs\mozjs___Win32_Debug_JavaScript_Unicode\jsopcode.obj
C:\dev\EMGLANDWEBC\webc\WebC\project\msvc\mozjs\mozjs___Win32_Debug_JavaScript_Unicode\jsparse.obj
C:\dev\EMGLANDWEBC\webc\WebC\project\msvc\mozjs\mozjs___Win32_Debug_JavaScript_Unicode\jsprf.obj
C:\dev\EMGLANDWEBC\webc\WebC\project\msvc\mozjs\mozjs___Win32_Debug_JavaScript_Unicode\jsregexp.obj
C:\dev\EMGLANDWEBC\webc\WebC\project\msvc\mozjs\mozjs___Win32_Debug_JavaScript_Unicode\jsscan.obj
C:\dev\EMGLANDWEBC\webc\WebC\project\msvc\mozjs\mozjs___Win32_Debug_JavaScript_Unicode\jsscope.obj
C:\dev\EMGLANDWEBC\webc\WebC\project\msvc\mozjs\mozjs___Win32_Debug_JavaScript_Unicode\jsscript.obj
C:\dev\EMGLANDWEBC\webc\WebC\project\msvc\mozjs\mozjs___Win32_Debug_JavaScript_Unicode\jsstr.obj
C:\dev\EMGLANDWEBC\webc\WebC\project\msvc\mozjs\mozjs___Win32_Debug_JavaScript_Unicode\jsutil.obj
C:\dev\EMGLANDWEBC\webc\WebC\project\msvc\mozjs\mozjs___Win32_Debug_JavaScript_Unicode\jsxdrapi.obj
C:\dev\EMGLANDWEBC\webc\WebC\project\msvc\mozjs\mozjs___Win32_Debug_JavaScript_Unicode\jsxml.obj
C:\dev\EMGLANDWEBC\webc\WebC\project\msvc\mozjs\mozjs___Win32_Debug_JavaScript_Unicode\lib.command.1.tlog
C:\dev\EMGLANDWEBC\webc\WebC\project\msvc\mozjs\mozjs___Win32_Debug_JavaScript_Unicode\Lib-link.read.1.tlog
C:\dev\EMGLANDWEBC\webc\WebC\project\msvc\mozjs\mozjs___Win32_Debug_JavaScript_Unicode\Lib-link.write.1.tlog
C:\dev\EMGLANDWEBC\webc\WebC\project\msvc\mozjs\mozjs___Win32_Debug_JavaScript_Unicode\mozjs.write.1.tlog
C:\dev\EMGLANDWEBC\webc\WebC\project\msvc\mozjs\mozjs___Win32_Debug_JavaScript_Unicode\prmjtime.obj
C:\dev\EMGLANDWEBC\webc\WebC\project\msvc\mozjs\mozjs___Win32_Debug_JavaScript_Unicode\vc100.idb
C:\dev\EMGLANDWEBC\webc\WebC\project\msvc\mozjs\mozjs___Win32_Debug_JavaScript_Unicode\vc100.pdb
C:\DEV\WEBC\WEBC\PROJECT\MSVC\MOZJS\MOZJS___WIN32_DEBUG_JAVASCRIPT_UNICODE\JSAPI.OBJ
C:\DEV\WEBC\WEBC\PROJECT\MSVC\MOZJS\MOZJS___WIN32_DEBUG_JAVASCRIPT_UNICODE\JSARENA.OBJ
C:\DEV\WEBC\WEBC\PROJECT\MSVC\MOZJS\MOZJS___WIN32_DEBUG_JAVASCRIPT_UNICODE\JSARRAY.OBJ
C:\DEV\WEBC\WEBC\PROJECT\MSVC\MOZJS\MOZJS___WIN32_DEBUG_JAVASCRIPT_UNICODE\JSATOM.OBJ
C:\DEV\WEBC\WEBC\PROJECT\MSVC\MOZJS\MOZJS___WIN32_DEBUG_JAVASCRIPT_UNICODE\JSBOOL.OBJ
C:\DEV\WEBC\WEBC\PROJECT\MSVC\MOZJS\MOZJS___WIN32_DEBUG_JAVASCRIPT_UNICODE\JSCNTXT.OBJ
C:\DEV\WEBC\WEBC\PROJECT\MSVC\MOZJS\MOZJS___WIN32_DEBUG_JAVASCRIPT_UNICODE\JSDATE.OBJ
C:\DEV\WEBC\WEBC\PROJECT\MSVC\MOZJS\MOZJS___WIN32_DEBUG_JAVASCRIPT_UNICODE\JSDBGAPI.OBJ
C:\DEV\WEBC\WEBC\PROJECT\MSVC\MOZJS\MOZJS___WIN32_DEBUG_JAVASCRIPT_UNICODE\JSDHASH.OBJ
C:\DEV\WEBC\WEBC\PROJECT\MSVC\MOZJS\MOZJS___WIN32_DEBUG_JAVASCRIPT_UNICODE\JSDTOA.OBJ
C:\DEV\WEBC\WEBC\PROJECT\MSVC\MOZJS\MOZJS___WIN32_DEBUG_JAVASCRIPT_UNICODE\JSEMIT.OBJ
C:\DEV\WEBC\WEBC\PROJECT\MSVC\MOZJS\MOZJS___WIN32_DEBUG_JAVASCRIPT_UNICODE\JSEXN.OBJ
C:\DEV\WEBC\WEBC\PROJECT\MSVC\MOZJS\MOZJS___WIN32_DEBUG_JAVASCRIPT_UNICODE\JSFILE.OBJ
C:\DEV\WEBC\WEBC\PROJECT\MSVC\MOZJS\MOZJS___WIN32_DEBUG_JAVASCRIPT_UNICODE\JSFUN.OBJ
C:\DEV\WEBC\WEBC\PROJECT\MSVC\MOZJS\MOZJS___WIN32_DEBUG_JAVASCRIPT_UNICODE\JSGC.OBJ
C:\DEV\WEBC\WEBC\PROJECT\MSVC\MOZJS\MOZJS___WIN32_DEBUG_JAVASCRIPT_UNICODE\JSHASH.OBJ
C:\DEV\WEBC\WEBC\PROJECT\MSVC\MOZJS\MOZJS___WIN32_DEBUG_JAVASCRIPT_UNICODE\JSINTERP.OBJ
C:\DEV\WEBC\WEBC\PROJECT\MSVC\MOZJS\MOZJS___WIN32_DEBUG_JAVASCRIPT_UNICODE\JSINVOKE.OBJ
C:\DEV\WEBC\WEBC\PROJECT\MSVC\MOZJS\MOZJS___WIN32_DEBUG_JAVASCRIPT_UNICODE\JSITER.OBJ
C:\DEV\WEBC\WEBC\PROJECT\MSVC\MOZJS\MOZJS___WIN32_DEBUG_JAVASCRIPT_UNICODE\JSLOCK.OBJ
C:\DEV\WEBC\WEBC\PROJECT\MSVC\MOZJS\MOZJS___WIN32_DEBUG_JAVASCRIPT_UNICODE\JSLOG2.OBJ
C:\DEV\WEBC\WEBC\PROJECT\MSVC\MOZJS\MOZJS___WIN32_DEBUG_JAVASCRIPT_UNICODE\JSLONG.OBJ
C:\DEV\WEBC\WEBC\PROJECT\MSVC\MOZJS\MOZJS___WIN32_DEBUG_JAVASCRIPT_UNICODE\JSMATH.OBJ
C:\DEV\WEBC\WEBC\PROJECT\MSVC\MOZJS\MOZJS___WIN32_DEBUG_JAVASCRIPT_UNICODE\JSNUM.OBJ
C:\DEV\WEBC\WEBC\PROJECT\MSVC\MOZJS\MOZJS___WIN32_DEBUG_JAVASCRIPT_UNICODE\JSOBJ.OBJ
C:\DEV\WEBC\WEBC\PROJECT\MSVC\MOZJS\MOZJS___WIN32_DEBUG_JAVASCRIPT_UNICODE\JSOPCODE.OBJ
C:\DEV\WEBC\WEBC\PROJECT\MSVC\MOZJS\MOZJS___WIN32_DEBUG_JAVASCRIPT_UNICODE\JSPARSE.OBJ
C:\DEV\WEBC\WEBC\PROJECT\MSVC\MOZJS\MOZJS___WIN32_DEBUG_JAVASCRIPT_UNICODE\JSPRF.OBJ
C:\DEV\WEBC\WEBC\PROJECT\MSVC\MOZJS\MOZJS___WIN32_DEBUG_JAVASCRIPT_UNICODE\JSREGEXP.OBJ
C:\DEV\WEBC\WEBC\PROJECT\MSVC\MOZJS\MOZJS___WIN32_DEBUG_JAVASCRIPT_UNICODE\JSSCAN.OBJ
C:\DEV\WEBC\WEBC\PROJECT\MSVC\MOZJS\MOZJS___WIN32_DEBUG_JAVASCRIPT_UNICODE\JSSCOPE.OBJ
C:\DEV\WEBC\WEBC\PROJECT\MSVC\MOZJS\MOZJS___WIN32_DEBUG_JAVASCRIPT_UNICODE\JSSCRIPT.OBJ
C:\DEV\WEBC\WEBC\PROJECT\MSVC\MOZJS\MOZJS___WIN32_DEBUG_JAVASCRIPT_UNICODE\JSSTR.OBJ
C:\DEV\WEBC\WEBC\PROJECT\MSVC\MOZJS\MOZJS___WIN32_DEBUG_JAVASCRIPT_UNICODE\JSUTIL.OBJ
C:\DEV\WEBC\WEBC\PROJECT\MSVC\MOZJS\MOZJS___WIN32_DEBUG_JAVASCRIPT_UNICODE\JSXDRAPI.OBJ
C:\DEV\WEBC\WEBC\PROJECT\MSVC\MOZJS\MOZJS___WIN32_DEBUG_JAVASCRIPT_UNICODE\JSXML.OBJ
C:\DEV\WEBC\WEBC\PROJECT\MSVC\MOZJS\MOZJS___WIN32_DEBUG_JAVASCRIPT_UNICODE\MOZJS.LIB
C:\DEV\WEBC\WEBC\PROJECT\MSVC\MOZJS\MOZJS___WIN32_DEBUG_JAVASCRIPT_UNICODE\PRMJTIME.OBJ
C:\DEV\WEBC\WEBC\PROJECT\MSVC\MOZJS\MOZJS___WIN32_DEBUG_JAVASCRIPT_UNICODE\VC100.PDB
