C:\dev\webc\WebC\project\msvc.net\rtplatform_win32\.\rtplatform_win32___Win32_Debug_JavaScript_Unicode\rtplatform_win32.lib
C:\dev\webc\WebC\project\msvc.net\rtplatform_win32\rtplatform_win32___Win32_Debug_JavaScript_Unicode\cl.command.1.tlog
C:\dev\webc\WebC\project\msvc.net\rtplatform_win32\rtplatform_win32___Win32_Debug_JavaScript_Unicode\CL.read.1.tlog
C:\dev\webc\WebC\project\msvc.net\rtplatform_win32\rtplatform_win32___Win32_Debug_JavaScript_Unicode\CL.write.1.tlog
C:\dev\webc\WebC\project\msvc.net\rtplatform_win32\rtplatform_win32___Win32_Debug_JavaScript_Unicode\lib.command.1.tlog
C:\dev\webc\WebC\project\msvc.net\rtplatform_win32\rtplatform_win32___Win32_Debug_JavaScript_Unicode\Lib-link.read.1.tlog
C:\dev\webc\WebC\project\msvc.net\rtplatform_win32\rtplatform_win32___Win32_Debug_JavaScript_Unicode\Lib-link.write.1.tlog
C:\DEV\WEBC\WEBC\PROJECT\MSVC.NET\RTPLATFORM_WIN32\RTPLATFORM_WIN32___WIN32_DEBUG_JAVASCRIPT_UNICODE\RTPCHAR.OBJ
C:\DEV\WEBC\WEBC\PROJECT\MSVC.NET\RTPLATFORM_WIN32\RTPLATFORM_WIN32___WIN32_DEBUG_JAVASCRIPT_UNICODE\RTPDATE.OBJ
C:\DEV\WEBC\WEBC\PROJECT\MSVC.NET\RTPLATFORM_WIN32\RTPLATFORM_WIN32___WIN32_DEBUG_JAVASCRIPT_UNICODE\RTPDUTIL.OBJ
C:\DEV\WEBC\WEBC\PROJECT\MSVC.NET\RTPLATFORM_WIN32\RTPLATFORM_WIN32___WIN32_DEBUG_JAVASCRIPT_UNICODE\RTPFILE.OBJ
C:\DEV\WEBC\WEBC\PROJECT\MSVC.NET\RTPLATFORM_WIN32\RTPLATFORM_WIN32___WIN32_DEBUG_JAVASCRIPT_UNICODE\RTPLATFORM_WIN32.LIB
C:\DEV\WEBC\WEBC\PROJECT\MSVC.NET\RTPLATFORM_WIN32\RTPLATFORM_WIN32___WIN32_DEBUG_JAVASCRIPT_UNICODE\RTPMEM.OBJ
C:\DEV\WEBC\WEBC\PROJECT\MSVC.NET\RTPLATFORM_WIN32\RTPLATFORM_WIN32___WIN32_DEBUG_JAVASCRIPT_UNICODE\RTPMEMDB.OBJ
C:\DEV\WEBC\WEBC\PROJECT\MSVC.NET\RTPLATFORM_WIN32\RTPLATFORM_WIN32___WIN32_DEBUG_JAVASCRIPT_UNICODE\RTPNET.OBJ
C:\DEV\WEBC\WEBC\PROJECT\MSVC.NET\RTPLATFORM_WIN32\RTPLATFORM_WIN32___WIN32_DEBUG_JAVASCRIPT_UNICODE\RTPRAND.OBJ
C:\DEV\WEBC\WEBC\PROJECT\MSVC.NET\RTPLATFORM_WIN32\RTPLATFORM_WIN32___WIN32_DEBUG_JAVASCRIPT_UNICODE\RTPSSL.OBJ
C:\DEV\WEBC\WEBC\PROJECT\MSVC.NET\RTPLATFORM_WIN32\RTPLATFORM_WIN32___WIN32_DEBUG_JAVASCRIPT_UNICODE\RTPSTDUP.OBJ
C:\DEV\WEBC\WEBC\PROJECT\MSVC.NET\RTPLATFORM_WIN32\RTPLATFORM_WIN32___WIN32_DEBUG_JAVASCRIPT_UNICODE\RTPSTR.OBJ
C:\DEV\WEBC\WEBC\PROJECT\MSVC.NET\RTPLATFORM_WIN32\RTPLATFORM_WIN32___WIN32_DEBUG_JAVASCRIPT_UNICODE\RTPTIME.OBJ
C:\DEV\WEBC\WEBC\PROJECT\MSVC.NET\RTPLATFORM_WIN32\RTPLATFORM_WIN32___WIN32_DEBUG_JAVASCRIPT_UNICODE\RTPWCHAR.OBJ
C:\DEV\WEBC\WEBC\PROJECT\MSVC.NET\RTPLATFORM_WIN32\RTPLATFORM_WIN32___WIN32_DEBUG_JAVASCRIPT_UNICODE\RTPWCS.OBJ
C:\DEV\WEBC\WEBC\PROJECT\MSVC.NET\RTPLATFORM_WIN32\RTPLATFORM_WIN32___WIN32_DEBUG_JAVASCRIPT_UNICODE\RTPWSCNV.OBJ
C:\DEV\WEBC\WEBC\PROJECT\MSVC.NET\RTPLATFORM_WIN32\RTPLATFORM_WIN32___WIN32_DEBUG_JAVASCRIPT_UNICODE\RTPXML.OBJ
C:\dev\webc\WebC\project\msvc.net\rtplatform_win32\rtplatform_win32___Win32_Debug_JavaScript_Unicode\vc100.idb
C:\DEV\WEBC\WEBC\PROJECT\MSVC.NET\RTPLATFORM_WIN32\RTPLATFORM_WIN32___WIN32_DEBUG_JAVASCRIPT_UNICODE\VC100.PDB
