C:\dev\EMGLANDWEBC\webc\WebC\project\msvc\rtplatform_winsock\rtplatform_win32___Win32_Debug_JavaScript_Unicode\cl.command.1.tlog
C:\dev\EMGLANDWEBC\webc\WebC\project\msvc\rtplatform_winsock\rtplatform_win32___Win32_Debug_JavaScript_Unicode\CL.read.1.tlog
C:\dev\EMGLANDWEBC\webc\WebC\project\msvc\rtplatform_winsock\rtplatform_win32___Win32_Debug_JavaScript_Unicode\CL.write.1.tlog
C:\dev\EMGLANDWEBC\webc\WebC\project\msvc\rtplatform_winsock\rtplatform_win32___Win32_Debug_JavaScript_Unicode\lib.command.1.tlog
C:\dev\EMGLANDWEBC\webc\WebC\project\msvc\rtplatform_winsock\rtplatform_win32___Win32_Debug_JavaScript_Unicode\Lib-link.read.1.tlog
C:\dev\EMGLANDWEBC\webc\WebC\project\msvc\rtplatform_winsock\rtplatform_win32___Win32_Debug_JavaScript_Unicode\Lib-link.write.1.tlog
C:\dev\EMGLANDWEBC\webc\WebC\project\msvc\rtplatform_winsock\rtplatform_win32___Win32_Debug_JavaScript_Unicode\rtpchar.obj
C:\dev\EMGLANDWEBC\webc\WebC\project\msvc\rtplatform_winsock\rtplatform_win32___Win32_Debug_JavaScript_Unicode\rtpdate.obj
C:\dev\EMGLANDWEBC\webc\WebC\project\msvc\rtplatform_winsock\rtplatform_win32___Win32_Debug_JavaScript_Unicode\rtpdebug.obj
C:\dev\EMGLANDWEBC\webc\WebC\project\msvc\rtplatform_winsock\rtplatform_win32___Win32_Debug_JavaScript_Unicode\rtpdutil.obj
C:\dev\EMGLANDWEBC\webc\WebC\project\msvc\rtplatform_winsock\rtplatform_win32___Win32_Debug_JavaScript_Unicode\rtpfile.obj
C:\dev\EMGLANDWEBC\webc\WebC\project\msvc\rtplatform_winsock\rtplatform_win32___Win32_Debug_JavaScript_Unicode\rtplatform.write.1.tlog
C:\dev\EMGLANDWEBC\webc\WebC\project\msvc\rtplatform_winsock\rtplatform_win32___Win32_Debug_JavaScript_Unicode\rtpmem.obj
C:\dev\EMGLANDWEBC\webc\WebC\project\msvc\rtplatform_winsock\rtplatform_win32___Win32_Debug_JavaScript_Unicode\rtpmemdb.obj
C:\dev\EMGLANDWEBC\webc\WebC\project\msvc\rtplatform_winsock\rtplatform_win32___Win32_Debug_JavaScript_Unicode\rtpnet.obj
C:\dev\EMGLANDWEBC\webc\WebC\project\msvc\rtplatform_winsock\rtplatform_win32___Win32_Debug_JavaScript_Unicode\rtprand.obj
C:\dev\EMGLANDWEBC\webc\WebC\project\msvc\rtplatform_winsock\rtplatform_win32___Win32_Debug_JavaScript_Unicode\rtpscnv.obj
C:\dev\EMGLANDWEBC\webc\WebC\project\msvc\rtplatform_winsock\rtplatform_win32___Win32_Debug_JavaScript_Unicode\rtpssl.obj
C:\dev\EMGLANDWEBC\webc\WebC\project\msvc\rtplatform_winsock\rtplatform_win32___Win32_Debug_JavaScript_Unicode\rtpstdup.obj
C:\dev\EMGLANDWEBC\webc\WebC\project\msvc\rtplatform_winsock\rtplatform_win32___Win32_Debug_JavaScript_Unicode\rtpstr.obj
C:\dev\EMGLANDWEBC\webc\WebC\project\msvc\rtplatform_winsock\rtplatform_win32___Win32_Debug_JavaScript_Unicode\rtptime.obj
C:\dev\EMGLANDWEBC\webc\WebC\project\msvc\rtplatform_winsock\rtplatform_win32___Win32_Debug_JavaScript_Unicode\rtpwchar.obj
C:\dev\EMGLANDWEBC\webc\WebC\project\msvc\rtplatform_winsock\rtplatform_win32___Win32_Debug_JavaScript_Unicode\rtpwcs.obj
C:\dev\EMGLANDWEBC\webc\WebC\project\msvc\rtplatform_winsock\rtplatform_win32___Win32_Debug_JavaScript_Unicode\vc100.idb
C:\dev\EMGLANDWEBC\webc\WebC\project\msvc\rtplatform_winsock\rtplatform_win32___Win32_Debug_JavaScript_Unicode\vc100.pdb
C:\DEV\WEBC\WEBC\PROJECT\MSVC\RTPLATFORM_WINSOCK\RTPLATFORM_WIN32___WIN32_DEBUG_JAVASCRIPT_UNICODE\RTPCHAR.OBJ
C:\DEV\WEBC\WEBC\PROJECT\MSVC\RTPLATFORM_WINSOCK\RTPLATFORM_WIN32___WIN32_DEBUG_JAVASCRIPT_UNICODE\RTPDATE.OBJ
C:\DEV\WEBC\WEBC\PROJECT\MSVC\RTPLATFORM_WINSOCK\RTPLATFORM_WIN32___WIN32_DEBUG_JAVASCRIPT_UNICODE\RTPDEBUG.OBJ
C:\DEV\WEBC\WEBC\PROJECT\MSVC\RTPLATFORM_WINSOCK\RTPLATFORM_WIN32___WIN32_DEBUG_JAVASCRIPT_UNICODE\RTPDUTIL.OBJ
C:\DEV\WEBC\WEBC\PROJECT\MSVC\RTPLATFORM_WINSOCK\RTPLATFORM_WIN32___WIN32_DEBUG_JAVASCRIPT_UNICODE\RTPFILE.OBJ
C:\DEV\WEBC\WEBC\PROJECT\MSVC\RTPLATFORM_WINSOCK\RTPLATFORM_WIN32___WIN32_DEBUG_JAVASCRIPT_UNICODE\RTPLATFORM_WIN32.LIB
C:\DEV\WEBC\WEBC\PROJECT\MSVC\RTPLATFORM_WINSOCK\RTPLATFORM_WIN32___WIN32_DEBUG_JAVASCRIPT_UNICODE\RTPMEM.OBJ
C:\DEV\WEBC\WEBC\PROJECT\MSVC\RTPLATFORM_WINSOCK\RTPLATFORM_WIN32___WIN32_DEBUG_JAVASCRIPT_UNICODE\RTPMEMDB.OBJ
C:\DEV\WEBC\WEBC\PROJECT\MSVC\RTPLATFORM_WINSOCK\RTPLATFORM_WIN32___WIN32_DEBUG_JAVASCRIPT_UNICODE\RTPNET.OBJ
C:\DEV\WEBC\WEBC\PROJECT\MSVC\RTPLATFORM_WINSOCK\RTPLATFORM_WIN32___WIN32_DEBUG_JAVASCRIPT_UNICODE\RTPRAND.OBJ
C:\DEV\WEBC\WEBC\PROJECT\MSVC\RTPLATFORM_WINSOCK\RTPLATFORM_WIN32___WIN32_DEBUG_JAVASCRIPT_UNICODE\RTPSCNV.OBJ
C:\DEV\WEBC\WEBC\PROJECT\MSVC\RTPLATFORM_WINSOCK\RTPLATFORM_WIN32___WIN32_DEBUG_JAVASCRIPT_UNICODE\RTPSSL.OBJ
C:\DEV\WEBC\WEBC\PROJECT\MSVC\RTPLATFORM_WINSOCK\RTPLATFORM_WIN32___WIN32_DEBUG_JAVASCRIPT_UNICODE\RTPSTDUP.OBJ
C:\DEV\WEBC\WEBC\PROJECT\MSVC\RTPLATFORM_WINSOCK\RTPLATFORM_WIN32___WIN32_DEBUG_JAVASCRIPT_UNICODE\RTPSTR.OBJ
C:\DEV\WEBC\WEBC\PROJECT\MSVC\RTPLATFORM_WINSOCK\RTPLATFORM_WIN32___WIN32_DEBUG_JAVASCRIPT_UNICODE\RTPTIME.OBJ
C:\DEV\WEBC\WEBC\PROJECT\MSVC\RTPLATFORM_WINSOCK\RTPLATFORM_WIN32___WIN32_DEBUG_JAVASCRIPT_UNICODE\RTPWCHAR.OBJ
C:\DEV\WEBC\WEBC\PROJECT\MSVC\RTPLATFORM_WINSOCK\RTPLATFORM_WIN32___WIN32_DEBUG_JAVASCRIPT_UNICODE\RTPWCS.OBJ
C:\DEV\WEBC\WEBC\PROJECT\MSVC\RTPLATFORM_WINSOCK\RTPLATFORM_WIN32___WIN32_DEBUG_JAVASCRIPT_UNICODE\VC100.PDB
