Build started 7/29/2011 12:34:28 PM.
     1>Project "C:\ebs\webcwithsoftkeypad\WebC\bin\projects\makewebcfs\makewebcfs.vcxproj" on node 2 (build target(s)).
     1>InitializeBuildStatus:
         Creating "Debug\makewebcfs.unsuccessfulbuild" because "AlwaysCreate" was specified.
       ClCompile:
         All outputs are up-to-date.
         C:\Program Files (x86)\Microsoft Visual Studio 10.0\VC\bin\CL.exe /c /ZI /nologo /W3 /WX- /Od /Oy- /D WIN32 /D _DEBUG /D _CONSOLE /D _UNICODE /D UNICODE /Gm /EHsc /RTC1 /MDd /GS /fp:precise /Zc:wchar_t /Zc:forScope /Fo"Debug\\" /Fd"Debug\vc100.pdb" /Gd /TP /analyze- /errorReport:prompt makewebcfsmain.cpp
         makewebcfsmain.cpp
     1>c:\ebs\webcwithsoftkeypad\webc\bin\projects\makewebcfs\makewebcfsmain.cpp(182): warning C4996: 'sprintf': This function or variable may be unsafe. Consider using sprintf_s instead. To disable deprecation, use _CRT_SECURE_NO_WARNINGS. See online help for details.
                 c:\program files (x86)\microsoft visual studio 10.0\vc\include\stdio.h(371) : see declaration of 'sprintf'
     1>c:\ebs\webcwithsoftkeypad\webc\bin\projects\makewebcfs\makewebcfsmain.cpp(183): warning C4996: 'fopen': This function or variable may be unsafe. Consider using fopen_s instead. To disable deprecation, use _CRT_SECURE_NO_WARNINGS. See online help for details.
                 c:\program files (x86)\microsoft visual studio 10.0\vc\include\stdio.h(234) : see declaration of 'fopen'
     1>c:\ebs\webcwithsoftkeypad\webc\bin\projects\makewebcfs\makewebcfsmain.cpp(184): warning C4996: 'sprintf': This function or variable may be unsafe. Consider using sprintf_s instead. To disable deprecation, use _CRT_SECURE_NO_WARNINGS. See online help for details.
                 c:\program files (x86)\microsoft visual studio 10.0\vc\include\stdio.h(371) : see declaration of 'sprintf'
     1>c:\ebs\webcwithsoftkeypad\webc\bin\projects\makewebcfs\makewebcfsmain.cpp(185): warning C4996: 'fopen': This function or variable may be unsafe. Consider using fopen_s instead. To disable deprecation, use _CRT_SECURE_NO_WARNINGS. See online help for details.
                 c:\program files (x86)\microsoft visual studio 10.0\vc\include\stdio.h(234) : see declaration of 'fopen'
     1>c:\ebs\webcwithsoftkeypad\webc\bin\projects\makewebcfs\makewebcfsmain.cpp(320): warning C4996: 'stricmp': The POSIX name for this item is deprecated. Instead, use the ISO C++ conformant name: _stricmp. See online help for details.
                 c:\program files (x86)\microsoft visual studio 10.0\vc\include\string.h(246) : see declaration of 'stricmp'
     1>c:\ebs\webcwithsoftkeypad\webc\bin\projects\makewebcfs\makewebcfsmain.cpp(322): warning C4996: 'stricmp': The POSIX name for this item is deprecated. Instead, use the ISO C++ conformant name: _stricmp. See online help for details.
                 c:\program files (x86)\microsoft visual studio 10.0\vc\include\string.h(246) : see declaration of 'stricmp'
     1>c:\ebs\webcwithsoftkeypad\webc\bin\projects\makewebcfs\makewebcfsmain.cpp(324): warning C4996: 'stricmp': The POSIX name for this item is deprecated. Instead, use the ISO C++ conformant name: _stricmp. See online help for details.
                 c:\program files (x86)\microsoft visual studio 10.0\vc\include\string.h(246) : see declaration of 'stricmp'
     1>c:\ebs\webcwithsoftkeypad\webc\bin\projects\makewebcfs\makewebcfsmain.cpp(326): warning C4996: 'stricmp': The POSIX name for this item is deprecated. Instead, use the ISO C++ conformant name: _stricmp. See online help for details.
                 c:\program files (x86)\microsoft visual studio 10.0\vc\include\string.h(246) : see declaration of 'stricmp'
     1>c:\ebs\webcwithsoftkeypad\webc\bin\projects\makewebcfs\makewebcfsmain.cpp(328): warning C4996: 'stricmp': The POSIX name for this item is deprecated. Instead, use the ISO C++ conformant name: _stricmp. See online help for details.
                 c:\program files (x86)\microsoft visual studio 10.0\vc\include\string.h(246) : see declaration of 'stricmp'
     1>c:\ebs\webcwithsoftkeypad\webc\bin\projects\makewebcfs\makewebcfsmain.cpp(330): warning C4996: 'stricmp': The POSIX name for this item is deprecated. Instead, use the ISO C++ conformant name: _stricmp. See online help for details.
                 c:\program files (x86)\microsoft visual studio 10.0\vc\include\string.h(246) : see declaration of 'stricmp'
     1>c:\ebs\webcwithsoftkeypad\webc\bin\projects\makewebcfs\makewebcfsmain.cpp(332): warning C4996: 'stricmp': The POSIX name for this item is deprecated. Instead, use the ISO C++ conformant name: _stricmp. See online help for details.
                 c:\program files (x86)\microsoft visual studio 10.0\vc\include\string.h(246) : see declaration of 'stricmp'
     1>c:\ebs\webcwithsoftkeypad\webc\bin\projects\makewebcfs\makewebcfsmain.cpp(334): warning C4996: 'stricmp': The POSIX name for this item is deprecated. Instead, use the ISO C++ conformant name: _stricmp. See online help for details.
                 c:\program files (x86)\microsoft visual studio 10.0\vc\include\string.h(246) : see declaration of 'stricmp'
     1>c:\ebs\webcwithsoftkeypad\webc\bin\projects\makewebcfs\makewebcfsmain.cpp(336): warning C4996: 'stricmp': The POSIX name for this item is deprecated. Instead, use the ISO C++ conformant name: _stricmp. See online help for details.
                 c:\program files (x86)\microsoft visual studio 10.0\vc\include\string.h(246) : see declaration of 'stricmp'
     1>c:\ebs\webcwithsoftkeypad\webc\bin\projects\makewebcfs\makewebcfsmain.cpp(338): warning C4996: 'stricmp': The POSIX name for this item is deprecated. Instead, use the ISO C++ conformant name: _stricmp. See online help for details.
                 c:\program files (x86)\microsoft visual studio 10.0\vc\include\string.h(246) : see declaration of 'stricmp'
     1>c:\ebs\webcwithsoftkeypad\webc\bin\projects\makewebcfs\makewebcfsmain.cpp(352): warning C4996: 'stricmp': The POSIX name for this item is deprecated. Instead, use the ISO C++ conformant name: _stricmp. See online help for details.
                 c:\program files (x86)\microsoft visual studio 10.0\vc\include\string.h(246) : see declaration of 'stricmp'
     1>c:\ebs\webcwithsoftkeypad\webc\bin\projects\makewebcfs\makewebcfsmain.cpp(354): warning C4996: 'stricmp': The POSIX name for this item is deprecated. Instead, use the ISO C++ conformant name: _stricmp. See online help for details.
                 c:\program files (x86)\microsoft visual studio 10.0\vc\include\string.h(246) : see declaration of 'stricmp'
     1>c:\ebs\webcwithsoftkeypad\webc\bin\projects\makewebcfs\makewebcfsmain.cpp(356): warning C4996: 'stricmp': The POSIX name for this item is deprecated. Instead, use the ISO C++ conformant name: _stricmp. See online help for details.
                 c:\program files (x86)\microsoft visual studio 10.0\vc\include\string.h(246) : see declaration of 'stricmp'
     1>c:\ebs\webcwithsoftkeypad\webc\bin\projects\makewebcfs\makewebcfsmain.cpp(358): warning C4996: 'stricmp': The POSIX name for this item is deprecated. Instead, use the ISO C++ conformant name: _stricmp. See online help for details.
                 c:\program files (x86)\microsoft visual studio 10.0\vc\include\string.h(246) : see declaration of 'stricmp'
     1>c:\ebs\webcwithsoftkeypad\webc\bin\projects\makewebcfs\makewebcfsmain.cpp(360): warning C4996: 'stricmp': The POSIX name for this item is deprecated. Instead, use the ISO C++ conformant name: _stricmp. See online help for details.
                 c:\program files (x86)\microsoft visual studio 10.0\vc\include\string.h(246) : see declaration of 'stricmp'
     1>c:\ebs\webcwithsoftkeypad\webc\bin\projects\makewebcfs\makewebcfsmain.cpp(441): warning C4996: 'sprintf': This function or variable may be unsafe. Consider using sprintf_s instead. To disable deprecation, use _CRT_SECURE_NO_WARNINGS. See online help for details.
                 c:\program files (x86)\microsoft visual studio 10.0\vc\include\stdio.h(371) : see declaration of 'sprintf'
     1>c:\ebs\webcwithsoftkeypad\webc\bin\projects\makewebcfs\makewebcfsmain.cpp(442): warning C4996: 'strcpy': This function or variable may be unsafe. Consider using strcpy_s instead. To disable deprecation, use _CRT_SECURE_NO_WARNINGS. See online help for details.
                 c:\program files (x86)\microsoft visual studio 10.0\vc\include\string.h(105) : see declaration of 'strcpy'
     1>c:\ebs\webcwithsoftkeypad\webc\bin\projects\makewebcfs\makewebcfsmain.cpp(454): warning C4996: 'sprintf': This function or variable may be unsafe. Consider using sprintf_s instead. To disable deprecation, use _CRT_SECURE_NO_WARNINGS. See online help for details.
                 c:\program files (x86)\microsoft visual studio 10.0\vc\include\stdio.h(371) : see declaration of 'sprintf'
     1>c:\ebs\webcwithsoftkeypad\webc\bin\projects\makewebcfs\makewebcfsmain.cpp(455): warning C4996: 'fopen': This function or variable may be unsafe. Consider using fopen_s instead. To disable deprecation, use _CRT_SECURE_NO_WARNINGS. See online help for details.
                 c:\program files (x86)\microsoft visual studio 10.0\vc\include\stdio.h(234) : see declaration of 'fopen'
     1>c:\ebs\webcwithsoftkeypad\webc\bin\projects\makewebcfs\makewebcfsmain.cpp(517): warning C4996: 'strcpy': This function or variable may be unsafe. Consider using strcpy_s instead. To disable deprecation, use _CRT_SECURE_NO_WARNINGS. See online help for details.
                 c:\program files (x86)\microsoft visual studio 10.0\vc\include\string.h(105) : see declaration of 'strcpy'
     1>c:\ebs\webcwithsoftkeypad\webc\bin\projects\makewebcfs\makewebcfsmain.cpp(518): warning C4996: 'strcat': This function or variable may be unsafe. Consider using strcat_s instead. To disable deprecation, use _CRT_SECURE_NO_WARNINGS. See online help for details.
                 c:\program files (x86)\microsoft visual studio 10.0\vc\include\string.h(110) : see declaration of 'strcat'
     1>c:\ebs\webcwithsoftkeypad\webc\bin\projects\makewebcfs\makewebcfsmain.cpp(567): warning C4996: 'strcpy': This function or variable may be unsafe. Consider using strcpy_s instead. To disable deprecation, use _CRT_SECURE_NO_WARNINGS. See online help for details.
                 c:\program files (x86)\microsoft visual studio 10.0\vc\include\string.h(105) : see declaration of 'strcpy'
     1>c:\ebs\webcwithsoftkeypad\webc\bin\projects\makewebcfs\makewebcfsmain.cpp(568): warning C4996: 'strcat': This function or variable may be unsafe. Consider using strcat_s instead. To disable deprecation, use _CRT_SECURE_NO_WARNINGS. See online help for details.
                 c:\program files (x86)\microsoft visual studio 10.0\vc\include\string.h(110) : see declaration of 'strcat'
     1>c:\ebs\webcwithsoftkeypad\webc\bin\projects\makewebcfs\makewebcfsmain.cpp(569): warning C4996: 'strcat': This function or variable may be unsafe. Consider using strcat_s instead. To disable deprecation, use _CRT_SECURE_NO_WARNINGS. See online help for details.
                 c:\program files (x86)\microsoft visual studio 10.0\vc\include\string.h(110) : see declaration of 'strcat'
     1>c:\ebs\webcwithsoftkeypad\webc\bin\projects\makewebcfs\makewebcfsmain.cpp(596): warning C4996: 'strcpy': This function or variable may be unsafe. Consider using strcpy_s instead. To disable deprecation, use _CRT_SECURE_NO_WARNINGS. See online help for details.
                 c:\program files (x86)\microsoft visual studio 10.0\vc\include\string.h(105) : see declaration of 'strcpy'
       ManifestResourceCompile:
         All outputs are up-to-date.
       Link:
         C:\Program Files (x86)\Microsoft Visual Studio 10.0\VC\bin\link.exe /ERRORREPORT:PROMPT /OUT:"C:\ebs\webcwithsoftkeypad\WebC\bin\projects\makewebcfs\Debug\makewebcfs.exe" /INCREMENTAL /NOLOGO kernel32.lib user32.lib gdi32.lib winspool.lib comdlg32.lib advapi32.lib shell32.lib ole32.lib oleaut32.lib uuid.lib odbc32.lib odbccp32.lib /MANIFEST /ManifestFile:"Debug\makewebcfs.exe.intermediate.manifest" /MANIFESTUAC:"level='asInvoker' uiAccess='false'" /DEBUG /PDB:"C:\ebs\webcwithsoftkeypad\WebC\bin\projects\makewebcfs\Debug\makewebcfs.pdb" /SUBSYSTEM:CONSOLE /TLBID:1 /DYNAMICBASE /NXCOMPAT /IMPLIB:"C:\ebs\webcwithsoftkeypad\WebC\bin\projects\makewebcfs\Debug\makewebcfs.lib" /MACHINE:X86 Debug\makewebcfs.exe.embed.manifest.res
         Debug\makewebcfs.obj
         Debug\makewebcfsmain.obj
         Debug\stdafx.obj
       Manifest:
         C:\Program Files (x86)\Microsoft SDKs\Windows\v7.0A\bin\mt.exe /nologo /verbose /out:"Debug\makewebcfs.exe.embed.manifest" /manifest Debug\makewebcfs.exe.intermediate.manifest
         All outputs are up-to-date.
       LinkEmbedManifest:
         All outputs are up-to-date.
         makewebcfs.vcxproj -> C:\ebs\webcwithsoftkeypad\WebC\bin\projects\makewebcfs\Debug\makewebcfs.exe
       FinalizeBuildStatus:
         Deleting file "Debug\makewebcfs.unsuccessfulbuild".
         Touching "Debug\makewebcfs.lastbuildstate".
     1>Done Building Project "C:\ebs\webcwithsoftkeypad\WebC\bin\projects\makewebcfs\makewebcfs.vcxproj" (build target(s)).

Build succeeded.

Time Elapsed 00:00:01.43
