C:\0a_share_with_virtual_box\ebs\gitsources\webcwebbrowser\webc\WebC\project\msvc.net\libjpeg\.\libjpeg___Win32_Debug_JavaScript_Unicode\libjpeg.lib
C:\0a_share_with_virtual_box\ebs\gitsources\webcwebbrowser\webc\WebC\project\msvc.net\libjpeg\libjpeg___Win32_Debug_JavaScript_Unicode\cl.command.1.tlog
C:\0a_share_with_virtual_box\ebs\gitsources\webcwebbrowser\webc\WebC\project\msvc.net\libjpeg\libjpeg___Win32_Debug_JavaScript_Unicode\CL.read.1.tlog
C:\0a_share_with_virtual_box\ebs\gitsources\webcwebbrowser\webc\WebC\project\msvc.net\libjpeg\libjpeg___Win32_Debug_JavaScript_Unicode\CL.write.1.tlog
C:\0A_SHARE_WITH_VIRTUAL_BOX\EBS\GITSOURCES\WEBCWEBBROWSER\WEBC\WEBC\PROJECT\MSVC.NET\LIBJPEG\LIBJPEG___WIN32_DEBUG_JAVASCRIPT_UNICODE\JCAPIMIN.OBJ
C:\0A_SHARE_WITH_VIRTUAL_BOX\EBS\GITSOURCES\WEBCWEBBROWSER\WEBC\WEBC\PROJECT\MSVC.NET\LIBJPEG\LIBJPEG___WIN32_DEBUG_JAVASCRIPT_UNICODE\JCAPISTD.OBJ
C:\0A_SHARE_WITH_VIRTUAL_BOX\EBS\GITSOURCES\WEBCWEBBROWSER\WEBC\WEBC\PROJECT\MSVC.NET\LIBJPEG\LIBJPEG___WIN32_DEBUG_JAVASCRIPT_UNICODE\JCCOEFCT.OBJ
C:\0A_SHARE_WITH_VIRTUAL_BOX\EBS\GITSOURCES\WEBCWEBBROWSER\WEBC\WEBC\PROJECT\MSVC.NET\LIBJPEG\LIBJPEG___WIN32_DEBUG_JAVASCRIPT_UNICODE\JCCOLOR.OBJ
C:\0A_SHARE_WITH_VIRTUAL_BOX\EBS\GITSOURCES\WEBCWEBBROWSER\WEBC\WEBC\PROJECT\MSVC.NET\LIBJPEG\LIBJPEG___WIN32_DEBUG_JAVASCRIPT_UNICODE\JCDCTMGR.OBJ
C:\0A_SHARE_WITH_VIRTUAL_BOX\EBS\GITSOURCES\WEBCWEBBROWSER\WEBC\WEBC\PROJECT\MSVC.NET\LIBJPEG\LIBJPEG___WIN32_DEBUG_JAVASCRIPT_UNICODE\JCHUFF.OBJ
C:\0A_SHARE_WITH_VIRTUAL_BOX\EBS\GITSOURCES\WEBCWEBBROWSER\WEBC\WEBC\PROJECT\MSVC.NET\LIBJPEG\LIBJPEG___WIN32_DEBUG_JAVASCRIPT_UNICODE\JCINIT.OBJ
C:\0A_SHARE_WITH_VIRTUAL_BOX\EBS\GITSOURCES\WEBCWEBBROWSER\WEBC\WEBC\PROJECT\MSVC.NET\LIBJPEG\LIBJPEG___WIN32_DEBUG_JAVASCRIPT_UNICODE\JCMAINCT.OBJ
C:\0A_SHARE_WITH_VIRTUAL_BOX\EBS\GITSOURCES\WEBCWEBBROWSER\WEBC\WEBC\PROJECT\MSVC.NET\LIBJPEG\LIBJPEG___WIN32_DEBUG_JAVASCRIPT_UNICODE\JCMARKER.OBJ
C:\0A_SHARE_WITH_VIRTUAL_BOX\EBS\GITSOURCES\WEBCWEBBROWSER\WEBC\WEBC\PROJECT\MSVC.NET\LIBJPEG\LIBJPEG___WIN32_DEBUG_JAVASCRIPT_UNICODE\JCMASTER.OBJ
C:\0A_SHARE_WITH_VIRTUAL_BOX\EBS\GITSOURCES\WEBCWEBBROWSER\WEBC\WEBC\PROJECT\MSVC.NET\LIBJPEG\LIBJPEG___WIN32_DEBUG_JAVASCRIPT_UNICODE\JCOMAPI.OBJ
C:\0A_SHARE_WITH_VIRTUAL_BOX\EBS\GITSOURCES\WEBCWEBBROWSER\WEBC\WEBC\PROJECT\MSVC.NET\LIBJPEG\LIBJPEG___WIN32_DEBUG_JAVASCRIPT_UNICODE\JCPARAM.OBJ
C:\0A_SHARE_WITH_VIRTUAL_BOX\EBS\GITSOURCES\WEBCWEBBROWSER\WEBC\WEBC\PROJECT\MSVC.NET\LIBJPEG\LIBJPEG___WIN32_DEBUG_JAVASCRIPT_UNICODE\JCPHUFF.OBJ
C:\0A_SHARE_WITH_VIRTUAL_BOX\EBS\GITSOURCES\WEBCWEBBROWSER\WEBC\WEBC\PROJECT\MSVC.NET\LIBJPEG\LIBJPEG___WIN32_DEBUG_JAVASCRIPT_UNICODE\JCPREPCT.OBJ
C:\0A_SHARE_WITH_VIRTUAL_BOX\EBS\GITSOURCES\WEBCWEBBROWSER\WEBC\WEBC\PROJECT\MSVC.NET\LIBJPEG\LIBJPEG___WIN32_DEBUG_JAVASCRIPT_UNICODE\JCSAMPLE.OBJ
C:\0A_SHARE_WITH_VIRTUAL_BOX\EBS\GITSOURCES\WEBCWEBBROWSER\WEBC\WEBC\PROJECT\MSVC.NET\LIBJPEG\LIBJPEG___WIN32_DEBUG_JAVASCRIPT_UNICODE\JCTRANS.OBJ
C:\0A_SHARE_WITH_VIRTUAL_BOX\EBS\GITSOURCES\WEBCWEBBROWSER\WEBC\WEBC\PROJECT\MSVC.NET\LIBJPEG\LIBJPEG___WIN32_DEBUG_JAVASCRIPT_UNICODE\JDAPIMIN.OBJ
C:\0A_SHARE_WITH_VIRTUAL_BOX\EBS\GITSOURCES\WEBCWEBBROWSER\WEBC\WEBC\PROJECT\MSVC.NET\LIBJPEG\LIBJPEG___WIN32_DEBUG_JAVASCRIPT_UNICODE\JDAPISTD.OBJ
C:\0A_SHARE_WITH_VIRTUAL_BOX\EBS\GITSOURCES\WEBCWEBBROWSER\WEBC\WEBC\PROJECT\MSVC.NET\LIBJPEG\LIBJPEG___WIN32_DEBUG_JAVASCRIPT_UNICODE\JDATADST.OBJ
C:\0A_SHARE_WITH_VIRTUAL_BOX\EBS\GITSOURCES\WEBCWEBBROWSER\WEBC\WEBC\PROJECT\MSVC.NET\LIBJPEG\LIBJPEG___WIN32_DEBUG_JAVASCRIPT_UNICODE\JDATASRC.OBJ
C:\0A_SHARE_WITH_VIRTUAL_BOX\EBS\GITSOURCES\WEBCWEBBROWSER\WEBC\WEBC\PROJECT\MSVC.NET\LIBJPEG\LIBJPEG___WIN32_DEBUG_JAVASCRIPT_UNICODE\JDCOEFCT.OBJ
C:\0A_SHARE_WITH_VIRTUAL_BOX\EBS\GITSOURCES\WEBCWEBBROWSER\WEBC\WEBC\PROJECT\MSVC.NET\LIBJPEG\LIBJPEG___WIN32_DEBUG_JAVASCRIPT_UNICODE\JDCOLOR.OBJ
C:\0A_SHARE_WITH_VIRTUAL_BOX\EBS\GITSOURCES\WEBCWEBBROWSER\WEBC\WEBC\PROJECT\MSVC.NET\LIBJPEG\LIBJPEG___WIN32_DEBUG_JAVASCRIPT_UNICODE\JDDCTMGR.OBJ
C:\0A_SHARE_WITH_VIRTUAL_BOX\EBS\GITSOURCES\WEBCWEBBROWSER\WEBC\WEBC\PROJECT\MSVC.NET\LIBJPEG\LIBJPEG___WIN32_DEBUG_JAVASCRIPT_UNICODE\JDHUFF.OBJ
C:\0A_SHARE_WITH_VIRTUAL_BOX\EBS\GITSOURCES\WEBCWEBBROWSER\WEBC\WEBC\PROJECT\MSVC.NET\LIBJPEG\LIBJPEG___WIN32_DEBUG_JAVASCRIPT_UNICODE\JDINPUT.OBJ
C:\0A_SHARE_WITH_VIRTUAL_BOX\EBS\GITSOURCES\WEBCWEBBROWSER\WEBC\WEBC\PROJECT\MSVC.NET\LIBJPEG\LIBJPEG___WIN32_DEBUG_JAVASCRIPT_UNICODE\JDMAINCT.OBJ
C:\0A_SHARE_WITH_VIRTUAL_BOX\EBS\GITSOURCES\WEBCWEBBROWSER\WEBC\WEBC\PROJECT\MSVC.NET\LIBJPEG\LIBJPEG___WIN32_DEBUG_JAVASCRIPT_UNICODE\JDMARKER.OBJ
C:\0A_SHARE_WITH_VIRTUAL_BOX\EBS\GITSOURCES\WEBCWEBBROWSER\WEBC\WEBC\PROJECT\MSVC.NET\LIBJPEG\LIBJPEG___WIN32_DEBUG_JAVASCRIPT_UNICODE\JDMASTER.OBJ
C:\0A_SHARE_WITH_VIRTUAL_BOX\EBS\GITSOURCES\WEBCWEBBROWSER\WEBC\WEBC\PROJECT\MSVC.NET\LIBJPEG\LIBJPEG___WIN32_DEBUG_JAVASCRIPT_UNICODE\JDMERGE.OBJ
C:\0A_SHARE_WITH_VIRTUAL_BOX\EBS\GITSOURCES\WEBCWEBBROWSER\WEBC\WEBC\PROJECT\MSVC.NET\LIBJPEG\LIBJPEG___WIN32_DEBUG_JAVASCRIPT_UNICODE\JDPHUFF.OBJ
C:\0A_SHARE_WITH_VIRTUAL_BOX\EBS\GITSOURCES\WEBCWEBBROWSER\WEBC\WEBC\PROJECT\MSVC.NET\LIBJPEG\LIBJPEG___WIN32_DEBUG_JAVASCRIPT_UNICODE\JDPOSTCT.OBJ
C:\0A_SHARE_WITH_VIRTUAL_BOX\EBS\GITSOURCES\WEBCWEBBROWSER\WEBC\WEBC\PROJECT\MSVC.NET\LIBJPEG\LIBJPEG___WIN32_DEBUG_JAVASCRIPT_UNICODE\JDSAMPLE.OBJ
C:\0A_SHARE_WITH_VIRTUAL_BOX\EBS\GITSOURCES\WEBCWEBBROWSER\WEBC\WEBC\PROJECT\MSVC.NET\LIBJPEG\LIBJPEG___WIN32_DEBUG_JAVASCRIPT_UNICODE\JDTRANS.OBJ
C:\0A_SHARE_WITH_VIRTUAL_BOX\EBS\GITSOURCES\WEBCWEBBROWSER\WEBC\WEBC\PROJECT\MSVC.NET\LIBJPEG\LIBJPEG___WIN32_DEBUG_JAVASCRIPT_UNICODE\JERROR.OBJ
C:\0A_SHARE_WITH_VIRTUAL_BOX\EBS\GITSOURCES\WEBCWEBBROWSER\WEBC\WEBC\PROJECT\MSVC.NET\LIBJPEG\LIBJPEG___WIN32_DEBUG_JAVASCRIPT_UNICODE\JFDCTFLT.OBJ
C:\0A_SHARE_WITH_VIRTUAL_BOX\EBS\GITSOURCES\WEBCWEBBROWSER\WEBC\WEBC\PROJECT\MSVC.NET\LIBJPEG\LIBJPEG___WIN32_DEBUG_JAVASCRIPT_UNICODE\JFDCTFST.OBJ
C:\0A_SHARE_WITH_VIRTUAL_BOX\EBS\GITSOURCES\WEBCWEBBROWSER\WEBC\WEBC\PROJECT\MSVC.NET\LIBJPEG\LIBJPEG___WIN32_DEBUG_JAVASCRIPT_UNICODE\JFDCTINT.OBJ
C:\0A_SHARE_WITH_VIRTUAL_BOX\EBS\GITSOURCES\WEBCWEBBROWSER\WEBC\WEBC\PROJECT\MSVC.NET\LIBJPEG\LIBJPEG___WIN32_DEBUG_JAVASCRIPT_UNICODE\JIDCTFLT.OBJ
C:\0A_SHARE_WITH_VIRTUAL_BOX\EBS\GITSOURCES\WEBCWEBBROWSER\WEBC\WEBC\PROJECT\MSVC.NET\LIBJPEG\LIBJPEG___WIN32_DEBUG_JAVASCRIPT_UNICODE\JIDCTFST.OBJ
C:\0A_SHARE_WITH_VIRTUAL_BOX\EBS\GITSOURCES\WEBCWEBBROWSER\WEBC\WEBC\PROJECT\MSVC.NET\LIBJPEG\LIBJPEG___WIN32_DEBUG_JAVASCRIPT_UNICODE\JIDCTINT.OBJ
C:\0A_SHARE_WITH_VIRTUAL_BOX\EBS\GITSOURCES\WEBCWEBBROWSER\WEBC\WEBC\PROJECT\MSVC.NET\LIBJPEG\LIBJPEG___WIN32_DEBUG_JAVASCRIPT_UNICODE\JIDCTRED.OBJ
C:\0A_SHARE_WITH_VIRTUAL_BOX\EBS\GITSOURCES\WEBCWEBBROWSER\WEBC\WEBC\PROJECT\MSVC.NET\LIBJPEG\LIBJPEG___WIN32_DEBUG_JAVASCRIPT_UNICODE\JMEMMGR.OBJ
C:\0A_SHARE_WITH_VIRTUAL_BOX\EBS\GITSOURCES\WEBCWEBBROWSER\WEBC\WEBC\PROJECT\MSVC.NET\LIBJPEG\LIBJPEG___WIN32_DEBUG_JAVASCRIPT_UNICODE\JMEMNOBS.OBJ
C:\0A_SHARE_WITH_VIRTUAL_BOX\EBS\GITSOURCES\WEBCWEBBROWSER\WEBC\WEBC\PROJECT\MSVC.NET\LIBJPEG\LIBJPEG___WIN32_DEBUG_JAVASCRIPT_UNICODE\JQUANT1.OBJ
C:\0A_SHARE_WITH_VIRTUAL_BOX\EBS\GITSOURCES\WEBCWEBBROWSER\WEBC\WEBC\PROJECT\MSVC.NET\LIBJPEG\LIBJPEG___WIN32_DEBUG_JAVASCRIPT_UNICODE\JQUANT2.OBJ
C:\0A_SHARE_WITH_VIRTUAL_BOX\EBS\GITSOURCES\WEBCWEBBROWSER\WEBC\WEBC\PROJECT\MSVC.NET\LIBJPEG\LIBJPEG___WIN32_DEBUG_JAVASCRIPT_UNICODE\JUTILS.OBJ
C:\0a_share_with_virtual_box\ebs\gitsources\webcwebbrowser\webc\WebC\project\msvc.net\libjpeg\libjpeg___Win32_Debug_JavaScript_Unicode\lib.command.1.tlog
C:\0A_SHARE_WITH_VIRTUAL_BOX\EBS\GITSOURCES\WEBCWEBBROWSER\WEBC\WEBC\PROJECT\MSVC.NET\LIBJPEG\LIBJPEG___WIN32_DEBUG_JAVASCRIPT_UNICODE\LIBJPEG.LIB
C:\0a_share_with_virtual_box\ebs\gitsources\webcwebbrowser\webc\WebC\project\msvc.net\libjpeg\libjpeg___Win32_Debug_JavaScript_Unicode\libjpeg.vcxprojResolveAssemblyReference.cache
C:\0a_share_with_virtual_box\ebs\gitsources\webcwebbrowser\webc\WebC\project\msvc.net\libjpeg\libjpeg___Win32_Debug_JavaScript_Unicode\libjpeg.write.1.tlog
C:\0a_share_with_virtual_box\ebs\gitsources\webcwebbrowser\webc\WebC\project\msvc.net\libjpeg\libjpeg___Win32_Debug_JavaScript_Unicode\Lib-link.read.1.tlog
C:\0a_share_with_virtual_box\ebs\gitsources\webcwebbrowser\webc\WebC\project\msvc.net\libjpeg\libjpeg___Win32_Debug_JavaScript_Unicode\Lib-link.write.1.tlog
C:\0a_share_with_virtual_box\ebs\gitsources\webcwebbrowser\webc\WebC\project\msvc.net\libjpeg\libjpeg___Win32_Debug_JavaScript_Unicode\vc100.idb
C:\0A_SHARE_WITH_VIRTUAL_BOX\EBS\GITSOURCES\WEBCWEBBROWSER\WEBC\WEBC\PROJECT\MSVC.NET\LIBJPEG\LIBJPEG___WIN32_DEBUG_JAVASCRIPT_UNICODE\VC100.PDB
