C:\dev\webc\WebC\project\msvc.net\framebuffer_gdip\webcdemo_fb_gdip\Debug\ArialBold10B0020E007e.obj
C:\dev\webc\WebC\project\msvc.net\framebuffer_gdip\webcdemo_fb_gdip\Debug\ArialBold14B0020E007e.obj
C:\dev\webc\WebC\project\msvc.net\framebuffer_gdip\webcdemo_fb_gdip\Debug\ArialBold20B0020E007e.obj
C:\dev\webc\WebC\project\msvc.net\framebuffer_gdip\webcdemo_fb_gdip\Debug\ArialBold6B0020E007e.obj
C:\dev\webc\WebC\project\msvc.net\framebuffer_gdip\webcdemo_fb_gdip\Debug\ArialBold9B0020E007e.obj
C:\dev\webc\WebC\project\msvc.net\framebuffer_gdip\webcdemo_fb_gdip\Debug\ArialItalic10B0020E007e.obj
C:\dev\webc\WebC\project\msvc.net\framebuffer_gdip\webcdemo_fb_gdip\Debug\ArialItalic6B0020E007e.obj
C:\dev\webc\WebC\project\msvc.net\framebuffer_gdip\webcdemo_fb_gdip\Debug\ArialItalic9B0020E007e.obj
C:\dev\webc\WebC\project\msvc.net\framebuffer_gdip\webcdemo_fb_gdip\Debug\ArialRegular10B0020E007e.obj
C:\dev\webc\WebC\project\msvc.net\framebuffer_gdip\webcdemo_fb_gdip\Debug\ArialRegular14B0020E007e.obj
C:\dev\webc\WebC\project\msvc.net\framebuffer_gdip\webcdemo_fb_gdip\Debug\ArialRegular20B0020E007e.obj
C:\dev\webc\WebC\project\msvc.net\framebuffer_gdip\webcdemo_fb_gdip\Debug\ArialRegular6B0020E007e.obj
C:\dev\webc\WebC\project\msvc.net\framebuffer_gdip\webcdemo_fb_gdip\Debug\ArialRegular9B0020E007e.obj
C:\dev\webc\WebC\project\msvc.net\framebuffer_gdip\webcdemo_fb_gdip\Debug\CourierBold10B0020E007e.obj
C:\dev\webc\WebC\project\msvc.net\framebuffer_gdip\webcdemo_fb_gdip\Debug\CourierBold14B0020E007e.obj
C:\dev\webc\WebC\project\msvc.net\framebuffer_gdip\webcdemo_fb_gdip\Debug\CourierBold20B0020E007e.obj
C:\dev\webc\WebC\project\msvc.net\framebuffer_gdip\webcdemo_fb_gdip\Debug\CourierRegular10B0020E007e.obj
C:\dev\webc\WebC\project\msvc.net\framebuffer_gdip\webcdemo_fb_gdip\Debug\CourierRegular14B0020E007e.obj
C:\dev\webc\WebC\project\msvc.net\framebuffer_gdip\webcdemo_fb_gdip\Debug\CourierRegular20B0020E007e.obj
C:\dev\webc\WebC\project\msvc.net\framebuffer_gdip\webcdemo_fb_gdip\Debug\dbgprofile.obj
C:\dev\webc\WebC\project\msvc.net\framebuffer_gdip\webcdemo_fb_gdip\Debug\FBAbstraction.obj
C:\dev\webc\WebC\project\msvc.net\framebuffer_gdip\webcdemo_fb_gdip\Debug\FBAbstractionFonts.obj
C:\dev\webc\WebC\project\msvc.net\framebuffer_gdip\webcdemo_fb_gdip\Debug\FBGraphicsContext.obj
C:\dev\webc\WebC\project\msvc.net\framebuffer_gdip\webcdemo_fb_gdip\Debug\Filters.obj
C:\dev\webc\WebC\project\msvc.net\framebuffer_gdip\webcdemo_fb_gdip\Debug\Localurlcallbacks.obj
C:\dev\webc\WebC\project\msvc.net\framebuffer_gdip\webcdemo_fb_gdip\Debug\Remoteterminalwindows.obj
C:\dev\webc\WebC\project\msvc.net\framebuffer_gdip\webcdemo_fb_gdip\Debug\ResolveAssemblyReference.cache
C:\dev\webc\WebC\project\msvc.net\framebuffer_gdip\webcdemo_fb_gdip\Debug\TahomaBold10B0020E007e.obj
C:\dev\webc\WebC\project\msvc.net\framebuffer_gdip\webcdemo_fb_gdip\Debug\TahomaBold11B0020E007e.obj
C:\dev\webc\WebC\project\msvc.net\framebuffer_gdip\webcdemo_fb_gdip\Debug\TahomaBold12B0020E007e.obj
C:\dev\webc\WebC\project\msvc.net\framebuffer_gdip\webcdemo_fb_gdip\Debug\TahomaBold13B0020E007e.obj
C:\dev\webc\WebC\project\msvc.net\framebuffer_gdip\webcdemo_fb_gdip\Debug\TahomaBold14B0020E007e.obj
C:\dev\webc\WebC\project\msvc.net\framebuffer_gdip\webcdemo_fb_gdip\Debug\TahomaBold15B0020E007e.obj
C:\dev\webc\WebC\project\msvc.net\framebuffer_gdip\webcdemo_fb_gdip\Debug\TahomaBold16B0020E007e.obj
C:\dev\webc\WebC\project\msvc.net\framebuffer_gdip\webcdemo_fb_gdip\Debug\TahomaBold17B0020E007e.obj
C:\dev\webc\WebC\project\msvc.net\framebuffer_gdip\webcdemo_fb_gdip\Debug\TahomaBold18B0020E007e.obj
C:\dev\webc\WebC\project\msvc.net\framebuffer_gdip\webcdemo_fb_gdip\Debug\TahomaRegular10B0020E007e.obj
C:\dev\webc\WebC\project\msvc.net\framebuffer_gdip\webcdemo_fb_gdip\Debug\TahomaRegular11B0020E007e.obj
C:\dev\webc\WebC\project\msvc.net\framebuffer_gdip\webcdemo_fb_gdip\Debug\TahomaRegular12B0020E007e.obj
C:\dev\webc\WebC\project\msvc.net\framebuffer_gdip\webcdemo_fb_gdip\Debug\TahomaRegular13B0020E007e.obj
C:\dev\webc\WebC\project\msvc.net\framebuffer_gdip\webcdemo_fb_gdip\Debug\TahomaRegular14B0020E007e.obj
C:\dev\webc\WebC\project\msvc.net\framebuffer_gdip\webcdemo_fb_gdip\Debug\TahomaRegular15B0020E007e.obj
C:\dev\webc\WebC\project\msvc.net\framebuffer_gdip\webcdemo_fb_gdip\Debug\TahomaRegular16B0020E007e.obj
C:\dev\webc\WebC\project\msvc.net\framebuffer_gdip\webcdemo_fb_gdip\Debug\TahomaRegular17B0020E007e.obj
C:\dev\webc\WebC\project\msvc.net\framebuffer_gdip\webcdemo_fb_gdip\Debug\TahomaRegular18B0020E007e.obj
C:\dev\webc\WebC\project\msvc.net\framebuffer_gdip\webcdemo_fb_gdip\Debug\vc90.idb
C:\dev\webc\WebC\project\msvc.net\framebuffer_gdip\webcdemo_fb_gdip\Debug\vc90.pdb
C:\dev\webc\WebC\project\msvc.net\framebuffer_gdip\webcdemo_fb_gdip\Debug\webcdemo_fb_gdip.exe.embed.manifest
C:\dev\webc\WebC\project\msvc.net\framebuffer_gdip\webcdemo_fb_gdip\Debug\webcdemo_fb_gdip.exe.embed.manifest.res
C:\dev\webc\WebC\project\msvc.net\framebuffer_gdip\webcdemo_fb_gdip\Debug\webcdemo_fb_gdip.exe.intermediate.manifest
C:\dev\webc\WebC\project\msvc.net\framebuffer_gdip\webcdemo_fb_gdip\Debug\webcdemo_fb_gdip.obj
C:\dev\webc\WebC\project\msvc.net\framebuffer_gdip\webcdemo_fb_gdip\Debug\webcdemo_fb_gdip.pdb
C:\dev\webc\WebC\project\msvc.net\framebuffer_gdip\webcdemo_fb_gdip\Debug\webcdemo_fb_gdip.res
C:\dev\webc\WebC\project\msvc.net\framebuffer_gdip\webcdemo_fb_gdip\Debug\WindowsBitMapFrameBuffer.obj
