Build started 12/5/2013 9:43:58 AM.
     1>Project "C:\dev\webc\WebC\project\msvc.net\framebuffer_gdip\webcdemo_fb_gdip\webcdemo_fb_gdip.vcxproj" on node 3 (build target(s)).
     1>InitializeBuildStatus:
         Creating "Debug\webcdemo_fb_gdip.unsuccessfulbuild" because "AlwaysCreate" was specified.
       ClCompile:
         c:\Program Files (x86)\Microsoft Visual Studio 10.0\VC\bin\CL.exe /c /I..\..\..\..\include\browser /I..\..\..\..\include\webcapi /I..\..\..\..\include\htmldom /I..\..\..\..\include\htmldisplay /I..\..\..\..\include\imgconvert /I..\..\..\..\include\imgdecode /I..\..\..\..\include\jscript /I..\..\..\..\include\minigui /I..\..\..\..\include\protocol /I..\..\..\..\include\util /I..\..\..\..\..\rtplatform\v0.4\include\ms32 /I..\..\..\..\..\rtplatform\v0.4\include /I..\..\..\..\gui\framebuffer\FB_Fonts /I..\..\..\..\gui\framebuffer\include /I..\..\include /I..\..\..\..\lib\mozilla /ZI /nologo /W3 /WX- /Od /Oy- /D WIN32 /D _DEBUG /D _WINDOWS /D WEBC_SUPPORT_JSCRIPT=1 /D WEBC_SUPPORT_UNICODE=1 /D WEBC_DEBUG /D __WEBC__ /D _CRTDBG_MAP_ALLOC /D _UNICODE /D UNICODE /Gm /EHsc /MT /GS /fp:precise /Zc:wchar_t /Zc:forScope /Fo"Debug\\" /Fd"Debug\vc100.pdb" /Gd /TP /wd4996 /analyze- /errorReport:prompt ..\..\..\..\gui\framebuffer\source\FBAbstraction.cpp ..\..\..\..\gui\framebuffer\source\WindowsBitMapFrameBuffer.cpp
         WindowsBitMapFrameBuffer.cpp
         FBAbstraction.cpp
         Generating Code...
         All outputs are up-to-date.
       ResourceCompile:
         All outputs are up-to-date.
       ManifestResourceCompile:
         All outputs are up-to-date.
       Link:
         c:\Program Files (x86)\Microsoft Visual Studio 10.0\VC\bin\link.exe /ERRORREPORT:PROMPT /OUT:"C:\dev\webc\WebC\project\msvc.net\framebuffer_gdip\webcdemo_fb_gdip\Debug\webcdemo_fb_gdip.exe" /INCREMENTAL /NOLOGO libcpmtd.lib libcmtd.lib ws2_32.lib gdiplus.lib ..\..\..\..\lib\openssl\openssl32.lib oldnames.lib kernel32.lib user32.lib gdi32.lib winspool.lib comdlg32.lib advapi32.lib shell32.lib ole32.lib oleaut32.lib uuid.lib odbc32.lib odbccp32.lib /NODEFAULTLIB /MANIFEST /ManifestFile:"Debug\webcdemo_fb_gdip.exe.intermediate.manifest" /MANIFESTUAC:"level='asInvoker' uiAccess='false'" /DEBUG /PDB:"C:\dev\webc\WebC\project\msvc.net\framebuffer_gdip\webcdemo_fb_gdip\Debug\webcdemo_fb_gdip.pdb" /SUBSYSTEM:WINDOWS /TLBID:1 /DYNAMICBASE:NO /IMPLIB:"C:\dev\webc\WebC\project\msvc.net\framebuffer_gdip\webcdemo_fb_gdip\Debug\webcdemo_fb_gdip.lib" /MACHINE:X86 Debug\webcdemo_fb_gdip.res
         Debug\webcdemo_fb_gdip.exe.embed.manifest.res
         Debug\FBAbstractWindowManager.obj
         Debug\FBEventsandUtils.obj
         Debug\FrameBufferDriver.obj
         Debug\WindowsBitMapEventing.obj
         Debug\FBAbstraction.obj
         Debug\FBAbstractionFonts.obj
         Debug\FBGraphicsContext.obj
         Debug\Filters.obj
         Debug\Localurlcallbacks.obj
         Debug\Remoteterminalwindows.obj
         Debug\webcdemo_fb_gdip.obj
         Debug\WindowsBitMapFrameBuffer.obj
         Debug\ArialBold10B0020E007e.obj
         Debug\ArialBold14B0020E007e.obj
         Debug\ArialBold20B0020E007e.obj
         Debug\ArialBold6B0020E007e.obj
         Debug\ArialBold9B0020E007e.obj
         Debug\ArialItalic10B0020E007e.obj
         Debug\ArialItalic6B0020E007e.obj
         Debug\ArialItalic9B0020E007e.obj
         Debug\ArialRegular10B0020E007e.obj
         Debug\ArialRegular14B0020E007e.obj
         Debug\ArialRegular20B0020E007e.obj
         Debug\ArialRegular6B0020E007e.obj
         Debug\ArialRegular9B0020E007e.obj
         Debug\CourierBold10B0020E007e.obj
         Debug\CourierBold14B0020E007e.obj
         Debug\CourierBold20B0020E007e.obj
         Debug\CourierRegular10B0020E007e.obj
         Debug\CourierRegular14B0020E007e.obj
         Debug\CourierRegular20B0020E007e.obj
         Debug\TahomaBold10B0020E007e.obj
         Debug\TahomaBold11B0020E007e.obj
         Debug\TahomaBold12B0020E007e.obj
         Debug\TahomaBold13B0020E007e.obj
         Debug\TahomaBold14B0020E007e.obj
         Debug\TahomaBold15B0020E007e.obj
         Debug\TahomaBold16B0020E007e.obj
         Debug\TahomaBold17B0020E007e.obj
         Debug\TahomaBold18B0020E007e.obj
         Debug\TahomaRegular10B0020E007e.obj
         Debug\TahomaRegular11B0020E007e.obj
         Debug\TahomaRegular12B0020E007e.obj
         Debug\TahomaRegular13B0020E007e.obj
         Debug\TahomaRegular14B0020E007e.obj
         Debug\TahomaRegular15B0020E007e.obj
         Debug\TahomaRegular16B0020E007e.obj
         Debug\TahomaRegular17B0020E007e.obj
         Debug\TahomaRegular18B0020E007e.obj
         C:\dev\webc\WebC\project\msvc.net\fdlibm\fdlibm___Win32_Debug_JavaScript_Unicode\fdlibm.lib
         C:\dev\webc\WebC\project\msvc.net\libjpeg\libjpeg___Win32_Debug_JavaScript_Unicode\libjpeg.lib
         C:\dev\webc\WebC\project\msvc.net\libmng\libmng___Win32_Debug_JavaScript_Unicode\libmng.lib
         C:\dev\webc\WebC\project\msvc.net\libpng\libpng___Win32_Debug_JavaScript_Unicode\libpng.lib
         C:\dev\webc\WebC\project\msvc.net\mozjs\mozjs___Win32_Debug_JavaScript_Unicode\mozjs.lib
         C:\dev\webc\WebC\project\msvc.net\rtplatform_win32\rtplatform_win32___Win32_Debug_JavaScript_Unicode\rtplatform_win32.lib
         C:\dev\webc\WebC\project\msvc.net\webc\webc___Win32_Debug_JavaScript_Unicode\webc.lib
         C:\dev\webc\WebC\project\msvc.net\zlib\zlib___Win32_Debug_JavaScript_Unicode\zlib.lib
       Manifest:
         C:\Program Files (x86)\Microsoft SDKs\Windows\v7.0A\bin\mt.exe /nologo /verbose /out:"Debug\webcdemo_fb_gdip.exe.embed.manifest" /manifest Debug\webcdemo_fb_gdip.exe.intermediate.manifest
         All outputs are up-to-date.
       LinkEmbedManifest:
         All outputs are up-to-date.
         webcdemo_fb_gdip.vcxproj -> C:\dev\webc\WebC\project\msvc.net\framebuffer_gdip\webcdemo_fb_gdip\Debug\webcdemo_fb_gdip.exe
       FinalizeBuildStatus:
         Deleting file "Debug\webcdemo_fb_gdip.unsuccessfulbuild".
         Touching "Debug\webcdemo_fb_gdip.lastbuildstate".
     1>Done Building Project "C:\dev\webc\WebC\project\msvc.net\framebuffer_gdip\webcdemo_fb_gdip\webcdemo_fb_gdip.vcxproj" (build target(s)).

Build succeeded.

Time Elapsed 00:00:06.76
