C:\dev\webc\WebC\project\msvc\WebCWithCpegWinSock\Debug JavaScript Unicode\ArialBold10B0020E007e.obj
C:\dev\webc\WebC\project\msvc\WebCWithCpegWinSock\Debug JavaScript Unicode\ArialBold10B0020E007e.sbr
C:\dev\webc\WebC\project\msvc\WebCWithCpegWinSock\Debug JavaScript Unicode\ArialBold14B0020E007e.obj
C:\dev\webc\WebC\project\msvc\WebCWithCpegWinSock\Debug JavaScript Unicode\ArialBold14B0020E007e.sbr
C:\dev\webc\WebC\project\msvc\WebCWithCpegWinSock\Debug JavaScript Unicode\ArialBold20B0020E007e.obj
C:\dev\webc\WebC\project\msvc\WebCWithCpegWinSock\Debug JavaScript Unicode\ArialBold20B0020E007e.sbr
C:\dev\webc\WebC\project\msvc\WebCWithCpegWinSock\Debug JavaScript Unicode\ArialBold6B0020E007e.obj
C:\dev\webc\WebC\project\msvc\WebCWithCpegWinSock\Debug JavaScript Unicode\ArialBold6B0020E007e.sbr
C:\dev\webc\WebC\project\msvc\WebCWithCpegWinSock\Debug JavaScript Unicode\ArialBold9B0020E007e.obj
C:\dev\webc\WebC\project\msvc\WebCWithCpegWinSock\Debug JavaScript Unicode\ArialBold9B0020E007e.sbr
C:\dev\webc\WebC\project\msvc\WebCWithCpegWinSock\Debug JavaScript Unicode\ArialItalic10B0020E007e.obj
C:\dev\webc\WebC\project\msvc\WebCWithCpegWinSock\Debug JavaScript Unicode\ArialItalic10B0020E007e.sbr
C:\dev\webc\WebC\project\msvc\WebCWithCpegWinSock\Debug JavaScript Unicode\ArialItalic6B0020E007e.obj
C:\dev\webc\WebC\project\msvc\WebCWithCpegWinSock\Debug JavaScript Unicode\ArialItalic6B0020E007e.sbr
C:\dev\webc\WebC\project\msvc\WebCWithCpegWinSock\Debug JavaScript Unicode\ArialItalic9B0020E007e.obj
C:\dev\webc\WebC\project\msvc\WebCWithCpegWinSock\Debug JavaScript Unicode\ArialItalic9B0020E007e.sbr
C:\dev\webc\WebC\project\msvc\WebCWithCpegWinSock\Debug JavaScript Unicode\ArialRegular10B0020E007e.obj
C:\dev\webc\WebC\project\msvc\WebCWithCpegWinSock\Debug JavaScript Unicode\ArialRegular10B0020E007e.sbr
C:\dev\webc\WebC\project\msvc\WebCWithCpegWinSock\Debug JavaScript Unicode\ArialRegular14B0020E007e.obj
C:\dev\webc\WebC\project\msvc\WebCWithCpegWinSock\Debug JavaScript Unicode\ArialRegular14B0020E007e.sbr
C:\dev\webc\WebC\project\msvc\WebCWithCpegWinSock\Debug JavaScript Unicode\ArialRegular20B0020E007e.obj
C:\dev\webc\WebC\project\msvc\WebCWithCpegWinSock\Debug JavaScript Unicode\ArialRegular20B0020E007e.sbr
C:\dev\webc\WebC\project\msvc\WebCWithCpegWinSock\Debug JavaScript Unicode\ArialRegular6B0020E007e.obj
C:\dev\webc\WebC\project\msvc\WebCWithCpegWinSock\Debug JavaScript Unicode\ArialRegular6B0020E007e.sbr
C:\dev\webc\WebC\project\msvc\WebCWithCpegWinSock\Debug JavaScript Unicode\ArialRegular9B0020E007e.obj
C:\dev\webc\WebC\project\msvc\WebCWithCpegWinSock\Debug JavaScript Unicode\ArialRegular9B0020E007e.sbr
C:\dev\webc\WebC\project\msvc\WebCWithCpegWinSock\Debug JavaScript Unicode\attr.obj
C:\dev\webc\WebC\project\msvc\WebCWithCpegWinSock\Debug JavaScript Unicode\attr.sbr
C:\dev\webc\WebC\project\msvc\WebCWithCpegWinSock\Debug JavaScript Unicode\BasicDialog.obj
C:\dev\webc\WebC\project\msvc\WebCWithCpegWinSock\Debug JavaScript Unicode\BasicDialog.sbr
C:\dev\webc\WebC\project\msvc\WebCWithCpegWinSock\Debug JavaScript Unicode\bmpdecode.obj
C:\dev\webc\WebC\project\msvc\WebCWithCpegWinSock\Debug JavaScript Unicode\bmpdecode.sbr
C:\dev\webc\WebC\project\msvc\WebCWithCpegWinSock\Debug JavaScript Unicode\bmpload.obj
C:\dev\webc\WebC\project\msvc\WebCWithCpegWinSock\Debug JavaScript Unicode\bmpload.sbr
C:\dev\webc\WebC\project\msvc\WebCWithCpegWinSock\Debug JavaScript Unicode\BscMake.command.1.tlog
C:\dev\webc\WebC\project\msvc\WebCWithCpegWinSock\Debug JavaScript Unicode\bscmake.read.1.tlog
C:\dev\webc\WebC\project\msvc\WebCWithCpegWinSock\Debug JavaScript Unicode\bscmake.write.1.tlog
C:\dev\webc\WebC\project\msvc\WebCWithCpegWinSock\Debug JavaScript Unicode\ButtonControl.obj
C:\dev\webc\WebC\project\msvc\WebCWithCpegWinSock\Debug JavaScript Unicode\ButtonControl.sbr
C:\dev\webc\WebC\project\msvc\WebCWithCpegWinSock\Debug JavaScript Unicode\ButtonExample.obj
C:\dev\webc\WebC\project\msvc\WebCWithCpegWinSock\Debug JavaScript Unicode\ButtonExample.sbr
C:\dev\webc\WebC\project\msvc\WebCWithCpegWinSock\Debug JavaScript Unicode\CheckBoxObject.obj
C:\dev\webc\WebC\project\msvc\WebCWithCpegWinSock\Debug JavaScript Unicode\CheckBoxObject.sbr
C:\dev\webc\WebC\project\msvc\WebCWithCpegWinSock\Debug JavaScript Unicode\cl.command.1.tlog
C:\dev\webc\WebC\project\msvc\WebCWithCpegWinSock\Debug JavaScript Unicode\CL.read.1.tlog
C:\dev\webc\WebC\project\msvc\WebCWithCpegWinSock\Debug JavaScript Unicode\CL.write.1.tlog
C:\dev\webc\WebC\project\msvc\WebCWithCpegWinSock\Debug JavaScript Unicode\codegen.obj
C:\dev\webc\WebC\project\msvc\WebCWithCpegWinSock\Debug JavaScript Unicode\codegen.sbr
C:\dev\webc\WebC\project\msvc\WebCWithCpegWinSock\Debug JavaScript Unicode\ConsoleObject.obj
C:\dev\webc\WebC\project\msvc\WebCWithCpegWinSock\Debug JavaScript Unicode\ConsoleObject.sbr
C:\dev\webc\WebC\project\msvc\WebCWithCpegWinSock\Debug JavaScript Unicode\CourierBold10B0020E007e.obj
C:\dev\webc\WebC\project\msvc\WebCWithCpegWinSock\Debug JavaScript Unicode\CourierBold10B0020E007e.sbr
C:\dev\webc\WebC\project\msvc\WebCWithCpegWinSock\Debug JavaScript Unicode\CourierBold14B0020E007e.obj
C:\dev\webc\WebC\project\msvc\WebCWithCpegWinSock\Debug JavaScript Unicode\CourierBold14B0020E007e.sbr
C:\dev\webc\WebC\project\msvc\WebCWithCpegWinSock\Debug JavaScript Unicode\CourierBold20B0020E007e.obj
C:\dev\webc\WebC\project\msvc\WebCWithCpegWinSock\Debug JavaScript Unicode\CourierBold20B0020E007e.sbr
C:\dev\webc\WebC\project\msvc\WebCWithCpegWinSock\Debug JavaScript Unicode\CourierRegular10B0020E007e.obj
C:\dev\webc\WebC\project\msvc\WebCWithCpegWinSock\Debug JavaScript Unicode\CourierRegular10B0020E007e.sbr
C:\dev\webc\WebC\project\msvc\WebCWithCpegWinSock\Debug JavaScript Unicode\CourierRegular14B0020E007e.obj
C:\dev\webc\WebC\project\msvc\WebCWithCpegWinSock\Debug JavaScript Unicode\CourierRegular14B0020E007e.sbr
C:\dev\webc\WebC\project\msvc\WebCWithCpegWinSock\Debug JavaScript Unicode\CourierRegular20B0020E007e.obj
C:\dev\webc\WebC\project\msvc\WebCWithCpegWinSock\Debug JavaScript Unicode\CourierRegular20B0020E007e.sbr
C:\dev\webc\WebC\project\msvc\WebCWithCpegWinSock\Debug JavaScript Unicode\DisplayObject.obj
C:\dev\webc\WebC\project\msvc\WebCWithCpegWinSock\Debug JavaScript Unicode\DisplayObject.sbr
C:\dev\webc\WebC\project\msvc\WebCWithCpegWinSock\Debug JavaScript Unicode\DisplayObjectGraphObj.obj
C:\dev\webc\WebC\project\msvc\WebCWithCpegWinSock\Debug JavaScript Unicode\DisplayObjectGraphObj.sbr
C:\dev\webc\WebC\project\msvc\WebCWithCpegWinSock\Debug JavaScript Unicode\DivObject.obj
C:\dev\webc\WebC\project\msvc\WebCWithCpegWinSock\Debug JavaScript Unicode\DivObject.sbr
C:\dev\webc\WebC\project\msvc\WebCWithCpegWinSock\Debug JavaScript Unicode\document.obj
C:\dev\webc\WebC\project\msvc\WebCWithCpegWinSock\Debug JavaScript Unicode\document.sbr
C:\dev\webc\WebC\project\msvc\WebCWithCpegWinSock\Debug JavaScript Unicode\egbfbgradients.obj
C:\dev\webc\WebC\project\msvc\WebCWithCpegWinSock\Debug JavaScript Unicode\egbfbgradients.sbr
C:\dev\webc\WebC\project\msvc\WebCWithCpegWinSock\Debug JavaScript Unicode\egbfbmain.obj
C:\dev\webc\WebC\project\msvc\WebCWithCpegWinSock\Debug JavaScript Unicode\egbfbmain.sbr
C:\dev\webc\WebC\project\msvc\WebCWithCpegWinSock\Debug JavaScript Unicode\egbfbroundedcorners.obj
C:\dev\webc\WebC\project\msvc\WebCWithCpegWinSock\Debug JavaScript Unicode\egbfbroundedcorners.sbr
C:\dev\webc\WebC\project\msvc\WebCWithCpegWinSock\Debug JavaScript Unicode\egbffonts.obj
C:\dev\webc\WebC\project\msvc\WebCWithCpegWinSock\Debug JavaScript Unicode\egbffonts.sbr
C:\dev\webc\WebC\project\msvc\WebCWithCpegWinSock\Debug JavaScript Unicode\egblgraphnametocolor.obj
C:\dev\webc\WebC\project\msvc\WebCWithCpegWinSock\Debug JavaScript Unicode\egblgraphnametocolor.sbr
C:\dev\webc\WebC\project\msvc\WebCWithCpegWinSock\Debug JavaScript Unicode\egblinegraphics.obj
C:\dev\webc\WebC\project\msvc\WebCWithCpegWinSock\Debug JavaScript Unicode\egblinegraphics.sbr
C:\dev\webc\WebC\project\msvc\WebCWithCpegWinSock\Debug JavaScript Unicode\egblinegraphicsplusplus.obj
C:\dev\webc\WebC\project\msvc\WebCWithCpegWinSock\Debug JavaScript Unicode\egblinegraphicsplusplus.sbr
C:\dev\webc\WebC\project\msvc\WebCWithCpegWinSock\Debug JavaScript Unicode\egfboptimizations.obj
C:\dev\webc\WebC\project\msvc\WebCWithCpegWinSock\Debug JavaScript Unicode\egfboptimizations.sbr
C:\dev\webc\WebC\project\msvc\WebCWithCpegWinSock\Debug JavaScript Unicode\EglLogo.obj
C:\dev\webc\WebC\project\msvc\WebCWithCpegWinSock\Debug JavaScript Unicode\EglLogo.sbr
C:\dev\webc\WebC\project\msvc\WebCWithCpegWinSock\Debug JavaScript Unicode\eglstylesheets.obj
C:\dev\webc\WebC\project\msvc\WebCWithCpegWinSock\Debug JavaScript Unicode\eglstylesheets.sbr
C:\dev\webc\WebC\project\msvc\WebCWithCpegWinSock\Debug JavaScript Unicode\element.obj
C:\dev\webc\WebC\project\msvc\WebCWithCpegWinSock\Debug JavaScript Unicode\element.sbr
C:\dev\webc\WebC\project\msvc\WebCWithCpegWinSock\Debug JavaScript Unicode\ExampleCalc.obj
C:\dev\webc\WebC\project\msvc\WebCWithCpegWinSock\Debug JavaScript Unicode\ExampleCalc.sbr
C:\dev\webc\WebC\project\msvc\WebCWithCpegWinSock\Debug JavaScript Unicode\ExampleDiags.obj
C:\dev\webc\WebC\project\msvc\WebCWithCpegWinSock\Debug JavaScript Unicode\ExampleDiags.sbr
C:\dev\webc\WebC\project\msvc\WebCWithCpegWinSock\Debug JavaScript Unicode\ExampleFramework.obj
C:\dev\webc\WebC\project\msvc\WebCWithCpegWinSock\Debug JavaScript Unicode\ExampleFramework.sbr
C:\dev\webc\WebC\project\msvc\WebCWithCpegWinSock\Debug JavaScript Unicode\ExampleGraphics.obj
C:\dev\webc\WebC\project\msvc\WebCWithCpegWinSock\Debug JavaScript Unicode\ExampleGraphics.sbr
C:\dev\webc\WebC\project\msvc\WebCWithCpegWinSock\Debug JavaScript Unicode\ExampleIndicators.obj
C:\dev\webc\WebC\project\msvc\WebCWithCpegWinSock\Debug JavaScript Unicode\ExampleIndicators.sbr
C:\dev\webc\WebC\project\msvc\WebCWithCpegWinSock\Debug JavaScript Unicode\Examples.obj
C:\dev\webc\WebC\project\msvc\WebCWithCpegWinSock\Debug JavaScript Unicode\Examples.sbr
C:\dev\webc\WebC\project\msvc\WebCWithCpegWinSock\Debug JavaScript Unicode\ExamplesDisplayManager.obj
C:\dev\webc\WebC\project\msvc\WebCWithCpegWinSock\Debug JavaScript Unicode\ExamplesDisplayManager.sbr
C:\dev\webc\WebC\project\msvc\WebCWithCpegWinSock\Debug JavaScript Unicode\ExamplesGraphObj.obj
C:\dev\webc\WebC\project\msvc\WebCWithCpegWinSock\Debug JavaScript Unicode\ExamplesGraphObj.sbr
C:\dev\webc\WebC\project\msvc\WebCWithCpegWinSock\Debug JavaScript Unicode\ExamplesUtilities.obj
C:\dev\webc\WebC\project\msvc\WebCWithCpegWinSock\Debug JavaScript Unicode\ExamplesUtilities.sbr
C:\dev\webc\WebC\project\msvc\WebCWithCpegWinSock\Debug JavaScript Unicode\FBBitmaps.obj
C:\dev\webc\WebC\project\msvc\WebCWithCpegWinSock\Debug JavaScript Unicode\FBBitmaps.sbr
C:\dev\webc\WebC\project\msvc\WebCWithCpegWinSock\Debug JavaScript Unicode\filestream.obj
C:\dev\webc\WebC\project\msvc\WebCWithCpegWinSock\Debug JavaScript Unicode\filestream.sbr
C:\dev\webc\WebC\project\msvc\WebCWithCpegWinSock\Debug JavaScript Unicode\ImageMapControl.obj
C:\dev\webc\WebC\project\msvc\WebCWithCpegWinSock\Debug JavaScript Unicode\ImageMapControl.sbr
C:\dev\webc\WebC\project\msvc\WebCWithCpegWinSock\Debug JavaScript Unicode\ImageMapExample.obj
C:\dev\webc\WebC\project\msvc\WebCWithCpegWinSock\Debug JavaScript Unicode\ImageMapExample.sbr
C:\dev\webc\WebC\project\msvc\WebCWithCpegWinSock\Debug JavaScript Unicode\IntroductoryText.obj
C:\dev\webc\WebC\project\msvc\WebCWithCpegWinSock\Debug JavaScript Unicode\IntroductoryText.sbr
C:\dev\webc\WebC\project\msvc\WebCWithCpegWinSock\Debug JavaScript Unicode\ixml.obj
C:\dev\webc\WebC\project\msvc\WebCWithCpegWinSock\Debug JavaScript Unicode\ixml.sbr
C:\dev\webc\WebC\project\msvc\WebCWithCpegWinSock\Debug JavaScript Unicode\ixmlmembuf.obj
C:\dev\webc\WebC\project\msvc\WebCWithCpegWinSock\Debug JavaScript Unicode\ixmlmembuf.sbr
C:\dev\webc\WebC\project\msvc\WebCWithCpegWinSock\Debug JavaScript Unicode\ixmlparser.obj
C:\dev\webc\WebC\project\msvc\WebCWithCpegWinSock\Debug JavaScript Unicode\ixmlparser.sbr
C:\dev\webc\WebC\project\msvc\WebCWithCpegWinSock\Debug JavaScript Unicode\Keyboard.obj
C:\dev\webc\WebC\project\msvc\WebCWithCpegWinSock\Debug JavaScript Unicode\Keyboard.sbr
C:\dev\webc\WebC\project\msvc\WebCWithCpegWinSock\Debug JavaScript Unicode\KeyboardDown.obj
C:\dev\webc\WebC\project\msvc\WebCWithCpegWinSock\Debug JavaScript Unicode\KeyboardDown.sbr
C:\dev\webc\WebC\project\msvc\WebCWithCpegWinSock\Debug JavaScript Unicode\link.1156.read.1.tlog
C:\dev\webc\WebC\project\msvc\WebCWithCpegWinSock\Debug JavaScript Unicode\link.1156.write.1.tlog
C:\dev\webc\WebC\project\msvc\WebCWithCpegWinSock\Debug JavaScript Unicode\link.1156-cvtres.read.1.tlog
C:\dev\webc\WebC\project\msvc\WebCWithCpegWinSock\Debug JavaScript Unicode\link.1156-cvtres.write.1.tlog
C:\dev\webc\WebC\project\msvc\WebCWithCpegWinSock\Debug JavaScript Unicode\link.1172.read.1.tlog
C:\dev\webc\WebC\project\msvc\WebCWithCpegWinSock\Debug JavaScript Unicode\link.1172.write.1.tlog
C:\dev\webc\WebC\project\msvc\WebCWithCpegWinSock\Debug JavaScript Unicode\link.1172-cvtres.read.1.tlog
C:\dev\webc\WebC\project\msvc\WebCWithCpegWinSock\Debug JavaScript Unicode\link.1172-cvtres.write.1.tlog
C:\dev\webc\WebC\project\msvc\WebCWithCpegWinSock\Debug JavaScript Unicode\link.1184.read.1.tlog
C:\dev\webc\WebC\project\msvc\WebCWithCpegWinSock\Debug JavaScript Unicode\link.1184.write.1.tlog
C:\dev\webc\WebC\project\msvc\WebCWithCpegWinSock\Debug JavaScript Unicode\link.1184-cvtres.read.1.tlog
C:\dev\webc\WebC\project\msvc\WebCWithCpegWinSock\Debug JavaScript Unicode\link.1184-cvtres.write.1.tlog
C:\dev\webc\WebC\project\msvc\WebCWithCpegWinSock\Debug JavaScript Unicode\link.1324.read.1.tlog
C:\dev\webc\WebC\project\msvc\WebCWithCpegWinSock\Debug JavaScript Unicode\link.1324.write.1.tlog
C:\dev\webc\WebC\project\msvc\WebCWithCpegWinSock\Debug JavaScript Unicode\link.1324-cvtres.read.1.tlog
C:\dev\webc\WebC\project\msvc\WebCWithCpegWinSock\Debug JavaScript Unicode\link.1324-cvtres.write.1.tlog
C:\dev\webc\WebC\project\msvc\WebCWithCpegWinSock\Debug JavaScript Unicode\link.1340.read.1.tlog
C:\dev\webc\WebC\project\msvc\WebCWithCpegWinSock\Debug JavaScript Unicode\link.1340.write.1.tlog
C:\dev\webc\WebC\project\msvc\WebCWithCpegWinSock\Debug JavaScript Unicode\link.1340-cvtres.read.1.tlog
C:\dev\webc\WebC\project\msvc\WebCWithCpegWinSock\Debug JavaScript Unicode\link.1340-cvtres.write.1.tlog
C:\dev\webc\WebC\project\msvc\WebCWithCpegWinSock\Debug JavaScript Unicode\link.1344.read.1.tlog
C:\dev\webc\WebC\project\msvc\WebCWithCpegWinSock\Debug JavaScript Unicode\link.1344.write.1.tlog
C:\dev\webc\WebC\project\msvc\WebCWithCpegWinSock\Debug JavaScript Unicode\link.1344-cvtres.read.1.tlog
C:\dev\webc\WebC\project\msvc\WebCWithCpegWinSock\Debug JavaScript Unicode\link.1344-cvtres.write.1.tlog
C:\dev\webc\WebC\project\msvc\WebCWithCpegWinSock\Debug JavaScript Unicode\link.1384.read.1.tlog
C:\dev\webc\WebC\project\msvc\WebCWithCpegWinSock\Debug JavaScript Unicode\link.1384.write.1.tlog
C:\dev\webc\WebC\project\msvc\WebCWithCpegWinSock\Debug JavaScript Unicode\link.1384-cvtres.read.1.tlog
C:\dev\webc\WebC\project\msvc\WebCWithCpegWinSock\Debug JavaScript Unicode\link.1384-cvtres.write.1.tlog
C:\dev\webc\WebC\project\msvc\WebCWithCpegWinSock\Debug JavaScript Unicode\link.1424.read.1.tlog
C:\dev\webc\WebC\project\msvc\WebCWithCpegWinSock\Debug JavaScript Unicode\link.1424.write.1.tlog
C:\dev\webc\WebC\project\msvc\WebCWithCpegWinSock\Debug JavaScript Unicode\link.1424-cvtres.read.1.tlog
C:\dev\webc\WebC\project\msvc\WebCWithCpegWinSock\Debug JavaScript Unicode\link.1424-cvtres.write.1.tlog
C:\dev\webc\WebC\project\msvc\WebCWithCpegWinSock\Debug JavaScript Unicode\link.1456.read.1.tlog
C:\dev\webc\WebC\project\msvc\WebCWithCpegWinSock\Debug JavaScript Unicode\link.1456.write.1.tlog
C:\dev\webc\WebC\project\msvc\WebCWithCpegWinSock\Debug JavaScript Unicode\link.1456-cvtres.read.1.tlog
C:\dev\webc\WebC\project\msvc\WebCWithCpegWinSock\Debug JavaScript Unicode\link.1456-cvtres.write.1.tlog
C:\dev\webc\WebC\project\msvc\WebCWithCpegWinSock\Debug JavaScript Unicode\link.1616.read.1.tlog
C:\dev\webc\WebC\project\msvc\WebCWithCpegWinSock\Debug JavaScript Unicode\link.1616.write.1.tlog
C:\dev\webc\WebC\project\msvc\WebCWithCpegWinSock\Debug JavaScript Unicode\link.1616-cvtres.read.1.tlog
C:\dev\webc\WebC\project\msvc\WebCWithCpegWinSock\Debug JavaScript Unicode\link.1616-cvtres.write.1.tlog
C:\dev\webc\WebC\project\msvc\WebCWithCpegWinSock\Debug JavaScript Unicode\link.1756.read.1.tlog
C:\dev\webc\WebC\project\msvc\WebCWithCpegWinSock\Debug JavaScript Unicode\link.1756.write.1.tlog
C:\dev\webc\WebC\project\msvc\WebCWithCpegWinSock\Debug JavaScript Unicode\link.1888.read.1.tlog
C:\dev\webc\WebC\project\msvc\WebCWithCpegWinSock\Debug JavaScript Unicode\link.1888.write.1.tlog
C:\dev\webc\WebC\project\msvc\WebCWithCpegWinSock\Debug JavaScript Unicode\link.1888-cvtres.read.1.tlog
C:\dev\webc\WebC\project\msvc\WebCWithCpegWinSock\Debug JavaScript Unicode\link.1888-cvtres.write.1.tlog
C:\dev\webc\WebC\project\msvc\WebCWithCpegWinSock\Debug JavaScript Unicode\link.1988.read.1.tlog
C:\dev\webc\WebC\project\msvc\WebCWithCpegWinSock\Debug JavaScript Unicode\link.1988.write.1.tlog
C:\dev\webc\WebC\project\msvc\WebCWithCpegWinSock\Debug JavaScript Unicode\link.1988-cvtres.read.1.tlog
C:\dev\webc\WebC\project\msvc\WebCWithCpegWinSock\Debug JavaScript Unicode\link.1988-cvtres.write.1.tlog
C:\dev\webc\WebC\project\msvc\WebCWithCpegWinSock\Debug JavaScript Unicode\link.2096.read.1.tlog
C:\dev\webc\WebC\project\msvc\WebCWithCpegWinSock\Debug JavaScript Unicode\link.2096.write.1.tlog
C:\dev\webc\WebC\project\msvc\WebCWithCpegWinSock\Debug JavaScript Unicode\link.2096-cvtres.read.1.tlog
C:\dev\webc\WebC\project\msvc\WebCWithCpegWinSock\Debug JavaScript Unicode\link.2096-cvtres.write.1.tlog
C:\dev\webc\WebC\project\msvc\WebCWithCpegWinSock\Debug JavaScript Unicode\link.2124.read.1.tlog
C:\dev\webc\WebC\project\msvc\WebCWithCpegWinSock\Debug JavaScript Unicode\link.2124.write.1.tlog
C:\dev\webc\WebC\project\msvc\WebCWithCpegWinSock\Debug JavaScript Unicode\link.2124-cvtres.read.1.tlog
C:\dev\webc\WebC\project\msvc\WebCWithCpegWinSock\Debug JavaScript Unicode\link.2124-cvtres.write.1.tlog
C:\dev\webc\WebC\project\msvc\WebCWithCpegWinSock\Debug JavaScript Unicode\link.2160.read.1.tlog
C:\dev\webc\WebC\project\msvc\WebCWithCpegWinSock\Debug JavaScript Unicode\link.2160.write.1.tlog
C:\dev\webc\WebC\project\msvc\WebCWithCpegWinSock\Debug JavaScript Unicode\link.2160-cvtres.read.1.tlog
C:\dev\webc\WebC\project\msvc\WebCWithCpegWinSock\Debug JavaScript Unicode\link.2160-cvtres.write.1.tlog
C:\dev\webc\WebC\project\msvc\WebCWithCpegWinSock\Debug JavaScript Unicode\link.2416.read.1.tlog
C:\dev\webc\WebC\project\msvc\WebCWithCpegWinSock\Debug JavaScript Unicode\link.2416.write.1.tlog
C:\dev\webc\WebC\project\msvc\WebCWithCpegWinSock\Debug JavaScript Unicode\link.2416-cvtres.read.1.tlog
C:\dev\webc\WebC\project\msvc\WebCWithCpegWinSock\Debug JavaScript Unicode\link.2416-cvtres.write.1.tlog
C:\dev\webc\WebC\project\msvc\WebCWithCpegWinSock\Debug JavaScript Unicode\link.2536.read.1.tlog
C:\dev\webc\WebC\project\msvc\WebCWithCpegWinSock\Debug JavaScript Unicode\link.2536.write.1.tlog
C:\dev\webc\WebC\project\msvc\WebCWithCpegWinSock\Debug JavaScript Unicode\link.2536-cvtres.read.1.tlog
C:\dev\webc\WebC\project\msvc\WebCWithCpegWinSock\Debug JavaScript Unicode\link.2536-cvtres.write.1.tlog
C:\dev\webc\WebC\project\msvc\WebCWithCpegWinSock\Debug JavaScript Unicode\link.2740.read.1.tlog
C:\dev\webc\WebC\project\msvc\WebCWithCpegWinSock\Debug JavaScript Unicode\link.2740.write.1.tlog
C:\dev\webc\WebC\project\msvc\WebCWithCpegWinSock\Debug JavaScript Unicode\link.2740-cvtres.read.1.tlog
C:\dev\webc\WebC\project\msvc\WebCWithCpegWinSock\Debug JavaScript Unicode\link.2740-cvtres.write.1.tlog
C:\dev\webc\WebC\project\msvc\WebCWithCpegWinSock\Debug JavaScript Unicode\link.2956.read.1.tlog
C:\dev\webc\WebC\project\msvc\WebCWithCpegWinSock\Debug JavaScript Unicode\link.2956.write.1.tlog
C:\dev\webc\WebC\project\msvc\WebCWithCpegWinSock\Debug JavaScript Unicode\link.2956-cvtres.read.1.tlog
C:\dev\webc\WebC\project\msvc\WebCWithCpegWinSock\Debug JavaScript Unicode\link.2956-cvtres.write.1.tlog
C:\dev\webc\WebC\project\msvc\WebCWithCpegWinSock\Debug JavaScript Unicode\link.3240.read.1.tlog
C:\dev\webc\WebC\project\msvc\WebCWithCpegWinSock\Debug JavaScript Unicode\link.3240.write.1.tlog
C:\dev\webc\WebC\project\msvc\WebCWithCpegWinSock\Debug JavaScript Unicode\link.3432.read.1.tlog
C:\dev\webc\WebC\project\msvc\WebCWithCpegWinSock\Debug JavaScript Unicode\link.3432.write.1.tlog
C:\dev\webc\WebC\project\msvc\WebCWithCpegWinSock\Debug JavaScript Unicode\link.3432-cvtres.read.1.tlog
C:\dev\webc\WebC\project\msvc\WebCWithCpegWinSock\Debug JavaScript Unicode\link.3432-cvtres.write.1.tlog
C:\dev\webc\WebC\project\msvc\WebCWithCpegWinSock\Debug JavaScript Unicode\link.3492.read.1.tlog
C:\dev\webc\WebC\project\msvc\WebCWithCpegWinSock\Debug JavaScript Unicode\link.3492.write.1.tlog
C:\dev\webc\WebC\project\msvc\WebCWithCpegWinSock\Debug JavaScript Unicode\link.3492-cvtres.read.1.tlog
C:\dev\webc\WebC\project\msvc\WebCWithCpegWinSock\Debug JavaScript Unicode\link.3492-cvtres.write.1.tlog
C:\dev\webc\WebC\project\msvc\WebCWithCpegWinSock\Debug JavaScript Unicode\link.3528.read.1.tlog
C:\dev\webc\WebC\project\msvc\WebCWithCpegWinSock\Debug JavaScript Unicode\link.3528.write.1.tlog
C:\dev\webc\WebC\project\msvc\WebCWithCpegWinSock\Debug JavaScript Unicode\link.3528-cvtres.read.1.tlog
C:\dev\webc\WebC\project\msvc\WebCWithCpegWinSock\Debug JavaScript Unicode\link.3528-cvtres.write.1.tlog
C:\dev\webc\WebC\project\msvc\WebCWithCpegWinSock\Debug JavaScript Unicode\link.364.read.1.tlog
C:\dev\webc\WebC\project\msvc\WebCWithCpegWinSock\Debug JavaScript Unicode\link.364.write.1.tlog
C:\dev\webc\WebC\project\msvc\WebCWithCpegWinSock\Debug JavaScript Unicode\link.364-cvtres.read.1.tlog
C:\dev\webc\WebC\project\msvc\WebCWithCpegWinSock\Debug JavaScript Unicode\link.364-cvtres.write.1.tlog
C:\dev\webc\WebC\project\msvc\WebCWithCpegWinSock\Debug JavaScript Unicode\link.3728.read.1.tlog
C:\dev\webc\WebC\project\msvc\WebCWithCpegWinSock\Debug JavaScript Unicode\link.3728.write.1.tlog
C:\dev\webc\WebC\project\msvc\WebCWithCpegWinSock\Debug JavaScript Unicode\link.3728-cvtres.read.1.tlog
C:\dev\webc\WebC\project\msvc\WebCWithCpegWinSock\Debug JavaScript Unicode\link.3728-cvtres.write.1.tlog
C:\dev\webc\WebC\project\msvc\WebCWithCpegWinSock\Debug JavaScript Unicode\link.3768.read.1.tlog
C:\dev\webc\WebC\project\msvc\WebCWithCpegWinSock\Debug JavaScript Unicode\link.3768.write.1.tlog
C:\dev\webc\WebC\project\msvc\WebCWithCpegWinSock\Debug JavaScript Unicode\link.3768-cvtres.read.1.tlog
C:\dev\webc\WebC\project\msvc\WebCWithCpegWinSock\Debug JavaScript Unicode\link.3768-cvtres.write.1.tlog
C:\dev\webc\WebC\project\msvc\WebCWithCpegWinSock\Debug JavaScript Unicode\link.3804.read.1.tlog
C:\dev\webc\WebC\project\msvc\WebCWithCpegWinSock\Debug JavaScript Unicode\link.3804.write.1.tlog
C:\dev\webc\WebC\project\msvc\WebCWithCpegWinSock\Debug JavaScript Unicode\link.3804-cvtres.read.1.tlog
C:\dev\webc\WebC\project\msvc\WebCWithCpegWinSock\Debug JavaScript Unicode\link.3804-cvtres.write.1.tlog
C:\dev\webc\WebC\project\msvc\WebCWithCpegWinSock\Debug JavaScript Unicode\link.4136.read.1.tlog
C:\dev\webc\WebC\project\msvc\WebCWithCpegWinSock\Debug JavaScript Unicode\link.4136.write.1.tlog
C:\dev\webc\WebC\project\msvc\WebCWithCpegWinSock\Debug JavaScript Unicode\link.4136-cvtres.read.1.tlog
C:\dev\webc\WebC\project\msvc\WebCWithCpegWinSock\Debug JavaScript Unicode\link.4136-cvtres.write.1.tlog
C:\dev\webc\WebC\project\msvc\WebCWithCpegWinSock\Debug JavaScript Unicode\link.4360.read.1.tlog
C:\dev\webc\WebC\project\msvc\WebCWithCpegWinSock\Debug JavaScript Unicode\link.4360.write.1.tlog
C:\dev\webc\WebC\project\msvc\WebCWithCpegWinSock\Debug JavaScript Unicode\link.4360-cvtres.read.1.tlog
C:\dev\webc\WebC\project\msvc\WebCWithCpegWinSock\Debug JavaScript Unicode\link.4360-cvtres.write.1.tlog
C:\dev\webc\WebC\project\msvc\WebCWithCpegWinSock\Debug JavaScript Unicode\link.4392.read.1.tlog
C:\dev\webc\WebC\project\msvc\WebCWithCpegWinSock\Debug JavaScript Unicode\link.4392.write.1.tlog
C:\dev\webc\WebC\project\msvc\WebCWithCpegWinSock\Debug JavaScript Unicode\link.4392-cvtres.read.1.tlog
C:\dev\webc\WebC\project\msvc\WebCWithCpegWinSock\Debug JavaScript Unicode\link.4392-cvtres.write.1.tlog
C:\dev\webc\WebC\project\msvc\WebCWithCpegWinSock\Debug JavaScript Unicode\link.4492.read.1.tlog
C:\dev\webc\WebC\project\msvc\WebCWithCpegWinSock\Debug JavaScript Unicode\link.4492.write.1.tlog
C:\dev\webc\WebC\project\msvc\WebCWithCpegWinSock\Debug JavaScript Unicode\link.4576.read.1.tlog
C:\dev\webc\WebC\project\msvc\WebCWithCpegWinSock\Debug JavaScript Unicode\link.4576.write.1.tlog
C:\dev\webc\WebC\project\msvc\WebCWithCpegWinSock\Debug JavaScript Unicode\link.4612.read.1.tlog
C:\dev\webc\WebC\project\msvc\WebCWithCpegWinSock\Debug JavaScript Unicode\link.4612.write.1.tlog
C:\dev\webc\WebC\project\msvc\WebCWithCpegWinSock\Debug JavaScript Unicode\link.4612-cvtres.read.1.tlog
C:\dev\webc\WebC\project\msvc\WebCWithCpegWinSock\Debug JavaScript Unicode\link.4612-cvtres.write.1.tlog
C:\dev\webc\WebC\project\msvc\WebCWithCpegWinSock\Debug JavaScript Unicode\link.4660.read.1.tlog
C:\dev\webc\WebC\project\msvc\WebCWithCpegWinSock\Debug JavaScript Unicode\link.4660.write.1.tlog
C:\dev\webc\WebC\project\msvc\WebCWithCpegWinSock\Debug JavaScript Unicode\link.4660-cvtres.read.1.tlog
C:\dev\webc\WebC\project\msvc\WebCWithCpegWinSock\Debug JavaScript Unicode\link.4660-cvtres.write.1.tlog
C:\dev\webc\WebC\project\msvc\WebCWithCpegWinSock\Debug JavaScript Unicode\link.4772.read.1.tlog
C:\dev\webc\WebC\project\msvc\WebCWithCpegWinSock\Debug JavaScript Unicode\link.4772.write.1.tlog
C:\dev\webc\WebC\project\msvc\WebCWithCpegWinSock\Debug JavaScript Unicode\link.4772-cvtres.read.1.tlog
C:\dev\webc\WebC\project\msvc\WebCWithCpegWinSock\Debug JavaScript Unicode\link.4772-cvtres.write.1.tlog
C:\dev\webc\WebC\project\msvc\WebCWithCpegWinSock\Debug JavaScript Unicode\link.4980.read.1.tlog
C:\dev\webc\WebC\project\msvc\WebCWithCpegWinSock\Debug JavaScript Unicode\link.4980.write.1.tlog
C:\dev\webc\WebC\project\msvc\WebCWithCpegWinSock\Debug JavaScript Unicode\link.4980-cvtres.read.1.tlog
C:\dev\webc\WebC\project\msvc\WebCWithCpegWinSock\Debug JavaScript Unicode\link.4980-cvtres.write.1.tlog
C:\dev\webc\WebC\project\msvc\WebCWithCpegWinSock\Debug JavaScript Unicode\link.5040.read.1.tlog
C:\dev\webc\WebC\project\msvc\WebCWithCpegWinSock\Debug JavaScript Unicode\link.5040.write.1.tlog
C:\dev\webc\WebC\project\msvc\WebCWithCpegWinSock\Debug JavaScript Unicode\link.5040-cvtres.read.1.tlog
C:\dev\webc\WebC\project\msvc\WebCWithCpegWinSock\Debug JavaScript Unicode\link.5040-cvtres.write.1.tlog
C:\dev\webc\WebC\project\msvc\WebCWithCpegWinSock\Debug JavaScript Unicode\link.508.read.1.tlog
C:\dev\webc\WebC\project\msvc\WebCWithCpegWinSock\Debug JavaScript Unicode\link.508.write.1.tlog
C:\dev\webc\WebC\project\msvc\WebCWithCpegWinSock\Debug JavaScript Unicode\link.508-cvtres.read.1.tlog
C:\dev\webc\WebC\project\msvc\WebCWithCpegWinSock\Debug JavaScript Unicode\link.508-cvtres.write.1.tlog
C:\dev\webc\WebC\project\msvc\WebCWithCpegWinSock\Debug JavaScript Unicode\link.5124.read.1.tlog
C:\dev\webc\WebC\project\msvc\WebCWithCpegWinSock\Debug JavaScript Unicode\link.5124.write.1.tlog
C:\dev\webc\WebC\project\msvc\WebCWithCpegWinSock\Debug JavaScript Unicode\link.5124-cvtres.read.1.tlog
C:\dev\webc\WebC\project\msvc\WebCWithCpegWinSock\Debug JavaScript Unicode\link.5124-cvtres.write.1.tlog
C:\dev\webc\WebC\project\msvc\WebCWithCpegWinSock\Debug JavaScript Unicode\link.5316.read.1.tlog
C:\dev\webc\WebC\project\msvc\WebCWithCpegWinSock\Debug JavaScript Unicode\link.5316.write.1.tlog
C:\dev\webc\WebC\project\msvc\WebCWithCpegWinSock\Debug JavaScript Unicode\link.5316-cvtres.read.1.tlog
C:\dev\webc\WebC\project\msvc\WebCWithCpegWinSock\Debug JavaScript Unicode\link.5316-cvtres.write.1.tlog
C:\dev\webc\WebC\project\msvc\WebCWithCpegWinSock\Debug JavaScript Unicode\link.5420.read.1.tlog
C:\dev\webc\WebC\project\msvc\WebCWithCpegWinSock\Debug JavaScript Unicode\link.5420.write.1.tlog
C:\dev\webc\WebC\project\msvc\WebCWithCpegWinSock\Debug JavaScript Unicode\link.5420-cvtres.read.1.tlog
C:\dev\webc\WebC\project\msvc\WebCWithCpegWinSock\Debug JavaScript Unicode\link.5420-cvtres.write.1.tlog
C:\dev\webc\WebC\project\msvc\WebCWithCpegWinSock\Debug JavaScript Unicode\link.5432.read.1.tlog
C:\dev\webc\WebC\project\msvc\WebCWithCpegWinSock\Debug JavaScript Unicode\link.5432.write.1.tlog
C:\dev\webc\WebC\project\msvc\WebCWithCpegWinSock\Debug JavaScript Unicode\link.5432-cvtres.read.1.tlog
C:\dev\webc\WebC\project\msvc\WebCWithCpegWinSock\Debug JavaScript Unicode\link.5432-cvtres.write.1.tlog
C:\dev\webc\WebC\project\msvc\WebCWithCpegWinSock\Debug JavaScript Unicode\link.5496.read.1.tlog
C:\dev\webc\WebC\project\msvc\WebCWithCpegWinSock\Debug JavaScript Unicode\link.5496.write.1.tlog
C:\dev\webc\WebC\project\msvc\WebCWithCpegWinSock\Debug JavaScript Unicode\link.5504.read.1.tlog
C:\dev\webc\WebC\project\msvc\WebCWithCpegWinSock\Debug JavaScript Unicode\link.5504.write.1.tlog
C:\dev\webc\WebC\project\msvc\WebCWithCpegWinSock\Debug JavaScript Unicode\link.5504-cvtres.read.1.tlog
C:\dev\webc\WebC\project\msvc\WebCWithCpegWinSock\Debug JavaScript Unicode\link.5504-cvtres.write.1.tlog
C:\dev\webc\WebC\project\msvc\WebCWithCpegWinSock\Debug JavaScript Unicode\link.5632.read.1.tlog
C:\dev\webc\WebC\project\msvc\WebCWithCpegWinSock\Debug JavaScript Unicode\link.5632.write.1.tlog
C:\dev\webc\WebC\project\msvc\WebCWithCpegWinSock\Debug JavaScript Unicode\link.5680.read.1.tlog
C:\dev\webc\WebC\project\msvc\WebCWithCpegWinSock\Debug JavaScript Unicode\link.5680.write.1.tlog
C:\dev\webc\WebC\project\msvc\WebCWithCpegWinSock\Debug JavaScript Unicode\link.5840.read.1.tlog
C:\dev\webc\WebC\project\msvc\WebCWithCpegWinSock\Debug JavaScript Unicode\link.5840.write.1.tlog
C:\dev\webc\WebC\project\msvc\WebCWithCpegWinSock\Debug JavaScript Unicode\link.5840-cvtres.read.1.tlog
C:\dev\webc\WebC\project\msvc\WebCWithCpegWinSock\Debug JavaScript Unicode\link.5840-cvtres.write.1.tlog
C:\dev\webc\WebC\project\msvc\WebCWithCpegWinSock\Debug JavaScript Unicode\link.724.read.1.tlog
C:\dev\webc\WebC\project\msvc\WebCWithCpegWinSock\Debug JavaScript Unicode\link.724.write.1.tlog
C:\dev\webc\WebC\project\msvc\WebCWithCpegWinSock\Debug JavaScript Unicode\link.724-cvtres.read.1.tlog
C:\dev\webc\WebC\project\msvc\WebCWithCpegWinSock\Debug JavaScript Unicode\link.724-cvtres.write.1.tlog
C:\dev\webc\WebC\project\msvc\WebCWithCpegWinSock\Debug JavaScript Unicode\link.784.read.1.tlog
C:\dev\webc\WebC\project\msvc\WebCWithCpegWinSock\Debug JavaScript Unicode\link.784.write.1.tlog
C:\dev\webc\WebC\project\msvc\WebCWithCpegWinSock\Debug JavaScript Unicode\link.852.read.1.tlog
C:\dev\webc\WebC\project\msvc\WebCWithCpegWinSock\Debug JavaScript Unicode\link.852.write.1.tlog
C:\dev\webc\WebC\project\msvc\WebCWithCpegWinSock\Debug JavaScript Unicode\link.852-cvtres.read.1.tlog
C:\dev\webc\WebC\project\msvc\WebCWithCpegWinSock\Debug JavaScript Unicode\link.852-cvtres.write.1.tlog
C:\dev\webc\WebC\project\msvc\WebCWithCpegWinSock\Debug JavaScript Unicode\link.command.1.tlog
C:\dev\webc\WebC\project\msvc\WebCWithCpegWinSock\Debug JavaScript Unicode\link.read.1.tlog
C:\dev\webc\WebC\project\msvc\WebCWithCpegWinSock\Debug JavaScript Unicode\link.write.1.tlog
C:\dev\webc\WebC\project\msvc\WebCWithCpegWinSock\Debug JavaScript Unicode\link-cvtres.read.1.tlog
C:\dev\webc\WebC\project\msvc\WebCWithCpegWinSock\Debug JavaScript Unicode\link-cvtres.write.1.tlog
C:\dev\webc\WebC\project\msvc\WebCWithCpegWinSock\Debug JavaScript Unicode\MenuExample.obj
C:\dev\webc\WebC\project\msvc\WebCWithCpegWinSock\Debug JavaScript Unicode\MenuExample.sbr
C:\dev\webc\WebC\project\msvc\WebCWithCpegWinSock\Debug JavaScript Unicode\MenuObject.obj
C:\dev\webc\WebC\project\msvc\WebCWithCpegWinSock\Debug JavaScript Unicode\MenuObject.sbr
C:\dev\webc\WebC\project\msvc\WebCWithCpegWinSock\Debug JavaScript Unicode\MenuOfExample.obj
C:\dev\webc\WebC\project\msvc\WebCWithCpegWinSock\Debug JavaScript Unicode\MenuOfExample.sbr
C:\dev\webc\WebC\project\msvc\WebCWithCpegWinSock\Debug JavaScript Unicode\mt.command.1.tlog
C:\dev\webc\WebC\project\msvc\WebCWithCpegWinSock\Debug JavaScript Unicode\mt.read.1.tlog
C:\dev\webc\WebC\project\msvc\WebCWithCpegWinSock\Debug JavaScript Unicode\mt.write.1.tlog
C:\dev\webc\WebC\project\msvc\WebCWithCpegWinSock\Debug JavaScript Unicode\namedNodeMap.obj
C:\dev\webc\WebC\project\msvc\WebCWithCpegWinSock\Debug JavaScript Unicode\namedNodeMap.sbr
C:\dev\webc\WebC\project\msvc\WebCWithCpegWinSock\Debug JavaScript Unicode\node.obj
C:\dev\webc\WebC\project\msvc\WebCWithCpegWinSock\Debug JavaScript Unicode\node.sbr
C:\dev\webc\WebC\project\msvc\WebCWithCpegWinSock\Debug JavaScript Unicode\nodeList.obj
C:\dev\webc\WebC\project\msvc\WebCWithCpegWinSock\Debug JavaScript Unicode\nodeList.sbr
C:\dev\webc\WebC\project\msvc\WebCWithCpegWinSock\Debug JavaScript Unicode\Oval3DDd0.obj
C:\dev\webc\WebC\project\msvc\WebCWithCpegWinSock\Debug JavaScript Unicode\Oval3DDd0.sbr
C:\dev\webc\WebC\project\msvc\WebCWithCpegWinSock\Debug JavaScript Unicode\Oval3DDd1.obj
C:\dev\webc\WebC\project\msvc\WebCWithCpegWinSock\Debug JavaScript Unicode\Oval3DDd1.sbr
C:\dev\webc\WebC\project\msvc\WebCWithCpegWinSock\Debug JavaScript Unicode\RadiusCornerImage_10_1.obj
C:\dev\webc\WebC\project\msvc\WebCWithCpegWinSock\Debug JavaScript Unicode\RadiusCornerImage_10_1.sbr
C:\dev\webc\WebC\project\msvc\WebCWithCpegWinSock\Debug JavaScript Unicode\RadiusCornerImage_10_2.obj
C:\dev\webc\WebC\project\msvc\WebCWithCpegWinSock\Debug JavaScript Unicode\RadiusCornerImage_10_2.sbr
C:\dev\webc\WebC\project\msvc\WebCWithCpegWinSock\Debug JavaScript Unicode\RadiusCornerImage_20_2.obj
C:\dev\webc\WebC\project\msvc\WebCWithCpegWinSock\Debug JavaScript Unicode\RadiusCornerImage_20_2.sbr
C:\dev\webc\WebC\project\msvc\WebCWithCpegWinSock\Debug JavaScript Unicode\RadiusCornerImage_20_4.obj
C:\dev\webc\WebC\project\msvc\WebCWithCpegWinSock\Debug JavaScript Unicode\RadiusCornerImage_20_4.sbr
C:\dev\webc\WebC\project\msvc\WebCWithCpegWinSock\Debug JavaScript Unicode\rc.command.1.tlog
C:\dev\webc\WebC\project\msvc\WebCWithCpegWinSock\Debug JavaScript Unicode\rc.read.1.tlog
C:\dev\webc\WebC\project\msvc\WebCWithCpegWinSock\Debug JavaScript Unicode\rc.write.1.tlog
C:\dev\webc\WebC\project\msvc\WebCWithCpegWinSock\Debug JavaScript Unicode\rectclass.obj
C:\dev\webc\WebC\project\msvc\WebCWithCpegWinSock\Debug JavaScript Unicode\rectclass.sbr
C:\dev\webc\WebC\project\msvc\WebCWithCpegWinSock\Debug JavaScript Unicode\ResolveAssemblyReference.cache
C:\dev\webc\WebC\project\msvc\WebCWithCpegWinSock\Debug JavaScript Unicode\ScopeExample.obj
C:\dev\webc\WebC\project\msvc\WebCWithCpegWinSock\Debug JavaScript Unicode\ScopeExample.sbr
C:\dev\webc\WebC\project\msvc\WebCWithCpegWinSock\Debug JavaScript Unicode\ScrollbarControl.obj
C:\dev\webc\WebC\project\msvc\WebCWithCpegWinSock\Debug JavaScript Unicode\ScrollbarControl.sbr
C:\dev\webc\WebC\project\msvc\WebCWithCpegWinSock\Debug JavaScript Unicode\ScrollbarExample.obj
C:\dev\webc\WebC\project\msvc\WebCWithCpegWinSock\Debug JavaScript Unicode\ScrollbarExample.sbr
C:\dev\webc\WebC\project\msvc\WebCWithCpegWinSock\Debug JavaScript Unicode\ScrollPanel.obj
C:\dev\webc\WebC\project\msvc\WebCWithCpegWinSock\Debug JavaScript Unicode\ScrollPanel.sbr
C:\dev\webc\WebC\project\msvc\WebCWithCpegWinSock\Debug JavaScript Unicode\ScrollPanelExample.obj
C:\dev\webc\WebC\project\msvc\WebCWithCpegWinSock\Debug JavaScript Unicode\ScrollPanelExample.sbr
C:\dev\webc\WebC\project\msvc\WebCWithCpegWinSock\Debug JavaScript Unicode\SoftKeyBoardExample.obj
C:\dev\webc\WebC\project\msvc\WebCWithCpegWinSock\Debug JavaScript Unicode\SoftKeyBoardExample.sbr
C:\dev\webc\WebC\project\msvc\WebCWithCpegWinSock\Debug JavaScript Unicode\SoftKeyControl.obj
C:\dev\webc\WebC\project\msvc\WebCWithCpegWinSock\Debug JavaScript Unicode\SoftKeyControl.sbr
C:\dev\webc\WebC\project\msvc\WebCWithCpegWinSock\Debug JavaScript Unicode\SourceViewer.obj
C:\dev\webc\WebC\project\msvc\WebCWithCpegWinSock\Debug JavaScript Unicode\SourceViewer.sbr
C:\dev\webc\WebC\project\msvc\WebCWithCpegWinSock\Debug JavaScript Unicode\speedo.obj
C:\dev\webc\WebC\project\msvc\WebCWithCpegWinSock\Debug JavaScript Unicode\speedo.sbr
C:\dev\webc\WebC\project\msvc\WebCWithCpegWinSock\Debug JavaScript Unicode\SpeedometerExample.obj
C:\dev\webc\WebC\project\msvc\WebCWithCpegWinSock\Debug JavaScript Unicode\SpeedometerExample.sbr
C:\dev\webc\WebC\project\msvc\WebCWithCpegWinSock\Debug JavaScript Unicode\StandardComponents.obj
C:\dev\webc\WebC\project\msvc\WebCWithCpegWinSock\Debug JavaScript Unicode\StandardComponents.sbr
C:\dev\webc\WebC\project\msvc\WebCWithCpegWinSock\Debug JavaScript Unicode\SystemObject.obj
C:\dev\webc\WebC\project\msvc\WebCWithCpegWinSock\Debug JavaScript Unicode\SystemObject.sbr
C:\dev\webc\WebC\project\msvc\WebCWithCpegWinSock\Debug JavaScript Unicode\TahomaBold10B0020E007e.obj
C:\dev\webc\WebC\project\msvc\WebCWithCpegWinSock\Debug JavaScript Unicode\TahomaBold10B0020E007e.sbr
C:\dev\webc\WebC\project\msvc\WebCWithCpegWinSock\Debug JavaScript Unicode\TahomaBold11B0020E007e.obj
C:\dev\webc\WebC\project\msvc\WebCWithCpegWinSock\Debug JavaScript Unicode\TahomaBold11B0020E007e.sbr
C:\dev\webc\WebC\project\msvc\WebCWithCpegWinSock\Debug JavaScript Unicode\TahomaBold12B0020E007e.obj
C:\dev\webc\WebC\project\msvc\WebCWithCpegWinSock\Debug JavaScript Unicode\TahomaBold12B0020E007e.sbr
C:\dev\webc\WebC\project\msvc\WebCWithCpegWinSock\Debug JavaScript Unicode\TahomaBold13B0020E007e.obj
C:\dev\webc\WebC\project\msvc\WebCWithCpegWinSock\Debug JavaScript Unicode\TahomaBold13B0020E007e.sbr
C:\dev\webc\WebC\project\msvc\WebCWithCpegWinSock\Debug JavaScript Unicode\TahomaBold14B0020E007e.obj
C:\dev\webc\WebC\project\msvc\WebCWithCpegWinSock\Debug JavaScript Unicode\TahomaBold14B0020E007e.sbr
C:\dev\webc\WebC\project\msvc\WebCWithCpegWinSock\Debug JavaScript Unicode\TahomaBold15B0020E007e.obj
C:\dev\webc\WebC\project\msvc\WebCWithCpegWinSock\Debug JavaScript Unicode\TahomaBold15B0020E007e.sbr
C:\dev\webc\WebC\project\msvc\WebCWithCpegWinSock\Debug JavaScript Unicode\TahomaBold16B0020E007e.obj
C:\dev\webc\WebC\project\msvc\WebCWithCpegWinSock\Debug JavaScript Unicode\TahomaBold16B0020E007e.sbr
C:\dev\webc\WebC\project\msvc\WebCWithCpegWinSock\Debug JavaScript Unicode\TahomaBold17B0020E007e.obj
C:\dev\webc\WebC\project\msvc\WebCWithCpegWinSock\Debug JavaScript Unicode\TahomaBold17B0020E007e.sbr
C:\dev\webc\WebC\project\msvc\WebCWithCpegWinSock\Debug JavaScript Unicode\TahomaBold18B0020E007e.obj
C:\dev\webc\WebC\project\msvc\WebCWithCpegWinSock\Debug JavaScript Unicode\TahomaBold18B0020E007e.sbr
C:\dev\webc\WebC\project\msvc\WebCWithCpegWinSock\Debug JavaScript Unicode\TahomaBold20B0020E007e.obj
C:\dev\webc\WebC\project\msvc\WebCWithCpegWinSock\Debug JavaScript Unicode\TahomaBold20B0020E007e.sbr
C:\dev\webc\WebC\project\msvc\WebCWithCpegWinSock\Debug JavaScript Unicode\TahomaBold22B0020E007e.obj
C:\dev\webc\WebC\project\msvc\WebCWithCpegWinSock\Debug JavaScript Unicode\TahomaBold22B0020E007e.sbr
C:\dev\webc\WebC\project\msvc\WebCWithCpegWinSock\Debug JavaScript Unicode\TahomaBold24B0020E007e.obj
C:\dev\webc\WebC\project\msvc\WebCWithCpegWinSock\Debug JavaScript Unicode\TahomaBold24B0020E007e.sbr
C:\dev\webc\WebC\project\msvc\WebCWithCpegWinSock\Debug JavaScript Unicode\TahomaRegular10B0020E007e.obj
C:\dev\webc\WebC\project\msvc\WebCWithCpegWinSock\Debug JavaScript Unicode\TahomaRegular10B0020E007e.sbr
C:\dev\webc\WebC\project\msvc\WebCWithCpegWinSock\Debug JavaScript Unicode\TahomaRegular11B0020E007e.obj
C:\dev\webc\WebC\project\msvc\WebCWithCpegWinSock\Debug JavaScript Unicode\TahomaRegular11B0020E007e.sbr
C:\dev\webc\WebC\project\msvc\WebCWithCpegWinSock\Debug JavaScript Unicode\TahomaRegular12B0020E007e.obj
C:\dev\webc\WebC\project\msvc\WebCWithCpegWinSock\Debug JavaScript Unicode\TahomaRegular12B0020E007e.sbr
C:\dev\webc\WebC\project\msvc\WebCWithCpegWinSock\Debug JavaScript Unicode\TahomaRegular13B0020E007e.obj
C:\dev\webc\WebC\project\msvc\WebCWithCpegWinSock\Debug JavaScript Unicode\TahomaRegular13B0020E007e.sbr
C:\dev\webc\WebC\project\msvc\WebCWithCpegWinSock\Debug JavaScript Unicode\TahomaRegular14B0020E007e.obj
C:\dev\webc\WebC\project\msvc\WebCWithCpegWinSock\Debug JavaScript Unicode\TahomaRegular14B0020E007e.sbr
C:\dev\webc\WebC\project\msvc\WebCWithCpegWinSock\Debug JavaScript Unicode\TahomaRegular15B0020E007e.obj
C:\dev\webc\WebC\project\msvc\WebCWithCpegWinSock\Debug JavaScript Unicode\TahomaRegular15B0020E007e.sbr
C:\dev\webc\WebC\project\msvc\WebCWithCpegWinSock\Debug JavaScript Unicode\TahomaRegular16B0020E007e.obj
C:\dev\webc\WebC\project\msvc\WebCWithCpegWinSock\Debug JavaScript Unicode\TahomaRegular16B0020E007e.sbr
C:\dev\webc\WebC\project\msvc\WebCWithCpegWinSock\Debug JavaScript Unicode\TahomaRegular17B0020E007e.obj
C:\dev\webc\WebC\project\msvc\WebCWithCpegWinSock\Debug JavaScript Unicode\TahomaRegular17B0020E007e.sbr
C:\dev\webc\WebC\project\msvc\WebCWithCpegWinSock\Debug JavaScript Unicode\TahomaRegular18B0020E007e.obj
C:\dev\webc\WebC\project\msvc\WebCWithCpegWinSock\Debug JavaScript Unicode\TahomaRegular18B0020E007e.sbr
C:\dev\webc\WebC\project\msvc\WebCWithCpegWinSock\Debug JavaScript Unicode\TahomaRegular20B0020E007e.obj
C:\dev\webc\WebC\project\msvc\WebCWithCpegWinSock\Debug JavaScript Unicode\TahomaRegular20B0020E007e.sbr
C:\dev\webc\WebC\project\msvc\WebCWithCpegWinSock\Debug JavaScript Unicode\TahomaRegular22B0020E007e.obj
C:\dev\webc\WebC\project\msvc\WebCWithCpegWinSock\Debug JavaScript Unicode\TahomaRegular22B0020E007e.sbr
C:\dev\webc\WebC\project\msvc\WebCWithCpegWinSock\Debug JavaScript Unicode\TahomaRegular24B0020E007e.obj
C:\dev\webc\WebC\project\msvc\WebCWithCpegWinSock\Debug JavaScript Unicode\TahomaRegular24B0020E007e.sbr
C:\dev\webc\WebC\project\msvc\WebCWithCpegWinSock\Debug JavaScript Unicode\TextBoxControl.obj
C:\dev\webc\WebC\project\msvc\WebCWithCpegWinSock\Debug JavaScript Unicode\TextBoxControl.sbr
C:\dev\webc\WebC\project\msvc\WebCWithCpegWinSock\Debug JavaScript Unicode\TextEditControl.obj
C:\dev\webc\WebC\project\msvc\WebCWithCpegWinSock\Debug JavaScript Unicode\TextEditControl.sbr
C:\dev\webc\WebC\project\msvc\WebCWithCpegWinSock\Debug JavaScript Unicode\TextExamples.obj
C:\dev\webc\WebC\project\msvc\WebCWithCpegWinSock\Debug JavaScript Unicode\TextExamples.sbr
C:\dev\webc\WebC\project\msvc\WebCWithCpegWinSock\Debug JavaScript Unicode\TextObject.obj
C:\dev\webc\WebC\project\msvc\WebCWithCpegWinSock\Debug JavaScript Unicode\TextObject.sbr
C:\dev\webc\WebC\project\msvc\WebCWithCpegWinSock\Debug JavaScript Unicode\TreeObject.obj
C:\dev\webc\WebC\project\msvc\WebCWithCpegWinSock\Debug JavaScript Unicode\TreeObject.sbr
C:\dev\webc\WebC\project\msvc\WebCWithCpegWinSock\Debug JavaScript Unicode\vc100.idb
C:\dev\webc\WebC\project\msvc\WebCWithCpegWinSock\Debug JavaScript Unicode\vc100.pdb
C:\dev\webc\WebC\project\msvc\WebCWithCpegWinSock\Debug JavaScript Unicode\VectorGraphics.obj
C:\dev\webc\WebC\project\msvc\WebCWithCpegWinSock\Debug JavaScript Unicode\VectorGraphics.sbr
C:\dev\webc\WebC\project\msvc\WebCWithCpegWinSock\Debug JavaScript Unicode\webcdemo_gdip.bsc
C:\DEV\WEBC\WEBC\PROJECT\MSVC\WEBCWITHCPEGWINSOCK\DEBUG JAVASCRIPT UNICODE\WEBCDEMO_GDIP.EXE
C:\dev\webc\WebC\project\msvc\WebCWithCpegWinSock\Debug JavaScript Unicode\webcdemo_gdip.exe.embed.manifest
C:\DEV\WEBC\WEBC\PROJECT\MSVC\WEBCWITHCPEGWINSOCK\DEBUG JAVASCRIPT UNICODE\WEBCDEMO_GDIP.EXE.EMBED.MANIFEST.RES
C:\DEV\WEBC\WEBC\PROJECT\MSVC\WEBCWITHCPEGWINSOCK\DEBUG JAVASCRIPT UNICODE\WEBCDEMO_GDIP.EXE.INTERMEDIATE.MANIFEST
C:\DEV\WEBC\WEBC\PROJECT\MSVC\WEBCWITHCPEGWINSOCK\DEBUG JAVASCRIPT UNICODE\WEBCDEMO_GDIP.ILK
C:\dev\webc\WebC\project\msvc\WebCWithCpegWinSock\Debug JavaScript Unicode\webcdemo_gdip.obj
C:\DEV\WEBC\WEBC\PROJECT\MSVC\WEBCWITHCPEGWINSOCK\DEBUG JAVASCRIPT UNICODE\WEBCDEMO_GDIP.PDB
C:\DEV\WEBC\WEBC\PROJECT\MSVC\WEBCWITHCPEGWINSOCK\DEBUG JAVASCRIPT UNICODE\WEBCDEMO_GDIP.RES
C:\dev\webc\WebC\project\msvc\WebCWithCpegWinSock\Debug JavaScript Unicode\webcdemo_gdip.sbr
C:\dev\webc\WebC\project\msvc\WebCWithCpegWinSock\Debug JavaScript Unicode\webcdemo_gdip.write.1.tlog
C:\dev\webc\WebC\project\msvc\WebCWithCpegWinSock\Debug JavaScript Unicode\webcdemo_gdip_manifest.rc
C:\dev\webc\WebC\project\msvc\WebCWithCpegWinSock\Debug JavaScript Unicode\WebcEmglInit.obj
C:\dev\webc\WebC\project\msvc\WebCWithCpegWinSock\Debug JavaScript Unicode\WebcEmglInit.sbr
C:\dev\webc\WebC\project\msvc\WebCWithCpegWinSock\Debug JavaScript Unicode\webcFontInterface.obj
C:\dev\webc\WebC\project\msvc\WebCWithCpegWinSock\Debug JavaScript Unicode\webcFontInterface.sbr
C:\dev\webc\WebC\project\msvc\WebCWithCpegWinSock\Debug JavaScript Unicode\webcFontTable.obj
C:\dev\webc\WebC\project\msvc\WebCWithCpegWinSock\Debug JavaScript Unicode\webcFontTable.sbr
C:\dev\webc\WebC\project\msvc\WebCWithCpegWinSock\Debug JavaScript Unicode\webcgdip.obj
C:\dev\webc\WebC\project\msvc\WebCWithCpegWinSock\Debug JavaScript Unicode\webcgdip.sbr
C:\dev\webc\WebC\project\msvc\WebCWithCpegWinSock\Debug JavaScript Unicode\webcinterface.obj
C:\dev\webc\WebC\project\msvc\WebCWithCpegWinSock\Debug JavaScript Unicode\webcinterface.sbr
C:\dev\webc\WebC\project\msvc\WebCWithCpegWinSock\Debug JavaScript Unicode\wfgdip.obj
C:\dev\webc\WebC\project\msvc\WebCWithCpegWinSock\Debug JavaScript Unicode\wfgdip.sbr
C:\dev\webc\WebC\project\msvc\WebCWithCpegWinSock\Debug JavaScript Unicode\WindowExample.obj
C:\dev\webc\WebC\project\msvc\WebCWithCpegWinSock\Debug JavaScript Unicode\WindowExample.sbr
C:\dev\webc\WebC\project\msvc\WebCWithCpegWinSock\Debug JavaScript Unicode\WindowObject.obj
C:\dev\webc\WebC\project\msvc\WebCWithCpegWinSock\Debug JavaScript Unicode\WindowObject.sbr
C:\dev\webc\WebC\project\msvc\WebCWithCpegWinSock\Debug JavaScript Unicode\WindowsBitMapConfig.obj
C:\dev\webc\WebC\project\msvc\WebCWithCpegWinSock\Debug JavaScript Unicode\WindowsBitMapConfig.sbr
C:\dev\webc\WebC\project\msvc\WebCWithCpegWinSock\Debug JavaScript Unicode\WindowsBitMapEventing.obj
C:\dev\webc\WebC\project\msvc\WebCWithCpegWinSock\Debug JavaScript Unicode\WindowsBitMapEventing.sbr
C:\dev\webc\WebC\project\msvc\WebCWithCpegWinSock\Debug JavaScript Unicode\WindowsBitMapFrameBuffer.obj
C:\dev\webc\WebC\project\msvc\WebCWithCpegWinSock\Debug JavaScript Unicode\WindowsBitMapFrameBuffer.sbr
C:\dev\webc\WebC\project\msvc\WebCWithCpegWinSock\Debug JavaScript Unicode\xmlutilities.obj
C:\dev\webc\WebC\project\msvc\WebCWithCpegWinSock\Debug JavaScript Unicode\xmlutilities.sbr
C:\DEV\WEBC\WEBC\PROJECT\MSVC\WEBCWITHEMGLWINSOCK\DEBUG JAVASCRIPT UNICODE\ARIALBOLD10B0020E007E.OBJ
C:\DEV\WEBC\WEBC\PROJECT\MSVC\WEBCWITHEMGLWINSOCK\DEBUG JAVASCRIPT UNICODE\ARIALBOLD10B0020E007E.SBR
C:\DEV\WEBC\WEBC\PROJECT\MSVC\WEBCWITHEMGLWINSOCK\DEBUG JAVASCRIPT UNICODE\ARIALBOLD14B0020E007E.OBJ
C:\DEV\WEBC\WEBC\PROJECT\MSVC\WEBCWITHEMGLWINSOCK\DEBUG JAVASCRIPT UNICODE\ARIALBOLD14B0020E007E.SBR
C:\DEV\WEBC\WEBC\PROJECT\MSVC\WEBCWITHEMGLWINSOCK\DEBUG JAVASCRIPT UNICODE\ARIALBOLD20B0020E007E.OBJ
C:\DEV\WEBC\WEBC\PROJECT\MSVC\WEBCWITHEMGLWINSOCK\DEBUG JAVASCRIPT UNICODE\ARIALBOLD20B0020E007E.SBR
C:\DEV\WEBC\WEBC\PROJECT\MSVC\WEBCWITHEMGLWINSOCK\DEBUG JAVASCRIPT UNICODE\ARIALBOLD6B0020E007E.OBJ
C:\DEV\WEBC\WEBC\PROJECT\MSVC\WEBCWITHEMGLWINSOCK\DEBUG JAVASCRIPT UNICODE\ARIALBOLD6B0020E007E.SBR
C:\DEV\WEBC\WEBC\PROJECT\MSVC\WEBCWITHEMGLWINSOCK\DEBUG JAVASCRIPT UNICODE\ARIALBOLD9B0020E007E.OBJ
C:\DEV\WEBC\WEBC\PROJECT\MSVC\WEBCWITHEMGLWINSOCK\DEBUG JAVASCRIPT UNICODE\ARIALBOLD9B0020E007E.SBR
C:\DEV\WEBC\WEBC\PROJECT\MSVC\WEBCWITHEMGLWINSOCK\DEBUG JAVASCRIPT UNICODE\ARIALITALIC10B0020E007E.OBJ
C:\DEV\WEBC\WEBC\PROJECT\MSVC\WEBCWITHEMGLWINSOCK\DEBUG JAVASCRIPT UNICODE\ARIALITALIC10B0020E007E.SBR
C:\DEV\WEBC\WEBC\PROJECT\MSVC\WEBCWITHEMGLWINSOCK\DEBUG JAVASCRIPT UNICODE\ARIALITALIC6B0020E007E.OBJ
C:\DEV\WEBC\WEBC\PROJECT\MSVC\WEBCWITHEMGLWINSOCK\DEBUG JAVASCRIPT UNICODE\ARIALITALIC6B0020E007E.SBR
C:\DEV\WEBC\WEBC\PROJECT\MSVC\WEBCWITHEMGLWINSOCK\DEBUG JAVASCRIPT UNICODE\ARIALITALIC9B0020E007E.OBJ
C:\DEV\WEBC\WEBC\PROJECT\MSVC\WEBCWITHEMGLWINSOCK\DEBUG JAVASCRIPT UNICODE\ARIALITALIC9B0020E007E.SBR
C:\DEV\WEBC\WEBC\PROJECT\MSVC\WEBCWITHEMGLWINSOCK\DEBUG JAVASCRIPT UNICODE\ARIALREGULAR10B0020E007E.OBJ
C:\DEV\WEBC\WEBC\PROJECT\MSVC\WEBCWITHEMGLWINSOCK\DEBUG JAVASCRIPT UNICODE\ARIALREGULAR10B0020E007E.SBR
C:\DEV\WEBC\WEBC\PROJECT\MSVC\WEBCWITHEMGLWINSOCK\DEBUG JAVASCRIPT UNICODE\ARIALREGULAR14B0020E007E.OBJ
C:\DEV\WEBC\WEBC\PROJECT\MSVC\WEBCWITHEMGLWINSOCK\DEBUG JAVASCRIPT UNICODE\ARIALREGULAR14B0020E007E.SBR
C:\DEV\WEBC\WEBC\PROJECT\MSVC\WEBCWITHEMGLWINSOCK\DEBUG JAVASCRIPT UNICODE\ARIALREGULAR20B0020E007E.OBJ
C:\DEV\WEBC\WEBC\PROJECT\MSVC\WEBCWITHEMGLWINSOCK\DEBUG JAVASCRIPT UNICODE\ARIALREGULAR20B0020E007E.SBR
C:\DEV\WEBC\WEBC\PROJECT\MSVC\WEBCWITHEMGLWINSOCK\DEBUG JAVASCRIPT UNICODE\ARIALREGULAR6B0020E007E.OBJ
C:\DEV\WEBC\WEBC\PROJECT\MSVC\WEBCWITHEMGLWINSOCK\DEBUG JAVASCRIPT UNICODE\ARIALREGULAR6B0020E007E.SBR
C:\DEV\WEBC\WEBC\PROJECT\MSVC\WEBCWITHEMGLWINSOCK\DEBUG JAVASCRIPT UNICODE\ARIALREGULAR9B0020E007E.OBJ
C:\DEV\WEBC\WEBC\PROJECT\MSVC\WEBCWITHEMGLWINSOCK\DEBUG JAVASCRIPT UNICODE\ARIALREGULAR9B0020E007E.SBR
C:\DEV\WEBC\WEBC\PROJECT\MSVC\WEBCWITHEMGLWINSOCK\DEBUG JAVASCRIPT UNICODE\ATTR.OBJ
C:\DEV\WEBC\WEBC\PROJECT\MSVC\WEBCWITHEMGLWINSOCK\DEBUG JAVASCRIPT UNICODE\ATTR.SBR
C:\DEV\WEBC\WEBC\PROJECT\MSVC\WEBCWITHEMGLWINSOCK\DEBUG JAVASCRIPT UNICODE\BASICDIALOG.OBJ
C:\DEV\WEBC\WEBC\PROJECT\MSVC\WEBCWITHEMGLWINSOCK\DEBUG JAVASCRIPT UNICODE\BASICDIALOG.SBR
C:\DEV\WEBC\WEBC\PROJECT\MSVC\WEBCWITHEMGLWINSOCK\DEBUG JAVASCRIPT UNICODE\BMPDECODE.OBJ
C:\DEV\WEBC\WEBC\PROJECT\MSVC\WEBCWITHEMGLWINSOCK\DEBUG JAVASCRIPT UNICODE\BMPDECODE.SBR
C:\DEV\WEBC\WEBC\PROJECT\MSVC\WEBCWITHEMGLWINSOCK\DEBUG JAVASCRIPT UNICODE\BMPLOAD.OBJ
C:\DEV\WEBC\WEBC\PROJECT\MSVC\WEBCWITHEMGLWINSOCK\DEBUG JAVASCRIPT UNICODE\BMPLOAD.SBR
C:\DEV\WEBC\WEBC\PROJECT\MSVC\WEBCWITHEMGLWINSOCK\DEBUG JAVASCRIPT UNICODE\BUTTONCONTROL.OBJ
C:\DEV\WEBC\WEBC\PROJECT\MSVC\WEBCWITHEMGLWINSOCK\DEBUG JAVASCRIPT UNICODE\BUTTONCONTROL.SBR
C:\DEV\WEBC\WEBC\PROJECT\MSVC\WEBCWITHEMGLWINSOCK\DEBUG JAVASCRIPT UNICODE\BUTTONEXAMPLE.OBJ
C:\DEV\WEBC\WEBC\PROJECT\MSVC\WEBCWITHEMGLWINSOCK\DEBUG JAVASCRIPT UNICODE\BUTTONEXAMPLE.SBR
C:\DEV\WEBC\WEBC\PROJECT\MSVC\WEBCWITHEMGLWINSOCK\DEBUG JAVASCRIPT UNICODE\CHECKBOXOBJECT.OBJ
C:\DEV\WEBC\WEBC\PROJECT\MSVC\WEBCWITHEMGLWINSOCK\DEBUG JAVASCRIPT UNICODE\CHECKBOXOBJECT.SBR
C:\DEV\WEBC\WEBC\PROJECT\MSVC\WEBCWITHEMGLWINSOCK\DEBUG JAVASCRIPT UNICODE\CODEGEN.OBJ
C:\DEV\WEBC\WEBC\PROJECT\MSVC\WEBCWITHEMGLWINSOCK\DEBUG JAVASCRIPT UNICODE\CODEGEN.SBR
C:\DEV\WEBC\WEBC\PROJECT\MSVC\WEBCWITHEMGLWINSOCK\DEBUG JAVASCRIPT UNICODE\CONSOLEOBJECT.OBJ
C:\DEV\WEBC\WEBC\PROJECT\MSVC\WEBCWITHEMGLWINSOCK\DEBUG JAVASCRIPT UNICODE\CONSOLEOBJECT.SBR
C:\DEV\WEBC\WEBC\PROJECT\MSVC\WEBCWITHEMGLWINSOCK\DEBUG JAVASCRIPT UNICODE\COURIERBOLD10B0020E007E.OBJ
C:\DEV\WEBC\WEBC\PROJECT\MSVC\WEBCWITHEMGLWINSOCK\DEBUG JAVASCRIPT UNICODE\COURIERBOLD10B0020E007E.SBR
C:\DEV\WEBC\WEBC\PROJECT\MSVC\WEBCWITHEMGLWINSOCK\DEBUG JAVASCRIPT UNICODE\COURIERBOLD14B0020E007E.OBJ
C:\DEV\WEBC\WEBC\PROJECT\MSVC\WEBCWITHEMGLWINSOCK\DEBUG JAVASCRIPT UNICODE\COURIERBOLD14B0020E007E.SBR
C:\DEV\WEBC\WEBC\PROJECT\MSVC\WEBCWITHEMGLWINSOCK\DEBUG JAVASCRIPT UNICODE\COURIERBOLD20B0020E007E.OBJ
C:\DEV\WEBC\WEBC\PROJECT\MSVC\WEBCWITHEMGLWINSOCK\DEBUG JAVASCRIPT UNICODE\COURIERBOLD20B0020E007E.SBR
C:\DEV\WEBC\WEBC\PROJECT\MSVC\WEBCWITHEMGLWINSOCK\DEBUG JAVASCRIPT UNICODE\COURIERREGULAR10B0020E007E.OBJ
C:\DEV\WEBC\WEBC\PROJECT\MSVC\WEBCWITHEMGLWINSOCK\DEBUG JAVASCRIPT UNICODE\COURIERREGULAR10B0020E007E.SBR
C:\DEV\WEBC\WEBC\PROJECT\MSVC\WEBCWITHEMGLWINSOCK\DEBUG JAVASCRIPT UNICODE\COURIERREGULAR14B0020E007E.OBJ
C:\DEV\WEBC\WEBC\PROJECT\MSVC\WEBCWITHEMGLWINSOCK\DEBUG JAVASCRIPT UNICODE\COURIERREGULAR14B0020E007E.SBR
C:\DEV\WEBC\WEBC\PROJECT\MSVC\WEBCWITHEMGLWINSOCK\DEBUG JAVASCRIPT UNICODE\COURIERREGULAR20B0020E007E.OBJ
C:\DEV\WEBC\WEBC\PROJECT\MSVC\WEBCWITHEMGLWINSOCK\DEBUG JAVASCRIPT UNICODE\COURIERREGULAR20B0020E007E.SBR
C:\DEV\WEBC\WEBC\PROJECT\MSVC\WEBCWITHEMGLWINSOCK\DEBUG JAVASCRIPT UNICODE\DISPLAYOBJECT.OBJ
C:\DEV\WEBC\WEBC\PROJECT\MSVC\WEBCWITHEMGLWINSOCK\DEBUG JAVASCRIPT UNICODE\DISPLAYOBJECT.SBR
C:\DEV\WEBC\WEBC\PROJECT\MSVC\WEBCWITHEMGLWINSOCK\DEBUG JAVASCRIPT UNICODE\DISPLAYOBJECTGRAPHOBJ.OBJ
C:\DEV\WEBC\WEBC\PROJECT\MSVC\WEBCWITHEMGLWINSOCK\DEBUG JAVASCRIPT UNICODE\DISPLAYOBJECTGRAPHOBJ.SBR
C:\DEV\WEBC\WEBC\PROJECT\MSVC\WEBCWITHEMGLWINSOCK\DEBUG JAVASCRIPT UNICODE\DIVOBJECT.OBJ
C:\DEV\WEBC\WEBC\PROJECT\MSVC\WEBCWITHEMGLWINSOCK\DEBUG JAVASCRIPT UNICODE\DIVOBJECT.SBR
C:\DEV\WEBC\WEBC\PROJECT\MSVC\WEBCWITHEMGLWINSOCK\DEBUG JAVASCRIPT UNICODE\DOCUMENT.OBJ
C:\DEV\WEBC\WEBC\PROJECT\MSVC\WEBCWITHEMGLWINSOCK\DEBUG JAVASCRIPT UNICODE\DOCUMENT.SBR
C:\DEV\WEBC\WEBC\PROJECT\MSVC\WEBCWITHEMGLWINSOCK\DEBUG JAVASCRIPT UNICODE\EGBFBGRADIENTS.OBJ
C:\DEV\WEBC\WEBC\PROJECT\MSVC\WEBCWITHEMGLWINSOCK\DEBUG JAVASCRIPT UNICODE\EGBFBGRADIENTS.SBR
C:\DEV\WEBC\WEBC\PROJECT\MSVC\WEBCWITHEMGLWINSOCK\DEBUG JAVASCRIPT UNICODE\EGBFBMAIN.OBJ
C:\DEV\WEBC\WEBC\PROJECT\MSVC\WEBCWITHEMGLWINSOCK\DEBUG JAVASCRIPT UNICODE\EGBFBMAIN.SBR
C:\DEV\WEBC\WEBC\PROJECT\MSVC\WEBCWITHEMGLWINSOCK\DEBUG JAVASCRIPT UNICODE\EGBFBROUNDEDCORNERS.OBJ
C:\DEV\WEBC\WEBC\PROJECT\MSVC\WEBCWITHEMGLWINSOCK\DEBUG JAVASCRIPT UNICODE\EGBFBROUNDEDCORNERS.SBR
C:\DEV\WEBC\WEBC\PROJECT\MSVC\WEBCWITHEMGLWINSOCK\DEBUG JAVASCRIPT UNICODE\EGBFFONTS.OBJ
C:\DEV\WEBC\WEBC\PROJECT\MSVC\WEBCWITHEMGLWINSOCK\DEBUG JAVASCRIPT UNICODE\EGBFFONTS.SBR
C:\DEV\WEBC\WEBC\PROJECT\MSVC\WEBCWITHEMGLWINSOCK\DEBUG JAVASCRIPT UNICODE\EGBLGRAPHNAMETOCOLOR.OBJ
C:\DEV\WEBC\WEBC\PROJECT\MSVC\WEBCWITHEMGLWINSOCK\DEBUG JAVASCRIPT UNICODE\EGBLGRAPHNAMETOCOLOR.SBR
C:\DEV\WEBC\WEBC\PROJECT\MSVC\WEBCWITHEMGLWINSOCK\DEBUG JAVASCRIPT UNICODE\EGBLINEGRAPHICS.OBJ
C:\DEV\WEBC\WEBC\PROJECT\MSVC\WEBCWITHEMGLWINSOCK\DEBUG JAVASCRIPT UNICODE\EGBLINEGRAPHICS.SBR
C:\DEV\WEBC\WEBC\PROJECT\MSVC\WEBCWITHEMGLWINSOCK\DEBUG JAVASCRIPT UNICODE\EGBLINEGRAPHICSPLUSPLUS.OBJ
C:\DEV\WEBC\WEBC\PROJECT\MSVC\WEBCWITHEMGLWINSOCK\DEBUG JAVASCRIPT UNICODE\EGBLINEGRAPHICSPLUSPLUS.SBR
C:\DEV\WEBC\WEBC\PROJECT\MSVC\WEBCWITHEMGLWINSOCK\DEBUG JAVASCRIPT UNICODE\EGFBOPTIMIZATIONS.OBJ
C:\DEV\WEBC\WEBC\PROJECT\MSVC\WEBCWITHEMGLWINSOCK\DEBUG JAVASCRIPT UNICODE\EGFBOPTIMIZATIONS.SBR
C:\DEV\WEBC\WEBC\PROJECT\MSVC\WEBCWITHEMGLWINSOCK\DEBUG JAVASCRIPT UNICODE\EGLLOGO.OBJ
C:\DEV\WEBC\WEBC\PROJECT\MSVC\WEBCWITHEMGLWINSOCK\DEBUG JAVASCRIPT UNICODE\EGLLOGO.SBR
C:\DEV\WEBC\WEBC\PROJECT\MSVC\WEBCWITHEMGLWINSOCK\DEBUG JAVASCRIPT UNICODE\EGLSTYLESHEETS.OBJ
C:\DEV\WEBC\WEBC\PROJECT\MSVC\WEBCWITHEMGLWINSOCK\DEBUG JAVASCRIPT UNICODE\EGLSTYLESHEETS.SBR
C:\DEV\WEBC\WEBC\PROJECT\MSVC\WEBCWITHEMGLWINSOCK\DEBUG JAVASCRIPT UNICODE\ELEMENT.OBJ
C:\DEV\WEBC\WEBC\PROJECT\MSVC\WEBCWITHEMGLWINSOCK\DEBUG JAVASCRIPT UNICODE\ELEMENT.SBR
C:\DEV\WEBC\WEBC\PROJECT\MSVC\WEBCWITHEMGLWINSOCK\DEBUG JAVASCRIPT UNICODE\EXAMPLECALC.OBJ
C:\DEV\WEBC\WEBC\PROJECT\MSVC\WEBCWITHEMGLWINSOCK\DEBUG JAVASCRIPT UNICODE\EXAMPLECALC.SBR
C:\DEV\WEBC\WEBC\PROJECT\MSVC\WEBCWITHEMGLWINSOCK\DEBUG JAVASCRIPT UNICODE\EXAMPLEDIAGS.OBJ
C:\DEV\WEBC\WEBC\PROJECT\MSVC\WEBCWITHEMGLWINSOCK\DEBUG JAVASCRIPT UNICODE\EXAMPLEDIAGS.SBR
C:\DEV\WEBC\WEBC\PROJECT\MSVC\WEBCWITHEMGLWINSOCK\DEBUG JAVASCRIPT UNICODE\EXAMPLEFRAMEWORK.OBJ
C:\DEV\WEBC\WEBC\PROJECT\MSVC\WEBCWITHEMGLWINSOCK\DEBUG JAVASCRIPT UNICODE\EXAMPLEFRAMEWORK.SBR
C:\DEV\WEBC\WEBC\PROJECT\MSVC\WEBCWITHEMGLWINSOCK\DEBUG JAVASCRIPT UNICODE\EXAMPLEGRAPHICS.OBJ
C:\DEV\WEBC\WEBC\PROJECT\MSVC\WEBCWITHEMGLWINSOCK\DEBUG JAVASCRIPT UNICODE\EXAMPLEGRAPHICS.SBR
C:\DEV\WEBC\WEBC\PROJECT\MSVC\WEBCWITHEMGLWINSOCK\DEBUG JAVASCRIPT UNICODE\EXAMPLEINDICATORS.OBJ
C:\DEV\WEBC\WEBC\PROJECT\MSVC\WEBCWITHEMGLWINSOCK\DEBUG JAVASCRIPT UNICODE\EXAMPLEINDICATORS.SBR
C:\DEV\WEBC\WEBC\PROJECT\MSVC\WEBCWITHEMGLWINSOCK\DEBUG JAVASCRIPT UNICODE\EXAMPLES.OBJ
C:\DEV\WEBC\WEBC\PROJECT\MSVC\WEBCWITHEMGLWINSOCK\DEBUG JAVASCRIPT UNICODE\EXAMPLES.SBR
C:\DEV\WEBC\WEBC\PROJECT\MSVC\WEBCWITHEMGLWINSOCK\DEBUG JAVASCRIPT UNICODE\EXAMPLESDISPLAYMANAGER.OBJ
C:\DEV\WEBC\WEBC\PROJECT\MSVC\WEBCWITHEMGLWINSOCK\DEBUG JAVASCRIPT UNICODE\EXAMPLESDISPLAYMANAGER.SBR
C:\DEV\WEBC\WEBC\PROJECT\MSVC\WEBCWITHEMGLWINSOCK\DEBUG JAVASCRIPT UNICODE\EXAMPLESGRAPHOBJ.OBJ
C:\DEV\WEBC\WEBC\PROJECT\MSVC\WEBCWITHEMGLWINSOCK\DEBUG JAVASCRIPT UNICODE\EXAMPLESGRAPHOBJ.SBR
C:\DEV\WEBC\WEBC\PROJECT\MSVC\WEBCWITHEMGLWINSOCK\DEBUG JAVASCRIPT UNICODE\EXAMPLESUTILITIES.OBJ
C:\DEV\WEBC\WEBC\PROJECT\MSVC\WEBCWITHEMGLWINSOCK\DEBUG JAVASCRIPT UNICODE\EXAMPLESUTILITIES.SBR
C:\DEV\WEBC\WEBC\PROJECT\MSVC\WEBCWITHEMGLWINSOCK\DEBUG JAVASCRIPT UNICODE\FBBITMAPS.OBJ
C:\DEV\WEBC\WEBC\PROJECT\MSVC\WEBCWITHEMGLWINSOCK\DEBUG JAVASCRIPT UNICODE\FBBITMAPS.SBR
C:\DEV\WEBC\WEBC\PROJECT\MSVC\WEBCWITHEMGLWINSOCK\DEBUG JAVASCRIPT UNICODE\FILESTREAM.OBJ
C:\DEV\WEBC\WEBC\PROJECT\MSVC\WEBCWITHEMGLWINSOCK\DEBUG JAVASCRIPT UNICODE\FILESTREAM.SBR
C:\DEV\WEBC\WEBC\PROJECT\MSVC\WEBCWITHEMGLWINSOCK\DEBUG JAVASCRIPT UNICODE\IMAGEMAPCONTROL.OBJ
C:\DEV\WEBC\WEBC\PROJECT\MSVC\WEBCWITHEMGLWINSOCK\DEBUG JAVASCRIPT UNICODE\IMAGEMAPCONTROL.SBR
C:\DEV\WEBC\WEBC\PROJECT\MSVC\WEBCWITHEMGLWINSOCK\DEBUG JAVASCRIPT UNICODE\IMAGEMAPEXAMPLE.OBJ
C:\DEV\WEBC\WEBC\PROJECT\MSVC\WEBCWITHEMGLWINSOCK\DEBUG JAVASCRIPT UNICODE\IMAGEMAPEXAMPLE.SBR
C:\DEV\WEBC\WEBC\PROJECT\MSVC\WEBCWITHEMGLWINSOCK\DEBUG JAVASCRIPT UNICODE\INTRODUCTORYTEXT.OBJ
C:\DEV\WEBC\WEBC\PROJECT\MSVC\WEBCWITHEMGLWINSOCK\DEBUG JAVASCRIPT UNICODE\INTRODUCTORYTEXT.SBR
C:\DEV\WEBC\WEBC\PROJECT\MSVC\WEBCWITHEMGLWINSOCK\DEBUG JAVASCRIPT UNICODE\IXML.OBJ
C:\DEV\WEBC\WEBC\PROJECT\MSVC\WEBCWITHEMGLWINSOCK\DEBUG JAVASCRIPT UNICODE\IXML.SBR
C:\DEV\WEBC\WEBC\PROJECT\MSVC\WEBCWITHEMGLWINSOCK\DEBUG JAVASCRIPT UNICODE\IXMLMEMBUF.OBJ
C:\DEV\WEBC\WEBC\PROJECT\MSVC\WEBCWITHEMGLWINSOCK\DEBUG JAVASCRIPT UNICODE\IXMLMEMBUF.SBR
C:\DEV\WEBC\WEBC\PROJECT\MSVC\WEBCWITHEMGLWINSOCK\DEBUG JAVASCRIPT UNICODE\IXMLPARSER.OBJ
C:\DEV\WEBC\WEBC\PROJECT\MSVC\WEBCWITHEMGLWINSOCK\DEBUG JAVASCRIPT UNICODE\IXMLPARSER.SBR
C:\DEV\WEBC\WEBC\PROJECT\MSVC\WEBCWITHEMGLWINSOCK\DEBUG JAVASCRIPT UNICODE\KEYBOARD.OBJ
C:\DEV\WEBC\WEBC\PROJECT\MSVC\WEBCWITHEMGLWINSOCK\DEBUG JAVASCRIPT UNICODE\KEYBOARD.SBR
C:\DEV\WEBC\WEBC\PROJECT\MSVC\WEBCWITHEMGLWINSOCK\DEBUG JAVASCRIPT UNICODE\KEYBOARDDOWN.OBJ
C:\DEV\WEBC\WEBC\PROJECT\MSVC\WEBCWITHEMGLWINSOCK\DEBUG JAVASCRIPT UNICODE\KEYBOARDDOWN.SBR
C:\DEV\WEBC\WEBC\PROJECT\MSVC\WEBCWITHEMGLWINSOCK\DEBUG JAVASCRIPT UNICODE\MENUEXAMPLE.OBJ
C:\DEV\WEBC\WEBC\PROJECT\MSVC\WEBCWITHEMGLWINSOCK\DEBUG JAVASCRIPT UNICODE\MENUEXAMPLE.SBR
C:\DEV\WEBC\WEBC\PROJECT\MSVC\WEBCWITHEMGLWINSOCK\DEBUG JAVASCRIPT UNICODE\MENUOBJECT.OBJ
C:\DEV\WEBC\WEBC\PROJECT\MSVC\WEBCWITHEMGLWINSOCK\DEBUG JAVASCRIPT UNICODE\MENUOBJECT.SBR
C:\DEV\WEBC\WEBC\PROJECT\MSVC\WEBCWITHEMGLWINSOCK\DEBUG JAVASCRIPT UNICODE\MENUOFEXAMPLE.OBJ
C:\DEV\WEBC\WEBC\PROJECT\MSVC\WEBCWITHEMGLWINSOCK\DEBUG JAVASCRIPT UNICODE\MENUOFEXAMPLE.SBR
C:\DEV\WEBC\WEBC\PROJECT\MSVC\WEBCWITHEMGLWINSOCK\DEBUG JAVASCRIPT UNICODE\NAMEDNODEMAP.OBJ
C:\DEV\WEBC\WEBC\PROJECT\MSVC\WEBCWITHEMGLWINSOCK\DEBUG JAVASCRIPT UNICODE\NAMEDNODEMAP.SBR
C:\DEV\WEBC\WEBC\PROJECT\MSVC\WEBCWITHEMGLWINSOCK\DEBUG JAVASCRIPT UNICODE\NODE.OBJ
C:\DEV\WEBC\WEBC\PROJECT\MSVC\WEBCWITHEMGLWINSOCK\DEBUG JAVASCRIPT UNICODE\NODE.SBR
C:\DEV\WEBC\WEBC\PROJECT\MSVC\WEBCWITHEMGLWINSOCK\DEBUG JAVASCRIPT UNICODE\NODELIST.OBJ
C:\DEV\WEBC\WEBC\PROJECT\MSVC\WEBCWITHEMGLWINSOCK\DEBUG JAVASCRIPT UNICODE\NODELIST.SBR
C:\DEV\WEBC\WEBC\PROJECT\MSVC\WEBCWITHEMGLWINSOCK\DEBUG JAVASCRIPT UNICODE\OVAL3DDD0.OBJ
C:\DEV\WEBC\WEBC\PROJECT\MSVC\WEBCWITHEMGLWINSOCK\DEBUG JAVASCRIPT UNICODE\OVAL3DDD0.SBR
C:\DEV\WEBC\WEBC\PROJECT\MSVC\WEBCWITHEMGLWINSOCK\DEBUG JAVASCRIPT UNICODE\OVAL3DDD1.OBJ
C:\DEV\WEBC\WEBC\PROJECT\MSVC\WEBCWITHEMGLWINSOCK\DEBUG JAVASCRIPT UNICODE\OVAL3DDD1.SBR
C:\DEV\WEBC\WEBC\PROJECT\MSVC\WEBCWITHEMGLWINSOCK\DEBUG JAVASCRIPT UNICODE\RADIUSCORNERIMAGE_10_1.OBJ
C:\DEV\WEBC\WEBC\PROJECT\MSVC\WEBCWITHEMGLWINSOCK\DEBUG JAVASCRIPT UNICODE\RADIUSCORNERIMAGE_10_1.SBR
C:\DEV\WEBC\WEBC\PROJECT\MSVC\WEBCWITHEMGLWINSOCK\DEBUG JAVASCRIPT UNICODE\RADIUSCORNERIMAGE_10_2.OBJ
C:\DEV\WEBC\WEBC\PROJECT\MSVC\WEBCWITHEMGLWINSOCK\DEBUG JAVASCRIPT UNICODE\RADIUSCORNERIMAGE_10_2.SBR
C:\DEV\WEBC\WEBC\PROJECT\MSVC\WEBCWITHEMGLWINSOCK\DEBUG JAVASCRIPT UNICODE\RADIUSCORNERIMAGE_20_2.OBJ
C:\DEV\WEBC\WEBC\PROJECT\MSVC\WEBCWITHEMGLWINSOCK\DEBUG JAVASCRIPT UNICODE\RADIUSCORNERIMAGE_20_2.SBR
C:\DEV\WEBC\WEBC\PROJECT\MSVC\WEBCWITHEMGLWINSOCK\DEBUG JAVASCRIPT UNICODE\RADIUSCORNERIMAGE_20_4.OBJ
C:\DEV\WEBC\WEBC\PROJECT\MSVC\WEBCWITHEMGLWINSOCK\DEBUG JAVASCRIPT UNICODE\RADIUSCORNERIMAGE_20_4.SBR
C:\DEV\WEBC\WEBC\PROJECT\MSVC\WEBCWITHEMGLWINSOCK\DEBUG JAVASCRIPT UNICODE\RECTCLASS.OBJ
C:\DEV\WEBC\WEBC\PROJECT\MSVC\WEBCWITHEMGLWINSOCK\DEBUG JAVASCRIPT UNICODE\RECTCLASS.SBR
C:\DEV\WEBC\WEBC\PROJECT\MSVC\WEBCWITHEMGLWINSOCK\DEBUG JAVASCRIPT UNICODE\SCOPEEXAMPLE.OBJ
C:\DEV\WEBC\WEBC\PROJECT\MSVC\WEBCWITHEMGLWINSOCK\DEBUG JAVASCRIPT UNICODE\SCOPEEXAMPLE.SBR
C:\DEV\WEBC\WEBC\PROJECT\MSVC\WEBCWITHEMGLWINSOCK\DEBUG JAVASCRIPT UNICODE\SCROLLBARCONTROL.OBJ
C:\DEV\WEBC\WEBC\PROJECT\MSVC\WEBCWITHEMGLWINSOCK\DEBUG JAVASCRIPT UNICODE\SCROLLBARCONTROL.SBR
C:\DEV\WEBC\WEBC\PROJECT\MSVC\WEBCWITHEMGLWINSOCK\DEBUG JAVASCRIPT UNICODE\SCROLLBAREXAMPLE.OBJ
C:\DEV\WEBC\WEBC\PROJECT\MSVC\WEBCWITHEMGLWINSOCK\DEBUG JAVASCRIPT UNICODE\SCROLLBAREXAMPLE.SBR
C:\DEV\WEBC\WEBC\PROJECT\MSVC\WEBCWITHEMGLWINSOCK\DEBUG JAVASCRIPT UNICODE\SCROLLPANEL.OBJ
C:\DEV\WEBC\WEBC\PROJECT\MSVC\WEBCWITHEMGLWINSOCK\DEBUG JAVASCRIPT UNICODE\SCROLLPANEL.SBR
C:\DEV\WEBC\WEBC\PROJECT\MSVC\WEBCWITHEMGLWINSOCK\DEBUG JAVASCRIPT UNICODE\SCROLLPANELEXAMPLE.OBJ
C:\DEV\WEBC\WEBC\PROJECT\MSVC\WEBCWITHEMGLWINSOCK\DEBUG JAVASCRIPT UNICODE\SCROLLPANELEXAMPLE.SBR
C:\DEV\WEBC\WEBC\PROJECT\MSVC\WEBCWITHEMGLWINSOCK\DEBUG JAVASCRIPT UNICODE\SOFTKEYBOARDEXAMPLE.OBJ
C:\DEV\WEBC\WEBC\PROJECT\MSVC\WEBCWITHEMGLWINSOCK\DEBUG JAVASCRIPT UNICODE\SOFTKEYBOARDEXAMPLE.SBR
C:\DEV\WEBC\WEBC\PROJECT\MSVC\WEBCWITHEMGLWINSOCK\DEBUG JAVASCRIPT UNICODE\SOFTKEYCONTROL.OBJ
C:\DEV\WEBC\WEBC\PROJECT\MSVC\WEBCWITHEMGLWINSOCK\DEBUG JAVASCRIPT UNICODE\SOFTKEYCONTROL.SBR
C:\DEV\WEBC\WEBC\PROJECT\MSVC\WEBCWITHEMGLWINSOCK\DEBUG JAVASCRIPT UNICODE\SOURCEVIEWER.OBJ
C:\DEV\WEBC\WEBC\PROJECT\MSVC\WEBCWITHEMGLWINSOCK\DEBUG JAVASCRIPT UNICODE\SOURCEVIEWER.SBR
C:\DEV\WEBC\WEBC\PROJECT\MSVC\WEBCWITHEMGLWINSOCK\DEBUG JAVASCRIPT UNICODE\SPEEDO.OBJ
C:\DEV\WEBC\WEBC\PROJECT\MSVC\WEBCWITHEMGLWINSOCK\DEBUG JAVASCRIPT UNICODE\SPEEDO.SBR
C:\DEV\WEBC\WEBC\PROJECT\MSVC\WEBCWITHEMGLWINSOCK\DEBUG JAVASCRIPT UNICODE\SPEEDOMETEREXAMPLE.OBJ
C:\DEV\WEBC\WEBC\PROJECT\MSVC\WEBCWITHEMGLWINSOCK\DEBUG JAVASCRIPT UNICODE\SPEEDOMETEREXAMPLE.SBR
C:\DEV\WEBC\WEBC\PROJECT\MSVC\WEBCWITHEMGLWINSOCK\DEBUG JAVASCRIPT UNICODE\STANDARDCOMPONENTS.OBJ
C:\DEV\WEBC\WEBC\PROJECT\MSVC\WEBCWITHEMGLWINSOCK\DEBUG JAVASCRIPT UNICODE\STANDARDCOMPONENTS.SBR
C:\DEV\WEBC\WEBC\PROJECT\MSVC\WEBCWITHEMGLWINSOCK\DEBUG JAVASCRIPT UNICODE\SYSTEMOBJECT.OBJ
C:\DEV\WEBC\WEBC\PROJECT\MSVC\WEBCWITHEMGLWINSOCK\DEBUG JAVASCRIPT UNICODE\SYSTEMOBJECT.SBR
C:\DEV\WEBC\WEBC\PROJECT\MSVC\WEBCWITHEMGLWINSOCK\DEBUG JAVASCRIPT UNICODE\TAHOMABOLD10B0020E007E.OBJ
C:\DEV\WEBC\WEBC\PROJECT\MSVC\WEBCWITHEMGLWINSOCK\DEBUG JAVASCRIPT UNICODE\TAHOMABOLD10B0020E007E.SBR
C:\DEV\WEBC\WEBC\PROJECT\MSVC\WEBCWITHEMGLWINSOCK\DEBUG JAVASCRIPT UNICODE\TAHOMABOLD11B0020E007E.OBJ
C:\DEV\WEBC\WEBC\PROJECT\MSVC\WEBCWITHEMGLWINSOCK\DEBUG JAVASCRIPT UNICODE\TAHOMABOLD11B0020E007E.SBR
C:\DEV\WEBC\WEBC\PROJECT\MSVC\WEBCWITHEMGLWINSOCK\DEBUG JAVASCRIPT UNICODE\TAHOMABOLD12B0020E007E.OBJ
C:\DEV\WEBC\WEBC\PROJECT\MSVC\WEBCWITHEMGLWINSOCK\DEBUG JAVASCRIPT UNICODE\TAHOMABOLD12B0020E007E.SBR
C:\DEV\WEBC\WEBC\PROJECT\MSVC\WEBCWITHEMGLWINSOCK\DEBUG JAVASCRIPT UNICODE\TAHOMABOLD13B0020E007E.OBJ
C:\DEV\WEBC\WEBC\PROJECT\MSVC\WEBCWITHEMGLWINSOCK\DEBUG JAVASCRIPT UNICODE\TAHOMABOLD13B0020E007E.SBR
C:\DEV\WEBC\WEBC\PROJECT\MSVC\WEBCWITHEMGLWINSOCK\DEBUG JAVASCRIPT UNICODE\TAHOMABOLD14B0020E007E.OBJ
C:\DEV\WEBC\WEBC\PROJECT\MSVC\WEBCWITHEMGLWINSOCK\DEBUG JAVASCRIPT UNICODE\TAHOMABOLD14B0020E007E.SBR
C:\DEV\WEBC\WEBC\PROJECT\MSVC\WEBCWITHEMGLWINSOCK\DEBUG JAVASCRIPT UNICODE\TAHOMABOLD15B0020E007E.OBJ
C:\DEV\WEBC\WEBC\PROJECT\MSVC\WEBCWITHEMGLWINSOCK\DEBUG JAVASCRIPT UNICODE\TAHOMABOLD15B0020E007E.SBR
C:\DEV\WEBC\WEBC\PROJECT\MSVC\WEBCWITHEMGLWINSOCK\DEBUG JAVASCRIPT UNICODE\TAHOMABOLD16B0020E007E.OBJ
C:\DEV\WEBC\WEBC\PROJECT\MSVC\WEBCWITHEMGLWINSOCK\DEBUG JAVASCRIPT UNICODE\TAHOMABOLD16B0020E007E.SBR
C:\DEV\WEBC\WEBC\PROJECT\MSVC\WEBCWITHEMGLWINSOCK\DEBUG JAVASCRIPT UNICODE\TAHOMABOLD17B0020E007E.OBJ
C:\DEV\WEBC\WEBC\PROJECT\MSVC\WEBCWITHEMGLWINSOCK\DEBUG JAVASCRIPT UNICODE\TAHOMABOLD17B0020E007E.SBR
C:\DEV\WEBC\WEBC\PROJECT\MSVC\WEBCWITHEMGLWINSOCK\DEBUG JAVASCRIPT UNICODE\TAHOMABOLD18B0020E007E.OBJ
C:\DEV\WEBC\WEBC\PROJECT\MSVC\WEBCWITHEMGLWINSOCK\DEBUG JAVASCRIPT UNICODE\TAHOMABOLD18B0020E007E.SBR
C:\DEV\WEBC\WEBC\PROJECT\MSVC\WEBCWITHEMGLWINSOCK\DEBUG JAVASCRIPT UNICODE\TAHOMABOLD20B0020E007E.OBJ
C:\DEV\WEBC\WEBC\PROJECT\MSVC\WEBCWITHEMGLWINSOCK\DEBUG JAVASCRIPT UNICODE\TAHOMABOLD20B0020E007E.SBR
C:\DEV\WEBC\WEBC\PROJECT\MSVC\WEBCWITHEMGLWINSOCK\DEBUG JAVASCRIPT UNICODE\TAHOMABOLD22B0020E007E.OBJ
C:\DEV\WEBC\WEBC\PROJECT\MSVC\WEBCWITHEMGLWINSOCK\DEBUG JAVASCRIPT UNICODE\TAHOMABOLD22B0020E007E.SBR
C:\DEV\WEBC\WEBC\PROJECT\MSVC\WEBCWITHEMGLWINSOCK\DEBUG JAVASCRIPT UNICODE\TAHOMABOLD24B0020E007E.OBJ
C:\DEV\WEBC\WEBC\PROJECT\MSVC\WEBCWITHEMGLWINSOCK\DEBUG JAVASCRIPT UNICODE\TAHOMABOLD24B0020E007E.SBR
C:\DEV\WEBC\WEBC\PROJECT\MSVC\WEBCWITHEMGLWINSOCK\DEBUG JAVASCRIPT UNICODE\TAHOMAREGULAR10B0020E007E.OBJ
C:\DEV\WEBC\WEBC\PROJECT\MSVC\WEBCWITHEMGLWINSOCK\DEBUG JAVASCRIPT UNICODE\TAHOMAREGULAR10B0020E007E.SBR
C:\DEV\WEBC\WEBC\PROJECT\MSVC\WEBCWITHEMGLWINSOCK\DEBUG JAVASCRIPT UNICODE\TAHOMAREGULAR11B0020E007E.OBJ
C:\DEV\WEBC\WEBC\PROJECT\MSVC\WEBCWITHEMGLWINSOCK\DEBUG JAVASCRIPT UNICODE\TAHOMAREGULAR11B0020E007E.SBR
C:\DEV\WEBC\WEBC\PROJECT\MSVC\WEBCWITHEMGLWINSOCK\DEBUG JAVASCRIPT UNICODE\TAHOMAREGULAR12B0020E007E.OBJ
C:\DEV\WEBC\WEBC\PROJECT\MSVC\WEBCWITHEMGLWINSOCK\DEBUG JAVASCRIPT UNICODE\TAHOMAREGULAR12B0020E007E.SBR
C:\DEV\WEBC\WEBC\PROJECT\MSVC\WEBCWITHEMGLWINSOCK\DEBUG JAVASCRIPT UNICODE\TAHOMAREGULAR13B0020E007E.OBJ
C:\DEV\WEBC\WEBC\PROJECT\MSVC\WEBCWITHEMGLWINSOCK\DEBUG JAVASCRIPT UNICODE\TAHOMAREGULAR13B0020E007E.SBR
C:\DEV\WEBC\WEBC\PROJECT\MSVC\WEBCWITHEMGLWINSOCK\DEBUG JAVASCRIPT UNICODE\TAHOMAREGULAR14B0020E007E.OBJ
C:\DEV\WEBC\WEBC\PROJECT\MSVC\WEBCWITHEMGLWINSOCK\DEBUG JAVASCRIPT UNICODE\TAHOMAREGULAR14B0020E007E.SBR
C:\DEV\WEBC\WEBC\PROJECT\MSVC\WEBCWITHEMGLWINSOCK\DEBUG JAVASCRIPT UNICODE\TAHOMAREGULAR15B0020E007E.OBJ
C:\DEV\WEBC\WEBC\PROJECT\MSVC\WEBCWITHEMGLWINSOCK\DEBUG JAVASCRIPT UNICODE\TAHOMAREGULAR15B0020E007E.SBR
C:\DEV\WEBC\WEBC\PROJECT\MSVC\WEBCWITHEMGLWINSOCK\DEBUG JAVASCRIPT UNICODE\TAHOMAREGULAR16B0020E007E.OBJ
C:\DEV\WEBC\WEBC\PROJECT\MSVC\WEBCWITHEMGLWINSOCK\DEBUG JAVASCRIPT UNICODE\TAHOMAREGULAR16B0020E007E.SBR
C:\DEV\WEBC\WEBC\PROJECT\MSVC\WEBCWITHEMGLWINSOCK\DEBUG JAVASCRIPT UNICODE\TAHOMAREGULAR17B0020E007E.OBJ
C:\DEV\WEBC\WEBC\PROJECT\MSVC\WEBCWITHEMGLWINSOCK\DEBUG JAVASCRIPT UNICODE\TAHOMAREGULAR17B0020E007E.SBR
C:\DEV\WEBC\WEBC\PROJECT\MSVC\WEBCWITHEMGLWINSOCK\DEBUG JAVASCRIPT UNICODE\TAHOMAREGULAR18B0020E007E.OBJ
C:\DEV\WEBC\WEBC\PROJECT\MSVC\WEBCWITHEMGLWINSOCK\DEBUG JAVASCRIPT UNICODE\TAHOMAREGULAR18B0020E007E.SBR
C:\DEV\WEBC\WEBC\PROJECT\MSVC\WEBCWITHEMGLWINSOCK\DEBUG JAVASCRIPT UNICODE\TAHOMAREGULAR20B0020E007E.OBJ
C:\DEV\WEBC\WEBC\PROJECT\MSVC\WEBCWITHEMGLWINSOCK\DEBUG JAVASCRIPT UNICODE\TAHOMAREGULAR20B0020E007E.SBR
C:\DEV\WEBC\WEBC\PROJECT\MSVC\WEBCWITHEMGLWINSOCK\DEBUG JAVASCRIPT UNICODE\TAHOMAREGULAR22B0020E007E.OBJ
C:\DEV\WEBC\WEBC\PROJECT\MSVC\WEBCWITHEMGLWINSOCK\DEBUG JAVASCRIPT UNICODE\TAHOMAREGULAR22B0020E007E.SBR
C:\DEV\WEBC\WEBC\PROJECT\MSVC\WEBCWITHEMGLWINSOCK\DEBUG JAVASCRIPT UNICODE\TAHOMAREGULAR24B0020E007E.OBJ
C:\DEV\WEBC\WEBC\PROJECT\MSVC\WEBCWITHEMGLWINSOCK\DEBUG JAVASCRIPT UNICODE\TAHOMAREGULAR24B0020E007E.SBR
C:\DEV\WEBC\WEBC\PROJECT\MSVC\WEBCWITHEMGLWINSOCK\DEBUG JAVASCRIPT UNICODE\TEXTBOXCONTROL.OBJ
C:\DEV\WEBC\WEBC\PROJECT\MSVC\WEBCWITHEMGLWINSOCK\DEBUG JAVASCRIPT UNICODE\TEXTBOXCONTROL.SBR
C:\DEV\WEBC\WEBC\PROJECT\MSVC\WEBCWITHEMGLWINSOCK\DEBUG JAVASCRIPT UNICODE\TEXTEDITCONTROL.OBJ
C:\DEV\WEBC\WEBC\PROJECT\MSVC\WEBCWITHEMGLWINSOCK\DEBUG JAVASCRIPT UNICODE\TEXTEDITCONTROL.SBR
C:\DEV\WEBC\WEBC\PROJECT\MSVC\WEBCWITHEMGLWINSOCK\DEBUG JAVASCRIPT UNICODE\TEXTEXAMPLES.OBJ
C:\DEV\WEBC\WEBC\PROJECT\MSVC\WEBCWITHEMGLWINSOCK\DEBUG JAVASCRIPT UNICODE\TEXTEXAMPLES.SBR
C:\DEV\WEBC\WEBC\PROJECT\MSVC\WEBCWITHEMGLWINSOCK\DEBUG JAVASCRIPT UNICODE\TEXTOBJECT.OBJ
C:\DEV\WEBC\WEBC\PROJECT\MSVC\WEBCWITHEMGLWINSOCK\DEBUG JAVASCRIPT UNICODE\TEXTOBJECT.SBR
C:\DEV\WEBC\WEBC\PROJECT\MSVC\WEBCWITHEMGLWINSOCK\DEBUG JAVASCRIPT UNICODE\TREEOBJECT.OBJ
C:\DEV\WEBC\WEBC\PROJECT\MSVC\WEBCWITHEMGLWINSOCK\DEBUG JAVASCRIPT UNICODE\TREEOBJECT.SBR
C:\DEV\WEBC\WEBC\PROJECT\MSVC\WEBCWITHEMGLWINSOCK\DEBUG JAVASCRIPT UNICODE\VC100.PDB
C:\DEV\WEBC\WEBC\PROJECT\MSVC\WEBCWITHEMGLWINSOCK\DEBUG JAVASCRIPT UNICODE\VECTORGRAPHICS.OBJ
C:\DEV\WEBC\WEBC\PROJECT\MSVC\WEBCWITHEMGLWINSOCK\DEBUG JAVASCRIPT UNICODE\VECTORGRAPHICS.SBR
C:\DEV\WEBC\WEBC\PROJECT\MSVC\WEBCWITHEMGLWINSOCK\DEBUG JAVASCRIPT UNICODE\WEBCDEMO_GDIP.BSC
C:\DEV\WEBC\WEBC\PROJECT\MSVC\WEBCWITHEMGLWINSOCK\DEBUG JAVASCRIPT UNICODE\WEBCDEMO_GDIP.EXE
C:\DEV\WEBC\WEBC\PROJECT\MSVC\WEBCWITHEMGLWINSOCK\DEBUG JAVASCRIPT UNICODE\WEBCDEMO_GDIP.EXE.EMBED.MANIFEST
C:\DEV\WEBC\WEBC\PROJECT\MSVC\WEBCWITHEMGLWINSOCK\DEBUG JAVASCRIPT UNICODE\WEBCDEMO_GDIP.EXE.EMBED.MANIFEST.RES
C:\DEV\WEBC\WEBC\PROJECT\MSVC\WEBCWITHEMGLWINSOCK\DEBUG JAVASCRIPT UNICODE\WEBCDEMO_GDIP.EXE.INTERMEDIATE.MANIFEST
C:\DEV\WEBC\WEBC\PROJECT\MSVC\WEBCWITHEMGLWINSOCK\DEBUG JAVASCRIPT UNICODE\WEBCDEMO_GDIP.ILK
C:\DEV\WEBC\WEBC\PROJECT\MSVC\WEBCWITHEMGLWINSOCK\DEBUG JAVASCRIPT UNICODE\WEBCDEMO_GDIP.OBJ
C:\DEV\WEBC\WEBC\PROJECT\MSVC\WEBCWITHEMGLWINSOCK\DEBUG JAVASCRIPT UNICODE\WEBCDEMO_GDIP.PDB
C:\DEV\WEBC\WEBC\PROJECT\MSVC\WEBCWITHEMGLWINSOCK\DEBUG JAVASCRIPT UNICODE\WEBCDEMO_GDIP.RES
C:\DEV\WEBC\WEBC\PROJECT\MSVC\WEBCWITHEMGLWINSOCK\DEBUG JAVASCRIPT UNICODE\WEBCDEMO_GDIP.SBR
C:\DEV\WEBC\WEBC\PROJECT\MSVC\WEBCWITHEMGLWINSOCK\DEBUG JAVASCRIPT UNICODE\WEBCEMGLINIT.OBJ
C:\DEV\WEBC\WEBC\PROJECT\MSVC\WEBCWITHEMGLWINSOCK\DEBUG JAVASCRIPT UNICODE\WEBCEMGLINIT.SBR
C:\DEV\WEBC\WEBC\PROJECT\MSVC\WEBCWITHEMGLWINSOCK\DEBUG JAVASCRIPT UNICODE\WEBCFONTINTERFACE.OBJ
C:\DEV\WEBC\WEBC\PROJECT\MSVC\WEBCWITHEMGLWINSOCK\DEBUG JAVASCRIPT UNICODE\WEBCFONTINTERFACE.SBR
C:\DEV\WEBC\WEBC\PROJECT\MSVC\WEBCWITHEMGLWINSOCK\DEBUG JAVASCRIPT UNICODE\WEBCFONTTABLE.OBJ
C:\DEV\WEBC\WEBC\PROJECT\MSVC\WEBCWITHEMGLWINSOCK\DEBUG JAVASCRIPT UNICODE\WEBCFONTTABLE.SBR
C:\DEV\WEBC\WEBC\PROJECT\MSVC\WEBCWITHEMGLWINSOCK\DEBUG JAVASCRIPT UNICODE\WEBCGDIP.OBJ
C:\DEV\WEBC\WEBC\PROJECT\MSVC\WEBCWITHEMGLWINSOCK\DEBUG JAVASCRIPT UNICODE\WEBCGDIP.SBR
C:\DEV\WEBC\WEBC\PROJECT\MSVC\WEBCWITHEMGLWINSOCK\DEBUG JAVASCRIPT UNICODE\WEBCINTERFACE.OBJ
C:\DEV\WEBC\WEBC\PROJECT\MSVC\WEBCWITHEMGLWINSOCK\DEBUG JAVASCRIPT UNICODE\WEBCINTERFACE.SBR
C:\DEV\WEBC\WEBC\PROJECT\MSVC\WEBCWITHEMGLWINSOCK\DEBUG JAVASCRIPT UNICODE\WFGDIP.OBJ
C:\DEV\WEBC\WEBC\PROJECT\MSVC\WEBCWITHEMGLWINSOCK\DEBUG JAVASCRIPT UNICODE\WFGDIP.SBR
C:\DEV\WEBC\WEBC\PROJECT\MSVC\WEBCWITHEMGLWINSOCK\DEBUG JAVASCRIPT UNICODE\WINDOWEXAMPLE.OBJ
C:\DEV\WEBC\WEBC\PROJECT\MSVC\WEBCWITHEMGLWINSOCK\DEBUG JAVASCRIPT UNICODE\WINDOWEXAMPLE.SBR
C:\DEV\WEBC\WEBC\PROJECT\MSVC\WEBCWITHEMGLWINSOCK\DEBUG JAVASCRIPT UNICODE\WINDOWOBJECT.OBJ
C:\DEV\WEBC\WEBC\PROJECT\MSVC\WEBCWITHEMGLWINSOCK\DEBUG JAVASCRIPT UNICODE\WINDOWOBJECT.SBR
C:\DEV\WEBC\WEBC\PROJECT\MSVC\WEBCWITHEMGLWINSOCK\DEBUG JAVASCRIPT UNICODE\WINDOWSBITMAPCONFIG.OBJ
C:\DEV\WEBC\WEBC\PROJECT\MSVC\WEBCWITHEMGLWINSOCK\DEBUG JAVASCRIPT UNICODE\WINDOWSBITMAPCONFIG.SBR
C:\DEV\WEBC\WEBC\PROJECT\MSVC\WEBCWITHEMGLWINSOCK\DEBUG JAVASCRIPT UNICODE\WINDOWSBITMAPEVENTING.OBJ
C:\DEV\WEBC\WEBC\PROJECT\MSVC\WEBCWITHEMGLWINSOCK\DEBUG JAVASCRIPT UNICODE\WINDOWSBITMAPEVENTING.SBR
C:\DEV\WEBC\WEBC\PROJECT\MSVC\WEBCWITHEMGLWINSOCK\DEBUG JAVASCRIPT UNICODE\WINDOWSBITMAPFRAMEBUFFER.OBJ
C:\DEV\WEBC\WEBC\PROJECT\MSVC\WEBCWITHEMGLWINSOCK\DEBUG JAVASCRIPT UNICODE\WINDOWSBITMAPFRAMEBUFFER.SBR
C:\DEV\WEBC\WEBC\PROJECT\MSVC\WEBCWITHEMGLWINSOCK\DEBUG JAVASCRIPT UNICODE\XMLUTILITIES.OBJ
C:\DEV\WEBC\WEBC\PROJECT\MSVC\WEBCWITHEMGLWINSOCK\DEBUG JAVASCRIPT UNICODE\XMLUTILITIES.SBR
C:\PROGRAMDATA\BROWSERPROTECT\2.6.1125.80\{C16C1CCB-7046-4E5C-A2F3-533AD2FEC8E8}\BROWSERPROTECT.SETTINGS
C:\PROGRAMDATA\BROWSERPROTECT\2.6.1125.80\{C16C1CCB-7046-4E5C-A2F3-533AD2FEC8E8}\TRAKING_SETTINGS\00
C:\PROGRAMDATA\BROWSERPROTECT\2.6.1125.80\{C16C1CCB-7046-4E5C-A2F3-533AD2FEC8E8}\TRAKING_SETTINGS\01
C:\PROGRAMDATA\BROWSERPROTECT\2.6.1125.80\{C16C1CCB-7046-4E5C-A2F3-533AD2FEC8E8}\TRAKING_SETTINGS\02
C:\PROGRAMDATA\BROWSERPROTECT\2.6.1125.80\{C16C1CCB-7046-4E5C-A2F3-533AD2FEC8E8}\TRAKING_SETTINGS\03
C:\PROGRAMDATA\BROWSERPROTECT\2.6.1125.80\{C16C1CCB-7046-4E5C-A2F3-533AD2FEC8E8}\TRAKING_SETTINGS\10
C:\PROGRAMDATA\BROWSERPROTECT\2.6.1125.80\{C16C1CCB-7046-4E5C-A2F3-533AD2FEC8E8}\TRAKING_SETTINGS\11
C:\PROGRAMDATA\BROWSERPROTECT\2.6.1125.80\{C16C1CCB-7046-4E5C-A2F3-533AD2FEC8E8}\TRAKING_SETTINGS\12
C:\PROGRAMDATA\BROWSERPROTECT\2.6.1125.80\{C16C1CCB-7046-4E5C-A2F3-533AD2FEC8E8}\TRAKING_SETTINGS\13
C:\PROGRAMDATA\BROWSERPROTECT\2.6.1125.80\{C16C1CCB-7046-4E5C-A2F3-533AD2FEC8E8}\TRAKING_SETTINGS\20
C:\PROGRAMDATA\BROWSERPROTECT\2.6.1125.80\{C16C1CCB-7046-4E5C-A2F3-533AD2FEC8E8}\TRAKING_SETTINGS\21
C:\PROGRAMDATA\BROWSERPROTECT\2.6.1125.80\{C16C1CCB-7046-4E5C-A2F3-533AD2FEC8E8}\TRAKING_SETTINGS\22
C:\PROGRAMDATA\BROWSERPROTECT\2.6.1125.80\{C16C1CCB-7046-4E5C-A2F3-533AD2FEC8E8}\TRAKING_SETTINGS\23
Debug JavaScript Unicode\webcdemo_gdip.bsc
Debug JavaScript Unicode\webcdemo_gdip.ilk
Debug JavaScript Unicode\webcdemo_gdip.pdb
