Build started 4/12/2013 5:06:20 PM.
     1>Project "C:\dev\webc\WebC\project\msvc\WebCWithCpegWinSock\webcdemo_gdip.vcxproj" on node 3 (build target(s)).
     1>InitializeBuildStatus:
         Creating "Debug JavaScript Unicode\webcdemo_gdip.unsuccessfulbuild" because "AlwaysCreate" was specified.
       ClCompile:
         All outputs are up-to-date.
       ResourceCompile:
         All outputs are up-to-date.
       ManifestResourceCompile:
         All outputs are up-to-date.
       Link:
         C:\Program Files (x86)\Microsoft Visual Studio 10.0\VC\bin\link.exe /ERRORREPORT:PROMPT /OUT:"Debug JavaScript Unicode\webcdemo_gdip.exe" /INCREMENTAL /NOLOGO libcpmtd.lib libcmtd.lib ws2_32.lib gdiplus.lib ..\..\..\lib\openssl\openssl32.lib oldnames.lib "\cpeg-1.6.4-win-eval\build\win32\ms2005\cpeglib\Release\cpeglib.lib" kernel32.lib user32.lib gdi32.lib winspool.lib comdlg32.lib advapi32.lib shell32.lib ole32.lib oleaut32.lib uuid.lib odbc32.lib odbccp32.lib /NODEFAULTLIB /MANIFEST /ManifestFile:"Debug JavaScript Unicode\webcdemo_gdip.exe.intermediate.manifest" /MANIFESTUAC:"level='asInvoker' uiAccess='false'" /DEBUG /PDB:"Debug JavaScript Unicode\webcdemo_gdip.pdb" /ASSEMBLYDEBUG /SUBSYSTEM:WINDOWS /TLBID:1 /DYNAMICBASE:NO /IMPLIB:"Debug JavaScript Unicode\webcdemo_gdip.lib" /MACHINE:X86 "Debug JavaScript Unicode\webcdemo_gdip.res"
         "Debug JavaScript Unicode\webcdemo_gdip.exe.embed.manifest.res"
         "Debug JavaScript Unicode\attr.obj"
         "Debug JavaScript Unicode\document.obj"
         "Debug JavaScript Unicode\element.obj"
         "Debug JavaScript Unicode\ixml.obj"
         "Debug JavaScript Unicode\ixmlmembuf.obj"
         "Debug JavaScript Unicode\ixmlparser.obj"
         "Debug JavaScript Unicode\namedNodeMap.obj"
         "Debug JavaScript Unicode\node.obj"
         "Debug JavaScript Unicode\nodeList.obj"
         C:\dev\webc\WebC\project\msvc\fdlibm\fdlibm___Win32_Debug_JavaScript_Unicode\fdlibm.lib
         C:\dev\webc\WebC\project\msvc\libjpeg\libjpeg___Win32_Debug_JavaScript_Unicode\libjpeg.lib
         C:\dev\webc\WebC\project\msvc\libmng\libmng___Win32_Debug_JavaScript_Unicode\libmng.lib
         C:\dev\webc\WebC\project\msvc\libpng\libpng___Win32_Debug_JavaScript_Unicode\libpng.lib
         C:\dev\webc\WebC\project\msvc\mozjs\mozjs___Win32_Debug_JavaScript_Unicode\mozjs.lib
         C:\dev\webc\WebC\project\msvc\rtplatform_winsock\rtplatform_win32___Win32_Debug_JavaScript_Unicode\rtplatform_win32.lib
         C:\dev\webc\WebC\project\msvc\webc\webc___Win32_Debug_JavaScript_Unicode\webc.lib
         C:\dev\webc\WebC\project\msvc\zlib\zlib___Win32_Debug_JavaScript_Unicode\zlib.lib
         cpeglib.lib(w32peg.obj) : MSIL .netmodule or module compiled with /GL found; restarting link with /LTCG; add /LTCG to the link command line to improve linker performance
     1>LINK : warning LNK4075: ignoring '/INCREMENTAL' due to '/LTCG' specification
         Generating code
         Finished generating code
     1>cpeglib.lib(prect.obj) : warning LNK4049: locally defined symbol _malloc imported
     1>cpeglib.lib(prect.obj) : warning LNK4049: locally defined symbol _free imported
     1>cpeglib.lib(prect.obj) : warning LNK4049: locally defined symbol __wassert imported
     1>cpeglib.lib(ptxtthng.obj) : warning LNK4049: locally defined symbol _strncpy imported
     1>cpeglib.lib(w32peg.obj) : warning LNK4099: PDB 'vc80.pdb' was not found with 'cpeglib.lib(w32peg.obj)' or at 'C:\dev\webc\WebC\project\msvc\WebCWithCpegWinSock\Debug JavaScript Unicode\vc80.pdb'; linking object as if no debug info
     1>cpeglib.lib(prect.obj) : warning LNK4099: PDB 'vc80.pdb' was not found with 'cpeglib.lib(prect.obj)' or at 'C:\dev\webc\WebC\project\msvc\WebCWithCpegWinSock\Debug JavaScript Unicode\vc80.pdb'; linking object as if no debug info
     1>cpeglib.lib(ppresent.obj) : warning LNK4099: PDB 'vc80.pdb' was not found with 'cpeglib.lib(ppresent.obj)' or at 'C:\dev\webc\WebC\project\msvc\WebCWithCpegWinSock\Debug JavaScript Unicode\vc80.pdb'; linking object as if no debug info
     1>cpeglib.lib(pmessage.obj) : warning LNK4099: PDB 'vc80.pdb' was not found with 'cpeglib.lib(pmessage.obj)' or at 'C:\dev\webc\WebC\project\msvc\WebCWithCpegWinSock\Debug JavaScript Unicode\vc80.pdb'; linking object as if no debug info
     1>cpeglib.lib(w32scrn.obj) : warning LNK4099: PDB 'vc80.pdb' was not found with 'cpeglib.lib(w32scrn.obj)' or at 'C:\dev\webc\WebC\project\msvc\WebCWithCpegWinSock\Debug JavaScript Unicode\vc80.pdb'; linking object as if no debug info
     1>cpeglib.lib(ppoint.obj) : warning LNK4099: PDB 'vc80.pdb' was not found with 'cpeglib.lib(ppoint.obj)' or at 'C:\dev\webc\WebC\project\msvc\WebCWithCpegWinSock\Debug JavaScript Unicode\vc80.pdb'; linking object as if no debug info
     1>cpeglib.lib(pscreen.obj) : warning LNK4099: PDB 'vc80.pdb' was not found with 'cpeglib.lib(pscreen.obj)' or at 'C:\dev\webc\WebC\project\msvc\WebCWithCpegWinSock\Debug JavaScript Unicode\vc80.pdb'; linking object as if no debug info
     1>cpeglib.lib(pthing.obj) : warning LNK4099: PDB 'vc80.pdb' was not found with 'cpeglib.lib(pthing.obj)' or at 'C:\dev\webc\WebC\project\msvc\WebCWithCpegWinSock\Debug JavaScript Unicode\vc80.pdb'; linking object as if no debug info
     1>cpeglib.lib(ppanel.obj) : warning LNK4099: PDB 'vc80.pdb' was not found with 'cpeglib.lib(ppanel.obj)' or at 'C:\dev\webc\WebC\project\msvc\WebCWithCpegWinSock\Debug JavaScript Unicode\vc80.pdb'; linking object as if no debug info
     1>cpeglib.lib(l8scrn.obj) : warning LNK4099: PDB 'vc80.pdb' was not found with 'cpeglib.lib(l8scrn.obj)' or at 'C:\dev\webc\WebC\project\msvc\WebCWithCpegWinSock\Debug JavaScript Unicode\vc80.pdb'; linking object as if no debug info
     1>cpeglib.lib(pcapture.obj) : warning LNK4099: PDB 'vc80.pdb' was not found with 'cpeglib.lib(pcapture.obj)' or at 'C:\dev\webc\WebC\project\msvc\WebCWithCpegWinSock\Debug JavaScript Unicode\vc80.pdb'; linking object as if no debug info
     1>cpeglib.lib(pal256.obj) : warning LNK4099: PDB 'vc80.pdb' was not found with 'cpeglib.lib(pal256.obj)' or at 'C:\dev\webc\WebC\project\msvc\WebCWithCpegWinSock\Debug JavaScript Unicode\vc80.pdb'; linking object as if no debug info
     1>cpeglib.lib(psysmaps.obj) : warning LNK4099: PDB 'vc80.pdb' was not found with 'cpeglib.lib(psysmaps.obj)' or at 'C:\dev\webc\WebC\project\msvc\WebCWithCpegWinSock\Debug JavaScript Unicode\vc80.pdb'; linking object as if no debug info
     1>cpeglib.lib(psincos.obj) : warning LNK4099: PDB 'vc80.pdb' was not found with 'cpeglib.lib(psincos.obj)' or at 'C:\dev\webc\WebC\project\msvc\WebCWithCpegWinSock\Debug JavaScript Unicode\vc80.pdb'; linking object as if no debug info
     1>cpeglib.lib(ppedge.obj) : warning LNK4099: PDB 'vc80.pdb' was not found with 'cpeglib.lib(ppedge.obj)' or at 'C:\dev\webc\WebC\project\msvc\WebCWithCpegWinSock\Debug JavaScript Unicode\vc80.pdb'; linking object as if no debug info
     1>cpeglib.lib(pbrush.obj) : warning LNK4099: PDB 'vc80.pdb' was not found with 'cpeglib.lib(pbrush.obj)' or at 'C:\dev\webc\WebC\project\msvc\WebCWithCpegWinSock\Debug JavaScript Unicode\vc80.pdb'; linking object as if no debug info
     1>cpeglib.lib(ptxtthng.obj) : warning LNK4099: PDB 'vc80.pdb' was not found with 'cpeglib.lib(ptxtthng.obj)' or at 'C:\dev\webc\WebC\project\msvc\WebCWithCpegWinSock\Debug JavaScript Unicode\vc80.pdb'; linking object as if no debug info
     1>cpeglib.lib(pfonts.obj) : warning LNK4099: PDB 'vc80.pdb' was not found with 'cpeglib.lib(pfonts.obj)' or at 'C:\dev\webc\WebC\project\msvc\WebCWithCpegWinSock\Debug JavaScript Unicode\vc80.pdb'; linking object as if no debug info
     1>cpeglib.lib(scrntplt.obj) : warning LNK4099: PDB 'vc80.pdb' was not found with 'cpeglib.lib(scrntplt.obj)' or at 'C:\dev\webc\WebC\project\msvc\WebCWithCpegWinSock\Debug JavaScript Unicode\vc80.pdb'; linking object as if no debug info
     1>cpeglib.lib(pbldfont.obj) : warning LNK4099: PDB 'vc80.pdb' was not found with 'cpeglib.lib(pbldfont.obj)' or at 'C:\dev\webc\WebC\project\msvc\WebCWithCpegWinSock\Debug JavaScript Unicode\vc80.pdb'; linking object as if no debug info
     1>cpeglib.lib(pnmlfont.obj) : warning LNK4099: PDB 'vc80.pdb' was not found with 'cpeglib.lib(pnmlfont.obj)' or at 'C:\dev\webc\WebC\project\msvc\WebCWithCpegWinSock\Debug JavaScript Unicode\vc80.pdb'; linking object as if no debug info
     1>cpeglib.lib(pfpset.obj) : warning LNK4099: PDB 'vc80.pdb' was not found with 'cpeglib.lib(pfpset.obj)' or at 'C:\dev\webc\WebC\project\msvc\WebCWithCpegWinSock\Debug JavaScript Unicode\vc80.pdb'; linking object as if no debug info
       Manifest:
         C:\Program Files (x86)\Microsoft SDKs\Windows\v7.0A\bin\mt.exe /nologo /verbose /out:"Debug JavaScript Unicode\webcdemo_gdip.exe.embed.manifest" /manifest "Debug JavaScript Unicode\webcdemo_gdip.exe.intermediate.manifest"
         All outputs are up-to-date.
       LinkEmbedManifest:
         All outputs are up-to-date.
         webcdemo_gdip.vcxproj -> C:\dev\webc\WebC\project\msvc\WebCWithCpegWinSock\Debug JavaScript Unicode\webcdemo_gdip.exe
       BscMake:
         All outputs are up-to-date.
       FinalizeBuildStatus:
         Deleting file "Debug JavaScript Unicode\webcdemo_gdip.unsuccessfulbuild".
         Touching "Debug JavaScript Unicode\webcdemo_gdip.lastbuildstate".
     1>Done Building Project "C:\dev\webc\WebC\project\msvc\WebCWithCpegWinSock\webcdemo_gdip.vcxproj" (build target(s)).

Build succeeded.

Time Elapsed 00:00:03.30
