C:\dev\EMGLANDWEBC\webc\WebC\project\msvc\libpng\.\libpng___Win32_Debug_JavaScript_Unicode\libpng.lib
C:\dev\EMGLANDWEBC\webc\WebC\project\msvc\libpng\libpng___Win32_Debug_JavaScript_Unicode\cl.command.1.tlog
C:\dev\EMGLANDWEBC\webc\WebC\project\msvc\libpng\libpng___Win32_Debug_JavaScript_Unicode\CL.read.1.tlog
C:\dev\EMGLANDWEBC\webc\WebC\project\msvc\libpng\libpng___Win32_Debug_JavaScript_Unicode\CL.write.1.tlog
C:\dev\EMGLANDWEBC\webc\WebC\project\msvc\libpng\libpng___Win32_Debug_JavaScript_Unicode\lib.command.1.tlog
C:\dev\EMGLANDWEBC\webc\WebC\project\msvc\libpng\libpng___Win32_Debug_JavaScript_Unicode\Lib-link.read.1.tlog
C:\dev\EMGLANDWEBC\webc\WebC\project\msvc\libpng\libpng___Win32_Debug_JavaScript_Unicode\Lib-link.write.1.tlog
C:\dev\EMGLANDWEBC\webc\WebC\project\msvc\libpng\libpng___Win32_Debug_JavaScript_Unicode\libpng.write.1.tlog
C:\dev\EMGLANDWEBC\webc\WebC\project\msvc\libpng\libpng___Win32_Debug_JavaScript_Unicode\png.obj
C:\dev\EMGLANDWEBC\webc\WebC\project\msvc\libpng\libpng___Win32_Debug_JavaScript_Unicode\pngerror.obj
C:\dev\EMGLANDWEBC\webc\WebC\project\msvc\libpng\libpng___Win32_Debug_JavaScript_Unicode\pnggccrd.obj
C:\dev\EMGLANDWEBC\webc\WebC\project\msvc\libpng\libpng___Win32_Debug_JavaScript_Unicode\pngget.obj
C:\dev\EMGLANDWEBC\webc\WebC\project\msvc\libpng\libpng___Win32_Debug_JavaScript_Unicode\pngmem.obj
C:\dev\EMGLANDWEBC\webc\WebC\project\msvc\libpng\libpng___Win32_Debug_JavaScript_Unicode\pngpread.obj
C:\dev\EMGLANDWEBC\webc\WebC\project\msvc\libpng\libpng___Win32_Debug_JavaScript_Unicode\pngread.obj
C:\dev\EMGLANDWEBC\webc\WebC\project\msvc\libpng\libpng___Win32_Debug_JavaScript_Unicode\pngrio.obj
C:\dev\EMGLANDWEBC\webc\WebC\project\msvc\libpng\libpng___Win32_Debug_JavaScript_Unicode\pngrtran.obj
C:\dev\EMGLANDWEBC\webc\WebC\project\msvc\libpng\libpng___Win32_Debug_JavaScript_Unicode\pngrutil.obj
C:\dev\EMGLANDWEBC\webc\WebC\project\msvc\libpng\libpng___Win32_Debug_JavaScript_Unicode\pngset.obj
C:\dev\EMGLANDWEBC\webc\WebC\project\msvc\libpng\libpng___Win32_Debug_JavaScript_Unicode\pngtest.obj
C:\dev\EMGLANDWEBC\webc\WebC\project\msvc\libpng\libpng___Win32_Debug_JavaScript_Unicode\pngtrans.obj
C:\dev\EMGLANDWEBC\webc\WebC\project\msvc\libpng\libpng___Win32_Debug_JavaScript_Unicode\pngvcrd.obj
C:\dev\EMGLANDWEBC\webc\WebC\project\msvc\libpng\libpng___Win32_Debug_JavaScript_Unicode\pngwio.obj
C:\dev\EMGLANDWEBC\webc\WebC\project\msvc\libpng\libpng___Win32_Debug_JavaScript_Unicode\pngwrite.obj
C:\dev\EMGLANDWEBC\webc\WebC\project\msvc\libpng\libpng___Win32_Debug_JavaScript_Unicode\pngwtran.obj
C:\dev\EMGLANDWEBC\webc\WebC\project\msvc\libpng\libpng___Win32_Debug_JavaScript_Unicode\pngwutil.obj
C:\dev\EMGLANDWEBC\webc\WebC\project\msvc\libpng\libpng___Win32_Debug_JavaScript_Unicode\vc100.idb
C:\dev\EMGLANDWEBC\webc\WebC\project\msvc\libpng\libpng___Win32_Debug_JavaScript_Unicode\vc100.pdb
C:\DEV\WEBC\WEBC\PROJECT\MSVC\LIBPNG\LIBPNG___WIN32_DEBUG_JAVASCRIPT_UNICODE\LIBPNG.LIB
C:\DEV\WEBC\WEBC\PROJECT\MSVC\LIBPNG\LIBPNG___WIN32_DEBUG_JAVASCRIPT_UNICODE\PNG.OBJ
C:\DEV\WEBC\WEBC\PROJECT\MSVC\LIBPNG\LIBPNG___WIN32_DEBUG_JAVASCRIPT_UNICODE\PNGERROR.OBJ
C:\DEV\WEBC\WEBC\PROJECT\MSVC\LIBPNG\LIBPNG___WIN32_DEBUG_JAVASCRIPT_UNICODE\PNGGCCRD.OBJ
C:\DEV\WEBC\WEBC\PROJECT\MSVC\LIBPNG\LIBPNG___WIN32_DEBUG_JAVASCRIPT_UNICODE\PNGGET.OBJ
C:\DEV\WEBC\WEBC\PROJECT\MSVC\LIBPNG\LIBPNG___WIN32_DEBUG_JAVASCRIPT_UNICODE\PNGMEM.OBJ
C:\DEV\WEBC\WEBC\PROJECT\MSVC\LIBPNG\LIBPNG___WIN32_DEBUG_JAVASCRIPT_UNICODE\PNGPREAD.OBJ
C:\DEV\WEBC\WEBC\PROJECT\MSVC\LIBPNG\LIBPNG___WIN32_DEBUG_JAVASCRIPT_UNICODE\PNGREAD.OBJ
C:\DEV\WEBC\WEBC\PROJECT\MSVC\LIBPNG\LIBPNG___WIN32_DEBUG_JAVASCRIPT_UNICODE\PNGRIO.OBJ
C:\DEV\WEBC\WEBC\PROJECT\MSVC\LIBPNG\LIBPNG___WIN32_DEBUG_JAVASCRIPT_UNICODE\PNGRTRAN.OBJ
C:\DEV\WEBC\WEBC\PROJECT\MSVC\LIBPNG\LIBPNG___WIN32_DEBUG_JAVASCRIPT_UNICODE\PNGRUTIL.OBJ
C:\DEV\WEBC\WEBC\PROJECT\MSVC\LIBPNG\LIBPNG___WIN32_DEBUG_JAVASCRIPT_UNICODE\PNGSET.OBJ
C:\DEV\WEBC\WEBC\PROJECT\MSVC\LIBPNG\LIBPNG___WIN32_DEBUG_JAVASCRIPT_UNICODE\PNGTEST.OBJ
C:\DEV\WEBC\WEBC\PROJECT\MSVC\LIBPNG\LIBPNG___WIN32_DEBUG_JAVASCRIPT_UNICODE\PNGTRANS.OBJ
C:\DEV\WEBC\WEBC\PROJECT\MSVC\LIBPNG\LIBPNG___WIN32_DEBUG_JAVASCRIPT_UNICODE\PNGVCRD.OBJ
C:\DEV\WEBC\WEBC\PROJECT\MSVC\LIBPNG\LIBPNG___WIN32_DEBUG_JAVASCRIPT_UNICODE\PNGWIO.OBJ
C:\DEV\WEBC\WEBC\PROJECT\MSVC\LIBPNG\LIBPNG___WIN32_DEBUG_JAVASCRIPT_UNICODE\PNGWRITE.OBJ
C:\DEV\WEBC\WEBC\PROJECT\MSVC\LIBPNG\LIBPNG___WIN32_DEBUG_JAVASCRIPT_UNICODE\PNGWTRAN.OBJ
C:\DEV\WEBC\WEBC\PROJECT\MSVC\LIBPNG\LIBPNG___WIN32_DEBUG_JAVASCRIPT_UNICODE\PNGWUTIL.OBJ
C:\DEV\WEBC\WEBC\PROJECT\MSVC\LIBPNG\LIBPNG___WIN32_DEBUG_JAVASCRIPT_UNICODE\VC100.PDB
