C:\DEV\WEBC\WEBC\PROJECT\MSVC\WEBCWITHEMGLRTIP\DEBUG JAVASCRIPT UNICODE\ARIALBOLD10B0020E007E.OBJ
C:\DEV\WEBC\WEBC\PROJECT\MSVC\WEBCWITHEMGLRTIP\DEBUG JAVASCRIPT UNICODE\ARIALBOLD10B0020E007E.SBR
C:\DEV\WEBC\WEBC\PROJECT\MSVC\WEBCWITHEMGLRTIP\DEBUG JAVASCRIPT UNICODE\ARIALBOLD14B0020E007E.OBJ
C:\DEV\WEBC\WEBC\PROJECT\MSVC\WEBCWITHEMGLRTIP\DEBUG JAVASCRIPT UNICODE\ARIALBOLD14B0020E007E.SBR
C:\DEV\WEBC\WEBC\PROJECT\MSVC\WEBCWITHEMGLRTIP\DEBUG JAVASCRIPT UNICODE\ARIALBOLD20B0020E007E.OBJ
C:\DEV\WEBC\WEBC\PROJECT\MSVC\WEBCWITHEMGLRTIP\DEBUG JAVASCRIPT UNICODE\ARIALBOLD20B0020E007E.SBR
C:\DEV\WEBC\WEBC\PROJECT\MSVC\WEBCWITHEMGLRTIP\DEBUG JAVASCRIPT UNICODE\ARIALBOLD6B0020E007E.OBJ
C:\DEV\WEBC\WEBC\PROJECT\MSVC\WEBCWITHEMGLRTIP\DEBUG JAVASCRIPT UNICODE\ARIALBOLD6B0020E007E.SBR
C:\DEV\WEBC\WEBC\PROJECT\MSVC\WEBCWITHEMGLRTIP\DEBUG JAVASCRIPT UNICODE\ARIALBOLD9B0020E007E.OBJ
C:\DEV\WEBC\WEBC\PROJECT\MSVC\WEBCWITHEMGLRTIP\DEBUG JAVASCRIPT UNICODE\ARIALBOLD9B0020E007E.SBR
C:\DEV\WEBC\WEBC\PROJECT\MSVC\WEBCWITHEMGLRTIP\DEBUG JAVASCRIPT UNICODE\ARIALITALIC10B0020E007E.OBJ
C:\DEV\WEBC\WEBC\PROJECT\MSVC\WEBCWITHEMGLRTIP\DEBUG JAVASCRIPT UNICODE\ARIALITALIC10B0020E007E.SBR
C:\DEV\WEBC\WEBC\PROJECT\MSVC\WEBCWITHEMGLRTIP\DEBUG JAVASCRIPT UNICODE\ARIALITALIC6B0020E007E.OBJ
C:\DEV\WEBC\WEBC\PROJECT\MSVC\WEBCWITHEMGLRTIP\DEBUG JAVASCRIPT UNICODE\ARIALITALIC6B0020E007E.SBR
C:\DEV\WEBC\WEBC\PROJECT\MSVC\WEBCWITHEMGLRTIP\DEBUG JAVASCRIPT UNICODE\ARIALITALIC9B0020E007E.OBJ
C:\DEV\WEBC\WEBC\PROJECT\MSVC\WEBCWITHEMGLRTIP\DEBUG JAVASCRIPT UNICODE\ARIALITALIC9B0020E007E.SBR
C:\DEV\WEBC\WEBC\PROJECT\MSVC\WEBCWITHEMGLRTIP\DEBUG JAVASCRIPT UNICODE\ARIALREGULAR10B0020E007E.OBJ
C:\DEV\WEBC\WEBC\PROJECT\MSVC\WEBCWITHEMGLRTIP\DEBUG JAVASCRIPT UNICODE\ARIALREGULAR10B0020E007E.SBR
C:\DEV\WEBC\WEBC\PROJECT\MSVC\WEBCWITHEMGLRTIP\DEBUG JAVASCRIPT UNICODE\ARIALREGULAR14B0020E007E.OBJ
C:\DEV\WEBC\WEBC\PROJECT\MSVC\WEBCWITHEMGLRTIP\DEBUG JAVASCRIPT UNICODE\ARIALREGULAR14B0020E007E.SBR
C:\DEV\WEBC\WEBC\PROJECT\MSVC\WEBCWITHEMGLRTIP\DEBUG JAVASCRIPT UNICODE\ARIALREGULAR20B0020E007E.OBJ
C:\DEV\WEBC\WEBC\PROJECT\MSVC\WEBCWITHEMGLRTIP\DEBUG JAVASCRIPT UNICODE\ARIALREGULAR20B0020E007E.SBR
C:\DEV\WEBC\WEBC\PROJECT\MSVC\WEBCWITHEMGLRTIP\DEBUG JAVASCRIPT UNICODE\ARIALREGULAR6B0020E007E.OBJ
C:\DEV\WEBC\WEBC\PROJECT\MSVC\WEBCWITHEMGLRTIP\DEBUG JAVASCRIPT UNICODE\ARIALREGULAR6B0020E007E.SBR
C:\DEV\WEBC\WEBC\PROJECT\MSVC\WEBCWITHEMGLRTIP\DEBUG JAVASCRIPT UNICODE\ARIALREGULAR9B0020E007E.OBJ
C:\DEV\WEBC\WEBC\PROJECT\MSVC\WEBCWITHEMGLRTIP\DEBUG JAVASCRIPT UNICODE\ARIALREGULAR9B0020E007E.SBR
C:\DEV\WEBC\WEBC\PROJECT\MSVC\WEBCWITHEMGLRTIP\DEBUG JAVASCRIPT UNICODE\ARP.OBJ
C:\DEV\WEBC\WEBC\PROJECT\MSVC\WEBCWITHEMGLRTIP\DEBUG JAVASCRIPT UNICODE\ARP.SBR
C:\DEV\WEBC\WEBC\PROJECT\MSVC\WEBCWITHEMGLRTIP\DEBUG JAVASCRIPT UNICODE\ARPDB.OBJ
C:\DEV\WEBC\WEBC\PROJECT\MSVC\WEBCWITHEMGLRTIP\DEBUG JAVASCRIPT UNICODE\ARPDB.SBR
C:\DEV\WEBC\WEBC\PROJECT\MSVC\WEBCWITHEMGLRTIP\DEBUG JAVASCRIPT UNICODE\ATTR.OBJ
C:\DEV\WEBC\WEBC\PROJECT\MSVC\WEBCWITHEMGLRTIP\DEBUG JAVASCRIPT UNICODE\ATTR.SBR
C:\DEV\WEBC\WEBC\PROJECT\MSVC\WEBCWITHEMGLRTIP\DEBUG JAVASCRIPT UNICODE\AVLTREE.OBJ
C:\DEV\WEBC\WEBC\PROJECT\MSVC\WEBCWITHEMGLRTIP\DEBUG JAVASCRIPT UNICODE\AVLTREE.SBR
C:\DEV\WEBC\WEBC\PROJECT\MSVC\WEBCWITHEMGLRTIP\DEBUG JAVASCRIPT UNICODE\BASE64.OBJ
C:\DEV\WEBC\WEBC\PROJECT\MSVC\WEBCWITHEMGLRTIP\DEBUG JAVASCRIPT UNICODE\BASE64.SBR
C:\DEV\WEBC\WEBC\PROJECT\MSVC\WEBCWITHEMGLRTIP\DEBUG JAVASCRIPT UNICODE\BASICDIALOG.OBJ
C:\DEV\WEBC\WEBC\PROJECT\MSVC\WEBCWITHEMGLRTIP\DEBUG JAVASCRIPT UNICODE\BASICDIALOG.SBR
C:\DEV\WEBC\WEBC\PROJECT\MSVC\WEBCWITHEMGLRTIP\DEBUG JAVASCRIPT UNICODE\BMPDECODE.OBJ
C:\DEV\WEBC\WEBC\PROJECT\MSVC\WEBCWITHEMGLRTIP\DEBUG JAVASCRIPT UNICODE\BMPDECODE.SBR
C:\DEV\WEBC\WEBC\PROJECT\MSVC\WEBCWITHEMGLRTIP\DEBUG JAVASCRIPT UNICODE\BMPLOAD.OBJ
C:\DEV\WEBC\WEBC\PROJECT\MSVC\WEBCWITHEMGLRTIP\DEBUG JAVASCRIPT UNICODE\BMPLOAD.SBR
C:\DEV\WEBC\WEBC\PROJECT\MSVC\WEBCWITHEMGLRTIP\DEBUG JAVASCRIPT UNICODE\BOOTP.OBJ
C:\DEV\WEBC\WEBC\PROJECT\MSVC\WEBCWITHEMGLRTIP\DEBUG JAVASCRIPT UNICODE\BOOTP.SBR
C:\dev\webc\WebC\project\msvc\WebCWithEmglRtip\Debug JavaScript Unicode\BscMake.command.1.tlog
C:\dev\webc\WebC\project\msvc\WebCWithEmglRtip\Debug JavaScript Unicode\bscmake.read.1.tlog
C:\dev\webc\WebC\project\msvc\WebCWithEmglRtip\Debug JavaScript Unicode\bscmake.write.1.tlog
C:\DEV\WEBC\WEBC\PROJECT\MSVC\WEBCWITHEMGLRTIP\DEBUG JAVASCRIPT UNICODE\BUTTONCONTROL.OBJ
C:\DEV\WEBC\WEBC\PROJECT\MSVC\WEBCWITHEMGLRTIP\DEBUG JAVASCRIPT UNICODE\BUTTONCONTROL.SBR
C:\DEV\WEBC\WEBC\PROJECT\MSVC\WEBCWITHEMGLRTIP\DEBUG JAVASCRIPT UNICODE\BUTTONEXAMPLE.OBJ
C:\DEV\WEBC\WEBC\PROJECT\MSVC\WEBCWITHEMGLRTIP\DEBUG JAVASCRIPT UNICODE\BUTTONEXAMPLE.SBR
C:\DEV\WEBC\WEBC\PROJECT\MSVC\WEBCWITHEMGLRTIP\DEBUG JAVASCRIPT UNICODE\CALLBACK.OBJ
C:\DEV\WEBC\WEBC\PROJECT\MSVC\WEBCWITHEMGLRTIP\DEBUG JAVASCRIPT UNICODE\CALLBACK.SBR
C:\DEV\WEBC\WEBC\PROJECT\MSVC\WEBCWITHEMGLRTIP\DEBUG JAVASCRIPT UNICODE\CHECKBOXOBJECT.OBJ
C:\DEV\WEBC\WEBC\PROJECT\MSVC\WEBCWITHEMGLRTIP\DEBUG JAVASCRIPT UNICODE\CHECKBOXOBJECT.SBR
C:\DEV\WEBC\WEBC\PROJECT\MSVC\WEBCWITHEMGLRTIP\DEBUG JAVASCRIPT UNICODE\CHECKSUM.OBJ
C:\DEV\WEBC\WEBC\PROJECT\MSVC\WEBCWITHEMGLRTIP\DEBUG JAVASCRIPT UNICODE\CHECKSUM.SBR
C:\dev\webc\WebC\project\msvc\WebCWithEmglRtip\Debug JavaScript Unicode\cl.command.1.tlog
C:\dev\webc\WebC\project\msvc\WebCWithEmglRtip\Debug JavaScript Unicode\CL.read.1.tlog
C:\dev\webc\WebC\project\msvc\WebCWithEmglRtip\Debug JavaScript Unicode\CL.write.1.tlog
C:\DEV\WEBC\WEBC\PROJECT\MSVC\WEBCWITHEMGLRTIP\DEBUG JAVASCRIPT UNICODE\CLOCK2.OBJ
C:\DEV\WEBC\WEBC\PROJECT\MSVC\WEBCWITHEMGLRTIP\DEBUG JAVASCRIPT UNICODE\CLOCK2.SBR
C:\DEV\WEBC\WEBC\PROJECT\MSVC\WEBCWITHEMGLRTIP\DEBUG JAVASCRIPT UNICODE\CLOCK2CL.OBJ
C:\DEV\WEBC\WEBC\PROJECT\MSVC\WEBCWITHEMGLRTIP\DEBUG JAVASCRIPT UNICODE\CLOCK2CL.SBR
C:\DEV\WEBC\WEBC\PROJECT\MSVC\WEBCWITHEMGLRTIP\DEBUG JAVASCRIPT UNICODE\CODEGEN.OBJ
C:\DEV\WEBC\WEBC\PROJECT\MSVC\WEBCWITHEMGLRTIP\DEBUG JAVASCRIPT UNICODE\CODEGEN.SBR
C:\DEV\WEBC\WEBC\PROJECT\MSVC\WEBCWITHEMGLRTIP\DEBUG JAVASCRIPT UNICODE\CONFDATA.OBJ
C:\DEV\WEBC\WEBC\PROJECT\MSVC\WEBCWITHEMGLRTIP\DEBUG JAVASCRIPT UNICODE\CONFDATA.SBR
C:\DEV\WEBC\WEBC\PROJECT\MSVC\WEBCWITHEMGLRTIP\DEBUG JAVASCRIPT UNICODE\CONSOLEOBJECT.OBJ
C:\DEV\WEBC\WEBC\PROJECT\MSVC\WEBCWITHEMGLRTIP\DEBUG JAVASCRIPT UNICODE\CONSOLEOBJECT.SBR
C:\DEV\WEBC\WEBC\PROJECT\MSVC\WEBCWITHEMGLRTIP\DEBUG JAVASCRIPT UNICODE\COURIERBOLD10B0020E007E.OBJ
C:\DEV\WEBC\WEBC\PROJECT\MSVC\WEBCWITHEMGLRTIP\DEBUG JAVASCRIPT UNICODE\COURIERBOLD10B0020E007E.SBR
C:\DEV\WEBC\WEBC\PROJECT\MSVC\WEBCWITHEMGLRTIP\DEBUG JAVASCRIPT UNICODE\COURIERBOLD14B0020E007E.OBJ
C:\DEV\WEBC\WEBC\PROJECT\MSVC\WEBCWITHEMGLRTIP\DEBUG JAVASCRIPT UNICODE\COURIERBOLD14B0020E007E.SBR
C:\DEV\WEBC\WEBC\PROJECT\MSVC\WEBCWITHEMGLRTIP\DEBUG JAVASCRIPT UNICODE\COURIERBOLD20B0020E007E.OBJ
C:\DEV\WEBC\WEBC\PROJECT\MSVC\WEBCWITHEMGLRTIP\DEBUG JAVASCRIPT UNICODE\COURIERBOLD20B0020E007E.SBR
C:\DEV\WEBC\WEBC\PROJECT\MSVC\WEBCWITHEMGLRTIP\DEBUG JAVASCRIPT UNICODE\COURIERREGULAR10B0020E007E.OBJ
C:\DEV\WEBC\WEBC\PROJECT\MSVC\WEBCWITHEMGLRTIP\DEBUG JAVASCRIPT UNICODE\COURIERREGULAR10B0020E007E.SBR
C:\DEV\WEBC\WEBC\PROJECT\MSVC\WEBCWITHEMGLRTIP\DEBUG JAVASCRIPT UNICODE\COURIERREGULAR14B0020E007E.OBJ
C:\DEV\WEBC\WEBC\PROJECT\MSVC\WEBCWITHEMGLRTIP\DEBUG JAVASCRIPT UNICODE\COURIERREGULAR14B0020E007E.SBR
C:\DEV\WEBC\WEBC\PROJECT\MSVC\WEBCWITHEMGLRTIP\DEBUG JAVASCRIPT UNICODE\COURIERREGULAR20B0020E007E.OBJ
C:\DEV\WEBC\WEBC\PROJECT\MSVC\WEBCWITHEMGLRTIP\DEBUG JAVASCRIPT UNICODE\COURIERREGULAR20B0020E007E.SBR
C:\DEV\WEBC\WEBC\PROJECT\MSVC\WEBCWITHEMGLRTIP\DEBUG JAVASCRIPT UNICODE\DCU.OBJ
C:\DEV\WEBC\WEBC\PROJECT\MSVC\WEBCWITHEMGLRTIP\DEBUG JAVASCRIPT UNICODE\DCU.SBR
C:\DEV\WEBC\WEBC\PROJECT\MSVC\WEBCWITHEMGLRTIP\DEBUG JAVASCRIPT UNICODE\DEBUG.OBJ
C:\DEV\WEBC\WEBC\PROJECT\MSVC\WEBCWITHEMGLRTIP\DEBUG JAVASCRIPT UNICODE\DEBUG.SBR
C:\DEV\WEBC\WEBC\PROJECT\MSVC\WEBCWITHEMGLRTIP\DEBUG JAVASCRIPT UNICODE\DEFCB.OBJ
C:\DEV\WEBC\WEBC\PROJECT\MSVC\WEBCWITHEMGLRTIP\DEBUG JAVASCRIPT UNICODE\DEFCB.SBR
C:\DEV\WEBC\WEBC\PROJECT\MSVC\WEBCWITHEMGLRTIP\DEBUG JAVASCRIPT UNICODE\DISK.OBJ
C:\DEV\WEBC\WEBC\PROJECT\MSVC\WEBCWITHEMGLRTIP\DEBUG JAVASCRIPT UNICODE\DISK.SBR
C:\DEV\WEBC\WEBC\PROJECT\MSVC\WEBCWITHEMGLRTIP\DEBUG JAVASCRIPT UNICODE\DISPLAYOBJECT.OBJ
C:\DEV\WEBC\WEBC\PROJECT\MSVC\WEBCWITHEMGLRTIP\DEBUG JAVASCRIPT UNICODE\DISPLAYOBJECT.SBR
C:\DEV\WEBC\WEBC\PROJECT\MSVC\WEBCWITHEMGLRTIP\DEBUG JAVASCRIPT UNICODE\DISPLAYOBJECTGRAPHOBJ.OBJ
C:\DEV\WEBC\WEBC\PROJECT\MSVC\WEBCWITHEMGLRTIP\DEBUG JAVASCRIPT UNICODE\DISPLAYOBJECTGRAPHOBJ.SBR
C:\DEV\WEBC\WEBC\PROJECT\MSVC\WEBCWITHEMGLRTIP\DEBUG JAVASCRIPT UNICODE\DIVOBJECT.OBJ
C:\DEV\WEBC\WEBC\PROJECT\MSVC\WEBCWITHEMGLRTIP\DEBUG JAVASCRIPT UNICODE\DIVOBJECT.SBR
C:\DEV\WEBC\WEBC\PROJECT\MSVC\WEBCWITHEMGLRTIP\DEBUG JAVASCRIPT UNICODE\DNS.OBJ
C:\DEV\WEBC\WEBC\PROJECT\MSVC\WEBCWITHEMGLRTIP\DEBUG JAVASCRIPT UNICODE\DNS.SBR
C:\DEV\WEBC\WEBC\PROJECT\MSVC\WEBCWITHEMGLRTIP\DEBUG JAVASCRIPT UNICODE\DOCUMENT.OBJ
C:\DEV\WEBC\WEBC\PROJECT\MSVC\WEBCWITHEMGLRTIP\DEBUG JAVASCRIPT UNICODE\DOCUMENT.SBR
C:\DEV\WEBC\WEBC\PROJECT\MSVC\WEBCWITHEMGLRTIP\DEBUG JAVASCRIPT UNICODE\EGBFBGRADIENTS.OBJ
C:\DEV\WEBC\WEBC\PROJECT\MSVC\WEBCWITHEMGLRTIP\DEBUG JAVASCRIPT UNICODE\EGBFBGRADIENTS.SBR
C:\DEV\WEBC\WEBC\PROJECT\MSVC\WEBCWITHEMGLRTIP\DEBUG JAVASCRIPT UNICODE\EGBFBMAIN.OBJ
C:\DEV\WEBC\WEBC\PROJECT\MSVC\WEBCWITHEMGLRTIP\DEBUG JAVASCRIPT UNICODE\EGBFBMAIN.SBR
C:\DEV\WEBC\WEBC\PROJECT\MSVC\WEBCWITHEMGLRTIP\DEBUG JAVASCRIPT UNICODE\EGBFFONTS.OBJ
C:\DEV\WEBC\WEBC\PROJECT\MSVC\WEBCWITHEMGLRTIP\DEBUG JAVASCRIPT UNICODE\EGBFFONTS.SBR
C:\DEV\WEBC\WEBC\PROJECT\MSVC\WEBCWITHEMGLRTIP\DEBUG JAVASCRIPT UNICODE\EGBLGRAPHNAMETOCOLOR.OBJ
C:\DEV\WEBC\WEBC\PROJECT\MSVC\WEBCWITHEMGLRTIP\DEBUG JAVASCRIPT UNICODE\EGBLGRAPHNAMETOCOLOR.SBR
C:\DEV\WEBC\WEBC\PROJECT\MSVC\WEBCWITHEMGLRTIP\DEBUG JAVASCRIPT UNICODE\EGBLINEGRAPHICS.OBJ
C:\DEV\WEBC\WEBC\PROJECT\MSVC\WEBCWITHEMGLRTIP\DEBUG JAVASCRIPT UNICODE\EGBLINEGRAPHICS.SBR
C:\DEV\WEBC\WEBC\PROJECT\MSVC\WEBCWITHEMGLRTIP\DEBUG JAVASCRIPT UNICODE\EGBLINEGRAPHICSPLUSPLUS.OBJ
C:\DEV\WEBC\WEBC\PROJECT\MSVC\WEBCWITHEMGLRTIP\DEBUG JAVASCRIPT UNICODE\EGBLINEGRAPHICSPLUSPLUS.SBR
C:\DEV\WEBC\WEBC\PROJECT\MSVC\WEBCWITHEMGLRTIP\DEBUG JAVASCRIPT UNICODE\EGFBOPTIMIZATIONS.OBJ
C:\DEV\WEBC\WEBC\PROJECT\MSVC\WEBCWITHEMGLRTIP\DEBUG JAVASCRIPT UNICODE\EGFBOPTIMIZATIONS.SBR
C:\DEV\WEBC\WEBC\PROJECT\MSVC\WEBCWITHEMGLRTIP\DEBUG JAVASCRIPT UNICODE\EGLLOGO.OBJ
C:\DEV\WEBC\WEBC\PROJECT\MSVC\WEBCWITHEMGLRTIP\DEBUG JAVASCRIPT UNICODE\EGLLOGO.SBR
C:\DEV\WEBC\WEBC\PROJECT\MSVC\WEBCWITHEMGLRTIP\DEBUG JAVASCRIPT UNICODE\EGLSTYLESHEETS.OBJ
C:\DEV\WEBC\WEBC\PROJECT\MSVC\WEBCWITHEMGLRTIP\DEBUG JAVASCRIPT UNICODE\EGLSTYLESHEETS.SBR
C:\DEV\WEBC\WEBC\PROJECT\MSVC\WEBCWITHEMGLRTIP\DEBUG JAVASCRIPT UNICODE\ELEMENT.OBJ
C:\DEV\WEBC\WEBC\PROJECT\MSVC\WEBCWITHEMGLRTIP\DEBUG JAVASCRIPT UNICODE\ELEMENT.SBR
C:\DEV\WEBC\WEBC\PROJECT\MSVC\WEBCWITHEMGLRTIP\DEBUG JAVASCRIPT UNICODE\EXAMPLECALC.OBJ
C:\DEV\WEBC\WEBC\PROJECT\MSVC\WEBCWITHEMGLRTIP\DEBUG JAVASCRIPT UNICODE\EXAMPLECALC.SBR
C:\DEV\WEBC\WEBC\PROJECT\MSVC\WEBCWITHEMGLRTIP\DEBUG JAVASCRIPT UNICODE\EXAMPLEDESIGNER.OBJ
C:\DEV\WEBC\WEBC\PROJECT\MSVC\WEBCWITHEMGLRTIP\DEBUG JAVASCRIPT UNICODE\EXAMPLEDESIGNER.SBR
C:\DEV\WEBC\WEBC\PROJECT\MSVC\WEBCWITHEMGLRTIP\DEBUG JAVASCRIPT UNICODE\EXAMPLEDIAGS.OBJ
C:\DEV\WEBC\WEBC\PROJECT\MSVC\WEBCWITHEMGLRTIP\DEBUG JAVASCRIPT UNICODE\EXAMPLEDIAGS.SBR
C:\DEV\WEBC\WEBC\PROJECT\MSVC\WEBCWITHEMGLRTIP\DEBUG JAVASCRIPT UNICODE\EXAMPLEFRAMEWORK.OBJ
C:\DEV\WEBC\WEBC\PROJECT\MSVC\WEBCWITHEMGLRTIP\DEBUG JAVASCRIPT UNICODE\EXAMPLEFRAMEWORK.SBR
C:\DEV\WEBC\WEBC\PROJECT\MSVC\WEBCWITHEMGLRTIP\DEBUG JAVASCRIPT UNICODE\EXAMPLEGRAPHICS.OBJ
C:\DEV\WEBC\WEBC\PROJECT\MSVC\WEBCWITHEMGLRTIP\DEBUG JAVASCRIPT UNICODE\EXAMPLEGRAPHICS.SBR
C:\DEV\WEBC\WEBC\PROJECT\MSVC\WEBCWITHEMGLRTIP\DEBUG JAVASCRIPT UNICODE\EXAMPLES.OBJ
C:\DEV\WEBC\WEBC\PROJECT\MSVC\WEBCWITHEMGLRTIP\DEBUG JAVASCRIPT UNICODE\EXAMPLES.SBR
C:\DEV\WEBC\WEBC\PROJECT\MSVC\WEBCWITHEMGLRTIP\DEBUG JAVASCRIPT UNICODE\EXAMPLESDISPLAYMANAGER.OBJ
C:\DEV\WEBC\WEBC\PROJECT\MSVC\WEBCWITHEMGLRTIP\DEBUG JAVASCRIPT UNICODE\EXAMPLESDISPLAYMANAGER.SBR
C:\DEV\WEBC\WEBC\PROJECT\MSVC\WEBCWITHEMGLRTIP\DEBUG JAVASCRIPT UNICODE\EXAMPLESGRAPHOBJ.OBJ
C:\DEV\WEBC\WEBC\PROJECT\MSVC\WEBCWITHEMGLRTIP\DEBUG JAVASCRIPT UNICODE\EXAMPLESGRAPHOBJ.SBR
C:\DEV\WEBC\WEBC\PROJECT\MSVC\WEBCWITHEMGLRTIP\DEBUG JAVASCRIPT UNICODE\EXAMPLESUTILITIES.OBJ
C:\DEV\WEBC\WEBC\PROJECT\MSVC\WEBCWITHEMGLRTIP\DEBUG JAVASCRIPT UNICODE\EXAMPLESUTILITIES.SBR
C:\DEV\WEBC\WEBC\PROJECT\MSVC\WEBCWITHEMGLRTIP\DEBUG JAVASCRIPT UNICODE\EXCHANGE.OBJ
C:\DEV\WEBC\WEBC\PROJECT\MSVC\WEBCWITHEMGLRTIP\DEBUG JAVASCRIPT UNICODE\EXCHANGE.SBR
C:\DEV\WEBC\WEBC\PROJECT\MSVC\WEBCWITHEMGLRTIP\DEBUG JAVASCRIPT UNICODE\FBBITMAPS.OBJ
C:\DEV\WEBC\WEBC\PROJECT\MSVC\WEBCWITHEMGLRTIP\DEBUG JAVASCRIPT UNICODE\FBBITMAPS.SBR
C:\DEV\WEBC\WEBC\PROJECT\MSVC\WEBCWITHEMGLRTIP\DEBUG JAVASCRIPT UNICODE\FILESTREAM.OBJ
C:\DEV\WEBC\WEBC\PROJECT\MSVC\WEBCWITHEMGLRTIP\DEBUG JAVASCRIPT UNICODE\FILESTREAM.SBR
C:\DEV\WEBC\WEBC\PROJECT\MSVC\WEBCWITHEMGLRTIP\DEBUG JAVASCRIPT UNICODE\FRAG.OBJ
C:\DEV\WEBC\WEBC\PROJECT\MSVC\WEBCWITHEMGLRTIP\DEBUG JAVASCRIPT UNICODE\FRAG.SBR
C:\DEV\WEBC\WEBC\PROJECT\MSVC\WEBCWITHEMGLRTIP\DEBUG JAVASCRIPT UNICODE\FRAME.OBJ
C:\DEV\WEBC\WEBC\PROJECT\MSVC\WEBCWITHEMGLRTIP\DEBUG JAVASCRIPT UNICODE\FRAME.SBR
C:\DEV\WEBC\WEBC\PROJECT\MSVC\WEBCWITHEMGLRTIP\DEBUG JAVASCRIPT UNICODE\FRAMED.OBJ
C:\DEV\WEBC\WEBC\PROJECT\MSVC\WEBCWITHEMGLRTIP\DEBUG JAVASCRIPT UNICODE\FRAMED.SBR
C:\DEV\WEBC\WEBC\PROJECT\MSVC\WEBCWITHEMGLRTIP\DEBUG JAVASCRIPT UNICODE\FRDEMO.OBJ
C:\DEV\WEBC\WEBC\PROJECT\MSVC\WEBCWITHEMGLRTIP\DEBUG JAVASCRIPT UNICODE\FRDEMO.SBR
C:\DEV\WEBC\WEBC\PROJECT\MSVC\WEBCWITHEMGLRTIP\DEBUG JAVASCRIPT UNICODE\FRDEMO2.OBJ
C:\DEV\WEBC\WEBC\PROJECT\MSVC\WEBCWITHEMGLRTIP\DEBUG JAVASCRIPT UNICODE\FRDEMO2.SBR
C:\DEV\WEBC\WEBC\PROJECT\MSVC\WEBCWITHEMGLRTIP\DEBUG JAVASCRIPT UNICODE\HTTPGETF.OBJ
C:\DEV\WEBC\WEBC\PROJECT\MSVC\WEBCWITHEMGLRTIP\DEBUG JAVASCRIPT UNICODE\HTTPGETF.SBR
C:\DEV\WEBC\WEBC\PROJECT\MSVC\WEBCWITHEMGLRTIP\DEBUG JAVASCRIPT UNICODE\HTTPPSTF.OBJ
C:\DEV\WEBC\WEBC\PROJECT\MSVC\WEBCWITHEMGLRTIP\DEBUG JAVASCRIPT UNICODE\HTTPPSTF.SBR
C:\DEV\WEBC\WEBC\PROJECT\MSVC\WEBCWITHEMGLRTIP\DEBUG JAVASCRIPT UNICODE\ICMP.OBJ
C:\DEV\WEBC\WEBC\PROJECT\MSVC\WEBCWITHEMGLRTIP\DEBUG JAVASCRIPT UNICODE\ICMP.SBR
C:\DEV\WEBC\WEBC\PROJECT\MSVC\WEBCWITHEMGLRTIP\DEBUG JAVASCRIPT UNICODE\IFACE.OBJ
C:\DEV\WEBC\WEBC\PROJECT\MSVC\WEBCWITHEMGLRTIP\DEBUG JAVASCRIPT UNICODE\IFACE.SBR
C:\DEV\WEBC\WEBC\PROJECT\MSVC\WEBCWITHEMGLRTIP\DEBUG JAVASCRIPT UNICODE\IGMP.OBJ
C:\DEV\WEBC\WEBC\PROJECT\MSVC\WEBCWITHEMGLRTIP\DEBUG JAVASCRIPT UNICODE\IGMP.SBR
C:\DEV\WEBC\WEBC\PROJECT\MSVC\WEBCWITHEMGLRTIP\DEBUG JAVASCRIPT UNICODE\IGMPAPI.OBJ
C:\DEV\WEBC\WEBC\PROJECT\MSVC\WEBCWITHEMGLRTIP\DEBUG JAVASCRIPT UNICODE\IGMPAPI.SBR
C:\DEV\WEBC\WEBC\PROJECT\MSVC\WEBCWITHEMGLRTIP\DEBUG JAVASCRIPT UNICODE\IGMPDATA.OBJ
C:\DEV\WEBC\WEBC\PROJECT\MSVC\WEBCWITHEMGLRTIP\DEBUG JAVASCRIPT UNICODE\IGMPDATA.SBR
C:\DEV\WEBC\WEBC\PROJECT\MSVC\WEBCWITHEMGLRTIP\DEBUG JAVASCRIPT UNICODE\IMAGEMAPCONTROL.OBJ
C:\DEV\WEBC\WEBC\PROJECT\MSVC\WEBCWITHEMGLRTIP\DEBUG JAVASCRIPT UNICODE\IMAGEMAPCONTROL.SBR
C:\DEV\WEBC\WEBC\PROJECT\MSVC\WEBCWITHEMGLRTIP\DEBUG JAVASCRIPT UNICODE\IMAGEMAPEXAMPLE.OBJ
C:\DEV\WEBC\WEBC\PROJECT\MSVC\WEBCWITHEMGLRTIP\DEBUG JAVASCRIPT UNICODE\IMAGEMAPEXAMPLE.SBR
C:\DEV\WEBC\WEBC\PROJECT\MSVC\WEBCWITHEMGLRTIP\DEBUG JAVASCRIPT UNICODE\INDEX.OBJ
C:\DEV\WEBC\WEBC\PROJECT\MSVC\WEBCWITHEMGLRTIP\DEBUG JAVASCRIPT UNICODE\INDEX.SBR
C:\DEV\WEBC\WEBC\PROJECT\MSVC\WEBCWITHEMGLRTIP\DEBUG JAVASCRIPT UNICODE\INFO.OBJ
C:\DEV\WEBC\WEBC\PROJECT\MSVC\WEBCWITHEMGLRTIP\DEBUG JAVASCRIPT UNICODE\INFO.SBR
C:\DEV\WEBC\WEBC\PROJECT\MSVC\WEBCWITHEMGLRTIP\DEBUG JAVASCRIPT UNICODE\INTRODUCTORYTEXT.OBJ
C:\DEV\WEBC\WEBC\PROJECT\MSVC\WEBCWITHEMGLRTIP\DEBUG JAVASCRIPT UNICODE\INTRODUCTORYTEXT.SBR
C:\DEV\WEBC\WEBC\PROJECT\MSVC\WEBCWITHEMGLRTIP\DEBUG JAVASCRIPT UNICODE\IP.OBJ
C:\DEV\WEBC\WEBC\PROJECT\MSVC\WEBCWITHEMGLRTIP\DEBUG JAVASCRIPT UNICODE\IP.SBR
C:\DEV\WEBC\WEBC\PROJECT\MSVC\WEBCWITHEMGLRTIP\DEBUG JAVASCRIPT UNICODE\IPADDRS.OBJ
C:\DEV\WEBC\WEBC\PROJECT\MSVC\WEBCWITHEMGLRTIP\DEBUG JAVASCRIPT UNICODE\IPADDRS.SBR
C:\DEV\WEBC\WEBC\PROJECT\MSVC\WEBCWITHEMGLRTIP\DEBUG JAVASCRIPT UNICODE\IPIPSEC.OBJ
C:\DEV\WEBC\WEBC\PROJECT\MSVC\WEBCWITHEMGLRTIP\DEBUG JAVASCRIPT UNICODE\IPIPSEC.SBR
C:\DEV\WEBC\WEBC\PROJECT\MSVC\WEBCWITHEMGLRTIP\DEBUG JAVASCRIPT UNICODE\IPOPTION.OBJ
C:\DEV\WEBC\WEBC\PROJECT\MSVC\WEBCWITHEMGLRTIP\DEBUG JAVASCRIPT UNICODE\IPOPTION.SBR
C:\DEV\WEBC\WEBC\PROJECT\MSVC\WEBCWITHEMGLRTIP\DEBUG JAVASCRIPT UNICODE\IPUTIL.OBJ
C:\DEV\WEBC\WEBC\PROJECT\MSVC\WEBCWITHEMGLRTIP\DEBUG JAVASCRIPT UNICODE\IPUTIL.SBR
C:\DEV\WEBC\WEBC\PROJECT\MSVC\WEBCWITHEMGLRTIP\DEBUG JAVASCRIPT UNICODE\IXML.OBJ
C:\DEV\WEBC\WEBC\PROJECT\MSVC\WEBCWITHEMGLRTIP\DEBUG JAVASCRIPT UNICODE\IXML.SBR
C:\DEV\WEBC\WEBC\PROJECT\MSVC\WEBCWITHEMGLRTIP\DEBUG JAVASCRIPT UNICODE\IXMLMEMBUF.OBJ
C:\DEV\WEBC\WEBC\PROJECT\MSVC\WEBCWITHEMGLRTIP\DEBUG JAVASCRIPT UNICODE\IXMLMEMBUF.SBR
C:\DEV\WEBC\WEBC\PROJECT\MSVC\WEBCWITHEMGLRTIP\DEBUG JAVASCRIPT UNICODE\IXMLPARSER.OBJ
C:\DEV\WEBC\WEBC\PROJECT\MSVC\WEBCWITHEMGLRTIP\DEBUG JAVASCRIPT UNICODE\IXMLPARSER.SBR
C:\DEV\WEBC\WEBC\PROJECT\MSVC\WEBCWITHEMGLRTIP\DEBUG JAVASCRIPT UNICODE\KEYBOARD.OBJ
C:\DEV\WEBC\WEBC\PROJECT\MSVC\WEBCWITHEMGLRTIP\DEBUG JAVASCRIPT UNICODE\KEYBOARD.SBR
C:\DEV\WEBC\WEBC\PROJECT\MSVC\WEBCWITHEMGLRTIP\DEBUG JAVASCRIPT UNICODE\KEYBOARDDOWN.OBJ
C:\DEV\WEBC\WEBC\PROJECT\MSVC\WEBCWITHEMGLRTIP\DEBUG JAVASCRIPT UNICODE\KEYBOARDDOWN.SBR
C:\DEV\WEBC\WEBC\PROJECT\MSVC\WEBCWITHEMGLRTIP\DEBUG JAVASCRIPT UNICODE\KSTASK.OBJ
C:\DEV\WEBC\WEBC\PROJECT\MSVC\WEBCWITHEMGLRTIP\DEBUG JAVASCRIPT UNICODE\KSTASK.SBR
C:\dev\webc\WebC\project\msvc\WebCWithEmglRtip\Debug JavaScript Unicode\link.2068.read.1.tlog
C:\dev\webc\WebC\project\msvc\WebCWithEmglRtip\Debug JavaScript Unicode\link.2068.write.1.tlog
C:\dev\webc\WebC\project\msvc\WebCWithEmglRtip\Debug JavaScript Unicode\link.2068-cvtres.read.1.tlog
C:\dev\webc\WebC\project\msvc\WebCWithEmglRtip\Debug JavaScript Unicode\link.2068-cvtres.write.1.tlog
C:\dev\webc\WebC\project\msvc\WebCWithEmglRtip\Debug JavaScript Unicode\link.command.1.tlog
C:\dev\webc\WebC\project\msvc\WebCWithEmglRtip\Debug JavaScript Unicode\link.read.1.tlog
C:\dev\webc\WebC\project\msvc\WebCWithEmglRtip\Debug JavaScript Unicode\link.write.1.tlog
C:\dev\webc\WebC\project\msvc\WebCWithEmglRtip\Debug JavaScript Unicode\link-cvtres.read.1.tlog
C:\dev\webc\WebC\project\msvc\WebCWithEmglRtip\Debug JavaScript Unicode\link-cvtres.write.1.tlog
C:\DEV\WEBC\WEBC\PROJECT\MSVC\WEBCWITHEMGLRTIP\DEBUG JAVASCRIPT UNICODE\LOGO.OBJ
C:\DEV\WEBC\WEBC\PROJECT\MSVC\WEBCWITHEMGLRTIP\DEBUG JAVASCRIPT UNICODE\LOGO.SBR
C:\DEV\WEBC\WEBC\PROJECT\MSVC\WEBCWITHEMGLRTIP\DEBUG JAVASCRIPT UNICODE\LOOP.OBJ
C:\DEV\WEBC\WEBC\PROJECT\MSVC\WEBCWITHEMGLRTIP\DEBUG JAVASCRIPT UNICODE\LOOP.SBR
C:\DEV\WEBC\WEBC\PROJECT\MSVC\WEBCWITHEMGLRTIP\DEBUG JAVASCRIPT UNICODE\MCAST.OBJ
C:\DEV\WEBC\WEBC\PROJECT\MSVC\WEBCWITHEMGLRTIP\DEBUG JAVASCRIPT UNICODE\MCAST.SBR
C:\DEV\WEBC\WEBC\PROJECT\MSVC\WEBCWITHEMGLRTIP\DEBUG JAVASCRIPT UNICODE\MEMFILE.OBJ
C:\DEV\WEBC\WEBC\PROJECT\MSVC\WEBCWITHEMGLRTIP\DEBUG JAVASCRIPT UNICODE\MEMFILE.SBR
C:\DEV\WEBC\WEBC\PROJECT\MSVC\WEBCWITHEMGLRTIP\DEBUG JAVASCRIPT UNICODE\MENUEXAMPLE.OBJ
C:\DEV\WEBC\WEBC\PROJECT\MSVC\WEBCWITHEMGLRTIP\DEBUG JAVASCRIPT UNICODE\MENUEXAMPLE.SBR
C:\DEV\WEBC\WEBC\PROJECT\MSVC\WEBCWITHEMGLRTIP\DEBUG JAVASCRIPT UNICODE\MENUOBJECT.OBJ
C:\DEV\WEBC\WEBC\PROJECT\MSVC\WEBCWITHEMGLRTIP\DEBUG JAVASCRIPT UNICODE\MENUOBJECT.SBR
C:\DEV\WEBC\WEBC\PROJECT\MSVC\WEBCWITHEMGLRTIP\DEBUG JAVASCRIPT UNICODE\MENUOFEXAMPLE.OBJ
C:\DEV\WEBC\WEBC\PROJECT\MSVC\WEBCWITHEMGLRTIP\DEBUG JAVASCRIPT UNICODE\MENUOFEXAMPLE.SBR
C:\dev\webc\WebC\project\msvc\WebCWithEmglRtip\Debug JavaScript Unicode\mt.command.1.tlog
C:\dev\webc\WebC\project\msvc\WebCWithEmglRtip\Debug JavaScript Unicode\mt.read.1.tlog
C:\dev\webc\WebC\project\msvc\WebCWithEmglRtip\Debug JavaScript Unicode\mt.write.1.tlog
C:\DEV\WEBC\WEBC\PROJECT\MSVC\WEBCWITHEMGLRTIP\DEBUG JAVASCRIPT UNICODE\NAME2IP.OBJ
C:\DEV\WEBC\WEBC\PROJECT\MSVC\WEBCWITHEMGLRTIP\DEBUG JAVASCRIPT UNICODE\NAME2IP.SBR
C:\DEV\WEBC\WEBC\PROJECT\MSVC\WEBCWITHEMGLRTIP\DEBUG JAVASCRIPT UNICODE\NAMEDNODEMAP.OBJ
C:\DEV\WEBC\WEBC\PROJECT\MSVC\WEBCWITHEMGLRTIP\DEBUG JAVASCRIPT UNICODE\NAMEDNODEMAP.SBR
C:\DEV\WEBC\WEBC\PROJECT\MSVC\WEBCWITHEMGLRTIP\DEBUG JAVASCRIPT UNICODE\NETUTIL.OBJ
C:\DEV\WEBC\WEBC\PROJECT\MSVC\WEBCWITHEMGLRTIP\DEBUG JAVASCRIPT UNICODE\NETUTIL.SBR
C:\DEV\WEBC\WEBC\PROJECT\MSVC\WEBCWITHEMGLRTIP\DEBUG JAVASCRIPT UNICODE\NODE.OBJ
C:\DEV\WEBC\WEBC\PROJECT\MSVC\WEBCWITHEMGLRTIP\DEBUG JAVASCRIPT UNICODE\NODE.SBR
C:\DEV\WEBC\WEBC\PROJECT\MSVC\WEBCWITHEMGLRTIP\DEBUG JAVASCRIPT UNICODE\NODELIST.OBJ
C:\DEV\WEBC\WEBC\PROJECT\MSVC\WEBCWITHEMGLRTIP\DEBUG JAVASCRIPT UNICODE\NODELIST.SBR
C:\DEV\WEBC\WEBC\PROJECT\MSVC\WEBCWITHEMGLRTIP\DEBUG JAVASCRIPT UNICODE\OS.OBJ
C:\DEV\WEBC\WEBC\PROJECT\MSVC\WEBCWITHEMGLRTIP\DEBUG JAVASCRIPT UNICODE\OS.SBR
C:\DEV\WEBC\WEBC\PROJECT\MSVC\WEBCWITHEMGLRTIP\DEBUG JAVASCRIPT UNICODE\OSLIST.OBJ
C:\DEV\WEBC\WEBC\PROJECT\MSVC\WEBCWITHEMGLRTIP\DEBUG JAVASCRIPT UNICODE\OSLIST.SBR
C:\DEV\WEBC\WEBC\PROJECT\MSVC\WEBCWITHEMGLRTIP\DEBUG JAVASCRIPT UNICODE\OSPORT.OBJ
C:\DEV\WEBC\WEBC\PROJECT\MSVC\WEBCWITHEMGLRTIP\DEBUG JAVASCRIPT UNICODE\OSPORT.SBR
C:\DEV\WEBC\WEBC\PROJECT\MSVC\WEBCWITHEMGLRTIP\DEBUG JAVASCRIPT UNICODE\OSTASK.OBJ
C:\DEV\WEBC\WEBC\PROJECT\MSVC\WEBCWITHEMGLRTIP\DEBUG JAVASCRIPT UNICODE\OSTASK.SBR
C:\DEV\WEBC\WEBC\PROJECT\MSVC\WEBCWITHEMGLRTIP\DEBUG JAVASCRIPT UNICODE\OSTIME.OBJ
C:\DEV\WEBC\WEBC\PROJECT\MSVC\WEBCWITHEMGLRTIP\DEBUG JAVASCRIPT UNICODE\OSTIME.SBR
C:\DEV\WEBC\WEBC\PROJECT\MSVC\WEBCWITHEMGLRTIP\DEBUG JAVASCRIPT UNICODE\OVAL3DDD0.OBJ
C:\DEV\WEBC\WEBC\PROJECT\MSVC\WEBCWITHEMGLRTIP\DEBUG JAVASCRIPT UNICODE\OVAL3DDD0.SBR
C:\DEV\WEBC\WEBC\PROJECT\MSVC\WEBCWITHEMGLRTIP\DEBUG JAVASCRIPT UNICODE\OVAL3DDD1.OBJ
C:\DEV\WEBC\WEBC\PROJECT\MSVC\WEBCWITHEMGLRTIP\DEBUG JAVASCRIPT UNICODE\OVAL3DDD1.SBR
C:\DEV\WEBC\WEBC\PROJECT\MSVC\WEBCWITHEMGLRTIP\DEBUG JAVASCRIPT UNICODE\PATHMTU.OBJ
C:\DEV\WEBC\WEBC\PROJECT\MSVC\WEBCWITHEMGLRTIP\DEBUG JAVASCRIPT UNICODE\PATHMTU.SBR
C:\DEV\WEBC\WEBC\PROJECT\MSVC\WEBCWITHEMGLRTIP\DEBUG JAVASCRIPT UNICODE\PCVID.OBJ
C:\DEV\WEBC\WEBC\PROJECT\MSVC\WEBCWITHEMGLRTIP\DEBUG JAVASCRIPT UNICODE\PCVID.SBR
C:\DEV\WEBC\WEBC\PROJECT\MSVC\WEBCWITHEMGLRTIP\DEBUG JAVASCRIPT UNICODE\PING.OBJ
C:\DEV\WEBC\WEBC\PROJECT\MSVC\WEBCWITHEMGLRTIP\DEBUG JAVASCRIPT UNICODE\PING.SBR
C:\DEV\WEBC\WEBC\PROJECT\MSVC\WEBCWITHEMGLRTIP\DEBUG JAVASCRIPT UNICODE\PING_FILE.OBJ
C:\DEV\WEBC\WEBC\PROJECT\MSVC\WEBCWITHEMGLRTIP\DEBUG JAVASCRIPT UNICODE\PING_FILE.SBR
C:\DEV\WEBC\WEBC\PROJECT\MSVC\WEBCWITHEMGLRTIP\DEBUG JAVASCRIPT UNICODE\POLLOS.OBJ
C:\DEV\WEBC\WEBC\PROJECT\MSVC\WEBCWITHEMGLRTIP\DEBUG JAVASCRIPT UNICODE\POLLOS.SBR
C:\DEV\WEBC\WEBC\PROJECT\MSVC\WEBCWITHEMGLRTIP\DEBUG JAVASCRIPT UNICODE\PRESS.OBJ
C:\DEV\WEBC\WEBC\PROJECT\MSVC\WEBCWITHEMGLRTIP\DEBUG JAVASCRIPT UNICODE\PRESS.SBR
C:\DEV\WEBC\WEBC\PROJECT\MSVC\WEBCWITHEMGLRTIP\DEBUG JAVASCRIPT UNICODE\PROTDATA.OBJ
C:\DEV\WEBC\WEBC\PROJECT\MSVC\WEBCWITHEMGLRTIP\DEBUG JAVASCRIPT UNICODE\PROTDATA.SBR
C:\DEV\WEBC\WEBC\PROJECT\MSVC\WEBCWITHEMGLRTIP\DEBUG JAVASCRIPT UNICODE\PUSH.OBJ
C:\DEV\WEBC\WEBC\PROJECT\MSVC\WEBCWITHEMGLRTIP\DEBUG JAVASCRIPT UNICODE\PUSH.SBR
C:\DEV\WEBC\WEBC\PROJECT\MSVC\WEBCWITHEMGLRTIP\DEBUG JAVASCRIPT UNICODE\RARP.OBJ
C:\DEV\WEBC\WEBC\PROJECT\MSVC\WEBCWITHEMGLRTIP\DEBUG JAVASCRIPT UNICODE\RARP.SBR
C:\dev\webc\WebC\project\msvc\WebCWithEmglRtip\Debug JavaScript Unicode\rc.command.1.tlog
C:\dev\webc\WebC\project\msvc\WebCWithEmglRtip\Debug JavaScript Unicode\rc.read.1.tlog
C:\dev\webc\WebC\project\msvc\WebCWithEmglRtip\Debug JavaScript Unicode\rc.write.1.tlog
C:\DEV\WEBC\WEBC\PROJECT\MSVC\WEBCWITHEMGLRTIP\DEBUG JAVASCRIPT UNICODE\RECTCLASS.OBJ
C:\DEV\WEBC\WEBC\PROJECT\MSVC\WEBCWITHEMGLRTIP\DEBUG JAVASCRIPT UNICODE\RECTCLASS.SBR
C:\DEV\WEBC\WEBC\PROJECT\MSVC\WEBCWITHEMGLRTIP\DEBUG JAVASCRIPT UNICODE\REGISTER.OBJ
C:\DEV\WEBC\WEBC\PROJECT\MSVC\WEBCWITHEMGLRTIP\DEBUG JAVASCRIPT UNICODE\REGISTER.SBR
C:\DEV\WEBC\WEBC\PROJECT\MSVC\WEBCWITHEMGLRTIP\DEBUG JAVASCRIPT UNICODE\RERR.OBJ
C:\DEV\WEBC\WEBC\PROJECT\MSVC\WEBCWITHEMGLRTIP\DEBUG JAVASCRIPT UNICODE\RERR.SBR
C:\DEV\WEBC\WEBC\PROJECT\MSVC\WEBCWITHEMGLRTIP\DEBUG JAVASCRIPT UNICODE\ROUTE.OBJ
C:\DEV\WEBC\WEBC\PROJECT\MSVC\WEBCWITHEMGLRTIP\DEBUG JAVASCRIPT UNICODE\ROUTE.SBR
C:\DEV\WEBC\WEBC\PROJECT\MSVC\WEBCWITHEMGLRTIP\DEBUG JAVASCRIPT UNICODE\ROUTEDIS.OBJ
C:\DEV\WEBC\WEBC\PROJECT\MSVC\WEBCWITHEMGLRTIP\DEBUG JAVASCRIPT UNICODE\ROUTEDIS.SBR
C:\DEV\WEBC\WEBC\PROJECT\MSVC\WEBCWITHEMGLRTIP\DEBUG JAVASCRIPT UNICODE\ROUTEDISDAT.OBJ
C:\DEV\WEBC\WEBC\PROJECT\MSVC\WEBCWITHEMGLRTIP\DEBUG JAVASCRIPT UNICODE\ROUTEDISDAT.SBR
C:\DEV\WEBC\WEBC\PROJECT\MSVC\WEBCWITHEMGLRTIP\DEBUG JAVASCRIPT UNICODE\RTIPAPI.OBJ
C:\DEV\WEBC\WEBC\PROJECT\MSVC\WEBCWITHEMGLRTIP\DEBUG JAVASCRIPT UNICODE\RTIPAPI.SBR
C:\DEV\WEBC\WEBC\PROJECT\MSVC\WEBCWITHEMGLRTIP\DEBUG JAVASCRIPT UNICODE\RTIPCONS.OBJ
C:\DEV\WEBC\WEBC\PROJECT\MSVC\WEBCWITHEMGLRTIP\DEBUG JAVASCRIPT UNICODE\RTIPCONS.SBR
C:\DEV\WEBC\WEBC\PROJECT\MSVC\WEBCWITHEMGLRTIP\DEBUG JAVASCRIPT UNICODE\RTIPDATA.OBJ
C:\DEV\WEBC\WEBC\PROJECT\MSVC\WEBCWITHEMGLRTIP\DEBUG JAVASCRIPT UNICODE\RTIPDATA.SBR
C:\DEV\WEBC\WEBC\PROJECT\MSVC\WEBCWITHEMGLRTIP\DEBUG JAVASCRIPT UNICODE\RTIPPORT.OBJ
C:\DEV\WEBC\WEBC\PROJECT\MSVC\WEBCWITHEMGLRTIP\DEBUG JAVASCRIPT UNICODE\RTIPPORT.SBR
C:\DEV\WEBC\WEBC\PROJECT\MSVC\WEBCWITHEMGLRTIP\DEBUG JAVASCRIPT UNICODE\RTIPPROT.OBJ
C:\DEV\WEBC\WEBC\PROJECT\MSVC\WEBCWITHEMGLRTIP\DEBUG JAVASCRIPT UNICODE\RTIPPROT.SBR
C:\DEV\WEBC\WEBC\PROJECT\MSVC\WEBCWITHEMGLRTIP\DEBUG JAVASCRIPT UNICODE\RTIPXX.OBJ
C:\DEV\WEBC\WEBC\PROJECT\MSVC\WEBCWITHEMGLRTIP\DEBUG JAVASCRIPT UNICODE\RTIPXX.SBR
C:\DEV\WEBC\WEBC\PROJECT\MSVC\WEBCWITHEMGLRTIP\DEBUG JAVASCRIPT UNICODE\SCOPEEXAMPLE.OBJ
C:\DEV\WEBC\WEBC\PROJECT\MSVC\WEBCWITHEMGLRTIP\DEBUG JAVASCRIPT UNICODE\SCOPEEXAMPLE.SBR
C:\DEV\WEBC\WEBC\PROJECT\MSVC\WEBCWITHEMGLRTIP\DEBUG JAVASCRIPT UNICODE\SCROLLBARCONTROL.OBJ
C:\DEV\WEBC\WEBC\PROJECT\MSVC\WEBCWITHEMGLRTIP\DEBUG JAVASCRIPT UNICODE\SCROLLBARCONTROL.SBR
C:\DEV\WEBC\WEBC\PROJECT\MSVC\WEBCWITHEMGLRTIP\DEBUG JAVASCRIPT UNICODE\SCROLLBAREXAMPLE.OBJ
C:\DEV\WEBC\WEBC\PROJECT\MSVC\WEBCWITHEMGLRTIP\DEBUG JAVASCRIPT UNICODE\SCROLLBAREXAMPLE.SBR
C:\DEV\WEBC\WEBC\PROJECT\MSVC\WEBCWITHEMGLRTIP\DEBUG JAVASCRIPT UNICODE\SCROLLPANEL.OBJ
C:\DEV\WEBC\WEBC\PROJECT\MSVC\WEBCWITHEMGLRTIP\DEBUG JAVASCRIPT UNICODE\SCROLLPANEL.SBR
C:\DEV\WEBC\WEBC\PROJECT\MSVC\WEBCWITHEMGLRTIP\DEBUG JAVASCRIPT UNICODE\SCROLLPANELEXAMPLE.OBJ
C:\DEV\WEBC\WEBC\PROJECT\MSVC\WEBCWITHEMGLRTIP\DEBUG JAVASCRIPT UNICODE\SCROLLPANELEXAMPLE.SBR
C:\DEV\WEBC\WEBC\PROJECT\MSVC\WEBCWITHEMGLRTIP\DEBUG JAVASCRIPT UNICODE\SERVERS.OBJ
C:\DEV\WEBC\WEBC\PROJECT\MSVC\WEBCWITHEMGLRTIP\DEBUG JAVASCRIPT UNICODE\SERVERS.SBR
C:\DEV\WEBC\WEBC\PROJECT\MSVC\WEBCWITHEMGLRTIP\DEBUG JAVASCRIPT UNICODE\SLHC.OBJ
C:\DEV\WEBC\WEBC\PROJECT\MSVC\WEBCWITHEMGLRTIP\DEBUG JAVASCRIPT UNICODE\SLHC.SBR
C:\DEV\WEBC\WEBC\PROJECT\MSVC\WEBCWITHEMGLRTIP\DEBUG JAVASCRIPT UNICODE\SOCKET.OBJ
C:\DEV\WEBC\WEBC\PROJECT\MSVC\WEBCWITHEMGLRTIP\DEBUG JAVASCRIPT UNICODE\SOCKET.SBR
C:\DEV\WEBC\WEBC\PROJECT\MSVC\WEBCWITHEMGLRTIP\DEBUG JAVASCRIPT UNICODE\SOCKV4V6.OBJ
C:\DEV\WEBC\WEBC\PROJECT\MSVC\WEBCWITHEMGLRTIP\DEBUG JAVASCRIPT UNICODE\SOCKV4V6.SBR
C:\DEV\WEBC\WEBC\PROJECT\MSVC\WEBCWITHEMGLRTIP\DEBUG JAVASCRIPT UNICODE\SOFTKEYBOARDEXAMPLE.OBJ
C:\DEV\WEBC\WEBC\PROJECT\MSVC\WEBCWITHEMGLRTIP\DEBUG JAVASCRIPT UNICODE\SOFTKEYBOARDEXAMPLE.SBR
C:\DEV\WEBC\WEBC\PROJECT\MSVC\WEBCWITHEMGLRTIP\DEBUG JAVASCRIPT UNICODE\SOFTKEYCONTROL.OBJ
C:\DEV\WEBC\WEBC\PROJECT\MSVC\WEBCWITHEMGLRTIP\DEBUG JAVASCRIPT UNICODE\SOFTKEYCONTROL.SBR
C:\DEV\WEBC\WEBC\PROJECT\MSVC\WEBCWITHEMGLRTIP\DEBUG JAVASCRIPT UNICODE\SOURCEVIEWER.OBJ
C:\DEV\WEBC\WEBC\PROJECT\MSVC\WEBCWITHEMGLRTIP\DEBUG JAVASCRIPT UNICODE\SOURCEVIEWER.SBR
C:\DEV\WEBC\WEBC\PROJECT\MSVC\WEBCWITHEMGLRTIP\DEBUG JAVASCRIPT UNICODE\SPEEDO.OBJ
C:\DEV\WEBC\WEBC\PROJECT\MSVC\WEBCWITHEMGLRTIP\DEBUG JAVASCRIPT UNICODE\SPEEDO.SBR
C:\DEV\WEBC\WEBC\PROJECT\MSVC\WEBCWITHEMGLRTIP\DEBUG JAVASCRIPT UNICODE\SPEEDOMETEREXAMPLE.OBJ
C:\DEV\WEBC\WEBC\PROJECT\MSVC\WEBCWITHEMGLRTIP\DEBUG JAVASCRIPT UNICODE\SPEEDOMETEREXAMPLE.SBR
C:\DEV\WEBC\WEBC\PROJECT\MSVC\WEBCWITHEMGLRTIP\DEBUG JAVASCRIPT UNICODE\STANDARDCOMPONENTS.OBJ
C:\DEV\WEBC\WEBC\PROJECT\MSVC\WEBCWITHEMGLRTIP\DEBUG JAVASCRIPT UNICODE\STANDARDCOMPONENTS.SBR
C:\DEV\WEBC\WEBC\PROJECT\MSVC\WEBCWITHEMGLRTIP\DEBUG JAVASCRIPT UNICODE\STATS.OBJ
C:\DEV\WEBC\WEBC\PROJECT\MSVC\WEBCWITHEMGLRTIP\DEBUG JAVASCRIPT UNICODE\STATS.SBR
C:\DEV\WEBC\WEBC\PROJECT\MSVC\WEBCWITHEMGLRTIP\DEBUG JAVASCRIPT UNICODE\SURVEY.OBJ
C:\DEV\WEBC\WEBC\PROJECT\MSVC\WEBCWITHEMGLRTIP\DEBUG JAVASCRIPT UNICODE\SURVEY.SBR
C:\DEV\WEBC\WEBC\PROJECT\MSVC\WEBCWITHEMGLRTIP\DEBUG JAVASCRIPT UNICODE\SYSTEMOBJECT.OBJ
C:\DEV\WEBC\WEBC\PROJECT\MSVC\WEBCWITHEMGLRTIP\DEBUG JAVASCRIPT UNICODE\SYSTEMOBJECT.SBR
C:\DEV\WEBC\WEBC\PROJECT\MSVC\WEBCWITHEMGLRTIP\DEBUG JAVASCRIPT UNICODE\TAHOMABOLD10B0020E007E.OBJ
C:\DEV\WEBC\WEBC\PROJECT\MSVC\WEBCWITHEMGLRTIP\DEBUG JAVASCRIPT UNICODE\TAHOMABOLD10B0020E007E.SBR
C:\DEV\WEBC\WEBC\PROJECT\MSVC\WEBCWITHEMGLRTIP\DEBUG JAVASCRIPT UNICODE\TAHOMABOLD11B0020E007E.OBJ
C:\DEV\WEBC\WEBC\PROJECT\MSVC\WEBCWITHEMGLRTIP\DEBUG JAVASCRIPT UNICODE\TAHOMABOLD11B0020E007E.SBR
C:\DEV\WEBC\WEBC\PROJECT\MSVC\WEBCWITHEMGLRTIP\DEBUG JAVASCRIPT UNICODE\TAHOMABOLD12B0020E007E.OBJ
C:\DEV\WEBC\WEBC\PROJECT\MSVC\WEBCWITHEMGLRTIP\DEBUG JAVASCRIPT UNICODE\TAHOMABOLD12B0020E007E.SBR
C:\DEV\WEBC\WEBC\PROJECT\MSVC\WEBCWITHEMGLRTIP\DEBUG JAVASCRIPT UNICODE\TAHOMABOLD13B0020E007E.OBJ
C:\DEV\WEBC\WEBC\PROJECT\MSVC\WEBCWITHEMGLRTIP\DEBUG JAVASCRIPT UNICODE\TAHOMABOLD13B0020E007E.SBR
C:\DEV\WEBC\WEBC\PROJECT\MSVC\WEBCWITHEMGLRTIP\DEBUG JAVASCRIPT UNICODE\TAHOMABOLD14B0020E007E.OBJ
C:\DEV\WEBC\WEBC\PROJECT\MSVC\WEBCWITHEMGLRTIP\DEBUG JAVASCRIPT UNICODE\TAHOMABOLD14B0020E007E.SBR
C:\DEV\WEBC\WEBC\PROJECT\MSVC\WEBCWITHEMGLRTIP\DEBUG JAVASCRIPT UNICODE\TAHOMABOLD15B0020E007E.OBJ
C:\DEV\WEBC\WEBC\PROJECT\MSVC\WEBCWITHEMGLRTIP\DEBUG JAVASCRIPT UNICODE\TAHOMABOLD15B0020E007E.SBR
C:\DEV\WEBC\WEBC\PROJECT\MSVC\WEBCWITHEMGLRTIP\DEBUG JAVASCRIPT UNICODE\TAHOMABOLD16B0020E007E.OBJ
C:\DEV\WEBC\WEBC\PROJECT\MSVC\WEBCWITHEMGLRTIP\DEBUG JAVASCRIPT UNICODE\TAHOMABOLD16B0020E007E.SBR
C:\DEV\WEBC\WEBC\PROJECT\MSVC\WEBCWITHEMGLRTIP\DEBUG JAVASCRIPT UNICODE\TAHOMABOLD17B0020E007E.OBJ
C:\DEV\WEBC\WEBC\PROJECT\MSVC\WEBCWITHEMGLRTIP\DEBUG JAVASCRIPT UNICODE\TAHOMABOLD17B0020E007E.SBR
C:\DEV\WEBC\WEBC\PROJECT\MSVC\WEBCWITHEMGLRTIP\DEBUG JAVASCRIPT UNICODE\TAHOMABOLD18B0020E007E.OBJ
C:\DEV\WEBC\WEBC\PROJECT\MSVC\WEBCWITHEMGLRTIP\DEBUG JAVASCRIPT UNICODE\TAHOMABOLD18B0020E007E.SBR
C:\DEV\WEBC\WEBC\PROJECT\MSVC\WEBCWITHEMGLRTIP\DEBUG JAVASCRIPT UNICODE\TAHOMABOLD20B0020E007E.OBJ
C:\DEV\WEBC\WEBC\PROJECT\MSVC\WEBCWITHEMGLRTIP\DEBUG JAVASCRIPT UNICODE\TAHOMABOLD20B0020E007E.SBR
C:\DEV\WEBC\WEBC\PROJECT\MSVC\WEBCWITHEMGLRTIP\DEBUG JAVASCRIPT UNICODE\TAHOMABOLD22B0020E007E.OBJ
C:\DEV\WEBC\WEBC\PROJECT\MSVC\WEBCWITHEMGLRTIP\DEBUG JAVASCRIPT UNICODE\TAHOMABOLD22B0020E007E.SBR
C:\DEV\WEBC\WEBC\PROJECT\MSVC\WEBCWITHEMGLRTIP\DEBUG JAVASCRIPT UNICODE\TAHOMABOLD24B0020E007E.OBJ
C:\DEV\WEBC\WEBC\PROJECT\MSVC\WEBCWITHEMGLRTIP\DEBUG JAVASCRIPT UNICODE\TAHOMABOLD24B0020E007E.SBR
C:\DEV\WEBC\WEBC\PROJECT\MSVC\WEBCWITHEMGLRTIP\DEBUG JAVASCRIPT UNICODE\TAHOMAREGULAR10B0020E007E.OBJ
C:\DEV\WEBC\WEBC\PROJECT\MSVC\WEBCWITHEMGLRTIP\DEBUG JAVASCRIPT UNICODE\TAHOMAREGULAR10B0020E007E.SBR
C:\DEV\WEBC\WEBC\PROJECT\MSVC\WEBCWITHEMGLRTIP\DEBUG JAVASCRIPT UNICODE\TAHOMAREGULAR11B0020E007E.OBJ
C:\DEV\WEBC\WEBC\PROJECT\MSVC\WEBCWITHEMGLRTIP\DEBUG JAVASCRIPT UNICODE\TAHOMAREGULAR11B0020E007E.SBR
C:\DEV\WEBC\WEBC\PROJECT\MSVC\WEBCWITHEMGLRTIP\DEBUG JAVASCRIPT UNICODE\TAHOMAREGULAR12B0020E007E.OBJ
C:\DEV\WEBC\WEBC\PROJECT\MSVC\WEBCWITHEMGLRTIP\DEBUG JAVASCRIPT UNICODE\TAHOMAREGULAR12B0020E007E.SBR
C:\DEV\WEBC\WEBC\PROJECT\MSVC\WEBCWITHEMGLRTIP\DEBUG JAVASCRIPT UNICODE\TAHOMAREGULAR13B0020E007E.OBJ
C:\DEV\WEBC\WEBC\PROJECT\MSVC\WEBCWITHEMGLRTIP\DEBUG JAVASCRIPT UNICODE\TAHOMAREGULAR13B0020E007E.SBR
C:\DEV\WEBC\WEBC\PROJECT\MSVC\WEBCWITHEMGLRTIP\DEBUG JAVASCRIPT UNICODE\TAHOMAREGULAR14B0020E007E.OBJ
C:\DEV\WEBC\WEBC\PROJECT\MSVC\WEBCWITHEMGLRTIP\DEBUG JAVASCRIPT UNICODE\TAHOMAREGULAR14B0020E007E.SBR
C:\DEV\WEBC\WEBC\PROJECT\MSVC\WEBCWITHEMGLRTIP\DEBUG JAVASCRIPT UNICODE\TAHOMAREGULAR15B0020E007E.OBJ
C:\DEV\WEBC\WEBC\PROJECT\MSVC\WEBCWITHEMGLRTIP\DEBUG JAVASCRIPT UNICODE\TAHOMAREGULAR15B0020E007E.SBR
C:\DEV\WEBC\WEBC\PROJECT\MSVC\WEBCWITHEMGLRTIP\DEBUG JAVASCRIPT UNICODE\TAHOMAREGULAR16B0020E007E.OBJ
C:\DEV\WEBC\WEBC\PROJECT\MSVC\WEBCWITHEMGLRTIP\DEBUG JAVASCRIPT UNICODE\TAHOMAREGULAR16B0020E007E.SBR
C:\DEV\WEBC\WEBC\PROJECT\MSVC\WEBCWITHEMGLRTIP\DEBUG JAVASCRIPT UNICODE\TAHOMAREGULAR17B0020E007E.OBJ
C:\DEV\WEBC\WEBC\PROJECT\MSVC\WEBCWITHEMGLRTIP\DEBUG JAVASCRIPT UNICODE\TAHOMAREGULAR17B0020E007E.SBR
C:\DEV\WEBC\WEBC\PROJECT\MSVC\WEBCWITHEMGLRTIP\DEBUG JAVASCRIPT UNICODE\TAHOMAREGULAR18B0020E007E.OBJ
C:\DEV\WEBC\WEBC\PROJECT\MSVC\WEBCWITHEMGLRTIP\DEBUG JAVASCRIPT UNICODE\TAHOMAREGULAR18B0020E007E.SBR
C:\DEV\WEBC\WEBC\PROJECT\MSVC\WEBCWITHEMGLRTIP\DEBUG JAVASCRIPT UNICODE\TAHOMAREGULAR20B0020E007E.OBJ
C:\DEV\WEBC\WEBC\PROJECT\MSVC\WEBCWITHEMGLRTIP\DEBUG JAVASCRIPT UNICODE\TAHOMAREGULAR20B0020E007E.SBR
C:\DEV\WEBC\WEBC\PROJECT\MSVC\WEBCWITHEMGLRTIP\DEBUG JAVASCRIPT UNICODE\TAHOMAREGULAR22B0020E007E.OBJ
C:\DEV\WEBC\WEBC\PROJECT\MSVC\WEBCWITHEMGLRTIP\DEBUG JAVASCRIPT UNICODE\TAHOMAREGULAR22B0020E007E.SBR
C:\DEV\WEBC\WEBC\PROJECT\MSVC\WEBCWITHEMGLRTIP\DEBUG JAVASCRIPT UNICODE\TAHOMAREGULAR24B0020E007E.OBJ
C:\DEV\WEBC\WEBC\PROJECT\MSVC\WEBCWITHEMGLRTIP\DEBUG JAVASCRIPT UNICODE\TAHOMAREGULAR24B0020E007E.SBR
C:\DEV\WEBC\WEBC\PROJECT\MSVC\WEBCWITHEMGLRTIP\DEBUG JAVASCRIPT UNICODE\TASKDATA.OBJ
C:\DEV\WEBC\WEBC\PROJECT\MSVC\WEBCWITHEMGLRTIP\DEBUG JAVASCRIPT UNICODE\TASKDATA.SBR
C:\DEV\WEBC\WEBC\PROJECT\MSVC\WEBCWITHEMGLRTIP\DEBUG JAVASCRIPT UNICODE\TASKS.OBJ
C:\DEV\WEBC\WEBC\PROJECT\MSVC\WEBCWITHEMGLRTIP\DEBUG JAVASCRIPT UNICODE\TASKS.SBR
C:\DEV\WEBC\WEBC\PROJECT\MSVC\WEBCWITHEMGLRTIP\DEBUG JAVASCRIPT UNICODE\TCP.OBJ
C:\DEV\WEBC\WEBC\PROJECT\MSVC\WEBCWITHEMGLRTIP\DEBUG JAVASCRIPT UNICODE\TCP.SBR
C:\DEV\WEBC\WEBC\PROJECT\MSVC\WEBCWITHEMGLRTIP\DEBUG JAVASCRIPT UNICODE\TCPAPI.OBJ
C:\DEV\WEBC\WEBC\PROJECT\MSVC\WEBCWITHEMGLRTIP\DEBUG JAVASCRIPT UNICODE\TCPAPI.SBR
C:\DEV\WEBC\WEBC\PROJECT\MSVC\WEBCWITHEMGLRTIP\DEBUG JAVASCRIPT UNICODE\TCPIN.OBJ
C:\DEV\WEBC\WEBC\PROJECT\MSVC\WEBCWITHEMGLRTIP\DEBUG JAVASCRIPT UNICODE\TCPIN.SBR
C:\DEV\WEBC\WEBC\PROJECT\MSVC\WEBCWITHEMGLRTIP\DEBUG JAVASCRIPT UNICODE\TCPOUT.OBJ
C:\DEV\WEBC\WEBC\PROJECT\MSVC\WEBCWITHEMGLRTIP\DEBUG JAVASCRIPT UNICODE\TCPOUT.SBR
C:\DEV\WEBC\WEBC\PROJECT\MSVC\WEBCWITHEMGLRTIP\DEBUG JAVASCRIPT UNICODE\TCPQUE.OBJ
C:\DEV\WEBC\WEBC\PROJECT\MSVC\WEBCWITHEMGLRTIP\DEBUG JAVASCRIPT UNICODE\TCPQUE.SBR
C:\DEV\WEBC\WEBC\PROJECT\MSVC\WEBCWITHEMGLRTIP\DEBUG JAVASCRIPT UNICODE\TCPUSER.OBJ
C:\DEV\WEBC\WEBC\PROJECT\MSVC\WEBCWITHEMGLRTIP\DEBUG JAVASCRIPT UNICODE\TCPUSER.SBR
C:\DEV\WEBC\WEBC\PROJECT\MSVC\WEBCWITHEMGLRTIP\DEBUG JAVASCRIPT UNICODE\TEMP.OBJ
C:\DEV\WEBC\WEBC\PROJECT\MSVC\WEBCWITHEMGLRTIP\DEBUG JAVASCRIPT UNICODE\TEMP.SBR
C:\DEV\WEBC\WEBC\PROJECT\MSVC\WEBCWITHEMGLRTIP\DEBUG JAVASCRIPT UNICODE\TERMINAL.OBJ
C:\DEV\WEBC\WEBC\PROJECT\MSVC\WEBCWITHEMGLRTIP\DEBUG JAVASCRIPT UNICODE\TERMINAL.SBR
C:\DEV\WEBC\WEBC\PROJECT\MSVC\WEBCWITHEMGLRTIP\DEBUG JAVASCRIPT UNICODE\TEXTBOXCONTROL.OBJ
C:\DEV\WEBC\WEBC\PROJECT\MSVC\WEBCWITHEMGLRTIP\DEBUG JAVASCRIPT UNICODE\TEXTBOXCONTROL.SBR
C:\DEV\WEBC\WEBC\PROJECT\MSVC\WEBCWITHEMGLRTIP\DEBUG JAVASCRIPT UNICODE\TEXTEDITCONTROL.OBJ
C:\DEV\WEBC\WEBC\PROJECT\MSVC\WEBCWITHEMGLRTIP\DEBUG JAVASCRIPT UNICODE\TEXTEDITCONTROL.SBR
C:\DEV\WEBC\WEBC\PROJECT\MSVC\WEBCWITHEMGLRTIP\DEBUG JAVASCRIPT UNICODE\TEXTEXAMPLES.OBJ
C:\DEV\WEBC\WEBC\PROJECT\MSVC\WEBCWITHEMGLRTIP\DEBUG JAVASCRIPT UNICODE\TEXTEXAMPLES.SBR
C:\DEV\WEBC\WEBC\PROJECT\MSVC\WEBCWITHEMGLRTIP\DEBUG JAVASCRIPT UNICODE\TEXTOBJECT.OBJ
C:\DEV\WEBC\WEBC\PROJECT\MSVC\WEBCWITHEMGLRTIP\DEBUG JAVASCRIPT UNICODE\TEXTOBJECT.SBR
C:\DEV\WEBC\WEBC\PROJECT\MSVC\WEBCWITHEMGLRTIP\DEBUG JAVASCRIPT UNICODE\TOOLS.OBJ
C:\DEV\WEBC\WEBC\PROJECT\MSVC\WEBCWITHEMGLRTIP\DEBUG JAVASCRIPT UNICODE\TOOLS.SBR
C:\DEV\WEBC\WEBC\PROJECT\MSVC\WEBCWITHEMGLRTIP\DEBUG JAVASCRIPT UNICODE\TREEOBJECT.OBJ
C:\DEV\WEBC\WEBC\PROJECT\MSVC\WEBCWITHEMGLRTIP\DEBUG JAVASCRIPT UNICODE\TREEOBJECT.SBR
C:\DEV\WEBC\WEBC\PROJECT\MSVC\WEBCWITHEMGLRTIP\DEBUG JAVASCRIPT UNICODE\UDP.OBJ
C:\DEV\WEBC\WEBC\PROJECT\MSVC\WEBCWITHEMGLRTIP\DEBUG JAVASCRIPT UNICODE\UDP.SBR
C:\DEV\WEBC\WEBC\PROJECT\MSVC\WEBCWITHEMGLRTIP\DEBUG JAVASCRIPT UNICODE\UDPAPI.OBJ
C:\DEV\WEBC\WEBC\PROJECT\MSVC\WEBCWITHEMGLRTIP\DEBUG JAVASCRIPT UNICODE\UDPAPI.SBR
C:\dev\webc\WebC\project\msvc\WebCWithEmglRtip\Debug JavaScript Unicode\vc100.idb
C:\DEV\WEBC\WEBC\PROJECT\MSVC\WEBCWITHEMGLRTIP\DEBUG JAVASCRIPT UNICODE\VC100.PDB
C:\DEV\WEBC\WEBC\PROJECT\MSVC\WEBCWITHEMGLRTIP\DEBUG JAVASCRIPT UNICODE\VECTORGRAPHICS.OBJ
C:\DEV\WEBC\WEBC\PROJECT\MSVC\WEBCWITHEMGLRTIP\DEBUG JAVASCRIPT UNICODE\VECTORGRAPHICS.SBR
C:\DEV\WEBC\WEBC\PROJECT\MSVC\WEBCWITHEMGLRTIP\DEBUG JAVASCRIPT UNICODE\VFDATA.OBJ
C:\DEV\WEBC\WEBC\PROJECT\MSVC\WEBCWITHEMGLRTIP\DEBUG JAVASCRIPT UNICODE\VFDATA.SBR
C:\DEV\WEBC\WEBC\PROJECT\MSVC\WEBCWITHEMGLRTIP\DEBUG JAVASCRIPT UNICODE\VFDOS.OBJ
C:\DEV\WEBC\WEBC\PROJECT\MSVC\WEBCWITHEMGLRTIP\DEBUG JAVASCRIPT UNICODE\VFDOS.SBR
C:\DEV\WEBC\WEBC\PROJECT\MSVC\WEBCWITHEMGLRTIP\DEBUG JAVASCRIPT UNICODE\VFILE.OBJ
C:\DEV\WEBC\WEBC\PROJECT\MSVC\WEBCWITHEMGLRTIP\DEBUG JAVASCRIPT UNICODE\VFILE.SBR
C:\DEV\WEBC\WEBC\PROJECT\MSVC\WEBCWITHEMGLRTIP\DEBUG JAVASCRIPT UNICODE\VFUTIL.OBJ
C:\DEV\WEBC\WEBC\PROJECT\MSVC\WEBCWITHEMGLRTIP\DEBUG JAVASCRIPT UNICODE\VFUTIL.SBR
C:\DEV\WEBC\WEBC\PROJECT\MSVC\WEBCWITHEMGLRTIP\DEBUG JAVASCRIPT UNICODE\VIRTTBL.OBJ
C:\DEV\WEBC\WEBC\PROJECT\MSVC\WEBCWITHEMGLRTIP\DEBUG JAVASCRIPT UNICODE\VIRTTBL.SBR
C:\DEV\WEBC\WEBC\PROJECT\MSVC\WEBCWITHEMGLRTIP\DEBUG JAVASCRIPT UNICODE\VSSLDATA.OBJ
C:\DEV\WEBC\WEBC\PROJECT\MSVC\WEBCWITHEMGLRTIP\DEBUG JAVASCRIPT UNICODE\VSSLDATA.SBR
C:\DEV\WEBC\WEBC\PROJECT\MSVC\WEBCWITHEMGLRTIP\DEBUG JAVASCRIPT UNICODE\VSSOCKET.OBJ
C:\DEV\WEBC\WEBC\PROJECT\MSVC\WEBCWITHEMGLRTIP\DEBUG JAVASCRIPT UNICODE\VSSOCKET.SBR
C:\DEV\WEBC\WEBC\PROJECT\MSVC\WEBCWITHEMGLRTIP\DEBUG JAVASCRIPT UNICODE\VT100C.OBJ
C:\DEV\WEBC\WEBC\PROJECT\MSVC\WEBCWITHEMGLRTIP\DEBUG JAVASCRIPT UNICODE\VT100C.SBR
C:\DEV\WEBC\WEBC\PROJECT\MSVC\WEBCWITHEMGLRTIP\DEBUG JAVASCRIPT UNICODE\WALL4.OBJ
C:\DEV\WEBC\WEBC\PROJECT\MSVC\WEBCWITHEMGLRTIP\DEBUG JAVASCRIPT UNICODE\WALL4.SBR
C:\DEV\WEBC\WEBC\PROJECT\MSVC\WEBCWITHEMGLRTIP\DEBUG JAVASCRIPT UNICODE\WEBAPI.OBJ
C:\DEV\WEBC\WEBC\PROJECT\MSVC\WEBCWITHEMGLRTIP\DEBUG JAVASCRIPT UNICODE\WEBAPI.SBR
C:\DEV\WEBC\WEBC\PROJECT\MSVC\WEBCWITHEMGLRTIP\DEBUG JAVASCRIPT UNICODE\WEBCDEMO_GDIP.BSC
C:\DEV\WEBC\WEBC\PROJECT\MSVC\WEBCWITHEMGLRTIP\DEBUG JAVASCRIPT UNICODE\WEBCDEMO_GDIP.EXE
C:\DEV\WEBC\WEBC\PROJECT\MSVC\WEBCWITHEMGLRTIP\DEBUG JAVASCRIPT UNICODE\WEBCDEMO_GDIP.EXE.EMBED.MANIFEST
C:\DEV\WEBC\WEBC\PROJECT\MSVC\WEBCWITHEMGLRTIP\DEBUG JAVASCRIPT UNICODE\WEBCDEMO_GDIP.EXE.EMBED.MANIFEST.RES
C:\DEV\WEBC\WEBC\PROJECT\MSVC\WEBCWITHEMGLRTIP\DEBUG JAVASCRIPT UNICODE\WEBCDEMO_GDIP.EXE.INTERMEDIATE.MANIFEST
C:\DEV\WEBC\WEBC\PROJECT\MSVC\WEBCWITHEMGLRTIP\DEBUG JAVASCRIPT UNICODE\WEBCDEMO_GDIP.ILK
C:\DEV\WEBC\WEBC\PROJECT\MSVC\WEBCWITHEMGLRTIP\DEBUG JAVASCRIPT UNICODE\WEBCDEMO_GDIP.OBJ
C:\DEV\WEBC\WEBC\PROJECT\MSVC\WEBCWITHEMGLRTIP\DEBUG JAVASCRIPT UNICODE\WEBCDEMO_GDIP.PDB
C:\DEV\WEBC\WEBC\PROJECT\MSVC\WEBCWITHEMGLRTIP\DEBUG JAVASCRIPT UNICODE\WEBCDEMO_GDIP.RES
C:\DEV\WEBC\WEBC\PROJECT\MSVC\WEBCWITHEMGLRTIP\DEBUG JAVASCRIPT UNICODE\WEBCDEMO_GDIP.SBR
C:\dev\webc\WebC\project\msvc\WebCWithEmglRtip\Debug JavaScript Unicode\webcdemo_gdip.write.1.tlog
C:\dev\webc\WebC\project\msvc\WebCWithEmglRtip\Debug JavaScript Unicode\webcdemo_gdip_manifest.rc
C:\DEV\WEBC\WEBC\PROJECT\MSVC\WEBCWITHEMGLRTIP\DEBUG JAVASCRIPT UNICODE\WEBCEMGLINIT.OBJ
C:\DEV\WEBC\WEBC\PROJECT\MSVC\WEBCWITHEMGLRTIP\DEBUG JAVASCRIPT UNICODE\WEBCEMGLINIT.SBR
C:\DEV\WEBC\WEBC\PROJECT\MSVC\WEBCWITHEMGLRTIP\DEBUG JAVASCRIPT UNICODE\WEBCFONTINTERFACE.OBJ
C:\DEV\WEBC\WEBC\PROJECT\MSVC\WEBCWITHEMGLRTIP\DEBUG JAVASCRIPT UNICODE\WEBCFONTINTERFACE.SBR
C:\DEV\WEBC\WEBC\PROJECT\MSVC\WEBCWITHEMGLRTIP\DEBUG JAVASCRIPT UNICODE\WEBCFONTTABLE.OBJ
C:\DEV\WEBC\WEBC\PROJECT\MSVC\WEBCWITHEMGLRTIP\DEBUG JAVASCRIPT UNICODE\WEBCFONTTABLE.SBR
C:\DEV\WEBC\WEBC\PROJECT\MSVC\WEBCWITHEMGLRTIP\DEBUG JAVASCRIPT UNICODE\WEBCGDIP.OBJ
C:\DEV\WEBC\WEBC\PROJECT\MSVC\WEBCWITHEMGLRTIP\DEBUG JAVASCRIPT UNICODE\WEBCGDIP.SBR
C:\DEV\WEBC\WEBC\PROJECT\MSVC\WEBCWITHEMGLRTIP\DEBUG JAVASCRIPT UNICODE\WEBCINTERFACE.OBJ
C:\DEV\WEBC\WEBC\PROJECT\MSVC\WEBCWITHEMGLRTIP\DEBUG JAVASCRIPT UNICODE\WEBCINTERFACE.SBR
C:\DEV\WEBC\WEBC\PROJECT\MSVC\WEBCWITHEMGLRTIP\DEBUG JAVASCRIPT UNICODE\WEBCONS.OBJ
C:\DEV\WEBC\WEBC\PROJECT\MSVC\WEBCWITHEMGLRTIP\DEBUG JAVASCRIPT UNICODE\WEBCONS.SBR
C:\DEV\WEBC\WEBC\PROJECT\MSVC\WEBCWITHEMGLRTIP\DEBUG JAVASCRIPT UNICODE\WEBDATA.OBJ
C:\DEV\WEBC\WEBC\PROJECT\MSVC\WEBCWITHEMGLRTIP\DEBUG JAVASCRIPT UNICODE\WEBDATA.SBR
C:\DEV\WEBC\WEBC\PROJECT\MSVC\WEBCWITHEMGLRTIP\DEBUG JAVASCRIPT UNICODE\WEBPROC.OBJ
C:\DEV\WEBC\WEBC\PROJECT\MSVC\WEBCWITHEMGLRTIP\DEBUG JAVASCRIPT UNICODE\WEBPROC.SBR
C:\DEV\WEBC\WEBC\PROJECT\MSVC\WEBCWITHEMGLRTIP\DEBUG JAVASCRIPT UNICODE\WFGDIP.OBJ
C:\DEV\WEBC\WEBC\PROJECT\MSVC\WEBCWITHEMGLRTIP\DEBUG JAVASCRIPT UNICODE\WFGDIP.SBR
C:\DEV\WEBC\WEBC\PROJECT\MSVC\WEBCWITHEMGLRTIP\DEBUG JAVASCRIPT UNICODE\WIND.OBJ
C:\DEV\WEBC\WEBC\PROJECT\MSVC\WEBCWITHEMGLRTIP\DEBUG JAVASCRIPT UNICODE\WIND.SBR
C:\DEV\WEBC\WEBC\PROJECT\MSVC\WEBCWITHEMGLRTIP\DEBUG JAVASCRIPT UNICODE\WINDOWEXAMPLE.OBJ
C:\DEV\WEBC\WEBC\PROJECT\MSVC\WEBCWITHEMGLRTIP\DEBUG JAVASCRIPT UNICODE\WINDOWEXAMPLE.SBR
C:\DEV\WEBC\WEBC\PROJECT\MSVC\WEBCWITHEMGLRTIP\DEBUG JAVASCRIPT UNICODE\WINDOWOBJECT.OBJ
C:\DEV\WEBC\WEBC\PROJECT\MSVC\WEBCWITHEMGLRTIP\DEBUG JAVASCRIPT UNICODE\WINDOWOBJECT.SBR
C:\DEV\WEBC\WEBC\PROJECT\MSVC\WEBCWITHEMGLRTIP\DEBUG JAVASCRIPT UNICODE\WINDOWSBITMAPCONFIG.OBJ
C:\DEV\WEBC\WEBC\PROJECT\MSVC\WEBCWITHEMGLRTIP\DEBUG JAVASCRIPT UNICODE\WINDOWSBITMAPCONFIG.SBR
C:\DEV\WEBC\WEBC\PROJECT\MSVC\WEBCWITHEMGLRTIP\DEBUG JAVASCRIPT UNICODE\WINDOWSBITMAPEVENTING.OBJ
C:\DEV\WEBC\WEBC\PROJECT\MSVC\WEBCWITHEMGLRTIP\DEBUG JAVASCRIPT UNICODE\WINDOWSBITMAPEVENTING.SBR
C:\DEV\WEBC\WEBC\PROJECT\MSVC\WEBCWITHEMGLRTIP\DEBUG JAVASCRIPT UNICODE\WINDOWSBITMAPFRAMEBUFFER.OBJ
C:\DEV\WEBC\WEBC\PROJECT\MSVC\WEBCWITHEMGLRTIP\DEBUG JAVASCRIPT UNICODE\WINDOWSBITMAPFRAMEBUFFER.SBR
C:\DEV\WEBC\WEBC\PROJECT\MSVC\WEBCWITHEMGLRTIP\DEBUG JAVASCRIPT UNICODE\WINPCAP.OBJ
C:\DEV\WEBC\WEBC\PROJECT\MSVC\WEBCWITHEMGLRTIP\DEBUG JAVASCRIPT UNICODE\WINPCAP.SBR
C:\DEV\WEBC\WEBC\PROJECT\MSVC\WEBCWITHEMGLRTIP\DEBUG JAVASCRIPT UNICODE\WINPCAPI.OBJ
C:\DEV\WEBC\WEBC\PROJECT\MSVC\WEBCWITHEMGLRTIP\DEBUG JAVASCRIPT UNICODE\WINPCAPI.SBR
C:\DEV\WEBC\WEBC\PROJECT\MSVC\WEBCWITHEMGLRTIP\DEBUG JAVASCRIPT UNICODE\XMLUTILITIES.OBJ
C:\DEV\WEBC\WEBC\PROJECT\MSVC\WEBCWITHEMGLRTIP\DEBUG JAVASCRIPT UNICODE\XMLUTILITIES.SBR
Debug JavaScript Unicode\webcdemo_gdip.bsc
Debug JavaScript Unicode\webcdemo_gdip.ilk
Debug JavaScript Unicode\webcdemo_gdip.pdb
