Build started 6/1/2011 10:23:54 AM.
     1>Project "C:\Moto_Project\ebs_merge_10_14\WebC\project\msvc.net\webcpeg_win32\webcpeg_win32.vcxproj" on node 2 (build target(s)).
     1>InitializeBuildStatus:
         Creating ".\Debug\webcpeg_win32.unsuccessfulbuild" because "AlwaysCreate" was specified.
       ClCompile:
         C:\Program Files\Microsoft Visual Studio 10.0\VC\bin\CL.exe /c /I..\..\..\gui\peg\include /I..\..\..\..\..\peg\include /I..\..\..\..\..\peg\include\scrndrv /I..\..\..\include\util /I..\..\..\include\protocol /I..\..\..\include\minigui /I..\..\..\include\jscript /I..\..\..\include\imgdecode /I..\..\..\include\imgconvert /I..\..\..\include\htmldom /I..\..\..\include\htmldisplay /I..\..\..\include\browser /I..\..\..\gui\windows\include /I..\..\..\..\..\rtplatform\v0.4\include\ms32 /I..\..\..\..\..\rtplatform\v0.4\include /I..\..\..\lib\mozilla /ZI /nologo /W3 /WX- /Od /Oy- /D _DEBUG /D WEBC_DEBUG /D RTP_TRACK_LOCAL_MEMORY /D WIN32 /D _LIB /D __WEBC__ /D _VC80_UPGRADE=0x0710 /D _MBCS /Gm- /EHsc /RTC1 /MTd /GS /fp:precise /Zc:wchar_t /Zc:forScope /Fo".\Debug/" /Fd".\Debug/vc100.pdb" /Gd /TP /analyze- /errorReport:prompt ..\..\..\gui\peg\source\fonts\Arial10.cpp ..\..\..\gui\peg\source\fonts\Arial10b.cpp ..\..\..\gui\peg\source\fonts\Arial10bi.cpp ..\..\..\gui\peg\source\fonts\Arial10i.cpp ..\..\..\gui\peg\source\fonts\Arial11.cpp ..\..\..\gui\peg\source\fonts\Arial11b.cpp ..\..\..\gui\peg\source\fonts\Arial11bi.cpp ..\..\..\gui\peg\source\fonts\Arial11i.cpp ..\..\..\gui\peg\source\fonts\Arial12.cpp ..\..\..\gui\peg\source\fonts\Arial12b.cpp ..\..\..\gui\peg\source\fonts\Arial12bi.cpp ..\..\..\gui\peg\source\fonts\Arial12i.cpp ..\..\..\gui\peg\source\fonts\Arial13.cpp ..\..\..\gui\peg\source\fonts\Arial13b.cpp ..\..\..\gui\peg\source\fonts\Arial13bi.cpp ..\..\..\gui\peg\source\fonts\Arial13i.cpp ..\..\..\gui\peg\source\fonts\Arial14.cpp ..\..\..\gui\peg\source\fonts\Arial14b.cpp ..\..\..\gui\peg\source\fonts\Arial14bi.cpp ..\..\..\gui\peg\source\fonts\Arial14i.cpp ..\..\..\gui\peg\source\fonts\Arial16.cpp ..\..\..\gui\peg\source\fonts\Arial16b.cpp ..\..\..\gui\peg\source\fonts\Arial16bi.cpp ..\..\..\gui\peg\source\fonts\Arial16i.cpp ..\..\..\gui\peg\source\fonts\Arial18.cpp ..\..\..\gui\peg\source\fonts\Arial18b.cpp ..\..\..\gui\peg\source\fonts\Arial18bi.cpp ..\..\..\gui\peg\source\fonts\Arial18i.cpp ..\..\..\gui\peg\source\fonts\Arial20.cpp ..\..\..\gui\peg\source\fonts\Arial20b.cpp ..\..\..\gui\peg\source\fonts\Arial20bi.cpp ..\..\..\gui\peg\source\fonts\Arial20i.cpp ..\..\..\gui\peg\source\fonts\Arial24.cpp ..\..\..\gui\peg\source\fonts\Arial24b.cpp ..\..\..\gui\peg\source\fonts\Arial24bi.cpp ..\..\..\gui\peg\source\fonts\Arial24i.cpp ..\..\..\gui\peg\source\fonts\Arial30.cpp ..\..\..\gui\peg\source\fonts\Arial30b.cpp ..\..\..\gui\peg\source\fonts\Arial30bi.cpp ..\..\..\gui\peg\source\fonts\Arial30i.cpp ..\..\..\gui\peg\source\fonts\Arial36.cpp ..\..\..\gui\peg\source\fonts\Arial36b.cpp ..\..\..\gui\peg\source\fonts\Arial36bi.cpp ..\..\..\gui\peg\source\fonts\Arial36i.cpp ..\..\..\gui\peg\source\fonts\Arial6.cpp ..\..\..\gui\peg\source\fonts\Arial6b.cpp ..\..\..\gui\peg\source\fonts\Arial6bi.cpp ..\..\..\gui\peg\source\fonts\Arial6i.cpp ..\..\..\gui\peg\source\fonts\Arial7.cpp ..\..\..\gui\peg\source\fonts\Arial7b.cpp ..\..\..\gui\peg\source\fonts\Arial7bi.cpp ..\..\..\gui\peg\source\fonts\Arial7i.cpp ..\..\..\gui\peg\source\fonts\Arial8.cpp ..\..\..\gui\peg\source\fonts\Arial8b.cpp ..\..\..\gui\peg\source\fonts\Arial8bi.cpp ..\..\..\gui\peg\source\fonts\Arial8i.cpp ..\..\..\gui\peg\source\fonts\Arial9.cpp ..\..\..\gui\peg\source\fonts\Arial9b.cpp ..\..\..\gui\peg\source\fonts\Arial9bi.cpp ..\..\..\gui\peg\source\fonts\Arial9i.cpp ..\..\..\gui\peg\source\fonts\Courier10.cpp ..\..\..\gui\peg\source\fonts\Courier10b.cpp ..\..\..\gui\peg\source\fonts\Courier10bi.cpp ..\..\..\gui\peg\source\fonts\Courier10i.cpp ..\..\..\gui\peg\source\fonts\Courier11.cpp ..\..\..\gui\peg\source\fonts\Courier11b.cpp ..\..\..\gui\peg\source\fonts\Courier11bi.cpp ..\..\..\gui\peg\source\fonts\Courier11i.cpp ..\..\..\gui\peg\source\fonts\Courier12.cpp ..\..\..\gui\peg\source\fonts\Courier12b.cpp ..\..\..\gui\peg\source\fonts\Courier12bi.cpp ..\..\..\gui\peg\source\fonts\Courier12i.cpp ..\..\..\gui\peg\source\fonts\Courier13.cpp ..\..\..\gui\peg\source\fonts\Courier13b.cpp ..\..\..\gui\peg\source\fonts\Courier13bi.cpp ..\..\..\gui\peg\source\fonts\Courier13i.cpp ..\..\..\gui\peg\source\fonts\Courier14.cpp ..\..\..\gui\peg\source\fonts\Courier14b.cpp ..\..\..\gui\peg\source\fonts\Courier14bi.cpp ..\..\..\gui\peg\source\fonts\Courier14i.cpp ..\..\..\gui\peg\source\fonts\Courier16.cpp ..\..\..\gui\peg\source\fonts\Courier16b.cpp ..\..\..\gui\peg\source\fonts\Courier16bi.cpp ..\..\..\gui\peg\source\fonts\Courier16i.cpp ..\..\..\gui\peg\source\fonts\Courier18.cpp ..\..\..\gui\peg\source\fonts\Courier18b.cpp ..\..\..\gui\peg\source\fonts\Courier18bi.cpp ..\..\..\gui\peg\source\fonts\Courier18i.cpp ..\..\..\gui\peg\source\fonts\Courier20.cpp ..\..\..\gui\peg\source\fonts\Courier20b.cpp ..\..\..\gui\peg\source\fonts\Courier20bi.cpp ..\..\..\gui\peg\source\fonts\Courier20i.cpp ..\..\..\gui\peg\source\fonts\Courier24.cpp ..\..\..\gui\peg\source\fonts\Courier24b.cpp ..\..\..\gui\peg\source\fonts\Courier24bi.cpp ..\..\..\gui\peg\source\fonts\Courier24i.cpp ..\..\..\gui\peg\source\fonts\Courier30.cpp ..\..\..\gui\peg\source\fonts\Courier30b.cpp ..\..\..\gui\peg\source\fonts\Courier30bi.cpp ..\..\..\gui\peg\source\fonts\Courier30i.cpp ..\..\..\gui\peg\source\fonts\Courier36.cpp ..\..\..\gui\peg\source\fonts\Courier36b.cpp ..\..\..\gui\peg\source\fonts\Courier36bi.cpp ..\..\..\gui\peg\source\fonts\Courier36i.cpp ..\..\..\gui\peg\source\fonts\Courier6.cpp ..\..\..\gui\peg\source\fonts\Courier6b.cpp ..\..\..\gui\peg\source\fonts\Courier6bi.cpp ..\..\..\gui\peg\source\fonts\Courier6i.cpp ..\..\..\gui\peg\source\fonts\Courier7.cpp ..\..\..\gui\peg\source\fonts\Courier7b.cpp ..\..\..\gui\peg\source\fonts\Courier7bi.cpp ..\..\..\gui\peg\source\fonts\Courier7i.cpp ..\..\..\gui\peg\source\fonts\Courier8.cpp ..\..\..\gui\peg\source\fonts\Courier8b.cpp ..\..\..\gui\peg\source\fonts\Courier8bi.cpp ..\..\..\gui\peg\source\fonts\Courier8i.cpp ..\..\..\gui\peg\source\fonts\Courier9.cpp ..\..\..\gui\peg\source\fonts\Courier9b.cpp ..\..\..\gui\peg\source\fonts\Courier9bi.cpp ..\..\..\gui\peg\source\fonts\Courier9i.cpp ..\..\..\gui\peg\source\fonts\TIMES1.CPP ..\..\..\gui\peg\source\fonts\TIMES1B.CPP ..\..\..\gui\peg\source\fonts\TIMES1BI.CPP ..\..\..\gui\peg\source\fonts\TIMES1I.CPP ..\..\..\gui\peg\source\fonts\TIMES2.CPP ..\..\..\gui\peg\source\fonts\TIMES2B.CPP ..\..\..\gui\peg\source\fonts\TIMES2BI.CPP ..\..\..\gui\peg\source\fonts\TIMES2I.CPP ..\..\..\gui\peg\source\fonts\TIMES3.CPP ..\..\..\gui\peg\source\fonts\TIMES3B.CPP ..\..\..\gui\peg\source\fonts\TIMES3BI.CPP ..\..\..\gui\peg\source\fonts\TIMES3I.CPP ..\..\..\gui\peg\source\fonts\TIMES4.CPP ..\..\..\gui\peg\source\fonts\TIMES4B.CPP ..\..\..\gui\peg\source\fonts\TIMES4BI.CPP ..\..\..\gui\peg\source\fonts\TIMES4I.CPP ..\..\..\gui\peg\source\fonts\TIMES5.CPP ..\..\..\gui\peg\source\fonts\TIMES5B.CPP ..\..\..\gui\peg\source\fonts\TIMES5BI.CPP ..\..\..\gui\peg\source\fonts\TIMES5I.CPP ..\..\..\gui\peg\source\fonts\TIMES6.CPP ..\..\..\gui\peg\source\fonts\TIMES6B.CPP ..\..\..\gui\peg\source\fonts\TIMES6BI.CPP ..\..\..\gui\peg\source\fonts\TIMES6I.CPP ..\..\..\gui\peg\source\fonts\TIMES7.CPP ..\..\..\gui\peg\source\fonts\TIMES7B.CPP ..\..\..\gui\peg\source\fonts\TIMES7BI.CPP ..\..\..\gui\peg\source\fonts\TIMES7I.CPP ..\..\..\gui\peg\source\fonts\Times10.cpp ..\..\..\gui\peg\source\fonts\Times10b.cpp ..\..\..\gui\peg\source\fonts\Times10bi.cpp ..\..\..\gui\peg\source\fonts\Times10i.cpp ..\..\..\gui\peg\source\fonts\Times11.cpp ..\..\..\gui\peg\source\fonts\Times11b.cpp ..\..\..\gui\peg\source\fonts\Times11bi.cpp ..\..\..\gui\peg\source\fonts\Times11i.cpp ..\..\..\gui\peg\source\fonts\Times12.cpp ..\..\..\gui\peg\source\fonts\Times12b.cpp ..\..\..\gui\peg\source\fonts\Times12bi.cpp ..\..\..\gui\peg\source\fonts\Times12i.cpp ..\..\..\gui\peg\source\fonts\Times13.cpp ..\..\..\gui\peg\source\fonts\Times13b.cpp ..\..\..\gui\peg\source\fonts\Times13bi.cpp ..\..\..\gui\peg\source\fonts\Times13i.cpp ..\..\..\gui\peg\source\fonts\Times14.cpp ..\..\..\gui\peg\source\fonts\Times14b.cpp ..\..\..\gui\peg\source\fonts\Times14bi.cpp ..\..\..\gui\peg\source\fonts\Times14i.cpp ..\..\..\gui\peg\source\fonts\Times16.cpp ..\..\..\gui\peg\source\fonts\Times16b.cpp ..\..\..\gui\peg\source\fonts\Times16bi.cpp ..\..\..\gui\peg\source\fonts\Times16i.cpp ..\..\..\gui\peg\source\fonts\Times18.cpp ..\..\..\gui\peg\source\fonts\Times18b.cpp ..\..\..\gui\peg\source\fonts\Times18bi.cpp ..\..\..\gui\peg\source\fonts\Times18i.cpp ..\..\..\gui\peg\source\fonts\Times20.cpp ..\..\..\gui\peg\source\fonts\Times20b.cpp ..\..\..\gui\peg\source\fonts\Times20bi.cpp ..\..\..\gui\peg\source\fonts\Times20i.cpp ..\..\..\gui\peg\source\fonts\Times24.cpp ..\..\..\gui\peg\source\fonts\Times24b.cpp ..\..\..\gui\peg\source\fonts\Times24bi.cpp ..\..\..\gui\peg\source\fonts\Times24i.cpp ..\..\..\gui\peg\source\fonts\Times30.cpp ..\..\..\gui\peg\source\fonts\Times30b.cpp ..\..\..\gui\peg\source\fonts\Times30bi.cpp ..\..\..\gui\peg\source\fonts\Times30i.cpp ..\..\..\gui\peg\source\fonts\Times36.cpp ..\..\..\gui\peg\source\fonts\Times36b.cpp ..\..\..\gui\peg\source\fonts\Times36bi.cpp ..\..\..\gui\peg\source\fonts\Times36i.cpp ..\..\..\gui\peg\source\fonts\Times8.cpp ..\..\..\gui\peg\source\fonts\Times8b.cpp ..\..\..\gui\peg\source\fonts\Times8bi.cpp ..\..\..\gui\peg\source\fonts\Times8i.cpp ..\..\..\gui\peg\source\fonts\Times9.cpp ..\..\..\gui\peg\source\fonts\Times9b.cpp ..\..\..\gui\peg\source\fonts\Times9bi.cpp ..\..\..\gui\peg\source\fonts\Times9i.cpp ..\..\..\gui\peg\source\fonts\Verdana10.cpp ..\..\..\gui\peg\source\fonts\Verdana10b.cpp ..\..\..\gui\peg\source\fonts\Verdana10bi.cpp ..\..\..\gui\peg\source\fonts\Verdana10i.cpp ..\..\..\gui\peg\source\fonts\Verdana11.cpp ..\..\..\gui\peg\source\fonts\Verdana11b.cpp ..\..\..\gui\peg\source\fonts\Verdana11bi.cpp ..\..\..\gui\peg\source\fonts\Verdana11i.cpp ..\..\..\gui\peg\source\fonts\Verdana12.cpp ..\..\..\gui\peg\source\fonts\Verdana12b.cpp ..\..\..\gui\peg\source\fonts\Verdana12bi.cpp ..\..\..\gui\peg\source\fonts\Verdana12i.cpp ..\..\..\gui\peg\source\fonts\Verdana13.cpp ..\..\..\gui\peg\source\fonts\Verdana13b.cpp ..\..\..\gui\peg\source\fonts\Verdana13bi.cpp ..\..\..\gui\peg\source\fonts\Verdana13i.cpp ..\..\..\gui\peg\source\fonts\Verdana14.cpp ..\..\..\gui\peg\source\fonts\Verdana14b.cpp ..\..\..\gui\peg\source\fonts\Verdana14bi.cpp ..\..\..\gui\peg\source\fonts\Verdana14i.cpp ..\..\..\gui\peg\source\fonts\Verdana16.cpp ..\..\..\gui\peg\source\fonts\Verdana16b.cpp ..\..\..\gui\peg\source\fonts\Verdana16bi.cpp ..\..\..\gui\peg\source\fonts\Verdana16i.cpp ..\..\..\gui\peg\source\fonts\Verdana18.cpp ..\..\..\gui\peg\source\fonts\Verdana18b.cpp ..\..\..\gui\peg\source\fonts\Verdana18bi.cpp ..\..\..\gui\peg\source\fonts\Verdana18i.cpp ..\..\..\gui\peg\source\fonts\Verdana20.cpp ..\..\..\gui\peg\source\fonts\Verdana20b.cpp ..\..\..\gui\peg\source\fonts\Verdana20bi.cpp ..\..\..\gui\peg\source\fonts\Verdana20i.cpp ..\..\..\gui\peg\source\fonts\Verdana24.cpp ..\..\..\gui\peg\source\fonts\Verdana24b.cpp ..\..\..\gui\peg\source\fonts\Verdana24bi.cpp ..\..\..\gui\peg\source\fonts\Verdana24i.cpp ..\..\..\gui\peg\source\fonts\Verdana30.cpp ..\..\..\gui\peg\source\fonts\Verdana30b.cpp ..\..\..\gui\peg\source\fonts\Verdana30bi.cpp ..\..\..\gui\peg\source\fonts\Verdana30i.cpp ..\..\..\gui\peg\source\fonts\Verdana36.cpp ..\..\..\gui\peg\source\fonts\Verdana36b.cpp ..\..\..\gui\peg\source\fonts\Verdana36bi.cpp ..\..\..\gui\peg\source\fonts\Verdana36i.cpp ..\..\..\gui\peg\source\fonts\Verdana6.cpp ..\..\..\gui\peg\source\fonts\Verdana6b.cpp ..\..\..\gui\peg\source\fonts\Verdana6bi.cpp ..\..\..\gui\peg\source\fonts\Verdana6i.cpp ..\..\..\gui\peg\source\fonts\Verdana7.cpp ..\..\..\gui\peg\source\fonts\Verdana7b.cpp ..\..\..\gui\peg\source\fonts\Verdana7bi.cpp ..\..\..\gui\peg\source\fonts\Verdana7i.cpp ..\..\..\gui\peg\source\fonts\Verdana8.cpp ..\..\..\gui\peg\source\fonts\Verdana8B.cpp ..\..\..\gui\peg\source\fonts\Verdana8bi.cpp ..\..\..\gui\peg\source\fonts\Verdana8i.cpp ..\..\..\gui\peg\source\fonts\Verdana9.cpp ..\..\..\gui\peg\source\fonts\Verdana9b.cpp ..\..\..\gui\peg\source\fonts\Verdana9bi.cpp ..\..\..\gui\peg\source\fonts\Verdana9i.cpp ..\..\..\gui\peg\source\pwebwin.cpp ..\..\..\gui\peg\source\webcpeg.cpp ..\..\..\gui\peg\source\wfpeg.cpp
         Arial10.cpp
         Arial10b.cpp
         Arial10bi.cpp
         Arial10i.cpp
         Arial11.cpp
         Arial11b.cpp
         Arial11bi.cpp
         Arial11i.cpp
         Arial12.cpp
         Arial12b.cpp
         Arial12bi.cpp
         Arial12i.cpp
         Arial13.cpp
         Arial13b.cpp
         Arial13bi.cpp
         Arial13i.cpp
         Arial14.cpp
         Arial14b.cpp
         Arial14bi.cpp
         Arial14i.cpp
         Generating Code...
         Compiling...
         Arial16.cpp
         Arial16b.cpp
         Arial16bi.cpp
         Arial16i.cpp
         Arial18.cpp
         Arial18b.cpp
         Arial18bi.cpp
         Arial18i.cpp
         Arial20.cpp
         Arial20b.cpp
         Arial20bi.cpp
         Arial20i.cpp
         Arial24.cpp
         Arial24b.cpp
         Arial24bi.cpp
         Arial24i.cpp
         Arial30.cpp
         Arial30b.cpp
         Arial30bi.cpp
         Arial30i.cpp
         Generating Code...
         Compiling...
         Arial36.cpp
         Arial36b.cpp
         Arial36bi.cpp
         Arial36i.cpp
         Arial6.cpp
         Arial6b.cpp
         Arial6bi.cpp
         Arial6i.cpp
         Arial7.cpp
         Arial7b.cpp
         Arial7bi.cpp
         Arial7i.cpp
         Arial8.cpp
         Arial8b.cpp
         Arial8bi.cpp
         Arial8i.cpp
         Arial9.cpp
         Arial9b.cpp
         Arial9bi.cpp
         Arial9i.cpp
         Generating Code...
         Compiling...
         Courier10.cpp
         Courier10b.cpp
         Courier10bi.cpp
         Courier10i.cpp
         Courier11.cpp
         Courier11b.cpp
         Courier11bi.cpp
         Courier11i.cpp
         Courier12.cpp
         Courier12b.cpp
         Courier12bi.cpp
         Courier12i.cpp
         Courier13.cpp
         Courier13b.cpp
         Courier13bi.cpp
         Courier13i.cpp
         Courier14.cpp
         Courier14b.cpp
         Courier14bi.cpp
         Courier14i.cpp
         Generating Code...
         Compiling...
         Courier16.cpp
         Courier16b.cpp
         Courier16bi.cpp
         Courier16i.cpp
         Courier18.cpp
         Courier18b.cpp
         Courier18bi.cpp
         Courier18i.cpp
         Courier20.cpp
         Courier20b.cpp
         Courier20bi.cpp
         Courier20i.cpp
         Courier24.cpp
         Courier24b.cpp
         Courier24bi.cpp
         Courier24i.cpp
         Courier30.cpp
         Courier30b.cpp
         Courier30bi.cpp
         Courier30i.cpp
         Generating Code...
         Compiling...
         Courier36.cpp
         Courier36b.cpp
         Courier36bi.cpp
         Courier36i.cpp
         Courier6.cpp
         Courier6b.cpp
         Courier6bi.cpp
         Courier6i.cpp
         Courier7.cpp
         Courier7b.cpp
         Courier7bi.cpp
         Courier7i.cpp
         Courier8.cpp
         Courier8b.cpp
         Courier8bi.cpp
         Courier8i.cpp
         Courier9.cpp
         Courier9b.cpp
         Courier9bi.cpp
         Courier9i.cpp
         Generating Code...
         Compiling...
         TIMES1.CPP
         TIMES1B.CPP
         TIMES1BI.CPP
         TIMES1I.CPP
         TIMES2.CPP
         TIMES2B.CPP
         TIMES2BI.CPP
         TIMES2I.CPP
         TIMES3.CPP
         TIMES3B.CPP
         TIMES3BI.CPP
         TIMES3I.CPP
         TIMES4.CPP
         TIMES4B.CPP
         TIMES4BI.CPP
         TIMES4I.CPP
         TIMES5.CPP
         TIMES5B.CPP
         TIMES5BI.CPP
         TIMES5I.CPP
         Generating Code...
         Compiling...
         TIMES6.CPP
         TIMES6B.CPP
         TIMES6BI.CPP
         TIMES6I.CPP
         TIMES7.CPP
         TIMES7B.CPP
         TIMES7BI.CPP
         TIMES7I.CPP
         Times10.cpp
         Times10b.cpp
         Times10bi.cpp
         Times10i.cpp
         Times11.cpp
         Times11b.cpp
         Times11bi.cpp
         Times11i.cpp
         Times12.cpp
         Times12b.cpp
         Times12bi.cpp
         Times12i.cpp
         Generating Code...
         Compiling...
         Times13.cpp
         Times13b.cpp
         Times13bi.cpp
         Times13i.cpp
         Times14.cpp
         Times14b.cpp
         Times14bi.cpp
         Times14i.cpp
         Times16.cpp
         Times16b.cpp
         Times16bi.cpp
         Times16i.cpp
         Times18.cpp
         Times18b.cpp
         Times18bi.cpp
         Times18i.cpp
         Times20.cpp
         Times20b.cpp
         Times20bi.cpp
         Times20i.cpp
         Generating Code...
         Compiling...
         Times24.cpp
         Times24b.cpp
         Times24bi.cpp
         Times24i.cpp
         Times30.cpp
         Times30b.cpp
         Times30bi.cpp
         Times30i.cpp
         Times36.cpp
         Times36b.cpp
         Times36bi.cpp
         Times36i.cpp
         Times8.cpp
         Times8b.cpp
         Times8bi.cpp
         Times8i.cpp
         Times9.cpp
         Times9b.cpp
         Times9bi.cpp
         Times9i.cpp
         Generating Code...
         Compiling...
         Verdana10.cpp
         Verdana10b.cpp
         Verdana10bi.cpp
         Verdana10i.cpp
         Verdana11.cpp
         Verdana11b.cpp
         Verdana11bi.cpp
         Verdana11i.cpp
         Verdana12.cpp
         Verdana12b.cpp
         Verdana12bi.cpp
         Verdana12i.cpp
         Verdana13.cpp
         Verdana13b.cpp
         Verdana13bi.cpp
         Verdana13i.cpp
         Verdana14.cpp
         Verdana14b.cpp
         Verdana14bi.cpp
         Verdana14i.cpp
         Generating Code...
         Compiling...
         Verdana16.cpp
         Verdana16b.cpp
         Verdana16bi.cpp
         Verdana16i.cpp
         Verdana18.cpp
         Verdana18b.cpp
         Verdana18bi.cpp
         Verdana18i.cpp
         Verdana20.cpp
         Verdana20b.cpp
         Verdana20bi.cpp
         Verdana20i.cpp
         Verdana24.cpp
         Verdana24b.cpp
         Verdana24bi.cpp
         Verdana24i.cpp
         Verdana30.cpp
         Verdana30b.cpp
         Verdana30bi.cpp
         Verdana30i.cpp
         Generating Code...
         Compiling...
         Verdana36.cpp
         Verdana36b.cpp
         Verdana36bi.cpp
         Verdana36i.cpp
         Verdana6.cpp
         Verdana6b.cpp
         Verdana6bi.cpp
         Verdana6i.cpp
         Verdana7.cpp
         Verdana7b.cpp
         Verdana7bi.cpp
         Verdana7i.cpp
         Verdana8.cpp
         Verdana8B.cpp
         Verdana8bi.cpp
         Verdana8i.cpp
         Verdana9.cpp
         Verdana9b.cpp
         Verdana9bi.cpp
         Verdana9i.cpp
         Generating Code...
         Compiling...
         pwebwin.cpp
         webcpeg.cpp
         wfpeg.cpp
         Generating Code...
     1>C:\Program Files\MSBuild\Microsoft.Cpp\v4.0\Microsoft.CppBuild.targets(1151,5): warning MSB8012: TargetPath(C:\Moto_Project\ebs_merge_10_14\WebC\project\msvc.net\webcpeg_win32\.\Debug\webcpeg_win32.lib) does not match the Library's OutputFile property value (C:\Moto_Project\ebs_merge_10_14\WebC\project\msvc.net\webcpeg_win32\Debug\webcpeg.lib). This may cause your project to build incorrectly. To correct this, please make sure that $(OutDir), $(TargetName) and $(TargetExt) property values match the value specified in %(Lib.OutputFile).
     1>C:\Program Files\MSBuild\Microsoft.Cpp\v4.0\Microsoft.CppBuild.targets(1153,5): warning MSB8012: TargetName(webcpeg_win32) does not match the Library's OutputFile property value (webcpeg). This may cause your project to build incorrectly. To correct this, please make sure that $(OutDir), $(TargetName) and $(TargetExt) property values match the value specified in %(Lib.OutputFile).
       Lib:
         C:\Program Files\Microsoft Visual Studio 10.0\VC\bin\Lib.exe /OUT:".\Debug\webcpeg.lib" /NOLOGO .\Debug/pwebwin.obj
         .\Debug/webcpeg.obj
         .\Debug/wfpeg.obj
         .\Debug/Arial10.obj
         .\Debug/Arial10b.obj
         .\Debug/Arial10bi.obj
         .\Debug/Arial10i.obj
         .\Debug/Arial11.obj
         .\Debug/Arial11b.obj
         .\Debug/Arial11bi.obj
         .\Debug/Arial11i.obj
         .\Debug/Arial12.obj
         .\Debug/Arial12b.obj
         .\Debug/Arial12bi.obj
         .\Debug/Arial12i.obj
         .\Debug/Arial13.obj
         .\Debug/Arial13b.obj
         .\Debug/Arial13bi.obj
         .\Debug/Arial13i.obj
         .\Debug/Arial14.obj
         .\Debug/Arial14b.obj
         .\Debug/Arial14bi.obj
         .\Debug/Arial14i.obj
         .\Debug/Arial16.obj
         .\Debug/Arial16b.obj
         .\Debug/Arial16bi.obj
         .\Debug/Arial16i.obj
         .\Debug/Arial18.obj
         .\Debug/Arial18b.obj
         .\Debug/Arial18bi.obj
         .\Debug/Arial18i.obj
         .\Debug/Arial20.obj
         .\Debug/Arial20b.obj
         .\Debug/Arial20bi.obj
         .\Debug/Arial20i.obj
         .\Debug/Arial24.obj
         .\Debug/Arial24b.obj
         .\Debug/Arial24bi.obj
         .\Debug/Arial24i.obj
         .\Debug/Arial30.obj
         .\Debug/Arial30b.obj
         .\Debug/Arial30bi.obj
         .\Debug/Arial30i.obj
         .\Debug/Arial36.obj
         .\Debug/Arial36b.obj
         .\Debug/Arial36bi.obj
         .\Debug/Arial36i.obj
         .\Debug/Arial6.obj
         .\Debug/Arial6b.obj
         .\Debug/Arial6bi.obj
         .\Debug/Arial6i.obj
         .\Debug/Arial7.obj
         .\Debug/Arial7b.obj
         .\Debug/Arial7bi.obj
         .\Debug/Arial7i.obj
         .\Debug/Arial8.obj
         .\Debug/Arial8b.obj
         .\Debug/Arial8bi.obj
         .\Debug/Arial8i.obj
         .\Debug/Arial9.obj
         .\Debug/Arial9b.obj
         .\Debug/Arial9bi.obj
         .\Debug/Arial9i.obj
         .\Debug/ArialUnicode.obj
         .\Debug/Courier10.obj
         .\Debug/Courier10b.obj
         .\Debug/Courier10bi.obj
         .\Debug/Courier10i.obj
         .\Debug/Courier11.obj
         .\Debug/Courier11b.obj
         .\Debug/Courier11bi.obj
         .\Debug/Courier11i.obj
         .\Debug/Courier12.obj
         .\Debug/Courier12b.obj
         .\Debug/Courier12bi.obj
         .\Debug/Courier12i.obj
         .\Debug/Courier13.obj
         .\Debug/Courier13b.obj
         .\Debug/Courier13bi.obj
         .\Debug/Courier13i.obj
         .\Debug/Courier14.obj
         .\Debug/Courier14b.obj
         .\Debug/Courier14bi.obj
         .\Debug/Courier14i.obj
         .\Debug/Courier16.obj
         .\Debug/Courier16b.obj
         .\Debug/Courier16bi.obj
         .\Debug/Courier16i.obj
         .\Debug/Courier18.obj
         .\Debug/Courier18b.obj
         .\Debug/Courier18bi.obj
         .\Debug/Courier18i.obj
         .\Debug/Courier20.obj
         .\Debug/Courier20b.obj
         .\Debug/Courier20bi.obj
         .\Debug/Courier20i.obj
         .\Debug/Courier24.obj
         .\Debug/Courier24b.obj
         .\Debug/Courier24bi.obj
         .\Debug/Courier24i.obj
         .\Debug/Courier30.obj
         .\Debug/Courier30b.obj
         .\Debug/Courier30bi.obj
         .\Debug/Courier30i.obj
         .\Debug/Courier36.obj
         .\Debug/Courier36b.obj
         .\Debug/Courier36bi.obj
         .\Debug/Courier36i.obj
         .\Debug/Courier6.obj
         .\Debug/Courier6b.obj
         .\Debug/Courier6bi.obj
         .\Debug/Courier6i.obj
         .\Debug/Courier7.obj
         .\Debug/Courier7b.obj
         .\Debug/Courier7bi.obj
         .\Debug/Courier7i.obj
         .\Debug/Courier8.obj
         .\Debug/Courier8b.obj
         .\Debug/Courier8bi.obj
         .\Debug/Courier8i.obj
         .\Debug/Courier9.obj
         .\Debug/Courier9b.obj
         .\Debug/Courier9bi.obj
         .\Debug/Courier9i.obj
         .\Debug/TIMES1.obj
         .\Debug/Times10.obj
         .\Debug/Times10b.obj
         .\Debug/Times10bi.obj
         .\Debug/Times10i.obj
         .\Debug/Times11.obj
         .\Debug/Times11b.obj
         .\Debug/Times11bi.obj
         .\Debug/Times11i.obj
         .\Debug/Times12.obj
         .\Debug/Times12b.obj
         .\Debug/Times12bi.obj
         .\Debug/Times12i.obj
         .\Debug/Times13.obj
         .\Debug/Times13b.obj
         .\Debug/Times13bi.obj
         .\Debug/Times13i.obj
         .\Debug/Times14.obj
         .\Debug/Times14b.obj
         .\Debug/Times14bi.obj
         .\Debug/Times14i.obj
         .\Debug/Times16.obj
         .\Debug/Times16b.obj
         .\Debug/Times16bi.obj
         .\Debug/Times16i.obj
         .\Debug/Times18.obj
         .\Debug/Times18b.obj
         .\Debug/Times18bi.obj
         .\Debug/Times18i.obj
         .\Debug/TIMES1B.obj
         .\Debug/TIMES1BI.obj
         .\Debug/TIMES1I.obj
         .\Debug/TIMES2.obj
         .\Debug/Times20.obj
         .\Debug/Times20b.obj
         .\Debug/Times20bi.obj
         .\Debug/Times20i.obj
         .\Debug/Times24.obj
         .\Debug/Times24b.obj
         .\Debug/Times24bi.obj
         .\Debug/Times24i.obj
         .\Debug/TIMES2B.obj
         .\Debug/TIMES2BI.obj
         .\Debug/TIMES2I.obj
         .\Debug/TIMES3.obj
         .\Debug/Times30.obj
         .\Debug/Times30b.obj
         .\Debug/Times30bi.obj
         .\Debug/Times30i.obj
         .\Debug/Times36.obj
         .\Debug/Times36b.obj
         .\Debug/Times36bi.obj
         .\Debug/Times36i.obj
         .\Debug/TIMES3B.obj
         .\Debug/TIMES3BI.obj
         .\Debug/TIMES3I.obj
         .\Debug/TIMES4.obj
         .\Debug/TIMES4B.obj
         .\Debug/TIMES4BI.obj
         .\Debug/TIMES4I.obj
         .\Debug/TIMES5.obj
         .\Debug/TIMES5B.obj
         .\Debug/TIMES5BI.obj
         .\Debug/TIMES5I.obj
         .\Debug/TIMES6.obj
         .\Debug/TIMES6B.obj
         .\Debug/TIMES6BI.obj
         .\Debug/TIMES6I.obj
         .\Debug/TIMES7.obj
         .\Debug/TIMES7B.obj
         .\Debug/TIMES7BI.obj
         .\Debug/TIMES7I.obj
         .\Debug/Times8.obj
         .\Debug/Times8b.obj
         .\Debug/Times8bi.obj
         .\Debug/Times8i.obj
         .\Debug/Times9.obj
         .\Debug/Times9b.obj
         .\Debug/Times9bi.obj
         .\Debug/Times9i.obj
         .\Debug/Verdana10.obj
         .\Debug/Verdana10b.obj
         .\Debug/Verdana10bi.obj
         .\Debug/Verdana10i.obj
         .\Debug/Verdana11.obj
         .\Debug/Verdana11b.obj
         .\Debug/Verdana11bi.obj
         .\Debug/Verdana11i.obj
         .\Debug/Verdana12.obj
         .\Debug/Verdana12b.obj
         .\Debug/Verdana12bi.obj
         .\Debug/Verdana12i.obj
         .\Debug/Verdana13.obj
         .\Debug/Verdana13b.obj
         .\Debug/Verdana13bi.obj
         .\Debug/Verdana13i.obj
         .\Debug/Verdana14.obj
         .\Debug/Verdana14b.obj
         .\Debug/Verdana14bi.obj
         .\Debug/Verdana14i.obj
         .\Debug/Verdana16.obj
         .\Debug/Verdana16b.obj
         .\Debug/Verdana16bi.obj
         .\Debug/Verdana16i.obj
         .\Debug/Verdana18.obj
         .\Debug/Verdana18b.obj
         .\Debug/Verdana18bi.obj
         .\Debug/Verdana18i.obj
         .\Debug/Verdana20.obj
         .\Debug/Verdana20b.obj
         .\Debug/Verdana20bi.obj
         .\Debug/Verdana20i.obj
         .\Debug/Verdana24.obj
         .\Debug/Verdana24b.obj
         .\Debug/Verdana24bi.obj
         .\Debug/Verdana24i.obj
         .\Debug/Verdana30.obj
         .\Debug/Verdana30b.obj
         .\Debug/Verdana30bi.obj
         .\Debug/Verdana30i.obj
         .\Debug/Verdana36.obj
         .\Debug/Verdana36b.obj
         .\Debug/Verdana36bi.obj
         .\Debug/Verdana36i.obj
         .\Debug/Verdana6.obj
         .\Debug/Verdana6b.obj
         .\Debug/Verdana6bi.obj
         .\Debug/Verdana6i.obj
         .\Debug/Verdana7.obj
         .\Debug/Verdana7b.obj
         .\Debug/Verdana7bi.obj
         .\Debug/Verdana7i.obj
         .\Debug/Verdana8.obj
         .\Debug/Verdana8B.obj
         .\Debug/Verdana8bi.obj
         .\Debug/Verdana8i.obj
         .\Debug/Verdana9.obj
         .\Debug/Verdana9b.obj
         .\Debug/Verdana9bi.obj
         .\Debug/Verdana9i.obj
         webcpeg_win32.vcxproj -> C:\Moto_Project\ebs_merge_10_14\WebC\project\msvc.net\webcpeg_win32\.\Debug\webcpeg_win32.lib
       FinalizeBuildStatus:
         Deleting file ".\Debug\webcpeg_win32.unsuccessfulbuild".
         Touching ".\Debug\webcpeg_win32.lastbuildstate".
     1>Done Building Project "C:\Moto_Project\ebs_merge_10_14\WebC\project\msvc.net\webcpeg_win32\webcpeg_win32.vcxproj" (build target(s)).

Build succeeded.

Time Elapsed 00:07:26.48
