Build started 10/9/2012 5:25:45 PM.
     1>Project "C:\dev\webc\WebC\project\msvc.net\AppBuilder_gdip\webcdemo_gdip.vcxproj" on node 3 (build target(s)).
     1>InitializeBuildStatus:
         Creating "Debug JavaScript Unicode\webcdemo_gdip.unsuccessfulbuild" because "AlwaysCreate" was specified.
       ClCompile:
         C:\Program Files (x86)\Microsoft Visual Studio 10.0\VC\bin\CL.exe /c /I..\..\..\include\protocol /I..\..\..\include\minigui /I..\..\..\include\jscript /I..\..\..\include\imgdecode /I..\..\..\include\imgconvert /I..\..\..\include\htmldom /I..\..\..\include\htmldisplay /I..\..\..\include\browser /I..\..\..\gui\windows\include /I..\..\msvc6.0\webcdemo_peg_win32 /I..\..\..\lib\mozilla /I..\..\..\..\rtplatform\v0.4\include\ms32 /I..\..\..\..\rtplatform\v0.4\include /I..\..\..\ixml\v1.2\inc /I..\..\..\gui\framebuffer\FB_Fonts /I..\..\..\gui\framebuffer\include /I..\..\..\include\webcapi /I..\..\..\include\util /ZI /nologo /W3 /WX- /Od /Oy- /D WIN32 /D _DEBUG /D _WINDOWS /D WEBC_SUPPORT_JSCRIPT=1 /D WEBC_SUPPORT_UNICODE=1 /D WEBC_DEBUG /D _WEBC_ /D __WEBC__ /D _CRTDBG_MAP_ALLOC /D UNICODE /D _UNICODE /D _VC80_UPGRADE=0x0710 /D _MBCS /Gm /EHsc /MT /GS /fp:precise /Zc:wchar_t /Zc:forScope /Fo"Debug JavaScript Unicode\\" /Fd"Debug JavaScript Unicode\vc100.pdb" /FR"Debug JavaScript Unicode\\" /Gd /TP /wd4996 /analyze- /errorReport:prompt webcdemo_gdip.cpp
         webcdemo_gdip.cpp
     1>c:\dev\webc\webc\project\msvc.net\appbuilder_gdip\webcdemo_gdip.cpp(18): warning C4005: '_CRTDBG_MAP_ALLOC' : macro redefinition
                 command-line arguments :  see previous definition of '_CRTDBG_MAP_ALLOC'
     1>c:\dev\webc\webc\project\msvc.net\appbuilder_gdip\webcdemo_gdip.cpp(24): warning C4005: 'UNICODE' : macro redefinition
                 command-line arguments :  see previous definition of 'UNICODE'
     1>c:\dev\webc\webc\project\msvc.net\appbuilder_gdip\webcdemo_gdip.cpp(99): warning C4101: 'screenRect' : unreferenced local variable
         All outputs are up-to-date.
       ResourceCompile:
         All outputs are up-to-date.
       ManifestResourceCompile:
         All outputs are up-to-date.
       Link:
         C:\Program Files (x86)\Microsoft Visual Studio 10.0\VC\bin\link.exe /ERRORREPORT:PROMPT /OUT:"Debug JavaScript Unicode\webcdemo_gdip.exe" /INCREMENTAL /NOLOGO libcpmtd.lib libcmtd.lib ws2_32.lib gdiplus.lib ..\..\..\lib\openssl\openssl32.lib oldnames.lib kernel32.lib user32.lib gdi32.lib winspool.lib comdlg32.lib advapi32.lib shell32.lib ole32.lib oleaut32.lib uuid.lib odbc32.lib odbccp32.lib /NODEFAULTLIB /MANIFEST /ManifestFile:"Debug JavaScript Unicode\webcdemo_gdip.exe.intermediate.manifest" /MANIFESTUAC:"level='asInvoker' uiAccess='false'" /DEBUG /PDB:"Debug JavaScript Unicode\webcdemo_gdip.pdb" /ASSEMBLYDEBUG /SUBSYSTEM:WINDOWS /TLBID:1 /DYNAMICBASE:NO /IMPLIB:"Debug JavaScript Unicode\webcdemo_gdip.lib" /MACHINE:X86 "Debug JavaScript Unicode\webcdemo_gdip.res"
         "Debug JavaScript Unicode\webcdemo_gdip.exe.embed.manifest.res"
         "Debug JavaScript Unicode\webcdemo_gdip.obj"
         "Debug JavaScript Unicode\webcgdip.obj"
         "Debug JavaScript Unicode\wfgdip.obj"
         "Debug JavaScript Unicode\attr.obj"
         "Debug JavaScript Unicode\document.obj"
         "Debug JavaScript Unicode\element.obj"
         "Debug JavaScript Unicode\ixml.obj"
         "Debug JavaScript Unicode\ixmlmembuf.obj"
         "Debug JavaScript Unicode\ixmlparser.obj"
         "Debug JavaScript Unicode\namedNodeMap.obj"
         "Debug JavaScript Unicode\node.obj"
         "Debug JavaScript Unicode\nodeList.obj"
         C:\dev\webc\WebC\project\msvc.net\fdlibm\fdlibm___Win32_Debug_JavaScript_Unicode\fdlibm.lib
         C:\dev\webc\WebC\project\msvc.net\libjpeg\libjpeg___Win32_Debug_JavaScript_Unicode\libjpeg.lib
         C:\dev\webc\WebC\project\msvc.net\libmng\libmng___Win32_Debug_JavaScript_Unicode\libmng.lib
         C:\dev\webc\WebC\project\msvc.net\libpng\libpng___Win32_Debug_JavaScript_Unicode\libpng.lib
         C:\dev\webc\WebC\project\msvc.net\mozjs\mozjs___Win32_Debug_JavaScript_Unicode\mozjs.lib
         C:\dev\webc\WebC\project\msvc.net\rtplatform_win32\rtplatform_win32___Win32_Debug_JavaScript_Unicode\rtplatform_win32.lib
         C:\dev\webc\WebC\project\msvc.net\webc\webc___Win32_Debug_JavaScript_Unicode\webc.lib
         C:\dev\webc\WebC\project\msvc.net\zlib\zlib___Win32_Debug_JavaScript_Unicode\zlib.lib
     1>webcdemo_gdip.obj : error LNK2019: unresolved external symbol "void __cdecl webcApiExampleRun(void)" (?webcApiExampleRun@@YAXXZ) referenced in function _WinMain@16
     1>webcdemo_gdip.obj : error LNK2019: unresolved external symbol "int __cdecl AppBuilderStart(unsigned char *,unsigned char *)" (?AppBuilderStart@@YAHPAE0@Z) referenced in function "unsigned char * __cdecl webc_start_app_builder(struct HTMLBrowserConfig *)" (?webc_start_app_builder@@YAPAEPAUHTMLBrowserConfig@@@Z)
     1>webcdemo_gdip.obj : error LNK2019: unresolved external symbol "int __cdecl AppBuilderStart(struct HTMLBrowserConfig *)" (?AppBuilderStart@@YAHPAUHTMLBrowserConfig@@@Z) referenced in function "unsigned char * __cdecl webc_start_app_builder(struct HTMLBrowserConfig *)" (?webc_start_app_builder@@YAPAEPAUHTMLBrowserConfig@@@Z)
     1>Debug JavaScript Unicode\webcdemo_gdip.exe : fatal error LNK1120: 3 unresolved externals
     1>Done Building Project "C:\dev\webc\WebC\project\msvc.net\AppBuilder_gdip\webcdemo_gdip.vcxproj" (build target(s)) -- FAILED.

Build FAILED.

Time Elapsed 00:00:06.29
