C:\dev\EMGLANDWEBC\webc\WebC\project\msvc\libmng\.\libmng___Win32_Debug_JavaScript_Unicode\libmng.lib
C:\dev\EMGLANDWEBC\webc\WebC\project\msvc\libmng\libmng___Win32_Debug_JavaScript_Unicode\cl.command.1.tlog
C:\dev\EMGLANDWEBC\webc\WebC\project\msvc\libmng\libmng___Win32_Debug_JavaScript_Unicode\CL.read.1.tlog
C:\dev\EMGLANDWEBC\webc\WebC\project\msvc\libmng\libmng___Win32_Debug_JavaScript_Unicode\CL.write.1.tlog
C:\dev\EMGLANDWEBC\webc\WebC\project\msvc\libmng\libmng___Win32_Debug_JavaScript_Unicode\lib.command.1.tlog
C:\dev\EMGLANDWEBC\webc\WebC\project\msvc\libmng\libmng___Win32_Debug_JavaScript_Unicode\Lib-link.read.1.tlog
C:\dev\EMGLANDWEBC\webc\WebC\project\msvc\libmng\libmng___Win32_Debug_JavaScript_Unicode\Lib-link.write.1.tlog
C:\dev\EMGLANDWEBC\webc\WebC\project\msvc\libmng\libmng___Win32_Debug_JavaScript_Unicode\libmng.write.1.tlog
C:\dev\EMGLANDWEBC\webc\WebC\project\msvc\libmng\libmng___Win32_Debug_JavaScript_Unicode\libmng_callback_xs.obj
C:\dev\EMGLANDWEBC\webc\WebC\project\msvc\libmng\libmng___Win32_Debug_JavaScript_Unicode\libmng_chunk_io.obj
C:\dev\EMGLANDWEBC\webc\WebC\project\msvc\libmng\libmng___Win32_Debug_JavaScript_Unicode\libmng_chunk_prc.obj
C:\dev\EMGLANDWEBC\webc\WebC\project\msvc\libmng\libmng___Win32_Debug_JavaScript_Unicode\libmng_chunk_xs.obj
C:\dev\EMGLANDWEBC\webc\WebC\project\msvc\libmng\libmng___Win32_Debug_JavaScript_Unicode\libmng_cms.obj
C:\dev\EMGLANDWEBC\webc\WebC\project\msvc\libmng\libmng___Win32_Debug_JavaScript_Unicode\libmng_display.obj
C:\dev\EMGLANDWEBC\webc\WebC\project\msvc\libmng\libmng___Win32_Debug_JavaScript_Unicode\libmng_dither.obj
C:\dev\EMGLANDWEBC\webc\WebC\project\msvc\libmng\libmng___Win32_Debug_JavaScript_Unicode\libmng_error.obj
C:\dev\EMGLANDWEBC\webc\WebC\project\msvc\libmng\libmng___Win32_Debug_JavaScript_Unicode\libmng_filter.obj
C:\dev\EMGLANDWEBC\webc\WebC\project\msvc\libmng\libmng___Win32_Debug_JavaScript_Unicode\libmng_hlapi.obj
C:\dev\EMGLANDWEBC\webc\WebC\project\msvc\libmng\libmng___Win32_Debug_JavaScript_Unicode\libmng_jpeg.obj
C:\dev\EMGLANDWEBC\webc\WebC\project\msvc\libmng\libmng___Win32_Debug_JavaScript_Unicode\libmng_object_prc.obj
C:\dev\EMGLANDWEBC\webc\WebC\project\msvc\libmng\libmng___Win32_Debug_JavaScript_Unicode\libmng_pixels.obj
C:\dev\EMGLANDWEBC\webc\WebC\project\msvc\libmng\libmng___Win32_Debug_JavaScript_Unicode\libmng_prop_xs.obj
C:\dev\EMGLANDWEBC\webc\WebC\project\msvc\libmng\libmng___Win32_Debug_JavaScript_Unicode\libmng_read.obj
C:\dev\EMGLANDWEBC\webc\WebC\project\msvc\libmng\libmng___Win32_Debug_JavaScript_Unicode\libmng_trace.obj
C:\dev\EMGLANDWEBC\webc\WebC\project\msvc\libmng\libmng___Win32_Debug_JavaScript_Unicode\libmng_write.obj
C:\dev\EMGLANDWEBC\webc\WebC\project\msvc\libmng\libmng___Win32_Debug_JavaScript_Unicode\libmng_zlib.obj
C:\dev\EMGLANDWEBC\webc\WebC\project\msvc\libmng\libmng___Win32_Debug_JavaScript_Unicode\vc100.idb
C:\dev\EMGLANDWEBC\webc\WebC\project\msvc\libmng\libmng___Win32_Debug_JavaScript_Unicode\vc100.pdb
C:\DEV\WEBC\WEBC\PROJECT\MSVC\LIBMNG\LIBMNG___WIN32_DEBUG_JAVASCRIPT_UNICODE\LIBMNG.LIB
C:\DEV\WEBC\WEBC\PROJECT\MSVC\LIBMNG\LIBMNG___WIN32_DEBUG_JAVASCRIPT_UNICODE\LIBMNG_CALLBACK_XS.OBJ
C:\DEV\WEBC\WEBC\PROJECT\MSVC\LIBMNG\LIBMNG___WIN32_DEBUG_JAVASCRIPT_UNICODE\LIBMNG_CHUNK_IO.OBJ
C:\DEV\WEBC\WEBC\PROJECT\MSVC\LIBMNG\LIBMNG___WIN32_DEBUG_JAVASCRIPT_UNICODE\LIBMNG_CHUNK_PRC.OBJ
C:\DEV\WEBC\WEBC\PROJECT\MSVC\LIBMNG\LIBMNG___WIN32_DEBUG_JAVASCRIPT_UNICODE\LIBMNG_CHUNK_XS.OBJ
C:\DEV\WEBC\WEBC\PROJECT\MSVC\LIBMNG\LIBMNG___WIN32_DEBUG_JAVASCRIPT_UNICODE\LIBMNG_CMS.OBJ
C:\DEV\WEBC\WEBC\PROJECT\MSVC\LIBMNG\LIBMNG___WIN32_DEBUG_JAVASCRIPT_UNICODE\LIBMNG_DISPLAY.OBJ
C:\DEV\WEBC\WEBC\PROJECT\MSVC\LIBMNG\LIBMNG___WIN32_DEBUG_JAVASCRIPT_UNICODE\LIBMNG_DITHER.OBJ
C:\DEV\WEBC\WEBC\PROJECT\MSVC\LIBMNG\LIBMNG___WIN32_DEBUG_JAVASCRIPT_UNICODE\LIBMNG_ERROR.OBJ
C:\DEV\WEBC\WEBC\PROJECT\MSVC\LIBMNG\LIBMNG___WIN32_DEBUG_JAVASCRIPT_UNICODE\LIBMNG_FILTER.OBJ
C:\DEV\WEBC\WEBC\PROJECT\MSVC\LIBMNG\LIBMNG___WIN32_DEBUG_JAVASCRIPT_UNICODE\LIBMNG_HLAPI.OBJ
C:\DEV\WEBC\WEBC\PROJECT\MSVC\LIBMNG\LIBMNG___WIN32_DEBUG_JAVASCRIPT_UNICODE\LIBMNG_JPEG.OBJ
C:\DEV\WEBC\WEBC\PROJECT\MSVC\LIBMNG\LIBMNG___WIN32_DEBUG_JAVASCRIPT_UNICODE\LIBMNG_OBJECT_PRC.OBJ
C:\DEV\WEBC\WEBC\PROJECT\MSVC\LIBMNG\LIBMNG___WIN32_DEBUG_JAVASCRIPT_UNICODE\LIBMNG_PIXELS.OBJ
C:\DEV\WEBC\WEBC\PROJECT\MSVC\LIBMNG\LIBMNG___WIN32_DEBUG_JAVASCRIPT_UNICODE\LIBMNG_PROP_XS.OBJ
C:\DEV\WEBC\WEBC\PROJECT\MSVC\LIBMNG\LIBMNG___WIN32_DEBUG_JAVASCRIPT_UNICODE\LIBMNG_READ.OBJ
C:\DEV\WEBC\WEBC\PROJECT\MSVC\LIBMNG\LIBMNG___WIN32_DEBUG_JAVASCRIPT_UNICODE\LIBMNG_TRACE.OBJ
C:\DEV\WEBC\WEBC\PROJECT\MSVC\LIBMNG\LIBMNG___WIN32_DEBUG_JAVASCRIPT_UNICODE\LIBMNG_WRITE.OBJ
C:\DEV\WEBC\WEBC\PROJECT\MSVC\LIBMNG\LIBMNG___WIN32_DEBUG_JAVASCRIPT_UNICODE\LIBMNG_ZLIB.OBJ
C:\DEV\WEBC\WEBC\PROJECT\MSVC\LIBMNG\LIBMNG___WIN32_DEBUG_JAVASCRIPT_UNICODE\VC100.PDB
