C:\dev\EMGLANDWEBC\webc\WebC\project\msvc\fdlibm\.\fdlibm___Win32_Debug_JavaScript_Unicode\fdlibm.lib
C:\dev\EMGLANDWEBC\webc\WebC\project\msvc\fdlibm\fdlibm___Win32_Debug_JavaScript_Unicode\cl.command.1.tlog
C:\dev\EMGLANDWEBC\webc\WebC\project\msvc\fdlibm\fdlibm___Win32_Debug_JavaScript_Unicode\CL.read.1.tlog
C:\dev\EMGLANDWEBC\webc\WebC\project\msvc\fdlibm\fdlibm___Win32_Debug_JavaScript_Unicode\CL.write.1.tlog
C:\dev\EMGLANDWEBC\webc\WebC\project\msvc\fdlibm\fdlibm___Win32_Debug_JavaScript_Unicode\e_acos.obj
C:\dev\EMGLANDWEBC\webc\WebC\project\msvc\fdlibm\fdlibm___Win32_Debug_JavaScript_Unicode\e_acosh.obj
C:\dev\EMGLANDWEBC\webc\WebC\project\msvc\fdlibm\fdlibm___Win32_Debug_JavaScript_Unicode\e_asin.obj
C:\dev\EMGLANDWEBC\webc\WebC\project\msvc\fdlibm\fdlibm___Win32_Debug_JavaScript_Unicode\e_atan2.obj
C:\dev\EMGLANDWEBC\webc\WebC\project\msvc\fdlibm\fdlibm___Win32_Debug_JavaScript_Unicode\e_atanh.obj
C:\dev\EMGLANDWEBC\webc\WebC\project\msvc\fdlibm\fdlibm___Win32_Debug_JavaScript_Unicode\e_cosh.obj
C:\dev\EMGLANDWEBC\webc\WebC\project\msvc\fdlibm\fdlibm___Win32_Debug_JavaScript_Unicode\e_exp.obj
C:\dev\EMGLANDWEBC\webc\WebC\project\msvc\fdlibm\fdlibm___Win32_Debug_JavaScript_Unicode\e_fmod.obj
C:\dev\EMGLANDWEBC\webc\WebC\project\msvc\fdlibm\fdlibm___Win32_Debug_JavaScript_Unicode\e_gamma.obj
C:\dev\EMGLANDWEBC\webc\WebC\project\msvc\fdlibm\fdlibm___Win32_Debug_JavaScript_Unicode\e_gamma_r.obj
C:\dev\EMGLANDWEBC\webc\WebC\project\msvc\fdlibm\fdlibm___Win32_Debug_JavaScript_Unicode\e_hypot.obj
C:\dev\EMGLANDWEBC\webc\WebC\project\msvc\fdlibm\fdlibm___Win32_Debug_JavaScript_Unicode\e_j0.obj
C:\dev\EMGLANDWEBC\webc\WebC\project\msvc\fdlibm\fdlibm___Win32_Debug_JavaScript_Unicode\e_j1.obj
C:\dev\EMGLANDWEBC\webc\WebC\project\msvc\fdlibm\fdlibm___Win32_Debug_JavaScript_Unicode\e_jn.obj
C:\dev\EMGLANDWEBC\webc\WebC\project\msvc\fdlibm\fdlibm___Win32_Debug_JavaScript_Unicode\e_lgamma.obj
C:\dev\EMGLANDWEBC\webc\WebC\project\msvc\fdlibm\fdlibm___Win32_Debug_JavaScript_Unicode\e_lgamma_r.obj
C:\dev\EMGLANDWEBC\webc\WebC\project\msvc\fdlibm\fdlibm___Win32_Debug_JavaScript_Unicode\e_log.obj
C:\dev\EMGLANDWEBC\webc\WebC\project\msvc\fdlibm\fdlibm___Win32_Debug_JavaScript_Unicode\e_log10.obj
C:\dev\EMGLANDWEBC\webc\WebC\project\msvc\fdlibm\fdlibm___Win32_Debug_JavaScript_Unicode\e_pow.obj
C:\dev\EMGLANDWEBC\webc\WebC\project\msvc\fdlibm\fdlibm___Win32_Debug_JavaScript_Unicode\e_rem_pio2.obj
C:\dev\EMGLANDWEBC\webc\WebC\project\msvc\fdlibm\fdlibm___Win32_Debug_JavaScript_Unicode\e_remainder.obj
C:\dev\EMGLANDWEBC\webc\WebC\project\msvc\fdlibm\fdlibm___Win32_Debug_JavaScript_Unicode\e_scalb.obj
C:\dev\EMGLANDWEBC\webc\WebC\project\msvc\fdlibm\fdlibm___Win32_Debug_JavaScript_Unicode\e_sinh.obj
C:\dev\EMGLANDWEBC\webc\WebC\project\msvc\fdlibm\fdlibm___Win32_Debug_JavaScript_Unicode\e_sqrt.obj
C:\dev\EMGLANDWEBC\webc\WebC\project\msvc\fdlibm\fdlibm___Win32_Debug_JavaScript_Unicode\fdlibm.write.1.tlog
C:\dev\EMGLANDWEBC\webc\WebC\project\msvc\fdlibm\fdlibm___Win32_Debug_JavaScript_Unicode\k_cos.obj
C:\dev\EMGLANDWEBC\webc\WebC\project\msvc\fdlibm\fdlibm___Win32_Debug_JavaScript_Unicode\k_rem_pio2.obj
C:\dev\EMGLANDWEBC\webc\WebC\project\msvc\fdlibm\fdlibm___Win32_Debug_JavaScript_Unicode\k_sin.obj
C:\dev\EMGLANDWEBC\webc\WebC\project\msvc\fdlibm\fdlibm___Win32_Debug_JavaScript_Unicode\k_standard.obj
C:\dev\EMGLANDWEBC\webc\WebC\project\msvc\fdlibm\fdlibm___Win32_Debug_JavaScript_Unicode\k_tan.obj
C:\dev\EMGLANDWEBC\webc\WebC\project\msvc\fdlibm\fdlibm___Win32_Debug_JavaScript_Unicode\lib.command.1.tlog
C:\dev\EMGLANDWEBC\webc\WebC\project\msvc\fdlibm\fdlibm___Win32_Debug_JavaScript_Unicode\Lib-link.read.1.tlog
C:\dev\EMGLANDWEBC\webc\WebC\project\msvc\fdlibm\fdlibm___Win32_Debug_JavaScript_Unicode\Lib-link.write.1.tlog
C:\dev\EMGLANDWEBC\webc\WebC\project\msvc\fdlibm\fdlibm___Win32_Debug_JavaScript_Unicode\s_asinh.obj
C:\dev\EMGLANDWEBC\webc\WebC\project\msvc\fdlibm\fdlibm___Win32_Debug_JavaScript_Unicode\s_atan.obj
C:\dev\EMGLANDWEBC\webc\WebC\project\msvc\fdlibm\fdlibm___Win32_Debug_JavaScript_Unicode\s_cbrt.obj
C:\dev\EMGLANDWEBC\webc\WebC\project\msvc\fdlibm\fdlibm___Win32_Debug_JavaScript_Unicode\s_ceil.obj
C:\dev\EMGLANDWEBC\webc\WebC\project\msvc\fdlibm\fdlibm___Win32_Debug_JavaScript_Unicode\s_copysign.obj
C:\dev\EMGLANDWEBC\webc\WebC\project\msvc\fdlibm\fdlibm___Win32_Debug_JavaScript_Unicode\s_cos.obj
C:\dev\EMGLANDWEBC\webc\WebC\project\msvc\fdlibm\fdlibm___Win32_Debug_JavaScript_Unicode\s_erf.obj
C:\dev\EMGLANDWEBC\webc\WebC\project\msvc\fdlibm\fdlibm___Win32_Debug_JavaScript_Unicode\s_expm1.obj
C:\dev\EMGLANDWEBC\webc\WebC\project\msvc\fdlibm\fdlibm___Win32_Debug_JavaScript_Unicode\s_fabs.obj
C:\dev\EMGLANDWEBC\webc\WebC\project\msvc\fdlibm\fdlibm___Win32_Debug_JavaScript_Unicode\s_finite.obj
C:\dev\EMGLANDWEBC\webc\WebC\project\msvc\fdlibm\fdlibm___Win32_Debug_JavaScript_Unicode\s_floor.obj
C:\dev\EMGLANDWEBC\webc\WebC\project\msvc\fdlibm\fdlibm___Win32_Debug_JavaScript_Unicode\s_frexp.obj
C:\dev\EMGLANDWEBC\webc\WebC\project\msvc\fdlibm\fdlibm___Win32_Debug_JavaScript_Unicode\s_ilogb.obj
C:\dev\EMGLANDWEBC\webc\WebC\project\msvc\fdlibm\fdlibm___Win32_Debug_JavaScript_Unicode\s_isnan.obj
C:\dev\EMGLANDWEBC\webc\WebC\project\msvc\fdlibm\fdlibm___Win32_Debug_JavaScript_Unicode\s_ldexp.obj
C:\dev\EMGLANDWEBC\webc\WebC\project\msvc\fdlibm\fdlibm___Win32_Debug_JavaScript_Unicode\s_lib_version.obj
C:\dev\EMGLANDWEBC\webc\WebC\project\msvc\fdlibm\fdlibm___Win32_Debug_JavaScript_Unicode\s_log1p.obj
C:\dev\EMGLANDWEBC\webc\WebC\project\msvc\fdlibm\fdlibm___Win32_Debug_JavaScript_Unicode\s_logb.obj
C:\dev\EMGLANDWEBC\webc\WebC\project\msvc\fdlibm\fdlibm___Win32_Debug_JavaScript_Unicode\s_matherr.obj
C:\dev\EMGLANDWEBC\webc\WebC\project\msvc\fdlibm\fdlibm___Win32_Debug_JavaScript_Unicode\s_modf.obj
C:\dev\EMGLANDWEBC\webc\WebC\project\msvc\fdlibm\fdlibm___Win32_Debug_JavaScript_Unicode\s_nextafter.obj
C:\dev\EMGLANDWEBC\webc\WebC\project\msvc\fdlibm\fdlibm___Win32_Debug_JavaScript_Unicode\s_rint.obj
C:\dev\EMGLANDWEBC\webc\WebC\project\msvc\fdlibm\fdlibm___Win32_Debug_JavaScript_Unicode\s_scalbn.obj
C:\dev\EMGLANDWEBC\webc\WebC\project\msvc\fdlibm\fdlibm___Win32_Debug_JavaScript_Unicode\s_signgam.obj
C:\dev\EMGLANDWEBC\webc\WebC\project\msvc\fdlibm\fdlibm___Win32_Debug_JavaScript_Unicode\s_significand.obj
C:\dev\EMGLANDWEBC\webc\WebC\project\msvc\fdlibm\fdlibm___Win32_Debug_JavaScript_Unicode\s_sin.obj
C:\dev\EMGLANDWEBC\webc\WebC\project\msvc\fdlibm\fdlibm___Win32_Debug_JavaScript_Unicode\s_tan.obj
C:\dev\EMGLANDWEBC\webc\WebC\project\msvc\fdlibm\fdlibm___Win32_Debug_JavaScript_Unicode\s_tanh.obj
C:\dev\EMGLANDWEBC\webc\WebC\project\msvc\fdlibm\fdlibm___Win32_Debug_JavaScript_Unicode\vc100.idb
C:\dev\EMGLANDWEBC\webc\WebC\project\msvc\fdlibm\fdlibm___Win32_Debug_JavaScript_Unicode\vc100.pdb
C:\dev\EMGLANDWEBC\webc\WebC\project\msvc\fdlibm\fdlibm___Win32_Debug_JavaScript_Unicode\w_acos.obj
C:\dev\EMGLANDWEBC\webc\WebC\project\msvc\fdlibm\fdlibm___Win32_Debug_JavaScript_Unicode\w_acosh.obj
C:\dev\EMGLANDWEBC\webc\WebC\project\msvc\fdlibm\fdlibm___Win32_Debug_JavaScript_Unicode\w_asin.obj
C:\dev\EMGLANDWEBC\webc\WebC\project\msvc\fdlibm\fdlibm___Win32_Debug_JavaScript_Unicode\w_atan2.obj
C:\dev\EMGLANDWEBC\webc\WebC\project\msvc\fdlibm\fdlibm___Win32_Debug_JavaScript_Unicode\w_atanh.obj
C:\dev\EMGLANDWEBC\webc\WebC\project\msvc\fdlibm\fdlibm___Win32_Debug_JavaScript_Unicode\w_cosh.obj
C:\dev\EMGLANDWEBC\webc\WebC\project\msvc\fdlibm\fdlibm___Win32_Debug_JavaScript_Unicode\w_exp.obj
C:\dev\EMGLANDWEBC\webc\WebC\project\msvc\fdlibm\fdlibm___Win32_Debug_JavaScript_Unicode\w_fmod.obj
C:\dev\EMGLANDWEBC\webc\WebC\project\msvc\fdlibm\fdlibm___Win32_Debug_JavaScript_Unicode\w_gamma.obj
C:\dev\EMGLANDWEBC\webc\WebC\project\msvc\fdlibm\fdlibm___Win32_Debug_JavaScript_Unicode\w_gamma_r.obj
C:\dev\EMGLANDWEBC\webc\WebC\project\msvc\fdlibm\fdlibm___Win32_Debug_JavaScript_Unicode\w_hypot.obj
C:\dev\EMGLANDWEBC\webc\WebC\project\msvc\fdlibm\fdlibm___Win32_Debug_JavaScript_Unicode\w_j0.obj
C:\dev\EMGLANDWEBC\webc\WebC\project\msvc\fdlibm\fdlibm___Win32_Debug_JavaScript_Unicode\w_j1.obj
C:\dev\EMGLANDWEBC\webc\WebC\project\msvc\fdlibm\fdlibm___Win32_Debug_JavaScript_Unicode\w_jn.obj
C:\dev\EMGLANDWEBC\webc\WebC\project\msvc\fdlibm\fdlibm___Win32_Debug_JavaScript_Unicode\w_lgamma.obj
C:\dev\EMGLANDWEBC\webc\WebC\project\msvc\fdlibm\fdlibm___Win32_Debug_JavaScript_Unicode\w_lgamma_r.obj
C:\dev\EMGLANDWEBC\webc\WebC\project\msvc\fdlibm\fdlibm___Win32_Debug_JavaScript_Unicode\w_log.obj
C:\dev\EMGLANDWEBC\webc\WebC\project\msvc\fdlibm\fdlibm___Win32_Debug_JavaScript_Unicode\w_log10.obj
C:\dev\EMGLANDWEBC\webc\WebC\project\msvc\fdlibm\fdlibm___Win32_Debug_JavaScript_Unicode\w_pow.obj
C:\dev\EMGLANDWEBC\webc\WebC\project\msvc\fdlibm\fdlibm___Win32_Debug_JavaScript_Unicode\w_remainder.obj
C:\dev\EMGLANDWEBC\webc\WebC\project\msvc\fdlibm\fdlibm___Win32_Debug_JavaScript_Unicode\w_scalb.obj
C:\dev\EMGLANDWEBC\webc\WebC\project\msvc\fdlibm\fdlibm___Win32_Debug_JavaScript_Unicode\w_sinh.obj
C:\dev\EMGLANDWEBC\webc\WebC\project\msvc\fdlibm\fdlibm___Win32_Debug_JavaScript_Unicode\w_sqrt.obj
C:\DEV\WEBC\WEBC\PROJECT\MSVC\FDLIBM\FDLIBM___WIN32_DEBUG_JAVASCRIPT_UNICODE\E_ACOS.OBJ
C:\DEV\WEBC\WEBC\PROJECT\MSVC\FDLIBM\FDLIBM___WIN32_DEBUG_JAVASCRIPT_UNICODE\E_ACOSH.OBJ
C:\DEV\WEBC\WEBC\PROJECT\MSVC\FDLIBM\FDLIBM___WIN32_DEBUG_JAVASCRIPT_UNICODE\E_ASIN.OBJ
C:\DEV\WEBC\WEBC\PROJECT\MSVC\FDLIBM\FDLIBM___WIN32_DEBUG_JAVASCRIPT_UNICODE\E_ATAN2.OBJ
C:\DEV\WEBC\WEBC\PROJECT\MSVC\FDLIBM\FDLIBM___WIN32_DEBUG_JAVASCRIPT_UNICODE\E_ATANH.OBJ
C:\DEV\WEBC\WEBC\PROJECT\MSVC\FDLIBM\FDLIBM___WIN32_DEBUG_JAVASCRIPT_UNICODE\E_COSH.OBJ
C:\DEV\WEBC\WEBC\PROJECT\MSVC\FDLIBM\FDLIBM___WIN32_DEBUG_JAVASCRIPT_UNICODE\E_EXP.OBJ
C:\DEV\WEBC\WEBC\PROJECT\MSVC\FDLIBM\FDLIBM___WIN32_DEBUG_JAVASCRIPT_UNICODE\E_FMOD.OBJ
C:\DEV\WEBC\WEBC\PROJECT\MSVC\FDLIBM\FDLIBM___WIN32_DEBUG_JAVASCRIPT_UNICODE\E_GAMMA.OBJ
C:\DEV\WEBC\WEBC\PROJECT\MSVC\FDLIBM\FDLIBM___WIN32_DEBUG_JAVASCRIPT_UNICODE\E_GAMMA_R.OBJ
C:\DEV\WEBC\WEBC\PROJECT\MSVC\FDLIBM\FDLIBM___WIN32_DEBUG_JAVASCRIPT_UNICODE\E_HYPOT.OBJ
C:\DEV\WEBC\WEBC\PROJECT\MSVC\FDLIBM\FDLIBM___WIN32_DEBUG_JAVASCRIPT_UNICODE\E_J0.OBJ
C:\DEV\WEBC\WEBC\PROJECT\MSVC\FDLIBM\FDLIBM___WIN32_DEBUG_JAVASCRIPT_UNICODE\E_J1.OBJ
C:\DEV\WEBC\WEBC\PROJECT\MSVC\FDLIBM\FDLIBM___WIN32_DEBUG_JAVASCRIPT_UNICODE\E_JN.OBJ
C:\DEV\WEBC\WEBC\PROJECT\MSVC\FDLIBM\FDLIBM___WIN32_DEBUG_JAVASCRIPT_UNICODE\E_LGAMMA.OBJ
C:\DEV\WEBC\WEBC\PROJECT\MSVC\FDLIBM\FDLIBM___WIN32_DEBUG_JAVASCRIPT_UNICODE\E_LGAMMA_R.OBJ
C:\DEV\WEBC\WEBC\PROJECT\MSVC\FDLIBM\FDLIBM___WIN32_DEBUG_JAVASCRIPT_UNICODE\E_LOG.OBJ
C:\DEV\WEBC\WEBC\PROJECT\MSVC\FDLIBM\FDLIBM___WIN32_DEBUG_JAVASCRIPT_UNICODE\E_LOG10.OBJ
C:\DEV\WEBC\WEBC\PROJECT\MSVC\FDLIBM\FDLIBM___WIN32_DEBUG_JAVASCRIPT_UNICODE\E_POW.OBJ
C:\DEV\WEBC\WEBC\PROJECT\MSVC\FDLIBM\FDLIBM___WIN32_DEBUG_JAVASCRIPT_UNICODE\E_REM_PIO2.OBJ
C:\DEV\WEBC\WEBC\PROJECT\MSVC\FDLIBM\FDLIBM___WIN32_DEBUG_JAVASCRIPT_UNICODE\E_REMAINDER.OBJ
C:\DEV\WEBC\WEBC\PROJECT\MSVC\FDLIBM\FDLIBM___WIN32_DEBUG_JAVASCRIPT_UNICODE\E_SCALB.OBJ
C:\DEV\WEBC\WEBC\PROJECT\MSVC\FDLIBM\FDLIBM___WIN32_DEBUG_JAVASCRIPT_UNICODE\E_SINH.OBJ
C:\DEV\WEBC\WEBC\PROJECT\MSVC\FDLIBM\FDLIBM___WIN32_DEBUG_JAVASCRIPT_UNICODE\E_SQRT.OBJ
C:\DEV\WEBC\WEBC\PROJECT\MSVC\FDLIBM\FDLIBM___WIN32_DEBUG_JAVASCRIPT_UNICODE\FDLIBM.LIB
C:\DEV\WEBC\WEBC\PROJECT\MSVC\FDLIBM\FDLIBM___WIN32_DEBUG_JAVASCRIPT_UNICODE\K_COS.OBJ
C:\DEV\WEBC\WEBC\PROJECT\MSVC\FDLIBM\FDLIBM___WIN32_DEBUG_JAVASCRIPT_UNICODE\K_REM_PIO2.OBJ
C:\DEV\WEBC\WEBC\PROJECT\MSVC\FDLIBM\FDLIBM___WIN32_DEBUG_JAVASCRIPT_UNICODE\K_SIN.OBJ
C:\DEV\WEBC\WEBC\PROJECT\MSVC\FDLIBM\FDLIBM___WIN32_DEBUG_JAVASCRIPT_UNICODE\K_STANDARD.OBJ
C:\DEV\WEBC\WEBC\PROJECT\MSVC\FDLIBM\FDLIBM___WIN32_DEBUG_JAVASCRIPT_UNICODE\K_TAN.OBJ
C:\DEV\WEBC\WEBC\PROJECT\MSVC\FDLIBM\FDLIBM___WIN32_DEBUG_JAVASCRIPT_UNICODE\S_ASINH.OBJ
C:\DEV\WEBC\WEBC\PROJECT\MSVC\FDLIBM\FDLIBM___WIN32_DEBUG_JAVASCRIPT_UNICODE\S_ATAN.OBJ
C:\DEV\WEBC\WEBC\PROJECT\MSVC\FDLIBM\FDLIBM___WIN32_DEBUG_JAVASCRIPT_UNICODE\S_CBRT.OBJ
C:\DEV\WEBC\WEBC\PROJECT\MSVC\FDLIBM\FDLIBM___WIN32_DEBUG_JAVASCRIPT_UNICODE\S_CEIL.OBJ
C:\DEV\WEBC\WEBC\PROJECT\MSVC\FDLIBM\FDLIBM___WIN32_DEBUG_JAVASCRIPT_UNICODE\S_COPYSIGN.OBJ
C:\DEV\WEBC\WEBC\PROJECT\MSVC\FDLIBM\FDLIBM___WIN32_DEBUG_JAVASCRIPT_UNICODE\S_COS.OBJ
C:\DEV\WEBC\WEBC\PROJECT\MSVC\FDLIBM\FDLIBM___WIN32_DEBUG_JAVASCRIPT_UNICODE\S_ERF.OBJ
C:\DEV\WEBC\WEBC\PROJECT\MSVC\FDLIBM\FDLIBM___WIN32_DEBUG_JAVASCRIPT_UNICODE\S_EXPM1.OBJ
C:\DEV\WEBC\WEBC\PROJECT\MSVC\FDLIBM\FDLIBM___WIN32_DEBUG_JAVASCRIPT_UNICODE\S_FABS.OBJ
C:\DEV\WEBC\WEBC\PROJECT\MSVC\FDLIBM\FDLIBM___WIN32_DEBUG_JAVASCRIPT_UNICODE\S_FINITE.OBJ
C:\DEV\WEBC\WEBC\PROJECT\MSVC\FDLIBM\FDLIBM___WIN32_DEBUG_JAVASCRIPT_UNICODE\S_FLOOR.OBJ
C:\DEV\WEBC\WEBC\PROJECT\MSVC\FDLIBM\FDLIBM___WIN32_DEBUG_JAVASCRIPT_UNICODE\S_FREXP.OBJ
C:\DEV\WEBC\WEBC\PROJECT\MSVC\FDLIBM\FDLIBM___WIN32_DEBUG_JAVASCRIPT_UNICODE\S_ILOGB.OBJ
C:\DEV\WEBC\WEBC\PROJECT\MSVC\FDLIBM\FDLIBM___WIN32_DEBUG_JAVASCRIPT_UNICODE\S_ISNAN.OBJ
C:\DEV\WEBC\WEBC\PROJECT\MSVC\FDLIBM\FDLIBM___WIN32_DEBUG_JAVASCRIPT_UNICODE\S_LDEXP.OBJ
C:\DEV\WEBC\WEBC\PROJECT\MSVC\FDLIBM\FDLIBM___WIN32_DEBUG_JAVASCRIPT_UNICODE\S_LIB_VERSION.OBJ
C:\DEV\WEBC\WEBC\PROJECT\MSVC\FDLIBM\FDLIBM___WIN32_DEBUG_JAVASCRIPT_UNICODE\S_LOG1P.OBJ
C:\DEV\WEBC\WEBC\PROJECT\MSVC\FDLIBM\FDLIBM___WIN32_DEBUG_JAVASCRIPT_UNICODE\S_LOGB.OBJ
C:\DEV\WEBC\WEBC\PROJECT\MSVC\FDLIBM\FDLIBM___WIN32_DEBUG_JAVASCRIPT_UNICODE\S_MATHERR.OBJ
C:\DEV\WEBC\WEBC\PROJECT\MSVC\FDLIBM\FDLIBM___WIN32_DEBUG_JAVASCRIPT_UNICODE\S_MODF.OBJ
C:\DEV\WEBC\WEBC\PROJECT\MSVC\FDLIBM\FDLIBM___WIN32_DEBUG_JAVASCRIPT_UNICODE\S_NEXTAFTER.OBJ
C:\DEV\WEBC\WEBC\PROJECT\MSVC\FDLIBM\FDLIBM___WIN32_DEBUG_JAVASCRIPT_UNICODE\S_RINT.OBJ
C:\DEV\WEBC\WEBC\PROJECT\MSVC\FDLIBM\FDLIBM___WIN32_DEBUG_JAVASCRIPT_UNICODE\S_SCALBN.OBJ
C:\DEV\WEBC\WEBC\PROJECT\MSVC\FDLIBM\FDLIBM___WIN32_DEBUG_JAVASCRIPT_UNICODE\S_SIGNGAM.OBJ
C:\DEV\WEBC\WEBC\PROJECT\MSVC\FDLIBM\FDLIBM___WIN32_DEBUG_JAVASCRIPT_UNICODE\S_SIGNIFICAND.OBJ
C:\DEV\WEBC\WEBC\PROJECT\MSVC\FDLIBM\FDLIBM___WIN32_DEBUG_JAVASCRIPT_UNICODE\S_SIN.OBJ
C:\DEV\WEBC\WEBC\PROJECT\MSVC\FDLIBM\FDLIBM___WIN32_DEBUG_JAVASCRIPT_UNICODE\S_TAN.OBJ
C:\DEV\WEBC\WEBC\PROJECT\MSVC\FDLIBM\FDLIBM___WIN32_DEBUG_JAVASCRIPT_UNICODE\S_TANH.OBJ
C:\DEV\WEBC\WEBC\PROJECT\MSVC\FDLIBM\FDLIBM___WIN32_DEBUG_JAVASCRIPT_UNICODE\VC100.PDB
C:\DEV\WEBC\WEBC\PROJECT\MSVC\FDLIBM\FDLIBM___WIN32_DEBUG_JAVASCRIPT_UNICODE\W_ACOS.OBJ
C:\DEV\WEBC\WEBC\PROJECT\MSVC\FDLIBM\FDLIBM___WIN32_DEBUG_JAVASCRIPT_UNICODE\W_ACOSH.OBJ
C:\DEV\WEBC\WEBC\PROJECT\MSVC\FDLIBM\FDLIBM___WIN32_DEBUG_JAVASCRIPT_UNICODE\W_ASIN.OBJ
C:\DEV\WEBC\WEBC\PROJECT\MSVC\FDLIBM\FDLIBM___WIN32_DEBUG_JAVASCRIPT_UNICODE\W_ATAN2.OBJ
C:\DEV\WEBC\WEBC\PROJECT\MSVC\FDLIBM\FDLIBM___WIN32_DEBUG_JAVASCRIPT_UNICODE\W_ATANH.OBJ
C:\DEV\WEBC\WEBC\PROJECT\MSVC\FDLIBM\FDLIBM___WIN32_DEBUG_JAVASCRIPT_UNICODE\W_COSH.OBJ
C:\DEV\WEBC\WEBC\PROJECT\MSVC\FDLIBM\FDLIBM___WIN32_DEBUG_JAVASCRIPT_UNICODE\W_EXP.OBJ
C:\DEV\WEBC\WEBC\PROJECT\MSVC\FDLIBM\FDLIBM___WIN32_DEBUG_JAVASCRIPT_UNICODE\W_FMOD.OBJ
C:\DEV\WEBC\WEBC\PROJECT\MSVC\FDLIBM\FDLIBM___WIN32_DEBUG_JAVASCRIPT_UNICODE\W_GAMMA.OBJ
C:\DEV\WEBC\WEBC\PROJECT\MSVC\FDLIBM\FDLIBM___WIN32_DEBUG_JAVASCRIPT_UNICODE\W_GAMMA_R.OBJ
C:\DEV\WEBC\WEBC\PROJECT\MSVC\FDLIBM\FDLIBM___WIN32_DEBUG_JAVASCRIPT_UNICODE\W_HYPOT.OBJ
C:\DEV\WEBC\WEBC\PROJECT\MSVC\FDLIBM\FDLIBM___WIN32_DEBUG_JAVASCRIPT_UNICODE\W_J0.OBJ
C:\DEV\WEBC\WEBC\PROJECT\MSVC\FDLIBM\FDLIBM___WIN32_DEBUG_JAVASCRIPT_UNICODE\W_J1.OBJ
C:\DEV\WEBC\WEBC\PROJECT\MSVC\FDLIBM\FDLIBM___WIN32_DEBUG_JAVASCRIPT_UNICODE\W_JN.OBJ
C:\DEV\WEBC\WEBC\PROJECT\MSVC\FDLIBM\FDLIBM___WIN32_DEBUG_JAVASCRIPT_UNICODE\W_LGAMMA.OBJ
C:\DEV\WEBC\WEBC\PROJECT\MSVC\FDLIBM\FDLIBM___WIN32_DEBUG_JAVASCRIPT_UNICODE\W_LGAMMA_R.OBJ
C:\DEV\WEBC\WEBC\PROJECT\MSVC\FDLIBM\FDLIBM___WIN32_DEBUG_JAVASCRIPT_UNICODE\W_LOG.OBJ
C:\DEV\WEBC\WEBC\PROJECT\MSVC\FDLIBM\FDLIBM___WIN32_DEBUG_JAVASCRIPT_UNICODE\W_LOG10.OBJ
C:\DEV\WEBC\WEBC\PROJECT\MSVC\FDLIBM\FDLIBM___WIN32_DEBUG_JAVASCRIPT_UNICODE\W_POW.OBJ
C:\DEV\WEBC\WEBC\PROJECT\MSVC\FDLIBM\FDLIBM___WIN32_DEBUG_JAVASCRIPT_UNICODE\W_REMAINDER.OBJ
C:\DEV\WEBC\WEBC\PROJECT\MSVC\FDLIBM\FDLIBM___WIN32_DEBUG_JAVASCRIPT_UNICODE\W_SCALB.OBJ
C:\DEV\WEBC\WEBC\PROJECT\MSVC\FDLIBM\FDLIBM___WIN32_DEBUG_JAVASCRIPT_UNICODE\W_SINH.OBJ
C:\DEV\WEBC\WEBC\PROJECT\MSVC\FDLIBM\FDLIBM___WIN32_DEBUG_JAVASCRIPT_UNICODE\W_SQRT.OBJ
