C:\dev\webc\WebC\project\msvc.net\AppBuilder\Debug JavaScript Unicode\ArialBold10B0020E007e.obj
C:\dev\webc\WebC\project\msvc.net\AppBuilder\Debug JavaScript Unicode\ArialBold10B0020E007e.sbr
C:\dev\webc\WebC\project\msvc.net\AppBuilder\Debug JavaScript Unicode\ArialBold14B0020E007e.obj
C:\dev\webc\WebC\project\msvc.net\AppBuilder\Debug JavaScript Unicode\ArialBold14B0020E007e.sbr
C:\dev\webc\WebC\project\msvc.net\AppBuilder\Debug JavaScript Unicode\ArialBold20B0020E007e.obj
C:\dev\webc\WebC\project\msvc.net\AppBuilder\Debug JavaScript Unicode\ArialBold20B0020E007e.sbr
C:\dev\webc\WebC\project\msvc.net\AppBuilder\Debug JavaScript Unicode\ArialBold6B0020E007e.obj
C:\dev\webc\WebC\project\msvc.net\AppBuilder\Debug JavaScript Unicode\ArialBold6B0020E007e.sbr
C:\dev\webc\WebC\project\msvc.net\AppBuilder\Debug JavaScript Unicode\ArialBold9B0020E007e.obj
C:\dev\webc\WebC\project\msvc.net\AppBuilder\Debug JavaScript Unicode\ArialBold9B0020E007e.sbr
C:\dev\webc\WebC\project\msvc.net\AppBuilder\Debug JavaScript Unicode\ArialItalic10B0020E007e.obj
C:\dev\webc\WebC\project\msvc.net\AppBuilder\Debug JavaScript Unicode\ArialItalic10B0020E007e.sbr
C:\dev\webc\WebC\project\msvc.net\AppBuilder\Debug JavaScript Unicode\ArialItalic6B0020E007e.obj
C:\dev\webc\WebC\project\msvc.net\AppBuilder\Debug JavaScript Unicode\ArialItalic6B0020E007e.sbr
C:\dev\webc\WebC\project\msvc.net\AppBuilder\Debug JavaScript Unicode\ArialItalic9B0020E007e.obj
C:\dev\webc\WebC\project\msvc.net\AppBuilder\Debug JavaScript Unicode\ArialItalic9B0020E007e.sbr
C:\dev\webc\WebC\project\msvc.net\AppBuilder\Debug JavaScript Unicode\ArialRegular10B0020E007e.obj
C:\dev\webc\WebC\project\msvc.net\AppBuilder\Debug JavaScript Unicode\ArialRegular10B0020E007e.sbr
C:\dev\webc\WebC\project\msvc.net\AppBuilder\Debug JavaScript Unicode\ArialRegular14B0020E007e.obj
C:\dev\webc\WebC\project\msvc.net\AppBuilder\Debug JavaScript Unicode\ArialRegular14B0020E007e.sbr
C:\dev\webc\WebC\project\msvc.net\AppBuilder\Debug JavaScript Unicode\ArialRegular20B0020E007e.obj
C:\dev\webc\WebC\project\msvc.net\AppBuilder\Debug JavaScript Unicode\ArialRegular20B0020E007e.sbr
C:\dev\webc\WebC\project\msvc.net\AppBuilder\Debug JavaScript Unicode\ArialRegular6B0020E007e.obj
C:\dev\webc\WebC\project\msvc.net\AppBuilder\Debug JavaScript Unicode\ArialRegular6B0020E007e.sbr
C:\dev\webc\WebC\project\msvc.net\AppBuilder\Debug JavaScript Unicode\ArialRegular9B0020E007e.obj
C:\dev\webc\WebC\project\msvc.net\AppBuilder\Debug JavaScript Unicode\ArialRegular9B0020E007e.sbr
C:\dev\webc\WebC\project\msvc.net\AppBuilder\Debug JavaScript Unicode\attr.obj
C:\dev\webc\WebC\project\msvc.net\AppBuilder\Debug JavaScript Unicode\attr.sbr
C:\dev\webc\WebC\project\msvc.net\AppBuilder\Debug JavaScript Unicode\BscMake.command.1.tlog
C:\dev\webc\WebC\project\msvc.net\AppBuilder\Debug JavaScript Unicode\bscmake.read.1.tlog
C:\dev\webc\WebC\project\msvc.net\AppBuilder\Debug JavaScript Unicode\bscmake.write.1.tlog
C:\dev\webc\WebC\project\msvc.net\AppBuilder\Debug JavaScript Unicode\cl.command.1.tlog
C:\dev\webc\WebC\project\msvc.net\AppBuilder\Debug JavaScript Unicode\CL.read.1.tlog
C:\dev\webc\WebC\project\msvc.net\AppBuilder\Debug JavaScript Unicode\CL.write.1.tlog
C:\dev\webc\WebC\project\msvc.net\AppBuilder\Debug JavaScript Unicode\CourierBold10B0020E007e.obj
C:\dev\webc\WebC\project\msvc.net\AppBuilder\Debug JavaScript Unicode\CourierBold10B0020E007e.sbr
C:\dev\webc\WebC\project\msvc.net\AppBuilder\Debug JavaScript Unicode\CourierBold14B0020E007e.obj
C:\dev\webc\WebC\project\msvc.net\AppBuilder\Debug JavaScript Unicode\CourierBold14B0020E007e.sbr
C:\dev\webc\WebC\project\msvc.net\AppBuilder\Debug JavaScript Unicode\CourierBold20B0020E007e.obj
C:\dev\webc\WebC\project\msvc.net\AppBuilder\Debug JavaScript Unicode\CourierBold20B0020E007e.sbr
C:\dev\webc\WebC\project\msvc.net\AppBuilder\Debug JavaScript Unicode\CourierRegular10B0020E007e.obj
C:\dev\webc\WebC\project\msvc.net\AppBuilder\Debug JavaScript Unicode\CourierRegular10B0020E007e.sbr
C:\dev\webc\WebC\project\msvc.net\AppBuilder\Debug JavaScript Unicode\CourierRegular14B0020E007e.obj
C:\dev\webc\WebC\project\msvc.net\AppBuilder\Debug JavaScript Unicode\CourierRegular14B0020E007e.sbr
C:\dev\webc\WebC\project\msvc.net\AppBuilder\Debug JavaScript Unicode\CourierRegular20B0020E007e.obj
C:\dev\webc\WebC\project\msvc.net\AppBuilder\Debug JavaScript Unicode\CourierRegular20B0020E007e.sbr
C:\dev\webc\WebC\project\msvc.net\AppBuilder\Debug JavaScript Unicode\document.obj
C:\dev\webc\WebC\project\msvc.net\AppBuilder\Debug JavaScript Unicode\document.sbr
C:\dev\webc\WebC\project\msvc.net\AppBuilder\Debug JavaScript Unicode\element.obj
C:\dev\webc\WebC\project\msvc.net\AppBuilder\Debug JavaScript Unicode\element.sbr
C:\dev\webc\WebC\project\msvc.net\AppBuilder\Debug JavaScript Unicode\FBAbstraction.obj
C:\dev\webc\WebC\project\msvc.net\AppBuilder\Debug JavaScript Unicode\FBAbstraction.sbr
C:\dev\webc\WebC\project\msvc.net\AppBuilder\Debug JavaScript Unicode\FBAbstractionFonts.obj
C:\dev\webc\WebC\project\msvc.net\AppBuilder\Debug JavaScript Unicode\FBAbstractionFonts.sbr
C:\dev\webc\WebC\project\msvc.net\AppBuilder\Debug JavaScript Unicode\FBAbstractWindowManager.obj
C:\dev\webc\WebC\project\msvc.net\AppBuilder\Debug JavaScript Unicode\FBAbstractWindowManager.sbr
C:\dev\webc\WebC\project\msvc.net\AppBuilder\Debug JavaScript Unicode\FBEventsandUtils.obj
C:\dev\webc\WebC\project\msvc.net\AppBuilder\Debug JavaScript Unicode\FBEventsandUtils.sbr
C:\dev\webc\WebC\project\msvc.net\AppBuilder\Debug JavaScript Unicode\FBGraphicsContext.obj
C:\dev\webc\WebC\project\msvc.net\AppBuilder\Debug JavaScript Unicode\FBGraphicsContext.sbr
C:\dev\webc\WebC\project\msvc.net\AppBuilder\Debug JavaScript Unicode\Filters.obj
C:\dev\webc\WebC\project\msvc.net\AppBuilder\Debug JavaScript Unicode\Filters.sbr
C:\dev\webc\WebC\project\msvc.net\AppBuilder\Debug JavaScript Unicode\FrameBufferDriver.obj
C:\dev\webc\WebC\project\msvc.net\AppBuilder\Debug JavaScript Unicode\FrameBufferDriver.sbr
C:\dev\webc\WebC\project\msvc.net\AppBuilder\Debug JavaScript Unicode\ixml.obj
C:\dev\webc\WebC\project\msvc.net\AppBuilder\Debug JavaScript Unicode\ixml.sbr
C:\dev\webc\WebC\project\msvc.net\AppBuilder\Debug JavaScript Unicode\ixmlmembuf.obj
C:\dev\webc\WebC\project\msvc.net\AppBuilder\Debug JavaScript Unicode\ixmlmembuf.sbr
C:\dev\webc\WebC\project\msvc.net\AppBuilder\Debug JavaScript Unicode\ixmlparser.obj
C:\dev\webc\WebC\project\msvc.net\AppBuilder\Debug JavaScript Unicode\ixmlparser.sbr
C:\dev\webc\WebC\project\msvc.net\AppBuilder\Debug JavaScript Unicode\link.command.1.tlog
C:\dev\webc\WebC\project\msvc.net\AppBuilder\Debug JavaScript Unicode\link.read.1.tlog
C:\dev\webc\WebC\project\msvc.net\AppBuilder\Debug JavaScript Unicode\link.write.1.tlog
C:\dev\webc\WebC\project\msvc.net\AppBuilder\Debug JavaScript Unicode\link-cvtres.read.1.tlog
C:\dev\webc\WebC\project\msvc.net\AppBuilder\Debug JavaScript Unicode\link-cvtres.write.1.tlog
C:\dev\webc\WebC\project\msvc.net\AppBuilder\Debug JavaScript Unicode\mt.command.1.tlog
C:\dev\webc\WebC\project\msvc.net\AppBuilder\Debug JavaScript Unicode\mt.read.1.tlog
C:\dev\webc\WebC\project\msvc.net\AppBuilder\Debug JavaScript Unicode\mt.write.1.tlog
C:\dev\webc\WebC\project\msvc.net\AppBuilder\Debug JavaScript Unicode\namedNodeMap.obj
C:\dev\webc\WebC\project\msvc.net\AppBuilder\Debug JavaScript Unicode\namedNodeMap.sbr
C:\dev\webc\WebC\project\msvc.net\AppBuilder\Debug JavaScript Unicode\node.obj
C:\dev\webc\WebC\project\msvc.net\AppBuilder\Debug JavaScript Unicode\node.sbr
C:\dev\webc\WebC\project\msvc.net\AppBuilder\Debug JavaScript Unicode\nodeList.obj
C:\dev\webc\WebC\project\msvc.net\AppBuilder\Debug JavaScript Unicode\nodeList.sbr
C:\dev\webc\WebC\project\msvc.net\AppBuilder\Debug JavaScript Unicode\rc.command.1.tlog
C:\dev\webc\WebC\project\msvc.net\AppBuilder\Debug JavaScript Unicode\rc.read.1.tlog
C:\dev\webc\WebC\project\msvc.net\AppBuilder\Debug JavaScript Unicode\rc.write.1.tlog
C:\dev\webc\WebC\project\msvc.net\AppBuilder\Debug JavaScript Unicode\TahomaBold10B0020E007e.obj
C:\dev\webc\WebC\project\msvc.net\AppBuilder\Debug JavaScript Unicode\TahomaBold10B0020E007e.sbr
C:\dev\webc\WebC\project\msvc.net\AppBuilder\Debug JavaScript Unicode\TahomaBold11B0020E007e.obj
C:\dev\webc\WebC\project\msvc.net\AppBuilder\Debug JavaScript Unicode\TahomaBold11B0020E007e.sbr
C:\dev\webc\WebC\project\msvc.net\AppBuilder\Debug JavaScript Unicode\TahomaBold12B0020E007e.obj
C:\dev\webc\WebC\project\msvc.net\AppBuilder\Debug JavaScript Unicode\TahomaBold12B0020E007e.sbr
C:\dev\webc\WebC\project\msvc.net\AppBuilder\Debug JavaScript Unicode\TahomaBold13B0020E007e.obj
C:\dev\webc\WebC\project\msvc.net\AppBuilder\Debug JavaScript Unicode\TahomaBold13B0020E007e.sbr
C:\dev\webc\WebC\project\msvc.net\AppBuilder\Debug JavaScript Unicode\TahomaBold14B0020E007e.obj
C:\dev\webc\WebC\project\msvc.net\AppBuilder\Debug JavaScript Unicode\TahomaBold14B0020E007e.sbr
C:\dev\webc\WebC\project\msvc.net\AppBuilder\Debug JavaScript Unicode\TahomaBold15B0020E007e.obj
C:\dev\webc\WebC\project\msvc.net\AppBuilder\Debug JavaScript Unicode\TahomaBold15B0020E007e.sbr
C:\dev\webc\WebC\project\msvc.net\AppBuilder\Debug JavaScript Unicode\TahomaBold16B0020E007e.obj
C:\dev\webc\WebC\project\msvc.net\AppBuilder\Debug JavaScript Unicode\TahomaBold16B0020E007e.sbr
C:\dev\webc\WebC\project\msvc.net\AppBuilder\Debug JavaScript Unicode\TahomaBold17B0020E007e.obj
C:\dev\webc\WebC\project\msvc.net\AppBuilder\Debug JavaScript Unicode\TahomaBold17B0020E007e.sbr
C:\dev\webc\WebC\project\msvc.net\AppBuilder\Debug JavaScript Unicode\TahomaBold18B0020E007e.obj
C:\dev\webc\WebC\project\msvc.net\AppBuilder\Debug JavaScript Unicode\TahomaBold18B0020E007e.sbr
C:\dev\webc\WebC\project\msvc.net\AppBuilder\Debug JavaScript Unicode\TahomaBold20B0020E007e.obj
C:\dev\webc\WebC\project\msvc.net\AppBuilder\Debug JavaScript Unicode\TahomaBold20B0020E007e.sbr
C:\dev\webc\WebC\project\msvc.net\AppBuilder\Debug JavaScript Unicode\TahomaBold22B0020E007e.obj
C:\dev\webc\WebC\project\msvc.net\AppBuilder\Debug JavaScript Unicode\TahomaBold22B0020E007e.sbr
C:\dev\webc\WebC\project\msvc.net\AppBuilder\Debug JavaScript Unicode\TahomaBold24B0020E007e.obj
C:\dev\webc\WebC\project\msvc.net\AppBuilder\Debug JavaScript Unicode\TahomaBold24B0020E007e.sbr
C:\dev\webc\WebC\project\msvc.net\AppBuilder\Debug JavaScript Unicode\TahomaRegular10B0020E007e.obj
C:\dev\webc\WebC\project\msvc.net\AppBuilder\Debug JavaScript Unicode\TahomaRegular10B0020E007e.sbr
C:\dev\webc\WebC\project\msvc.net\AppBuilder\Debug JavaScript Unicode\TahomaRegular11B0020E007e.obj
C:\dev\webc\WebC\project\msvc.net\AppBuilder\Debug JavaScript Unicode\TahomaRegular11B0020E007e.sbr
C:\dev\webc\WebC\project\msvc.net\AppBuilder\Debug JavaScript Unicode\TahomaRegular12B0020E007e.obj
C:\dev\webc\WebC\project\msvc.net\AppBuilder\Debug JavaScript Unicode\TahomaRegular12B0020E007e.sbr
C:\dev\webc\WebC\project\msvc.net\AppBuilder\Debug JavaScript Unicode\TahomaRegular13B0020E007e.obj
C:\dev\webc\WebC\project\msvc.net\AppBuilder\Debug JavaScript Unicode\TahomaRegular13B0020E007e.sbr
C:\dev\webc\WebC\project\msvc.net\AppBuilder\Debug JavaScript Unicode\TahomaRegular14B0020E007e.obj
C:\dev\webc\WebC\project\msvc.net\AppBuilder\Debug JavaScript Unicode\TahomaRegular14B0020E007e.sbr
C:\dev\webc\WebC\project\msvc.net\AppBuilder\Debug JavaScript Unicode\TahomaRegular15B0020E007e.obj
C:\dev\webc\WebC\project\msvc.net\AppBuilder\Debug JavaScript Unicode\TahomaRegular15B0020E007e.sbr
C:\dev\webc\WebC\project\msvc.net\AppBuilder\Debug JavaScript Unicode\TahomaRegular16B0020E007e.obj
C:\dev\webc\WebC\project\msvc.net\AppBuilder\Debug JavaScript Unicode\TahomaRegular16B0020E007e.sbr
C:\dev\webc\WebC\project\msvc.net\AppBuilder\Debug JavaScript Unicode\TahomaRegular17B0020E007e.obj
C:\dev\webc\WebC\project\msvc.net\AppBuilder\Debug JavaScript Unicode\TahomaRegular17B0020E007e.sbr
C:\dev\webc\WebC\project\msvc.net\AppBuilder\Debug JavaScript Unicode\TahomaRegular18B0020E007e.obj
C:\dev\webc\WebC\project\msvc.net\AppBuilder\Debug JavaScript Unicode\TahomaRegular18B0020E007e.sbr
C:\dev\webc\WebC\project\msvc.net\AppBuilder\Debug JavaScript Unicode\TahomaRegular20B0020E007e.obj
C:\dev\webc\WebC\project\msvc.net\AppBuilder\Debug JavaScript Unicode\TahomaRegular20B0020E007e.sbr
C:\dev\webc\WebC\project\msvc.net\AppBuilder\Debug JavaScript Unicode\TahomaRegular22B0020E007e.obj
C:\dev\webc\WebC\project\msvc.net\AppBuilder\Debug JavaScript Unicode\TahomaRegular22B0020E007e.sbr
C:\dev\webc\WebC\project\msvc.net\AppBuilder\Debug JavaScript Unicode\TahomaRegular24B0020E007e.obj
C:\dev\webc\WebC\project\msvc.net\AppBuilder\Debug JavaScript Unicode\TahomaRegular24B0020E007e.sbr
C:\dev\webc\WebC\project\msvc.net\AppBuilder\Debug JavaScript Unicode\vc100.idb
C:\dev\webc\WebC\project\msvc.net\AppBuilder\Debug JavaScript Unicode\vc100.pdb
C:\dev\webc\WebC\project\msvc.net\AppBuilder\Debug JavaScript Unicode\webcdemo_gdip.bsc
C:\dev\webc\WebC\project\msvc.net\AppBuilder\Debug JavaScript Unicode\webcdemo_gdip.exe
C:\dev\webc\WebC\project\msvc.net\AppBuilder\Debug JavaScript Unicode\webcdemo_gdip.exe.embed.manifest
C:\dev\webc\WebC\project\msvc.net\AppBuilder\Debug JavaScript Unicode\webcdemo_gdip.exe.embed.manifest.res
C:\dev\webc\WebC\project\msvc.net\AppBuilder\Debug JavaScript Unicode\webcdemo_gdip.exe.intermediate.manifest
C:\dev\webc\WebC\project\msvc.net\AppBuilder\Debug JavaScript Unicode\webcdemo_gdip.ilk
C:\dev\webc\WebC\project\msvc.net\AppBuilder\Debug JavaScript Unicode\webcdemo_gdip.obj
C:\dev\webc\WebC\project\msvc.net\AppBuilder\Debug JavaScript Unicode\webcdemo_gdip.pdb
C:\dev\webc\WebC\project\msvc.net\AppBuilder\Debug JavaScript Unicode\webcdemo_gdip.res
C:\dev\webc\WebC\project\msvc.net\AppBuilder\Debug JavaScript Unicode\webcdemo_gdip.sbr
C:\dev\webc\WebC\project\msvc.net\AppBuilder\Debug JavaScript Unicode\webcdemo_gdip.write.1.tlog
C:\dev\webc\WebC\project\msvc.net\AppBuilder\Debug JavaScript Unicode\webcdemo_gdip_manifest.rc
C:\dev\webc\WebC\project\msvc.net\AppBuilder\Debug JavaScript Unicode\webcgdip.obj
C:\dev\webc\WebC\project\msvc.net\AppBuilder\Debug JavaScript Unicode\webcgdip.sbr
C:\dev\webc\WebC\project\msvc.net\AppBuilder\Debug JavaScript Unicode\wfgdip.obj
C:\dev\webc\WebC\project\msvc.net\AppBuilder\Debug JavaScript Unicode\wfgdip.sbr
C:\dev\webc\WebC\project\msvc.net\AppBuilder\Debug JavaScript Unicode\WindowsBitMapEventing.obj
C:\dev\webc\WebC\project\msvc.net\AppBuilder\Debug JavaScript Unicode\WindowsBitMapEventing.sbr
C:\dev\webc\WebC\project\msvc.net\AppBuilder\Debug JavaScript Unicode\WindowsBitMapFrameBuffer.obj
C:\dev\webc\WebC\project\msvc.net\AppBuilder\Debug JavaScript Unicode\WindowsBitMapFrameBuffer.sbr
D:\DEV\WEBC\WEBC\PROJECT\MSVC.NET\APPBUILDER\DEBUG JAVASCRIPT UNICODE\ARIALBOLD10B0020E007E.OBJ
D:\DEV\WEBC\WEBC\PROJECT\MSVC.NET\APPBUILDER\DEBUG JAVASCRIPT UNICODE\ARIALBOLD10B0020E007E.SBR
D:\DEV\WEBC\WEBC\PROJECT\MSVC.NET\APPBUILDER\DEBUG JAVASCRIPT UNICODE\ARIALBOLD14B0020E007E.OBJ
D:\DEV\WEBC\WEBC\PROJECT\MSVC.NET\APPBUILDER\DEBUG JAVASCRIPT UNICODE\ARIALBOLD14B0020E007E.SBR
D:\DEV\WEBC\WEBC\PROJECT\MSVC.NET\APPBUILDER\DEBUG JAVASCRIPT UNICODE\ARIALBOLD20B0020E007E.OBJ
D:\DEV\WEBC\WEBC\PROJECT\MSVC.NET\APPBUILDER\DEBUG JAVASCRIPT UNICODE\ARIALBOLD20B0020E007E.SBR
D:\DEV\WEBC\WEBC\PROJECT\MSVC.NET\APPBUILDER\DEBUG JAVASCRIPT UNICODE\ARIALBOLD6B0020E007E.OBJ
D:\DEV\WEBC\WEBC\PROJECT\MSVC.NET\APPBUILDER\DEBUG JAVASCRIPT UNICODE\ARIALBOLD6B0020E007E.SBR
D:\DEV\WEBC\WEBC\PROJECT\MSVC.NET\APPBUILDER\DEBUG JAVASCRIPT UNICODE\ARIALBOLD9B0020E007E.OBJ
D:\DEV\WEBC\WEBC\PROJECT\MSVC.NET\APPBUILDER\DEBUG JAVASCRIPT UNICODE\ARIALBOLD9B0020E007E.SBR
D:\DEV\WEBC\WEBC\PROJECT\MSVC.NET\APPBUILDER\DEBUG JAVASCRIPT UNICODE\ARIALITALIC10B0020E007E.OBJ
D:\DEV\WEBC\WEBC\PROJECT\MSVC.NET\APPBUILDER\DEBUG JAVASCRIPT UNICODE\ARIALITALIC10B0020E007E.SBR
D:\DEV\WEBC\WEBC\PROJECT\MSVC.NET\APPBUILDER\DEBUG JAVASCRIPT UNICODE\ARIALITALIC6B0020E007E.OBJ
D:\DEV\WEBC\WEBC\PROJECT\MSVC.NET\APPBUILDER\DEBUG JAVASCRIPT UNICODE\ARIALITALIC6B0020E007E.SBR
D:\DEV\WEBC\WEBC\PROJECT\MSVC.NET\APPBUILDER\DEBUG JAVASCRIPT UNICODE\ARIALITALIC9B0020E007E.OBJ
D:\DEV\WEBC\WEBC\PROJECT\MSVC.NET\APPBUILDER\DEBUG JAVASCRIPT UNICODE\ARIALITALIC9B0020E007E.SBR
D:\DEV\WEBC\WEBC\PROJECT\MSVC.NET\APPBUILDER\DEBUG JAVASCRIPT UNICODE\ARIALREGULAR10B0020E007E.OBJ
D:\DEV\WEBC\WEBC\PROJECT\MSVC.NET\APPBUILDER\DEBUG JAVASCRIPT UNICODE\ARIALREGULAR10B0020E007E.SBR
D:\DEV\WEBC\WEBC\PROJECT\MSVC.NET\APPBUILDER\DEBUG JAVASCRIPT UNICODE\ARIALREGULAR14B0020E007E.OBJ
D:\DEV\WEBC\WEBC\PROJECT\MSVC.NET\APPBUILDER\DEBUG JAVASCRIPT UNICODE\ARIALREGULAR14B0020E007E.SBR
D:\DEV\WEBC\WEBC\PROJECT\MSVC.NET\APPBUILDER\DEBUG JAVASCRIPT UNICODE\ARIALREGULAR20B0020E007E.OBJ
D:\DEV\WEBC\WEBC\PROJECT\MSVC.NET\APPBUILDER\DEBUG JAVASCRIPT UNICODE\ARIALREGULAR20B0020E007E.SBR
D:\DEV\WEBC\WEBC\PROJECT\MSVC.NET\APPBUILDER\DEBUG JAVASCRIPT UNICODE\ARIALREGULAR6B0020E007E.OBJ
D:\DEV\WEBC\WEBC\PROJECT\MSVC.NET\APPBUILDER\DEBUG JAVASCRIPT UNICODE\ARIALREGULAR6B0020E007E.SBR
D:\DEV\WEBC\WEBC\PROJECT\MSVC.NET\APPBUILDER\DEBUG JAVASCRIPT UNICODE\ARIALREGULAR9B0020E007E.OBJ
D:\DEV\WEBC\WEBC\PROJECT\MSVC.NET\APPBUILDER\DEBUG JAVASCRIPT UNICODE\ARIALREGULAR9B0020E007E.SBR
D:\DEV\WEBC\WEBC\PROJECT\MSVC.NET\APPBUILDER\DEBUG JAVASCRIPT UNICODE\ATTR.OBJ
D:\DEV\WEBC\WEBC\PROJECT\MSVC.NET\APPBUILDER\DEBUG JAVASCRIPT UNICODE\ATTR.SBR
D:\DEV\WEBC\WEBC\PROJECT\MSVC.NET\APPBUILDER\DEBUG JAVASCRIPT UNICODE\COURIERBOLD10B0020E007E.OBJ
D:\DEV\WEBC\WEBC\PROJECT\MSVC.NET\APPBUILDER\DEBUG JAVASCRIPT UNICODE\COURIERBOLD10B0020E007E.SBR
D:\DEV\WEBC\WEBC\PROJECT\MSVC.NET\APPBUILDER\DEBUG JAVASCRIPT UNICODE\COURIERBOLD14B0020E007E.OBJ
D:\DEV\WEBC\WEBC\PROJECT\MSVC.NET\APPBUILDER\DEBUG JAVASCRIPT UNICODE\COURIERBOLD14B0020E007E.SBR
D:\DEV\WEBC\WEBC\PROJECT\MSVC.NET\APPBUILDER\DEBUG JAVASCRIPT UNICODE\COURIERBOLD20B0020E007E.OBJ
D:\DEV\WEBC\WEBC\PROJECT\MSVC.NET\APPBUILDER\DEBUG JAVASCRIPT UNICODE\COURIERBOLD20B0020E007E.SBR
D:\DEV\WEBC\WEBC\PROJECT\MSVC.NET\APPBUILDER\DEBUG JAVASCRIPT UNICODE\COURIERREGULAR10B0020E007E.OBJ
D:\DEV\WEBC\WEBC\PROJECT\MSVC.NET\APPBUILDER\DEBUG JAVASCRIPT UNICODE\COURIERREGULAR10B0020E007E.SBR
D:\DEV\WEBC\WEBC\PROJECT\MSVC.NET\APPBUILDER\DEBUG JAVASCRIPT UNICODE\COURIERREGULAR14B0020E007E.OBJ
D:\DEV\WEBC\WEBC\PROJECT\MSVC.NET\APPBUILDER\DEBUG JAVASCRIPT UNICODE\COURIERREGULAR14B0020E007E.SBR
D:\DEV\WEBC\WEBC\PROJECT\MSVC.NET\APPBUILDER\DEBUG JAVASCRIPT UNICODE\COURIERREGULAR20B0020E007E.OBJ
D:\DEV\WEBC\WEBC\PROJECT\MSVC.NET\APPBUILDER\DEBUG JAVASCRIPT UNICODE\COURIERREGULAR20B0020E007E.SBR
D:\DEV\WEBC\WEBC\PROJECT\MSVC.NET\APPBUILDER\DEBUG JAVASCRIPT UNICODE\DOCUMENT.OBJ
D:\DEV\WEBC\WEBC\PROJECT\MSVC.NET\APPBUILDER\DEBUG JAVASCRIPT UNICODE\DOCUMENT.SBR
D:\DEV\WEBC\WEBC\PROJECT\MSVC.NET\APPBUILDER\DEBUG JAVASCRIPT UNICODE\ELEMENT.OBJ
D:\DEV\WEBC\WEBC\PROJECT\MSVC.NET\APPBUILDER\DEBUG JAVASCRIPT UNICODE\ELEMENT.SBR
D:\DEV\WEBC\WEBC\PROJECT\MSVC.NET\APPBUILDER\DEBUG JAVASCRIPT UNICODE\FBABSTRACTION.OBJ
D:\DEV\WEBC\WEBC\PROJECT\MSVC.NET\APPBUILDER\DEBUG JAVASCRIPT UNICODE\FBABSTRACTION.SBR
D:\DEV\WEBC\WEBC\PROJECT\MSVC.NET\APPBUILDER\DEBUG JAVASCRIPT UNICODE\FBABSTRACTIONFONTS.OBJ
D:\DEV\WEBC\WEBC\PROJECT\MSVC.NET\APPBUILDER\DEBUG JAVASCRIPT UNICODE\FBABSTRACTIONFONTS.SBR
D:\DEV\WEBC\WEBC\PROJECT\MSVC.NET\APPBUILDER\DEBUG JAVASCRIPT UNICODE\FBABSTRACTWINDOWMANAGER.OBJ
D:\DEV\WEBC\WEBC\PROJECT\MSVC.NET\APPBUILDER\DEBUG JAVASCRIPT UNICODE\FBABSTRACTWINDOWMANAGER.SBR
D:\DEV\WEBC\WEBC\PROJECT\MSVC.NET\APPBUILDER\DEBUG JAVASCRIPT UNICODE\FBEVENTSANDUTILS.OBJ
D:\DEV\WEBC\WEBC\PROJECT\MSVC.NET\APPBUILDER\DEBUG JAVASCRIPT UNICODE\FBEVENTSANDUTILS.SBR
D:\DEV\WEBC\WEBC\PROJECT\MSVC.NET\APPBUILDER\DEBUG JAVASCRIPT UNICODE\FBGRAPHICSCONTEXT.OBJ
D:\DEV\WEBC\WEBC\PROJECT\MSVC.NET\APPBUILDER\DEBUG JAVASCRIPT UNICODE\FBGRAPHICSCONTEXT.SBR
D:\DEV\WEBC\WEBC\PROJECT\MSVC.NET\APPBUILDER\DEBUG JAVASCRIPT UNICODE\FILTERS.OBJ
D:\DEV\WEBC\WEBC\PROJECT\MSVC.NET\APPBUILDER\DEBUG JAVASCRIPT UNICODE\FILTERS.SBR
D:\DEV\WEBC\WEBC\PROJECT\MSVC.NET\APPBUILDER\DEBUG JAVASCRIPT UNICODE\FRAMEBUFFERDRIVER.OBJ
D:\DEV\WEBC\WEBC\PROJECT\MSVC.NET\APPBUILDER\DEBUG JAVASCRIPT UNICODE\FRAMEBUFFERDRIVER.SBR
D:\DEV\WEBC\WEBC\PROJECT\MSVC.NET\APPBUILDER\DEBUG JAVASCRIPT UNICODE\IXML.OBJ
D:\DEV\WEBC\WEBC\PROJECT\MSVC.NET\APPBUILDER\DEBUG JAVASCRIPT UNICODE\IXML.SBR
D:\DEV\WEBC\WEBC\PROJECT\MSVC.NET\APPBUILDER\DEBUG JAVASCRIPT UNICODE\IXMLMEMBUF.OBJ
D:\DEV\WEBC\WEBC\PROJECT\MSVC.NET\APPBUILDER\DEBUG JAVASCRIPT UNICODE\IXMLMEMBUF.SBR
D:\DEV\WEBC\WEBC\PROJECT\MSVC.NET\APPBUILDER\DEBUG JAVASCRIPT UNICODE\IXMLPARSER.OBJ
D:\DEV\WEBC\WEBC\PROJECT\MSVC.NET\APPBUILDER\DEBUG JAVASCRIPT UNICODE\IXMLPARSER.SBR
D:\DEV\WEBC\WEBC\PROJECT\MSVC.NET\APPBUILDER\DEBUG JAVASCRIPT UNICODE\NAMEDNODEMAP.OBJ
D:\DEV\WEBC\WEBC\PROJECT\MSVC.NET\APPBUILDER\DEBUG JAVASCRIPT UNICODE\NAMEDNODEMAP.SBR
D:\DEV\WEBC\WEBC\PROJECT\MSVC.NET\APPBUILDER\DEBUG JAVASCRIPT UNICODE\NODE.OBJ
D:\DEV\WEBC\WEBC\PROJECT\MSVC.NET\APPBUILDER\DEBUG JAVASCRIPT UNICODE\NODE.SBR
D:\DEV\WEBC\WEBC\PROJECT\MSVC.NET\APPBUILDER\DEBUG JAVASCRIPT UNICODE\NODELIST.OBJ
D:\DEV\WEBC\WEBC\PROJECT\MSVC.NET\APPBUILDER\DEBUG JAVASCRIPT UNICODE\NODELIST.SBR
D:\DEV\WEBC\WEBC\PROJECT\MSVC.NET\APPBUILDER\DEBUG JAVASCRIPT UNICODE\TAHOMABOLD10B0020E007E.OBJ
D:\DEV\WEBC\WEBC\PROJECT\MSVC.NET\APPBUILDER\DEBUG JAVASCRIPT UNICODE\TAHOMABOLD10B0020E007E.SBR
D:\DEV\WEBC\WEBC\PROJECT\MSVC.NET\APPBUILDER\DEBUG JAVASCRIPT UNICODE\TAHOMABOLD11B0020E007E.OBJ
D:\DEV\WEBC\WEBC\PROJECT\MSVC.NET\APPBUILDER\DEBUG JAVASCRIPT UNICODE\TAHOMABOLD11B0020E007E.SBR
D:\DEV\WEBC\WEBC\PROJECT\MSVC.NET\APPBUILDER\DEBUG JAVASCRIPT UNICODE\TAHOMABOLD12B0020E007E.OBJ
D:\DEV\WEBC\WEBC\PROJECT\MSVC.NET\APPBUILDER\DEBUG JAVASCRIPT UNICODE\TAHOMABOLD12B0020E007E.SBR
D:\DEV\WEBC\WEBC\PROJECT\MSVC.NET\APPBUILDER\DEBUG JAVASCRIPT UNICODE\TAHOMABOLD13B0020E007E.OBJ
D:\DEV\WEBC\WEBC\PROJECT\MSVC.NET\APPBUILDER\DEBUG JAVASCRIPT UNICODE\TAHOMABOLD13B0020E007E.SBR
D:\DEV\WEBC\WEBC\PROJECT\MSVC.NET\APPBUILDER\DEBUG JAVASCRIPT UNICODE\TAHOMABOLD14B0020E007E.OBJ
D:\DEV\WEBC\WEBC\PROJECT\MSVC.NET\APPBUILDER\DEBUG JAVASCRIPT UNICODE\TAHOMABOLD14B0020E007E.SBR
D:\DEV\WEBC\WEBC\PROJECT\MSVC.NET\APPBUILDER\DEBUG JAVASCRIPT UNICODE\TAHOMABOLD15B0020E007E.OBJ
D:\DEV\WEBC\WEBC\PROJECT\MSVC.NET\APPBUILDER\DEBUG JAVASCRIPT UNICODE\TAHOMABOLD15B0020E007E.SBR
D:\DEV\WEBC\WEBC\PROJECT\MSVC.NET\APPBUILDER\DEBUG JAVASCRIPT UNICODE\TAHOMABOLD16B0020E007E.OBJ
D:\DEV\WEBC\WEBC\PROJECT\MSVC.NET\APPBUILDER\DEBUG JAVASCRIPT UNICODE\TAHOMABOLD16B0020E007E.SBR
D:\DEV\WEBC\WEBC\PROJECT\MSVC.NET\APPBUILDER\DEBUG JAVASCRIPT UNICODE\TAHOMABOLD17B0020E007E.OBJ
D:\DEV\WEBC\WEBC\PROJECT\MSVC.NET\APPBUILDER\DEBUG JAVASCRIPT UNICODE\TAHOMABOLD17B0020E007E.SBR
D:\DEV\WEBC\WEBC\PROJECT\MSVC.NET\APPBUILDER\DEBUG JAVASCRIPT UNICODE\TAHOMABOLD18B0020E007E.OBJ
D:\DEV\WEBC\WEBC\PROJECT\MSVC.NET\APPBUILDER\DEBUG JAVASCRIPT UNICODE\TAHOMABOLD18B0020E007E.SBR
D:\DEV\WEBC\WEBC\PROJECT\MSVC.NET\APPBUILDER\DEBUG JAVASCRIPT UNICODE\TAHOMABOLD20B0020E007E.OBJ
D:\DEV\WEBC\WEBC\PROJECT\MSVC.NET\APPBUILDER\DEBUG JAVASCRIPT UNICODE\TAHOMABOLD20B0020E007E.SBR
D:\DEV\WEBC\WEBC\PROJECT\MSVC.NET\APPBUILDER\DEBUG JAVASCRIPT UNICODE\TAHOMABOLD22B0020E007E.OBJ
D:\DEV\WEBC\WEBC\PROJECT\MSVC.NET\APPBUILDER\DEBUG JAVASCRIPT UNICODE\TAHOMABOLD22B0020E007E.SBR
D:\DEV\WEBC\WEBC\PROJECT\MSVC.NET\APPBUILDER\DEBUG JAVASCRIPT UNICODE\TAHOMABOLD24B0020E007E.OBJ
D:\DEV\WEBC\WEBC\PROJECT\MSVC.NET\APPBUILDER\DEBUG JAVASCRIPT UNICODE\TAHOMABOLD24B0020E007E.SBR
D:\DEV\WEBC\WEBC\PROJECT\MSVC.NET\APPBUILDER\DEBUG JAVASCRIPT UNICODE\TAHOMAREGULAR10B0020E007E.OBJ
D:\DEV\WEBC\WEBC\PROJECT\MSVC.NET\APPBUILDER\DEBUG JAVASCRIPT UNICODE\TAHOMAREGULAR10B0020E007E.SBR
D:\DEV\WEBC\WEBC\PROJECT\MSVC.NET\APPBUILDER\DEBUG JAVASCRIPT UNICODE\TAHOMAREGULAR11B0020E007E.OBJ
D:\DEV\WEBC\WEBC\PROJECT\MSVC.NET\APPBUILDER\DEBUG JAVASCRIPT UNICODE\TAHOMAREGULAR11B0020E007E.SBR
D:\DEV\WEBC\WEBC\PROJECT\MSVC.NET\APPBUILDER\DEBUG JAVASCRIPT UNICODE\TAHOMAREGULAR12B0020E007E.OBJ
D:\DEV\WEBC\WEBC\PROJECT\MSVC.NET\APPBUILDER\DEBUG JAVASCRIPT UNICODE\TAHOMAREGULAR12B0020E007E.SBR
D:\DEV\WEBC\WEBC\PROJECT\MSVC.NET\APPBUILDER\DEBUG JAVASCRIPT UNICODE\TAHOMAREGULAR13B0020E007E.OBJ
D:\DEV\WEBC\WEBC\PROJECT\MSVC.NET\APPBUILDER\DEBUG JAVASCRIPT UNICODE\TAHOMAREGULAR13B0020E007E.SBR
D:\DEV\WEBC\WEBC\PROJECT\MSVC.NET\APPBUILDER\DEBUG JAVASCRIPT UNICODE\TAHOMAREGULAR14B0020E007E.OBJ
D:\DEV\WEBC\WEBC\PROJECT\MSVC.NET\APPBUILDER\DEBUG JAVASCRIPT UNICODE\TAHOMAREGULAR14B0020E007E.SBR
D:\DEV\WEBC\WEBC\PROJECT\MSVC.NET\APPBUILDER\DEBUG JAVASCRIPT UNICODE\TAHOMAREGULAR15B0020E007E.OBJ
D:\DEV\WEBC\WEBC\PROJECT\MSVC.NET\APPBUILDER\DEBUG JAVASCRIPT UNICODE\TAHOMAREGULAR15B0020E007E.SBR
D:\DEV\WEBC\WEBC\PROJECT\MSVC.NET\APPBUILDER\DEBUG JAVASCRIPT UNICODE\TAHOMAREGULAR16B0020E007E.OBJ
D:\DEV\WEBC\WEBC\PROJECT\MSVC.NET\APPBUILDER\DEBUG JAVASCRIPT UNICODE\TAHOMAREGULAR16B0020E007E.SBR
D:\DEV\WEBC\WEBC\PROJECT\MSVC.NET\APPBUILDER\DEBUG JAVASCRIPT UNICODE\TAHOMAREGULAR17B0020E007E.OBJ
D:\DEV\WEBC\WEBC\PROJECT\MSVC.NET\APPBUILDER\DEBUG JAVASCRIPT UNICODE\TAHOMAREGULAR17B0020E007E.SBR
D:\DEV\WEBC\WEBC\PROJECT\MSVC.NET\APPBUILDER\DEBUG JAVASCRIPT UNICODE\TAHOMAREGULAR18B0020E007E.OBJ
D:\DEV\WEBC\WEBC\PROJECT\MSVC.NET\APPBUILDER\DEBUG JAVASCRIPT UNICODE\TAHOMAREGULAR18B0020E007E.SBR
D:\DEV\WEBC\WEBC\PROJECT\MSVC.NET\APPBUILDER\DEBUG JAVASCRIPT UNICODE\TAHOMAREGULAR20B0020E007E.OBJ
D:\DEV\WEBC\WEBC\PROJECT\MSVC.NET\APPBUILDER\DEBUG JAVASCRIPT UNICODE\TAHOMAREGULAR20B0020E007E.SBR
D:\DEV\WEBC\WEBC\PROJECT\MSVC.NET\APPBUILDER\DEBUG JAVASCRIPT UNICODE\TAHOMAREGULAR22B0020E007E.OBJ
D:\DEV\WEBC\WEBC\PROJECT\MSVC.NET\APPBUILDER\DEBUG JAVASCRIPT UNICODE\TAHOMAREGULAR22B0020E007E.SBR
D:\DEV\WEBC\WEBC\PROJECT\MSVC.NET\APPBUILDER\DEBUG JAVASCRIPT UNICODE\TAHOMAREGULAR24B0020E007E.OBJ
D:\DEV\WEBC\WEBC\PROJECT\MSVC.NET\APPBUILDER\DEBUG JAVASCRIPT UNICODE\TAHOMAREGULAR24B0020E007E.SBR
D:\DEV\WEBC\WEBC\PROJECT\MSVC.NET\APPBUILDER\DEBUG JAVASCRIPT UNICODE\VC100.PDB
D:\DEV\WEBC\WEBC\PROJECT\MSVC.NET\APPBUILDER\DEBUG JAVASCRIPT UNICODE\WEBCDEMO_GDIP.BSC
D:\DEV\WEBC\WEBC\PROJECT\MSVC.NET\APPBUILDER\DEBUG JAVASCRIPT UNICODE\WEBCDEMO_GDIP.EXE
D:\DEV\WEBC\WEBC\PROJECT\MSVC.NET\APPBUILDER\DEBUG JAVASCRIPT UNICODE\WEBCDEMO_GDIP.EXE.EMBED.MANIFEST
D:\DEV\WEBC\WEBC\PROJECT\MSVC.NET\APPBUILDER\DEBUG JAVASCRIPT UNICODE\WEBCDEMO_GDIP.EXE.EMBED.MANIFEST.RES
D:\DEV\WEBC\WEBC\PROJECT\MSVC.NET\APPBUILDER\DEBUG JAVASCRIPT UNICODE\WEBCDEMO_GDIP.EXE.INTERMEDIATE.MANIFEST
D:\DEV\WEBC\WEBC\PROJECT\MSVC.NET\APPBUILDER\DEBUG JAVASCRIPT UNICODE\WEBCDEMO_GDIP.ILK
D:\DEV\WEBC\WEBC\PROJECT\MSVC.NET\APPBUILDER\DEBUG JAVASCRIPT UNICODE\WEBCDEMO_GDIP.OBJ
D:\DEV\WEBC\WEBC\PROJECT\MSVC.NET\APPBUILDER\DEBUG JAVASCRIPT UNICODE\WEBCDEMO_GDIP.PDB
D:\DEV\WEBC\WEBC\PROJECT\MSVC.NET\APPBUILDER\DEBUG JAVASCRIPT UNICODE\WEBCDEMO_GDIP.RES
D:\DEV\WEBC\WEBC\PROJECT\MSVC.NET\APPBUILDER\DEBUG JAVASCRIPT UNICODE\WEBCDEMO_GDIP.SBR
D:\DEV\WEBC\WEBC\PROJECT\MSVC.NET\APPBUILDER\DEBUG JAVASCRIPT UNICODE\WEBCGDIP.OBJ
D:\DEV\WEBC\WEBC\PROJECT\MSVC.NET\APPBUILDER\DEBUG JAVASCRIPT UNICODE\WEBCGDIP.SBR
D:\DEV\WEBC\WEBC\PROJECT\MSVC.NET\APPBUILDER\DEBUG JAVASCRIPT UNICODE\WFGDIP.OBJ
D:\DEV\WEBC\WEBC\PROJECT\MSVC.NET\APPBUILDER\DEBUG JAVASCRIPT UNICODE\WFGDIP.SBR
D:\DEV\WEBC\WEBC\PROJECT\MSVC.NET\APPBUILDER\DEBUG JAVASCRIPT UNICODE\WINDOWSBITMAPEVENTING.OBJ
D:\DEV\WEBC\WEBC\PROJECT\MSVC.NET\APPBUILDER\DEBUG JAVASCRIPT UNICODE\WINDOWSBITMAPEVENTING.SBR
D:\DEV\WEBC\WEBC\PROJECT\MSVC.NET\APPBUILDER\DEBUG JAVASCRIPT UNICODE\WINDOWSBITMAPFRAMEBUFFER.OBJ
D:\DEV\WEBC\WEBC\PROJECT\MSVC.NET\APPBUILDER\DEBUG JAVASCRIPT UNICODE\WINDOWSBITMAPFRAMEBUFFER.SBR
Debug JavaScript Unicode\webcdemo_gdip.bsc
Debug JavaScript Unicode\webcdemo_gdip.ilk
Debug JavaScript Unicode\webcdemo_gdip.pdb
