C:\0a_share_with_virtual_box\ebs\gitsources\webcwebbrowser\webc\WebC\project\msvc.net\fdlibm\.\fdlibm___Win32_Debug_JavaScript_Unicode\fdlibm.lib
C:\0a_share_with_virtual_box\ebs\gitsources\webcwebbrowser\webc\WebC\project\msvc.net\fdlibm\fdlibm___Win32_Debug_JavaScript_Unicode\cl.command.1.tlog
C:\0a_share_with_virtual_box\ebs\gitsources\webcwebbrowser\webc\WebC\project\msvc.net\fdlibm\fdlibm___Win32_Debug_JavaScript_Unicode\CL.read.1.tlog
C:\0a_share_with_virtual_box\ebs\gitsources\webcwebbrowser\webc\WebC\project\msvc.net\fdlibm\fdlibm___Win32_Debug_JavaScript_Unicode\CL.write.1.tlog
C:\0A_SHARE_WITH_VIRTUAL_BOX\EBS\GITSOURCES\WEBCWEBBROWSER\WEBC\WEBC\PROJECT\MSVC.NET\FDLIBM\FDLIBM___WIN32_DEBUG_JAVASCRIPT_UNICODE\E_ACOS.OBJ
C:\0A_SHARE_WITH_VIRTUAL_BOX\EBS\GITSOURCES\WEBCWEBBROWSER\WEBC\WEBC\PROJECT\MSVC.NET\FDLIBM\FDLIBM___WIN32_DEBUG_JAVASCRIPT_UNICODE\E_ACOSH.OBJ
C:\0A_SHARE_WITH_VIRTUAL_BOX\EBS\GITSOURCES\WEBCWEBBROWSER\WEBC\WEBC\PROJECT\MSVC.NET\FDLIBM\FDLIBM___WIN32_DEBUG_JAVASCRIPT_UNICODE\E_ASIN.OBJ
C:\0A_SHARE_WITH_VIRTUAL_BOX\EBS\GITSOURCES\WEBCWEBBROWSER\WEBC\WEBC\PROJECT\MSVC.NET\FDLIBM\FDLIBM___WIN32_DEBUG_JAVASCRIPT_UNICODE\E_ATAN2.OBJ
C:\0A_SHARE_WITH_VIRTUAL_BOX\EBS\GITSOURCES\WEBCWEBBROWSER\WEBC\WEBC\PROJECT\MSVC.NET\FDLIBM\FDLIBM___WIN32_DEBUG_JAVASCRIPT_UNICODE\E_ATANH.OBJ
C:\0A_SHARE_WITH_VIRTUAL_BOX\EBS\GITSOURCES\WEBCWEBBROWSER\WEBC\WEBC\PROJECT\MSVC.NET\FDLIBM\FDLIBM___WIN32_DEBUG_JAVASCRIPT_UNICODE\E_COSH.OBJ
C:\0A_SHARE_WITH_VIRTUAL_BOX\EBS\GITSOURCES\WEBCWEBBROWSER\WEBC\WEBC\PROJECT\MSVC.NET\FDLIBM\FDLIBM___WIN32_DEBUG_JAVASCRIPT_UNICODE\E_EXP.OBJ
C:\0A_SHARE_WITH_VIRTUAL_BOX\EBS\GITSOURCES\WEBCWEBBROWSER\WEBC\WEBC\PROJECT\MSVC.NET\FDLIBM\FDLIBM___WIN32_DEBUG_JAVASCRIPT_UNICODE\E_FMOD.OBJ
C:\0A_SHARE_WITH_VIRTUAL_BOX\EBS\GITSOURCES\WEBCWEBBROWSER\WEBC\WEBC\PROJECT\MSVC.NET\FDLIBM\FDLIBM___WIN32_DEBUG_JAVASCRIPT_UNICODE\E_GAMMA.OBJ
C:\0A_SHARE_WITH_VIRTUAL_BOX\EBS\GITSOURCES\WEBCWEBBROWSER\WEBC\WEBC\PROJECT\MSVC.NET\FDLIBM\FDLIBM___WIN32_DEBUG_JAVASCRIPT_UNICODE\E_GAMMA_R.OBJ
C:\0A_SHARE_WITH_VIRTUAL_BOX\EBS\GITSOURCES\WEBCWEBBROWSER\WEBC\WEBC\PROJECT\MSVC.NET\FDLIBM\FDLIBM___WIN32_DEBUG_JAVASCRIPT_UNICODE\E_HYPOT.OBJ
C:\0A_SHARE_WITH_VIRTUAL_BOX\EBS\GITSOURCES\WEBCWEBBROWSER\WEBC\WEBC\PROJECT\MSVC.NET\FDLIBM\FDLIBM___WIN32_DEBUG_JAVASCRIPT_UNICODE\E_J0.OBJ
C:\0A_SHARE_WITH_VIRTUAL_BOX\EBS\GITSOURCES\WEBCWEBBROWSER\WEBC\WEBC\PROJECT\MSVC.NET\FDLIBM\FDLIBM___WIN32_DEBUG_JAVASCRIPT_UNICODE\E_J1.OBJ
C:\0A_SHARE_WITH_VIRTUAL_BOX\EBS\GITSOURCES\WEBCWEBBROWSER\WEBC\WEBC\PROJECT\MSVC.NET\FDLIBM\FDLIBM___WIN32_DEBUG_JAVASCRIPT_UNICODE\E_JN.OBJ
C:\0A_SHARE_WITH_VIRTUAL_BOX\EBS\GITSOURCES\WEBCWEBBROWSER\WEBC\WEBC\PROJECT\MSVC.NET\FDLIBM\FDLIBM___WIN32_DEBUG_JAVASCRIPT_UNICODE\E_LGAMMA.OBJ
C:\0A_SHARE_WITH_VIRTUAL_BOX\EBS\GITSOURCES\WEBCWEBBROWSER\WEBC\WEBC\PROJECT\MSVC.NET\FDLIBM\FDLIBM___WIN32_DEBUG_JAVASCRIPT_UNICODE\E_LGAMMA_R.OBJ
C:\0A_SHARE_WITH_VIRTUAL_BOX\EBS\GITSOURCES\WEBCWEBBROWSER\WEBC\WEBC\PROJECT\MSVC.NET\FDLIBM\FDLIBM___WIN32_DEBUG_JAVASCRIPT_UNICODE\E_LOG.OBJ
C:\0A_SHARE_WITH_VIRTUAL_BOX\EBS\GITSOURCES\WEBCWEBBROWSER\WEBC\WEBC\PROJECT\MSVC.NET\FDLIBM\FDLIBM___WIN32_DEBUG_JAVASCRIPT_UNICODE\E_LOG10.OBJ
C:\0A_SHARE_WITH_VIRTUAL_BOX\EBS\GITSOURCES\WEBCWEBBROWSER\WEBC\WEBC\PROJECT\MSVC.NET\FDLIBM\FDLIBM___WIN32_DEBUG_JAVASCRIPT_UNICODE\E_POW.OBJ
C:\0A_SHARE_WITH_VIRTUAL_BOX\EBS\GITSOURCES\WEBCWEBBROWSER\WEBC\WEBC\PROJECT\MSVC.NET\FDLIBM\FDLIBM___WIN32_DEBUG_JAVASCRIPT_UNICODE\E_REM_PIO2.OBJ
C:\0A_SHARE_WITH_VIRTUAL_BOX\EBS\GITSOURCES\WEBCWEBBROWSER\WEBC\WEBC\PROJECT\MSVC.NET\FDLIBM\FDLIBM___WIN32_DEBUG_JAVASCRIPT_UNICODE\E_REMAINDER.OBJ
C:\0A_SHARE_WITH_VIRTUAL_BOX\EBS\GITSOURCES\WEBCWEBBROWSER\WEBC\WEBC\PROJECT\MSVC.NET\FDLIBM\FDLIBM___WIN32_DEBUG_JAVASCRIPT_UNICODE\E_SCALB.OBJ
C:\0A_SHARE_WITH_VIRTUAL_BOX\EBS\GITSOURCES\WEBCWEBBROWSER\WEBC\WEBC\PROJECT\MSVC.NET\FDLIBM\FDLIBM___WIN32_DEBUG_JAVASCRIPT_UNICODE\E_SINH.OBJ
C:\0A_SHARE_WITH_VIRTUAL_BOX\EBS\GITSOURCES\WEBCWEBBROWSER\WEBC\WEBC\PROJECT\MSVC.NET\FDLIBM\FDLIBM___WIN32_DEBUG_JAVASCRIPT_UNICODE\E_SQRT.OBJ
C:\0A_SHARE_WITH_VIRTUAL_BOX\EBS\GITSOURCES\WEBCWEBBROWSER\WEBC\WEBC\PROJECT\MSVC.NET\FDLIBM\FDLIBM___WIN32_DEBUG_JAVASCRIPT_UNICODE\FDLIBM.LIB
C:\0a_share_with_virtual_box\ebs\gitsources\webcwebbrowser\webc\WebC\project\msvc.net\fdlibm\fdlibm___Win32_Debug_JavaScript_Unicode\fdlibm.vcxprojResolveAssemblyReference.cache
C:\0a_share_with_virtual_box\ebs\gitsources\webcwebbrowser\webc\WebC\project\msvc.net\fdlibm\fdlibm___Win32_Debug_JavaScript_Unicode\fdlibm.write.1.tlog
C:\0A_SHARE_WITH_VIRTUAL_BOX\EBS\GITSOURCES\WEBCWEBBROWSER\WEBC\WEBC\PROJECT\MSVC.NET\FDLIBM\FDLIBM___WIN32_DEBUG_JAVASCRIPT_UNICODE\K_COS.OBJ
C:\0A_SHARE_WITH_VIRTUAL_BOX\EBS\GITSOURCES\WEBCWEBBROWSER\WEBC\WEBC\PROJECT\MSVC.NET\FDLIBM\FDLIBM___WIN32_DEBUG_JAVASCRIPT_UNICODE\K_REM_PIO2.OBJ
C:\0A_SHARE_WITH_VIRTUAL_BOX\EBS\GITSOURCES\WEBCWEBBROWSER\WEBC\WEBC\PROJECT\MSVC.NET\FDLIBM\FDLIBM___WIN32_DEBUG_JAVASCRIPT_UNICODE\K_SIN.OBJ
C:\0A_SHARE_WITH_VIRTUAL_BOX\EBS\GITSOURCES\WEBCWEBBROWSER\WEBC\WEBC\PROJECT\MSVC.NET\FDLIBM\FDLIBM___WIN32_DEBUG_JAVASCRIPT_UNICODE\K_STANDARD.OBJ
C:\0A_SHARE_WITH_VIRTUAL_BOX\EBS\GITSOURCES\WEBCWEBBROWSER\WEBC\WEBC\PROJECT\MSVC.NET\FDLIBM\FDLIBM___WIN32_DEBUG_JAVASCRIPT_UNICODE\K_TAN.OBJ
C:\0a_share_with_virtual_box\ebs\gitsources\webcwebbrowser\webc\WebC\project\msvc.net\fdlibm\fdlibm___Win32_Debug_JavaScript_Unicode\lib.command.1.tlog
C:\0a_share_with_virtual_box\ebs\gitsources\webcwebbrowser\webc\WebC\project\msvc.net\fdlibm\fdlibm___Win32_Debug_JavaScript_Unicode\Lib-link.read.1.tlog
C:\0a_share_with_virtual_box\ebs\gitsources\webcwebbrowser\webc\WebC\project\msvc.net\fdlibm\fdlibm___Win32_Debug_JavaScript_Unicode\Lib-link.write.1.tlog
C:\0A_SHARE_WITH_VIRTUAL_BOX\EBS\GITSOURCES\WEBCWEBBROWSER\WEBC\WEBC\PROJECT\MSVC.NET\FDLIBM\FDLIBM___WIN32_DEBUG_JAVASCRIPT_UNICODE\S_ASINH.OBJ
C:\0A_SHARE_WITH_VIRTUAL_BOX\EBS\GITSOURCES\WEBCWEBBROWSER\WEBC\WEBC\PROJECT\MSVC.NET\FDLIBM\FDLIBM___WIN32_DEBUG_JAVASCRIPT_UNICODE\S_ATAN.OBJ
C:\0A_SHARE_WITH_VIRTUAL_BOX\EBS\GITSOURCES\WEBCWEBBROWSER\WEBC\WEBC\PROJECT\MSVC.NET\FDLIBM\FDLIBM___WIN32_DEBUG_JAVASCRIPT_UNICODE\S_CBRT.OBJ
C:\0A_SHARE_WITH_VIRTUAL_BOX\EBS\GITSOURCES\WEBCWEBBROWSER\WEBC\WEBC\PROJECT\MSVC.NET\FDLIBM\FDLIBM___WIN32_DEBUG_JAVASCRIPT_UNICODE\S_CEIL.OBJ
C:\0A_SHARE_WITH_VIRTUAL_BOX\EBS\GITSOURCES\WEBCWEBBROWSER\WEBC\WEBC\PROJECT\MSVC.NET\FDLIBM\FDLIBM___WIN32_DEBUG_JAVASCRIPT_UNICODE\S_COPYSIGN.OBJ
C:\0A_SHARE_WITH_VIRTUAL_BOX\EBS\GITSOURCES\WEBCWEBBROWSER\WEBC\WEBC\PROJECT\MSVC.NET\FDLIBM\FDLIBM___WIN32_DEBUG_JAVASCRIPT_UNICODE\S_COS.OBJ
C:\0A_SHARE_WITH_VIRTUAL_BOX\EBS\GITSOURCES\WEBCWEBBROWSER\WEBC\WEBC\PROJECT\MSVC.NET\FDLIBM\FDLIBM___WIN32_DEBUG_JAVASCRIPT_UNICODE\S_ERF.OBJ
C:\0A_SHARE_WITH_VIRTUAL_BOX\EBS\GITSOURCES\WEBCWEBBROWSER\WEBC\WEBC\PROJECT\MSVC.NET\FDLIBM\FDLIBM___WIN32_DEBUG_JAVASCRIPT_UNICODE\S_EXPM1.OBJ
C:\0A_SHARE_WITH_VIRTUAL_BOX\EBS\GITSOURCES\WEBCWEBBROWSER\WEBC\WEBC\PROJECT\MSVC.NET\FDLIBM\FDLIBM___WIN32_DEBUG_JAVASCRIPT_UNICODE\S_FABS.OBJ
C:\0A_SHARE_WITH_VIRTUAL_BOX\EBS\GITSOURCES\WEBCWEBBROWSER\WEBC\WEBC\PROJECT\MSVC.NET\FDLIBM\FDLIBM___WIN32_DEBUG_JAVASCRIPT_UNICODE\S_FINITE.OBJ
C:\0A_SHARE_WITH_VIRTUAL_BOX\EBS\GITSOURCES\WEBCWEBBROWSER\WEBC\WEBC\PROJECT\MSVC.NET\FDLIBM\FDLIBM___WIN32_DEBUG_JAVASCRIPT_UNICODE\S_FLOOR.OBJ
C:\0A_SHARE_WITH_VIRTUAL_BOX\EBS\GITSOURCES\WEBCWEBBROWSER\WEBC\WEBC\PROJECT\MSVC.NET\FDLIBM\FDLIBM___WIN32_DEBUG_JAVASCRIPT_UNICODE\S_FREXP.OBJ
C:\0A_SHARE_WITH_VIRTUAL_BOX\EBS\GITSOURCES\WEBCWEBBROWSER\WEBC\WEBC\PROJECT\MSVC.NET\FDLIBM\FDLIBM___WIN32_DEBUG_JAVASCRIPT_UNICODE\S_ILOGB.OBJ
C:\0A_SHARE_WITH_VIRTUAL_BOX\EBS\GITSOURCES\WEBCWEBBROWSER\WEBC\WEBC\PROJECT\MSVC.NET\FDLIBM\FDLIBM___WIN32_DEBUG_JAVASCRIPT_UNICODE\S_ISNAN.OBJ
C:\0A_SHARE_WITH_VIRTUAL_BOX\EBS\GITSOURCES\WEBCWEBBROWSER\WEBC\WEBC\PROJECT\MSVC.NET\FDLIBM\FDLIBM___WIN32_DEBUG_JAVASCRIPT_UNICODE\S_LDEXP.OBJ
C:\0A_SHARE_WITH_VIRTUAL_BOX\EBS\GITSOURCES\WEBCWEBBROWSER\WEBC\WEBC\PROJECT\MSVC.NET\FDLIBM\FDLIBM___WIN32_DEBUG_JAVASCRIPT_UNICODE\S_LIB_VERSION.OBJ
C:\0A_SHARE_WITH_VIRTUAL_BOX\EBS\GITSOURCES\WEBCWEBBROWSER\WEBC\WEBC\PROJECT\MSVC.NET\FDLIBM\FDLIBM___WIN32_DEBUG_JAVASCRIPT_UNICODE\S_LOG1P.OBJ
C:\0A_SHARE_WITH_VIRTUAL_BOX\EBS\GITSOURCES\WEBCWEBBROWSER\WEBC\WEBC\PROJECT\MSVC.NET\FDLIBM\FDLIBM___WIN32_DEBUG_JAVASCRIPT_UNICODE\S_LOGB.OBJ
C:\0A_SHARE_WITH_VIRTUAL_BOX\EBS\GITSOURCES\WEBCWEBBROWSER\WEBC\WEBC\PROJECT\MSVC.NET\FDLIBM\FDLIBM___WIN32_DEBUG_JAVASCRIPT_UNICODE\S_MATHERR.OBJ
C:\0A_SHARE_WITH_VIRTUAL_BOX\EBS\GITSOURCES\WEBCWEBBROWSER\WEBC\WEBC\PROJECT\MSVC.NET\FDLIBM\FDLIBM___WIN32_DEBUG_JAVASCRIPT_UNICODE\S_MODF.OBJ
C:\0A_SHARE_WITH_VIRTUAL_BOX\EBS\GITSOURCES\WEBCWEBBROWSER\WEBC\WEBC\PROJECT\MSVC.NET\FDLIBM\FDLIBM___WIN32_DEBUG_JAVASCRIPT_UNICODE\S_NEXTAFTER.OBJ
C:\0A_SHARE_WITH_VIRTUAL_BOX\EBS\GITSOURCES\WEBCWEBBROWSER\WEBC\WEBC\PROJECT\MSVC.NET\FDLIBM\FDLIBM___WIN32_DEBUG_JAVASCRIPT_UNICODE\S_RINT.OBJ
C:\0A_SHARE_WITH_VIRTUAL_BOX\EBS\GITSOURCES\WEBCWEBBROWSER\WEBC\WEBC\PROJECT\MSVC.NET\FDLIBM\FDLIBM___WIN32_DEBUG_JAVASCRIPT_UNICODE\S_SCALBN.OBJ
C:\0A_SHARE_WITH_VIRTUAL_BOX\EBS\GITSOURCES\WEBCWEBBROWSER\WEBC\WEBC\PROJECT\MSVC.NET\FDLIBM\FDLIBM___WIN32_DEBUG_JAVASCRIPT_UNICODE\S_SIGNGAM.OBJ
C:\0A_SHARE_WITH_VIRTUAL_BOX\EBS\GITSOURCES\WEBCWEBBROWSER\WEBC\WEBC\PROJECT\MSVC.NET\FDLIBM\FDLIBM___WIN32_DEBUG_JAVASCRIPT_UNICODE\S_SIGNIFICAND.OBJ
C:\0A_SHARE_WITH_VIRTUAL_BOX\EBS\GITSOURCES\WEBCWEBBROWSER\WEBC\WEBC\PROJECT\MSVC.NET\FDLIBM\FDLIBM___WIN32_DEBUG_JAVASCRIPT_UNICODE\S_SIN.OBJ
C:\0A_SHARE_WITH_VIRTUAL_BOX\EBS\GITSOURCES\WEBCWEBBROWSER\WEBC\WEBC\PROJECT\MSVC.NET\FDLIBM\FDLIBM___WIN32_DEBUG_JAVASCRIPT_UNICODE\S_TAN.OBJ
C:\0A_SHARE_WITH_VIRTUAL_BOX\EBS\GITSOURCES\WEBCWEBBROWSER\WEBC\WEBC\PROJECT\MSVC.NET\FDLIBM\FDLIBM___WIN32_DEBUG_JAVASCRIPT_UNICODE\S_TANH.OBJ
C:\0a_share_with_virtual_box\ebs\gitsources\webcwebbrowser\webc\WebC\project\msvc.net\fdlibm\fdlibm___Win32_Debug_JavaScript_Unicode\vc100.idb
C:\0A_SHARE_WITH_VIRTUAL_BOX\EBS\GITSOURCES\WEBCWEBBROWSER\WEBC\WEBC\PROJECT\MSVC.NET\FDLIBM\FDLIBM___WIN32_DEBUG_JAVASCRIPT_UNICODE\VC100.PDB
C:\0A_SHARE_WITH_VIRTUAL_BOX\EBS\GITSOURCES\WEBCWEBBROWSER\WEBC\WEBC\PROJECT\MSVC.NET\FDLIBM\FDLIBM___WIN32_DEBUG_JAVASCRIPT_UNICODE\W_ACOS.OBJ
C:\0A_SHARE_WITH_VIRTUAL_BOX\EBS\GITSOURCES\WEBCWEBBROWSER\WEBC\WEBC\PROJECT\MSVC.NET\FDLIBM\FDLIBM___WIN32_DEBUG_JAVASCRIPT_UNICODE\W_ACOSH.OBJ
C:\0A_SHARE_WITH_VIRTUAL_BOX\EBS\GITSOURCES\WEBCWEBBROWSER\WEBC\WEBC\PROJECT\MSVC.NET\FDLIBM\FDLIBM___WIN32_DEBUG_JAVASCRIPT_UNICODE\W_ASIN.OBJ
C:\0A_SHARE_WITH_VIRTUAL_BOX\EBS\GITSOURCES\WEBCWEBBROWSER\WEBC\WEBC\PROJECT\MSVC.NET\FDLIBM\FDLIBM___WIN32_DEBUG_JAVASCRIPT_UNICODE\W_ATAN2.OBJ
C:\0A_SHARE_WITH_VIRTUAL_BOX\EBS\GITSOURCES\WEBCWEBBROWSER\WEBC\WEBC\PROJECT\MSVC.NET\FDLIBM\FDLIBM___WIN32_DEBUG_JAVASCRIPT_UNICODE\W_ATANH.OBJ
C:\0A_SHARE_WITH_VIRTUAL_BOX\EBS\GITSOURCES\WEBCWEBBROWSER\WEBC\WEBC\PROJECT\MSVC.NET\FDLIBM\FDLIBM___WIN32_DEBUG_JAVASCRIPT_UNICODE\W_COSH.OBJ
C:\0A_SHARE_WITH_VIRTUAL_BOX\EBS\GITSOURCES\WEBCWEBBROWSER\WEBC\WEBC\PROJECT\MSVC.NET\FDLIBM\FDLIBM___WIN32_DEBUG_JAVASCRIPT_UNICODE\W_EXP.OBJ
C:\0A_SHARE_WITH_VIRTUAL_BOX\EBS\GITSOURCES\WEBCWEBBROWSER\WEBC\WEBC\PROJECT\MSVC.NET\FDLIBM\FDLIBM___WIN32_DEBUG_JAVASCRIPT_UNICODE\W_FMOD.OBJ
C:\0A_SHARE_WITH_VIRTUAL_BOX\EBS\GITSOURCES\WEBCWEBBROWSER\WEBC\WEBC\PROJECT\MSVC.NET\FDLIBM\FDLIBM___WIN32_DEBUG_JAVASCRIPT_UNICODE\W_GAMMA.OBJ
C:\0A_SHARE_WITH_VIRTUAL_BOX\EBS\GITSOURCES\WEBCWEBBROWSER\WEBC\WEBC\PROJECT\MSVC.NET\FDLIBM\FDLIBM___WIN32_DEBUG_JAVASCRIPT_UNICODE\W_GAMMA_R.OBJ
C:\0A_SHARE_WITH_VIRTUAL_BOX\EBS\GITSOURCES\WEBCWEBBROWSER\WEBC\WEBC\PROJECT\MSVC.NET\FDLIBM\FDLIBM___WIN32_DEBUG_JAVASCRIPT_UNICODE\W_HYPOT.OBJ
C:\0A_SHARE_WITH_VIRTUAL_BOX\EBS\GITSOURCES\WEBCWEBBROWSER\WEBC\WEBC\PROJECT\MSVC.NET\FDLIBM\FDLIBM___WIN32_DEBUG_JAVASCRIPT_UNICODE\W_J0.OBJ
C:\0A_SHARE_WITH_VIRTUAL_BOX\EBS\GITSOURCES\WEBCWEBBROWSER\WEBC\WEBC\PROJECT\MSVC.NET\FDLIBM\FDLIBM___WIN32_DEBUG_JAVASCRIPT_UNICODE\W_J1.OBJ
C:\0A_SHARE_WITH_VIRTUAL_BOX\EBS\GITSOURCES\WEBCWEBBROWSER\WEBC\WEBC\PROJECT\MSVC.NET\FDLIBM\FDLIBM___WIN32_DEBUG_JAVASCRIPT_UNICODE\W_JN.OBJ
C:\0A_SHARE_WITH_VIRTUAL_BOX\EBS\GITSOURCES\WEBCWEBBROWSER\WEBC\WEBC\PROJECT\MSVC.NET\FDLIBM\FDLIBM___WIN32_DEBUG_JAVASCRIPT_UNICODE\W_LGAMMA.OBJ
C:\0A_SHARE_WITH_VIRTUAL_BOX\EBS\GITSOURCES\WEBCWEBBROWSER\WEBC\WEBC\PROJECT\MSVC.NET\FDLIBM\FDLIBM___WIN32_DEBUG_JAVASCRIPT_UNICODE\W_LGAMMA_R.OBJ
C:\0A_SHARE_WITH_VIRTUAL_BOX\EBS\GITSOURCES\WEBCWEBBROWSER\WEBC\WEBC\PROJECT\MSVC.NET\FDLIBM\FDLIBM___WIN32_DEBUG_JAVASCRIPT_UNICODE\W_LOG.OBJ
C:\0A_SHARE_WITH_VIRTUAL_BOX\EBS\GITSOURCES\WEBCWEBBROWSER\WEBC\WEBC\PROJECT\MSVC.NET\FDLIBM\FDLIBM___WIN32_DEBUG_JAVASCRIPT_UNICODE\W_LOG10.OBJ
C:\0A_SHARE_WITH_VIRTUAL_BOX\EBS\GITSOURCES\WEBCWEBBROWSER\WEBC\WEBC\PROJECT\MSVC.NET\FDLIBM\FDLIBM___WIN32_DEBUG_JAVASCRIPT_UNICODE\W_POW.OBJ
C:\0A_SHARE_WITH_VIRTUAL_BOX\EBS\GITSOURCES\WEBCWEBBROWSER\WEBC\WEBC\PROJECT\MSVC.NET\FDLIBM\FDLIBM___WIN32_DEBUG_JAVASCRIPT_UNICODE\W_REMAINDER.OBJ
C:\0A_SHARE_WITH_VIRTUAL_BOX\EBS\GITSOURCES\WEBCWEBBROWSER\WEBC\WEBC\PROJECT\MSVC.NET\FDLIBM\FDLIBM___WIN32_DEBUG_JAVASCRIPT_UNICODE\W_SCALB.OBJ
C:\0A_SHARE_WITH_VIRTUAL_BOX\EBS\GITSOURCES\WEBCWEBBROWSER\WEBC\WEBC\PROJECT\MSVC.NET\FDLIBM\FDLIBM___WIN32_DEBUG_JAVASCRIPT_UNICODE\W_SINH.OBJ
C:\0A_SHARE_WITH_VIRTUAL_BOX\EBS\GITSOURCES\WEBCWEBBROWSER\WEBC\WEBC\PROJECT\MSVC.NET\FDLIBM\FDLIBM___WIN32_DEBUG_JAVASCRIPT_UNICODE\W_SQRT.OBJ
