C:\0a_share_with_virtual_box\ebs\gitsources\webcwebbrowser\webc\WebC\project\msvc.net\libmng\.\libmng___Win32_Debug_JavaScript_Unicode\libmng.lib
C:\0a_share_with_virtual_box\ebs\gitsources\webcwebbrowser\webc\WebC\project\msvc.net\libmng\libmng___Win32_Debug_JavaScript_Unicode\cl.command.1.tlog
C:\0a_share_with_virtual_box\ebs\gitsources\webcwebbrowser\webc\WebC\project\msvc.net\libmng\libmng___Win32_Debug_JavaScript_Unicode\CL.read.1.tlog
C:\0a_share_with_virtual_box\ebs\gitsources\webcwebbrowser\webc\WebC\project\msvc.net\libmng\libmng___Win32_Debug_JavaScript_Unicode\CL.write.1.tlog
C:\0a_share_with_virtual_box\ebs\gitsources\webcwebbrowser\webc\WebC\project\msvc.net\libmng\libmng___Win32_Debug_JavaScript_Unicode\lib.command.1.tlog
C:\0a_share_with_virtual_box\ebs\gitsources\webcwebbrowser\webc\WebC\project\msvc.net\libmng\libmng___Win32_Debug_JavaScript_Unicode\Lib-link.read.1.tlog
C:\0a_share_with_virtual_box\ebs\gitsources\webcwebbrowser\webc\WebC\project\msvc.net\libmng\libmng___Win32_Debug_JavaScript_Unicode\Lib-link.write.1.tlog
C:\0A_SHARE_WITH_VIRTUAL_BOX\EBS\GITSOURCES\WEBCWEBBROWSER\WEBC\WEBC\PROJECT\MSVC.NET\LIBMNG\LIBMNG___WIN32_DEBUG_JAVASCRIPT_UNICODE\LIBMNG.LIB
C:\0a_share_with_virtual_box\ebs\gitsources\webcwebbrowser\webc\WebC\project\msvc.net\libmng\libmng___Win32_Debug_JavaScript_Unicode\libmng.write.1.tlog
C:\0A_SHARE_WITH_VIRTUAL_BOX\EBS\GITSOURCES\WEBCWEBBROWSER\WEBC\WEBC\PROJECT\MSVC.NET\LIBMNG\LIBMNG___WIN32_DEBUG_JAVASCRIPT_UNICODE\LIBMNG_CALLBACK_XS.OBJ
C:\0A_SHARE_WITH_VIRTUAL_BOX\EBS\GITSOURCES\WEBCWEBBROWSER\WEBC\WEBC\PROJECT\MSVC.NET\LIBMNG\LIBMNG___WIN32_DEBUG_JAVASCRIPT_UNICODE\LIBMNG_CHUNK_IO.OBJ
C:\0A_SHARE_WITH_VIRTUAL_BOX\EBS\GITSOURCES\WEBCWEBBROWSER\WEBC\WEBC\PROJECT\MSVC.NET\LIBMNG\LIBMNG___WIN32_DEBUG_JAVASCRIPT_UNICODE\LIBMNG_CHUNK_PRC.OBJ
C:\0A_SHARE_WITH_VIRTUAL_BOX\EBS\GITSOURCES\WEBCWEBBROWSER\WEBC\WEBC\PROJECT\MSVC.NET\LIBMNG\LIBMNG___WIN32_DEBUG_JAVASCRIPT_UNICODE\LIBMNG_CHUNK_XS.OBJ
C:\0A_SHARE_WITH_VIRTUAL_BOX\EBS\GITSOURCES\WEBCWEBBROWSER\WEBC\WEBC\PROJECT\MSVC.NET\LIBMNG\LIBMNG___WIN32_DEBUG_JAVASCRIPT_UNICODE\LIBMNG_CMS.OBJ
C:\0A_SHARE_WITH_VIRTUAL_BOX\EBS\GITSOURCES\WEBCWEBBROWSER\WEBC\WEBC\PROJECT\MSVC.NET\LIBMNG\LIBMNG___WIN32_DEBUG_JAVASCRIPT_UNICODE\LIBMNG_DISPLAY.OBJ
C:\0A_SHARE_WITH_VIRTUAL_BOX\EBS\GITSOURCES\WEBCWEBBROWSER\WEBC\WEBC\PROJECT\MSVC.NET\LIBMNG\LIBMNG___WIN32_DEBUG_JAVASCRIPT_UNICODE\LIBMNG_DITHER.OBJ
C:\0A_SHARE_WITH_VIRTUAL_BOX\EBS\GITSOURCES\WEBCWEBBROWSER\WEBC\WEBC\PROJECT\MSVC.NET\LIBMNG\LIBMNG___WIN32_DEBUG_JAVASCRIPT_UNICODE\LIBMNG_ERROR.OBJ
C:\0A_SHARE_WITH_VIRTUAL_BOX\EBS\GITSOURCES\WEBCWEBBROWSER\WEBC\WEBC\PROJECT\MSVC.NET\LIBMNG\LIBMNG___WIN32_DEBUG_JAVASCRIPT_UNICODE\LIBMNG_FILTER.OBJ
C:\0A_SHARE_WITH_VIRTUAL_BOX\EBS\GITSOURCES\WEBCWEBBROWSER\WEBC\WEBC\PROJECT\MSVC.NET\LIBMNG\LIBMNG___WIN32_DEBUG_JAVASCRIPT_UNICODE\LIBMNG_HLAPI.OBJ
C:\0A_SHARE_WITH_VIRTUAL_BOX\EBS\GITSOURCES\WEBCWEBBROWSER\WEBC\WEBC\PROJECT\MSVC.NET\LIBMNG\LIBMNG___WIN32_DEBUG_JAVASCRIPT_UNICODE\LIBMNG_JPEG.OBJ
C:\0A_SHARE_WITH_VIRTUAL_BOX\EBS\GITSOURCES\WEBCWEBBROWSER\WEBC\WEBC\PROJECT\MSVC.NET\LIBMNG\LIBMNG___WIN32_DEBUG_JAVASCRIPT_UNICODE\LIBMNG_OBJECT_PRC.OBJ
C:\0A_SHARE_WITH_VIRTUAL_BOX\EBS\GITSOURCES\WEBCWEBBROWSER\WEBC\WEBC\PROJECT\MSVC.NET\LIBMNG\LIBMNG___WIN32_DEBUG_JAVASCRIPT_UNICODE\LIBMNG_PIXELS.OBJ
C:\0A_SHARE_WITH_VIRTUAL_BOX\EBS\GITSOURCES\WEBCWEBBROWSER\WEBC\WEBC\PROJECT\MSVC.NET\LIBMNG\LIBMNG___WIN32_DEBUG_JAVASCRIPT_UNICODE\LIBMNG_PROP_XS.OBJ
C:\0A_SHARE_WITH_VIRTUAL_BOX\EBS\GITSOURCES\WEBCWEBBROWSER\WEBC\WEBC\PROJECT\MSVC.NET\LIBMNG\LIBMNG___WIN32_DEBUG_JAVASCRIPT_UNICODE\LIBMNG_READ.OBJ
C:\0A_SHARE_WITH_VIRTUAL_BOX\EBS\GITSOURCES\WEBCWEBBROWSER\WEBC\WEBC\PROJECT\MSVC.NET\LIBMNG\LIBMNG___WIN32_DEBUG_JAVASCRIPT_UNICODE\LIBMNG_TRACE.OBJ
C:\0A_SHARE_WITH_VIRTUAL_BOX\EBS\GITSOURCES\WEBCWEBBROWSER\WEBC\WEBC\PROJECT\MSVC.NET\LIBMNG\LIBMNG___WIN32_DEBUG_JAVASCRIPT_UNICODE\LIBMNG_WRITE.OBJ
C:\0A_SHARE_WITH_VIRTUAL_BOX\EBS\GITSOURCES\WEBCWEBBROWSER\WEBC\WEBC\PROJECT\MSVC.NET\LIBMNG\LIBMNG___WIN32_DEBUG_JAVASCRIPT_UNICODE\LIBMNG_ZLIB.OBJ
C:\0a_share_with_virtual_box\ebs\gitsources\webcwebbrowser\webc\WebC\project\msvc.net\libmng\libmng___Win32_Debug_JavaScript_Unicode\vc100.idb
C:\0A_SHARE_WITH_VIRTUAL_BOX\EBS\GITSOURCES\WEBCWEBBROWSER\WEBC\WEBC\PROJECT\MSVC.NET\LIBMNG\LIBMNG___WIN32_DEBUG_JAVASCRIPT_UNICODE\VC100.PDB
