C:\0a_share_with_virtual_box\ebs\gitsources\webcwebbrowser\webc\WebC\project\msvc.net\mozjs\.\mozjs___Win32_Debug_JavaScript_Unicode\mozjs.lib
C:\0a_share_with_virtual_box\ebs\gitsources\webcwebbrowser\webc\WebC\project\msvc.net\mozjs\mozjs___Win32_Debug_JavaScript_Unicode\cl.command.1.tlog
C:\0a_share_with_virtual_box\ebs\gitsources\webcwebbrowser\webc\WebC\project\msvc.net\mozjs\mozjs___Win32_Debug_JavaScript_Unicode\CL.read.1.tlog
C:\0a_share_with_virtual_box\ebs\gitsources\webcwebbrowser\webc\WebC\project\msvc.net\mozjs\mozjs___Win32_Debug_JavaScript_Unicode\CL.write.1.tlog
C:\0A_SHARE_WITH_VIRTUAL_BOX\EBS\GITSOURCES\WEBCWEBBROWSER\WEBC\WEBC\PROJECT\MSVC.NET\MOZJS\MOZJS___WIN32_DEBUG_JAVASCRIPT_UNICODE\JSAPI.OBJ
C:\0A_SHARE_WITH_VIRTUAL_BOX\EBS\GITSOURCES\WEBCWEBBROWSER\WEBC\WEBC\PROJECT\MSVC.NET\MOZJS\MOZJS___WIN32_DEBUG_JAVASCRIPT_UNICODE\JSARENA.OBJ
C:\0A_SHARE_WITH_VIRTUAL_BOX\EBS\GITSOURCES\WEBCWEBBROWSER\WEBC\WEBC\PROJECT\MSVC.NET\MOZJS\MOZJS___WIN32_DEBUG_JAVASCRIPT_UNICODE\JSARRAY.OBJ
C:\0A_SHARE_WITH_VIRTUAL_BOX\EBS\GITSOURCES\WEBCWEBBROWSER\WEBC\WEBC\PROJECT\MSVC.NET\MOZJS\MOZJS___WIN32_DEBUG_JAVASCRIPT_UNICODE\JSATOM.OBJ
C:\0A_SHARE_WITH_VIRTUAL_BOX\EBS\GITSOURCES\WEBCWEBBROWSER\WEBC\WEBC\PROJECT\MSVC.NET\MOZJS\MOZJS___WIN32_DEBUG_JAVASCRIPT_UNICODE\JSBOOL.OBJ
C:\0A_SHARE_WITH_VIRTUAL_BOX\EBS\GITSOURCES\WEBCWEBBROWSER\WEBC\WEBC\PROJECT\MSVC.NET\MOZJS\MOZJS___WIN32_DEBUG_JAVASCRIPT_UNICODE\JSCNTXT.OBJ
C:\0A_SHARE_WITH_VIRTUAL_BOX\EBS\GITSOURCES\WEBCWEBBROWSER\WEBC\WEBC\PROJECT\MSVC.NET\MOZJS\MOZJS___WIN32_DEBUG_JAVASCRIPT_UNICODE\JSDATE.OBJ
C:\0A_SHARE_WITH_VIRTUAL_BOX\EBS\GITSOURCES\WEBCWEBBROWSER\WEBC\WEBC\PROJECT\MSVC.NET\MOZJS\MOZJS___WIN32_DEBUG_JAVASCRIPT_UNICODE\JSDBGAPI.OBJ
C:\0A_SHARE_WITH_VIRTUAL_BOX\EBS\GITSOURCES\WEBCWEBBROWSER\WEBC\WEBC\PROJECT\MSVC.NET\MOZJS\MOZJS___WIN32_DEBUG_JAVASCRIPT_UNICODE\JSDHASH.OBJ
C:\0A_SHARE_WITH_VIRTUAL_BOX\EBS\GITSOURCES\WEBCWEBBROWSER\WEBC\WEBC\PROJECT\MSVC.NET\MOZJS\MOZJS___WIN32_DEBUG_JAVASCRIPT_UNICODE\JSDTOA.OBJ
C:\0A_SHARE_WITH_VIRTUAL_BOX\EBS\GITSOURCES\WEBCWEBBROWSER\WEBC\WEBC\PROJECT\MSVC.NET\MOZJS\MOZJS___WIN32_DEBUG_JAVASCRIPT_UNICODE\JSEMIT.OBJ
C:\0A_SHARE_WITH_VIRTUAL_BOX\EBS\GITSOURCES\WEBCWEBBROWSER\WEBC\WEBC\PROJECT\MSVC.NET\MOZJS\MOZJS___WIN32_DEBUG_JAVASCRIPT_UNICODE\JSEXN.OBJ
C:\0A_SHARE_WITH_VIRTUAL_BOX\EBS\GITSOURCES\WEBCWEBBROWSER\WEBC\WEBC\PROJECT\MSVC.NET\MOZJS\MOZJS___WIN32_DEBUG_JAVASCRIPT_UNICODE\JSFILE.OBJ
C:\0A_SHARE_WITH_VIRTUAL_BOX\EBS\GITSOURCES\WEBCWEBBROWSER\WEBC\WEBC\PROJECT\MSVC.NET\MOZJS\MOZJS___WIN32_DEBUG_JAVASCRIPT_UNICODE\JSFUN.OBJ
C:\0A_SHARE_WITH_VIRTUAL_BOX\EBS\GITSOURCES\WEBCWEBBROWSER\WEBC\WEBC\PROJECT\MSVC.NET\MOZJS\MOZJS___WIN32_DEBUG_JAVASCRIPT_UNICODE\JSGC.OBJ
C:\0A_SHARE_WITH_VIRTUAL_BOX\EBS\GITSOURCES\WEBCWEBBROWSER\WEBC\WEBC\PROJECT\MSVC.NET\MOZJS\MOZJS___WIN32_DEBUG_JAVASCRIPT_UNICODE\JSHASH.OBJ
C:\0A_SHARE_WITH_VIRTUAL_BOX\EBS\GITSOURCES\WEBCWEBBROWSER\WEBC\WEBC\PROJECT\MSVC.NET\MOZJS\MOZJS___WIN32_DEBUG_JAVASCRIPT_UNICODE\JSINTERP.OBJ
C:\0A_SHARE_WITH_VIRTUAL_BOX\EBS\GITSOURCES\WEBCWEBBROWSER\WEBC\WEBC\PROJECT\MSVC.NET\MOZJS\MOZJS___WIN32_DEBUG_JAVASCRIPT_UNICODE\JSINVOKE.OBJ
C:\0A_SHARE_WITH_VIRTUAL_BOX\EBS\GITSOURCES\WEBCWEBBROWSER\WEBC\WEBC\PROJECT\MSVC.NET\MOZJS\MOZJS___WIN32_DEBUG_JAVASCRIPT_UNICODE\JSITER.OBJ
C:\0A_SHARE_WITH_VIRTUAL_BOX\EBS\GITSOURCES\WEBCWEBBROWSER\WEBC\WEBC\PROJECT\MSVC.NET\MOZJS\MOZJS___WIN32_DEBUG_JAVASCRIPT_UNICODE\JSLOCK.OBJ
C:\0A_SHARE_WITH_VIRTUAL_BOX\EBS\GITSOURCES\WEBCWEBBROWSER\WEBC\WEBC\PROJECT\MSVC.NET\MOZJS\MOZJS___WIN32_DEBUG_JAVASCRIPT_UNICODE\JSLOG2.OBJ
C:\0A_SHARE_WITH_VIRTUAL_BOX\EBS\GITSOURCES\WEBCWEBBROWSER\WEBC\WEBC\PROJECT\MSVC.NET\MOZJS\MOZJS___WIN32_DEBUG_JAVASCRIPT_UNICODE\JSLONG.OBJ
C:\0A_SHARE_WITH_VIRTUAL_BOX\EBS\GITSOURCES\WEBCWEBBROWSER\WEBC\WEBC\PROJECT\MSVC.NET\MOZJS\MOZJS___WIN32_DEBUG_JAVASCRIPT_UNICODE\JSMATH.OBJ
C:\0A_SHARE_WITH_VIRTUAL_BOX\EBS\GITSOURCES\WEBCWEBBROWSER\WEBC\WEBC\PROJECT\MSVC.NET\MOZJS\MOZJS___WIN32_DEBUG_JAVASCRIPT_UNICODE\JSNUM.OBJ
C:\0A_SHARE_WITH_VIRTUAL_BOX\EBS\GITSOURCES\WEBCWEBBROWSER\WEBC\WEBC\PROJECT\MSVC.NET\MOZJS\MOZJS___WIN32_DEBUG_JAVASCRIPT_UNICODE\JSOBJ.OBJ
C:\0A_SHARE_WITH_VIRTUAL_BOX\EBS\GITSOURCES\WEBCWEBBROWSER\WEBC\WEBC\PROJECT\MSVC.NET\MOZJS\MOZJS___WIN32_DEBUG_JAVASCRIPT_UNICODE\JSOPCODE.OBJ
C:\0A_SHARE_WITH_VIRTUAL_BOX\EBS\GITSOURCES\WEBCWEBBROWSER\WEBC\WEBC\PROJECT\MSVC.NET\MOZJS\MOZJS___WIN32_DEBUG_JAVASCRIPT_UNICODE\JSPARSE.OBJ
C:\0A_SHARE_WITH_VIRTUAL_BOX\EBS\GITSOURCES\WEBCWEBBROWSER\WEBC\WEBC\PROJECT\MSVC.NET\MOZJS\MOZJS___WIN32_DEBUG_JAVASCRIPT_UNICODE\JSPRF.OBJ
C:\0A_SHARE_WITH_VIRTUAL_BOX\EBS\GITSOURCES\WEBCWEBBROWSER\WEBC\WEBC\PROJECT\MSVC.NET\MOZJS\MOZJS___WIN32_DEBUG_JAVASCRIPT_UNICODE\JSREGEXP.OBJ
C:\0A_SHARE_WITH_VIRTUAL_BOX\EBS\GITSOURCES\WEBCWEBBROWSER\WEBC\WEBC\PROJECT\MSVC.NET\MOZJS\MOZJS___WIN32_DEBUG_JAVASCRIPT_UNICODE\JSSCAN.OBJ
C:\0A_SHARE_WITH_VIRTUAL_BOX\EBS\GITSOURCES\WEBCWEBBROWSER\WEBC\WEBC\PROJECT\MSVC.NET\MOZJS\MOZJS___WIN32_DEBUG_JAVASCRIPT_UNICODE\JSSCOPE.OBJ
C:\0A_SHARE_WITH_VIRTUAL_BOX\EBS\GITSOURCES\WEBCWEBBROWSER\WEBC\WEBC\PROJECT\MSVC.NET\MOZJS\MOZJS___WIN32_DEBUG_JAVASCRIPT_UNICODE\JSSCRIPT.OBJ
C:\0A_SHARE_WITH_VIRTUAL_BOX\EBS\GITSOURCES\WEBCWEBBROWSER\WEBC\WEBC\PROJECT\MSVC.NET\MOZJS\MOZJS___WIN32_DEBUG_JAVASCRIPT_UNICODE\JSSTR.OBJ
C:\0A_SHARE_WITH_VIRTUAL_BOX\EBS\GITSOURCES\WEBCWEBBROWSER\WEBC\WEBC\PROJECT\MSVC.NET\MOZJS\MOZJS___WIN32_DEBUG_JAVASCRIPT_UNICODE\JSUTIL.OBJ
C:\0A_SHARE_WITH_VIRTUAL_BOX\EBS\GITSOURCES\WEBCWEBBROWSER\WEBC\WEBC\PROJECT\MSVC.NET\MOZJS\MOZJS___WIN32_DEBUG_JAVASCRIPT_UNICODE\JSXDRAPI.OBJ
C:\0A_SHARE_WITH_VIRTUAL_BOX\EBS\GITSOURCES\WEBCWEBBROWSER\WEBC\WEBC\PROJECT\MSVC.NET\MOZJS\MOZJS___WIN32_DEBUG_JAVASCRIPT_UNICODE\JSXML.OBJ
C:\0a_share_with_virtual_box\ebs\gitsources\webcwebbrowser\webc\WebC\project\msvc.net\mozjs\mozjs___Win32_Debug_JavaScript_Unicode\lib.command.1.tlog
C:\0a_share_with_virtual_box\ebs\gitsources\webcwebbrowser\webc\WebC\project\msvc.net\mozjs\mozjs___Win32_Debug_JavaScript_Unicode\Lib-link.read.1.tlog
C:\0a_share_with_virtual_box\ebs\gitsources\webcwebbrowser\webc\WebC\project\msvc.net\mozjs\mozjs___Win32_Debug_JavaScript_Unicode\Lib-link.write.1.tlog
C:\0A_SHARE_WITH_VIRTUAL_BOX\EBS\GITSOURCES\WEBCWEBBROWSER\WEBC\WEBC\PROJECT\MSVC.NET\MOZJS\MOZJS___WIN32_DEBUG_JAVASCRIPT_UNICODE\MOZJS.LIB
C:\0a_share_with_virtual_box\ebs\gitsources\webcwebbrowser\webc\WebC\project\msvc.net\mozjs\mozjs___Win32_Debug_JavaScript_Unicode\mozjs.write.1.tlog
C:\0A_SHARE_WITH_VIRTUAL_BOX\EBS\GITSOURCES\WEBCWEBBROWSER\WEBC\WEBC\PROJECT\MSVC.NET\MOZJS\MOZJS___WIN32_DEBUG_JAVASCRIPT_UNICODE\PRMJTIME.OBJ
C:\0a_share_with_virtual_box\ebs\gitsources\webcwebbrowser\webc\WebC\project\msvc.net\mozjs\mozjs___Win32_Debug_JavaScript_Unicode\vc100.idb
C:\0A_SHARE_WITH_VIRTUAL_BOX\EBS\GITSOURCES\WEBCWEBBROWSER\WEBC\WEBC\PROJECT\MSVC.NET\MOZJS\MOZJS___WIN32_DEBUG_JAVASCRIPT_UNICODE\VC100.PDB
