Build started 1/13/2015 8:25:22 AM.
     1>Project "C:\dev\EMGLANDWEBC\webc\WebC\project\msvc\WebCWithCActuallyEmglWinSock\webcdemo_gdip.vcxproj" on node 2 (build target(s)).
     1>InitializeBuildStatus:
         Creating "Debug JavaScript Unicode\webcdemo_gdip.unsuccessfulbuild" because "AlwaysCreate" was specified.
       ClCompile:
         c:\Program Files (x86)\Microsoft Visual Studio 10.0\VC\bin\CL.exe /c /I..\..\..\include\protocol /I..\..\..\include\minigui /I..\..\..\include\jscript /I..\..\..\include\imgdecode /I..\..\..\include\imgconvert /I..\..\..\include\htmldom /I..\..\..\include\htmldisplay /I..\..\..\include\browser /I..\..\..\gui\windows\include /I..\..\..\lib\mozilla /I..\..\..\..\..\rtpport\rtip /I..\..\..\..\..\rtpport\win32 /I..\..\..\..\..\rtpcore /I..\..\..\ixml\v1.2\inc /I..\..\..\include\webcapi /I..\..\..\include\util /ZI /nologo /W3 /WX- /Od /Oy- /D WIN32 /D _DEBUG /D _WINDOWS /D WEBC_SUPPORT_JSCRIPT=1 /D WEBC_SUPPORT_UNICODE=1 /D HEREHERE /D WEBC_DEBUG /D _WEBC_ /D __WEBC__ /D _CRTDBG_MAP_ALLOC /D GDIFRAMEBUFFER=1 /D UNICODE /D _UNICODE /D _VC80_UPGRADE=0x0710 /D _MBCS /Gm /EHsc /MT /GS /fp:precise /Zc:wchar_t /Zc:forScope /Fo"Debug JavaScript Unicode\\" /Fd"Debug JavaScript Unicode\vc100.pdb" /FR"Debug JavaScript Unicode\\" /Gd /TC /wd4996 /analyze- /errorReport:prompt ..\..\..\..\..\EMGL\webCInterface\WebcEmglInit.c
         WebcEmglInit.c
     1>c:\dev\emglandwebc\emgl\webcinterface\webcemglinit.c(25): warning C4013: 'ConfigureWindowsSimulator' undefined; assuming extern returning int
     1>c:\dev\emglandwebc\emgl\webcinterface\webcemglinit.c(63): warning C4013: 'LoadWebcFonts' undefined; assuming extern returning int
         All outputs are up-to-date.
       ResourceCompile:
         All outputs are up-to-date.
       ManifestResourceCompile:
         All outputs are up-to-date.
       Link:
         c:\Program Files (x86)\Microsoft Visual Studio 10.0\VC\bin\link.exe /ERRORREPORT:PROMPT /OUT:"Debug JavaScript Unicode\webcdemo_gdip.exe" /INCREMENTAL /NOLOGO libcpmtd.lib libcmtd.lib ws2_32.lib gdiplus.lib ..\..\..\lib\openssl\openssl32.lib oldnames.lib \winpcap\WpdPack\Lib\packet.lib \winpcap\WpdPack\Lib\wpcap.lib kernel32.lib user32.lib gdi32.lib winspool.lib comdlg32.lib advapi32.lib shell32.lib ole32.lib oleaut32.lib uuid.lib odbc32.lib odbccp32.lib /NODEFAULTLIB /MANIFEST /ManifestFile:"Debug JavaScript Unicode\webcdemo_gdip.exe.intermediate.manifest" /MANIFESTUAC:"level='asInvoker' uiAccess='false'" /DEBUG /PDB:"Debug JavaScript Unicode\webcdemo_gdip.pdb" /ASSEMBLYDEBUG /SUBSYSTEM:WINDOWS /TLBID:1 /DYNAMICBASE:NO /IMPLIB:"Debug JavaScript Unicode\webcdemo_gdip.lib" /MACHINE:X86 "Debug JavaScript Unicode\webcdemo_gdip.res"
         "Debug JavaScript Unicode\webcdemo_gdip.exe.embed.manifest.res"
         "Debug JavaScript Unicode\BasicDialog.obj"
         "Debug JavaScript Unicode\ButtonControl.obj"
         "Debug JavaScript Unicode\CheckBoxObject.obj"
         "Debug JavaScript Unicode\ConsoleObject.obj"
         "Debug JavaScript Unicode\DivObject.obj"
         "Debug JavaScript Unicode\ImageMapControl.obj"
         "Debug JavaScript Unicode\MenuObject.obj"
         "Debug JavaScript Unicode\ScrollbarControl.obj"
         "Debug JavaScript Unicode\ScrollPanel.obj"
         "Debug JavaScript Unicode\SoftKeyControl.obj"
         "Debug JavaScript Unicode\StandardComponents.obj"
         "Debug JavaScript Unicode\TextBoxControl.obj"
         "Debug JavaScript Unicode\TextEditControl.obj"
         "Debug JavaScript Unicode\TextObject.obj"
         "Debug JavaScript Unicode\WindowObject.obj"
         "Debug JavaScript Unicode\codegen.obj"
         "Debug JavaScript Unicode\xmlutilities.obj"
         "Debug JavaScript Unicode\ButtonExample.obj"
         "Debug JavaScript Unicode\ExampleCalc.obj"
         "Debug JavaScript Unicode\ExampleDiags.obj"
         "Debug JavaScript Unicode\ExampleFramework.obj"
         "Debug JavaScript Unicode\ExampleGraphics.obj"
         "Debug JavaScript Unicode\ExampleIndicators.obj"
         "Debug JavaScript Unicode\Examples.obj"
         "Debug JavaScript Unicode\ExamplesDisplayManager.obj"
         "Debug JavaScript Unicode\ExamplesGraphObj.obj"
         "Debug JavaScript Unicode\ExamplesUtilities.obj"
         "Debug JavaScript Unicode\ImageMapExample.obj"
         "Debug JavaScript Unicode\IntroductoryText.obj"
         "Debug JavaScript Unicode\MenuExample.obj"
         "Debug JavaScript Unicode\MenuOfExample.obj"
         "Debug JavaScript Unicode\ScopeExample.obj"
         "Debug JavaScript Unicode\ScrollbarExample.obj"
         "Debug JavaScript Unicode\ScrollPanelExample.obj"
         "Debug JavaScript Unicode\SoftKeyBoardExample.obj"
         "Debug JavaScript Unicode\SourceViewer.obj"
         "Debug JavaScript Unicode\SpeedometerExample.obj"
         "Debug JavaScript Unicode\TextExamples.obj"
         "Debug JavaScript Unicode\VectorGraphics.obj"
         "Debug JavaScript Unicode\WindowExample.obj"
         "Debug JavaScript Unicode\ArialBold10B0020E007e.obj"
         "Debug JavaScript Unicode\ArialBold14B0020E007e.obj"
         "Debug JavaScript Unicode\ArialBold20B0020E007e.obj"
         "Debug JavaScript Unicode\ArialBold6B0020E007e.obj"
         "Debug JavaScript Unicode\ArialBold9B0020E007e.obj"
         "Debug JavaScript Unicode\ArialItalic10B0020E007e.obj"
         "Debug JavaScript Unicode\ArialItalic6B0020E007e.obj"
         "Debug JavaScript Unicode\ArialItalic9B0020E007e.obj"
         "Debug JavaScript Unicode\ArialRegular10B0020E007e.obj"
         "Debug JavaScript Unicode\ArialRegular14B0020E007e.obj"
         "Debug JavaScript Unicode\ArialRegular20B0020E007e.obj"
         "Debug JavaScript Unicode\ArialRegular6B0020E007e.obj"
         "Debug JavaScript Unicode\ArialRegular9B0020E007e.obj"
         "Debug JavaScript Unicode\CourierBold10B0020E007e.obj"
         "Debug JavaScript Unicode\CourierBold14B0020E007e.obj"
         "Debug JavaScript Unicode\CourierBold20B0020E007e.obj"
         "Debug JavaScript Unicode\CourierRegular10B0020E007e.obj"
         "Debug JavaScript Unicode\CourierRegular14B0020E007e.obj"
         "Debug JavaScript Unicode\CourierRegular20B0020E007e.obj"
         "Debug JavaScript Unicode\TahomaBold10B0020E007e.obj"
         "Debug JavaScript Unicode\TahomaBold11B0020E007e.obj"
         "Debug JavaScript Unicode\TahomaBold12B0020E007e.obj"
         "Debug JavaScript Unicode\TahomaBold13B0020E007e.obj"
         "Debug JavaScript Unicode\TahomaBold14B0020E007e.obj"
         "Debug JavaScript Unicode\TahomaBold15B0020E007e.obj"
         "Debug JavaScript Unicode\TahomaBold16B0020E007e.obj"
         "Debug JavaScript Unicode\TahomaBold17B0020E007e.obj"
         "Debug JavaScript Unicode\TahomaBold18B0020E007e.obj"
         "Debug JavaScript Unicode\TahomaBold20B0020E007e.obj"
         "Debug JavaScript Unicode\TahomaBold22B0020E007e.obj"
         "Debug JavaScript Unicode\TahomaBold24B0020E007e.obj"
         "Debug JavaScript Unicode\TahomaRegular10B0020E007e.obj"
         "Debug JavaScript Unicode\TahomaRegular11B0020E007e.obj"
         "Debug JavaScript Unicode\TahomaRegular12B0020E007e.obj"
         "Debug JavaScript Unicode\TahomaRegular13B0020E007e.obj"
         "Debug JavaScript Unicode\TahomaRegular14B0020E007e.obj"
         "Debug JavaScript Unicode\TahomaRegular15B0020E007e.obj"
         "Debug JavaScript Unicode\TahomaRegular16B0020E007e.obj"
         "Debug JavaScript Unicode\TahomaRegular17B0020E007e.obj"
         "Debug JavaScript Unicode\TahomaRegular18B0020E007e.obj"
         "Debug JavaScript Unicode\TahomaRegular20B0020E007e.obj"
         "Debug JavaScript Unicode\TahomaRegular22B0020E007e.obj"
         "Debug JavaScript Unicode\TahomaRegular24B0020E007e.obj"
         "Debug JavaScript Unicode\EglLogo.obj"
         "Debug JavaScript Unicode\Keyboard.obj"
         "Debug JavaScript Unicode\KeyboardDown.obj"
         "Debug JavaScript Unicode\Oval3DDd0.obj"
         "Debug JavaScript Unicode\Oval3DDd1.obj"
         "Debug JavaScript Unicode\speedo.obj"
         "Debug JavaScript Unicode\RadiusCornerImage_10_1.obj"
         "Debug JavaScript Unicode\RadiusCornerImage_10_2.obj"
         "Debug JavaScript Unicode\RadiusCornerImage_20_2.obj"
         "Debug JavaScript Unicode\RadiusCornerImage_20_4.obj"
         "Debug JavaScript Unicode\WindowsBitMapConfig.obj"
         "Debug JavaScript Unicode\WindowsBitMapEventing.obj"
         "Debug JavaScript Unicode\WindowsBitMapFrameBuffer.obj"
         "Debug JavaScript Unicode\bmpdecode.obj"
         "Debug JavaScript Unicode\bmpload.obj"
         "Debug JavaScript Unicode\DisplayObject.obj"
         "Debug JavaScript Unicode\DisplayObjectGraphObj.obj"
         "Debug JavaScript Unicode\egbfbgradients.obj"
         "Debug JavaScript Unicode\egbfbmain.obj"
         "Debug JavaScript Unicode\egbfbroundedcorners.obj"
         "Debug JavaScript Unicode\egbffonts.obj"
         "Debug JavaScript Unicode\egblgraphnametocolor.obj"
         "Debug JavaScript Unicode\egblinegraphics.obj"
         "Debug JavaScript Unicode\egblinegraphicsplusplus.obj"
         "Debug JavaScript Unicode\egfboptimizations.obj"
         "Debug JavaScript Unicode\eglstylesheets.obj"
         "Debug JavaScript Unicode\FBBitmaps.obj"
         "Debug JavaScript Unicode\filestream.obj"
         "Debug JavaScript Unicode\rectclass.obj"
         "Debug JavaScript Unicode\SystemObject.obj"
         "Debug JavaScript Unicode\TreeObject.obj"
         "Debug JavaScript Unicode\WebcEmglInit.obj"
         "Debug JavaScript Unicode\webcFontInterface.obj"
         "Debug JavaScript Unicode\webcFontTable.obj"
         "Debug JavaScript Unicode\webcinterface.obj"
         "Debug JavaScript Unicode\webcdemo_gdip.obj"
         "Debug JavaScript Unicode\webcgdip.obj"
         "Debug JavaScript Unicode\wfgdip.obj"
         "Debug JavaScript Unicode\attr.obj"
         "Debug JavaScript Unicode\document.obj"
         "Debug JavaScript Unicode\element.obj"
         "Debug JavaScript Unicode\ixml.obj"
         "Debug JavaScript Unicode\ixmlmembuf.obj"
         "Debug JavaScript Unicode\ixmlparser.obj"
         "Debug JavaScript Unicode\namedNodeMap.obj"
         "Debug JavaScript Unicode\node.obj"
         "Debug JavaScript Unicode\nodeList.obj"
         C:\dev\EMGLANDWEBC\webc\WebC\project\msvc\fdlibm\fdlibm___Win32_Debug_JavaScript_Unicode\fdlibm.lib
         C:\dev\EMGLANDWEBC\webc\WebC\project\msvc\libjpeg\libjpeg___Win32_Debug_JavaScript_Unicode\libjpeg.lib
         C:\dev\EMGLANDWEBC\webc\WebC\project\msvc\libmng\libmng___Win32_Debug_JavaScript_Unicode\libmng.lib
         C:\dev\EMGLANDWEBC\webc\WebC\project\msvc\libpng\libpng___Win32_Debug_JavaScript_Unicode\libpng.lib
         C:\dev\EMGLANDWEBC\webc\WebC\project\msvc\mozjs\mozjs___Win32_Debug_JavaScript_Unicode\mozjs.lib
         C:\dev\EMGLANDWEBC\webc\WebC\project\msvc\rtplatform_winsock\rtplatform_win32___Win32_Debug_JavaScript_Unicode\rtplatform_win32.lib
         C:\dev\EMGLANDWEBC\webc\WebC\project\msvc\webc\webc___Win32_Debug_JavaScript_Unicode\webc.lib
         C:\dev\EMGLANDWEBC\webc\WebC\project\msvc\zlib\zlib___Win32_Debug_JavaScript_Unicode\zlib.lib
       Manifest:
         C:\Program Files (x86)\Microsoft SDKs\Windows\v7.0A\bin\mt.exe /nologo /verbose /out:"Debug JavaScript Unicode\webcdemo_gdip.exe.embed.manifest" /manifest "Debug JavaScript Unicode\webcdemo_gdip.exe.intermediate.manifest"
         All outputs are up-to-date.
       LinkEmbedManifest:
         All outputs are up-to-date.
         webcdemo_gdip.vcxproj -> C:\dev\EMGLANDWEBC\webc\WebC\project\msvc\WebCWithCActuallyEmglWinSock\Debug JavaScript Unicode\webcdemo_gdip.exe
       BscMake:
         c:\Program Files (x86)\Microsoft Visual Studio 10.0\VC\bin\bscmake.exe /nologo /o"Debug JavaScript Unicode\webcdemo_gdip.bsc" "Debug JavaScript Unicode\BasicDialog.sbr" "Debug JavaScript Unicode\ButtonControl.sbr" "Debug JavaScript Unicode\CheckBoxObject.sbr" "Debug JavaScript Unicode\ConsoleObject.sbr" "Debug JavaScript Unicode\DivObject.sbr" "Debug JavaScript Unicode\ImageMapControl.sbr" "Debug JavaScript Unicode\MenuObject.sbr" "Debug JavaScript Unicode\ScrollbarControl.sbr" "Debug JavaScript Unicode\ScrollPanel.sbr" "Debug JavaScript Unicode\SoftKeyControl.sbr" "Debug JavaScript Unicode\StandardComponents.sbr" "Debug JavaScript Unicode\TextBoxControl.sbr" "Debug JavaScript Unicode\TextEditControl.sbr" "Debug JavaScript Unicode\TextObject.sbr" "Debug JavaScript Unicode\WindowObject.sbr" "Debug JavaScript Unicode\codegen.sbr" "Debug JavaScript Unicode\xmlutilities.sbr" "Debug JavaScript Unicode\ButtonExample.sbr" "Debug JavaScript Unicode\ExampleCalc.sbr" "Debug JavaScript Unicode\ExampleDiags.sbr" "Debug JavaScript Unicode\ExampleFramework.sbr" "Debug JavaScript Unicode\ExampleGraphics.sbr" "Debug JavaScript Unicode\ExampleIndicators.sbr" "Debug JavaScript Unicode\Examples.sbr" "Debug JavaScript Unicode\ExamplesDisplayManager.sbr" "Debug JavaScript Unicode\ExamplesGraphObj.sbr" "Debug JavaScript Unicode\ExamplesUtilities.sbr" "Debug JavaScript Unicode\ImageMapExample.sbr" "Debug JavaScript Unicode\IntroductoryText.sbr" "Debug JavaScript Unicode\MenuExample.sbr" "Debug JavaScript Unicode\MenuOfExample.sbr" "Debug JavaScript Unicode\ScopeExample.sbr" "Debug JavaScript Unicode\ScrollbarExample.sbr" "Debug JavaScript Unicode\ScrollPanelExample.sbr" "Debug JavaScript Unicode\SoftKeyBoardExample.sbr" "Debug JavaScript Unicode\SourceViewer.sbr" "Debug JavaScript Unicode\SpeedometerExample.sbr" "Debug JavaScript Unicode\TextExamples.sbr" "Debug JavaScript Unicode\VectorGraphics.sbr" "Debug JavaScript Unicode\WindowExample.sbr" "Debug JavaScript Unicode\ArialBold10B0020E007e.sbr" "Debug JavaScript Unicode\ArialBold14B0020E007e.sbr" "Debug JavaScript Unicode\ArialBold20B0020E007e.sbr" "Debug JavaScript Unicode\ArialBold6B0020E007e.sbr" "Debug JavaScript Unicode\ArialBold9B0020E007e.sbr" "Debug JavaScript Unicode\ArialItalic10B0020E007e.sbr" "Debug JavaScript Unicode\ArialItalic6B0020E007e.sbr" "Debug JavaScript Unicode\ArialItalic9B0020E007e.sbr" "Debug JavaScript Unicode\ArialRegular10B0020E007e.sbr" "Debug JavaScript Unicode\ArialRegular14B0020E007e.sbr" "Debug JavaScript Unicode\ArialRegular20B0020E007e.sbr" "Debug JavaScript Unicode\ArialRegular6B0020E007e.sbr" "Debug JavaScript Unicode\ArialRegular9B0020E007e.sbr" "Debug JavaScript Unicode\CourierBold10B0020E007e.sbr" "Debug JavaScript Unicode\CourierBold14B0020E007e.sbr" "Debug JavaScript Unicode\CourierBold20B0020E007e.sbr" "Debug JavaScript Unicode\CourierRegular10B0020E007e.sbr" "Debug JavaScript Unicode\CourierRegular14B0020E007e.sbr" "Debug JavaScript Unicode\CourierRegular20B0020E007e.sbr" "Debug JavaScript Unicode\TahomaBold10B0020E007e.sbr" "Debug JavaScript Unicode\TahomaBold11B0020E007e.sbr" "Debug JavaScript Unicode\TahomaBold12B0020E007e.sbr" "Debug JavaScript Unicode\TahomaBold13B0020E007e.sbr" "Debug JavaScript Unicode\TahomaBold14B0020E007e.sbr" "Debug JavaScript Unicode\TahomaBold15B0020E007e.sbr" "Debug JavaScript Unicode\TahomaBold16B0020E007e.sbr" "Debug JavaScript Unicode\TahomaBold17B0020E007e.sbr" "Debug JavaScript Unicode\TahomaBold18B0020E007e.sbr" "Debug JavaScript Unicode\TahomaBold20B0020E007e.sbr" "Debug JavaScript Unicode\TahomaBold22B0020E007e.sbr" "Debug JavaScript Unicode\TahomaBold24B0020E007e.sbr" "Debug JavaScript Unicode\TahomaRegular10B0020E007e.sbr" "Debug JavaScript Unicode\TahomaRegular11B0020E007e.sbr" "Debug JavaScript Unicode\TahomaRegular12B0020E007e.sbr" "Debug JavaScript Unicode\TahomaRegular13B0020E007e.sbr" "Debug JavaScript Unicode\TahomaRegular14B0020E007e.sbr" "Debug JavaScript Unicode\TahomaRegular15B0020E007e.sbr" "Debug JavaScript Unicode\TahomaRegular16B0020E007e.sbr" "Debug JavaScript Unicode\TahomaRegular17B0020E007e.sbr" "Debug JavaScript Unicode\TahomaRegular18B0020E007e.sbr" "Debug JavaScript Unicode\TahomaRegular20B0020E007e.sbr" "Debug JavaScript Unicode\TahomaRegular22B0020E007e.sbr" "Debug JavaScript Unicode\TahomaRegular24B0020E007e.sbr" "Debug JavaScript Unicode\EglLogo.sbr" "Debug JavaScript Unicode\Keyboard.sbr" "Debug JavaScript Unicode\KeyboardDown.sbr" "Debug JavaScript Unicode\Oval3DDd0.sbr" "Debug JavaScript Unicode\Oval3DDd1.sbr" "Debug JavaScript Unicode\speedo.sbr" "Debug JavaScript Unicode\RadiusCornerImage_10_1.sbr" "Debug JavaScript Unicode\RadiusCornerImage_10_2.sbr" "Debug JavaScript Unicode\RadiusCornerImage_20_2.sbr" "Debug JavaScript Unicode\RadiusCornerImage_20_4.sbr" "Debug JavaScript Unicode\WindowsBitMapConfig.sbr" "Debug JavaScript Unicode\WindowsBitMapEventing.sbr" "Debug JavaScript Unicode\WindowsBitMapFrameBuffer.sbr" "Debug JavaScript Unicode\bmpdecode.sbr" "Debug JavaScript Unicode\bmpload.sbr" "Debug JavaScript Unicode\DisplayObject.sbr" "Debug JavaScript Unicode\DisplayObjectGraphObj.sbr" "Debug JavaScript Unicode\egbfbgradients.sbr" "Debug JavaScript Unicode\egbfbmain.sbr" "Debug JavaScript Unicode\egbfbroundedcorners.sbr" "Debug JavaScript Unicode\egbffonts.sbr" "Debug JavaScript Unicode\egblgraphnametocolor.sbr" "Debug JavaScript Unicode\egblinegraphics.sbr" "Debug JavaScript Unicode\egblinegraphicsplusplus.sbr" "Debug JavaScript Unicode\egfboptimizations.sbr" "Debug JavaScript Unicode\eglstylesheets.sbr" "Debug JavaScript Unicode\FBBitmaps.sbr" "Debug JavaScript Unicode\filestream.sbr" "Debug JavaScript Unicode\rectclass.sbr" "Debug JavaScript Unicode\SystemObject.sbr" "Debug JavaScript Unicode\TreeObject.sbr" "Debug JavaScript Unicode\WebcEmglInit.sbr" "Debug JavaScript Unicode\webcFontInterface.sbr" "Debug JavaScript Unicode\webcFontTable.sbr" "Debug JavaScript Unicode\webcinterface.sbr" "Debug JavaScript Unicode\webcdemo_gdip.sbr" "Debug JavaScript Unicode\webcgdip.sbr" "Debug JavaScript Unicode\wfgdip.sbr" "Debug JavaScript Unicode\attr.sbr" "Debug JavaScript Unicode\document.sbr" "Debug JavaScript Unicode\element.sbr" "Debug JavaScript Unicode\ixml.sbr" "Debug JavaScript Unicode\ixmlmembuf.sbr" "Debug JavaScript Unicode\ixmlparser.sbr" "Debug JavaScript Unicode\namedNodeMap.sbr" "Debug JavaScript Unicode\node.sbr" "Debug JavaScript Unicode\nodeList.sbr"
       FinalizeBuildStatus:
         Deleting file "Debug JavaScript Unicode\webcdemo_gdip.unsuccessfulbuild".
         Touching "Debug JavaScript Unicode\webcdemo_gdip.lastbuildstate".
     1>Done Building Project "C:\dev\EMGLANDWEBC\webc\WebC\project\msvc\WebCWithCActuallyEmglWinSock\webcdemo_gdip.vcxproj" (build target(s)).

Build succeeded.

Time Elapsed 00:00:13.94
