C:\0a_share_with_virtual_box\ebs\gitsources\webcwebbrowser\webc\WebC\project\msvc.net\libpng\.\libpng___Win32_Debug_JavaScript_Unicode\libpng.lib
C:\0a_share_with_virtual_box\ebs\gitsources\webcwebbrowser\webc\WebC\project\msvc.net\libpng\libpng___Win32_Debug_JavaScript_Unicode\cl.command.1.tlog
C:\0a_share_with_virtual_box\ebs\gitsources\webcwebbrowser\webc\WebC\project\msvc.net\libpng\libpng___Win32_Debug_JavaScript_Unicode\CL.read.1.tlog
C:\0a_share_with_virtual_box\ebs\gitsources\webcwebbrowser\webc\WebC\project\msvc.net\libpng\libpng___Win32_Debug_JavaScript_Unicode\CL.write.1.tlog
C:\0a_share_with_virtual_box\ebs\gitsources\webcwebbrowser\webc\WebC\project\msvc.net\libpng\libpng___Win32_Debug_JavaScript_Unicode\lib.command.1.tlog
C:\0a_share_with_virtual_box\ebs\gitsources\webcwebbrowser\webc\WebC\project\msvc.net\libpng\libpng___Win32_Debug_JavaScript_Unicode\Lib-link.read.1.tlog
C:\0a_share_with_virtual_box\ebs\gitsources\webcwebbrowser\webc\WebC\project\msvc.net\libpng\libpng___Win32_Debug_JavaScript_Unicode\Lib-link.write.1.tlog
C:\0A_SHARE_WITH_VIRTUAL_BOX\EBS\GITSOURCES\WEBCWEBBROWSER\WEBC\WEBC\PROJECT\MSVC.NET\LIBPNG\LIBPNG___WIN32_DEBUG_JAVASCRIPT_UNICODE\LIBPNG.LIB
C:\0a_share_with_virtual_box\ebs\gitsources\webcwebbrowser\webc\WebC\project\msvc.net\libpng\libpng___Win32_Debug_JavaScript_Unicode\libpng.vcxprojResolveAssemblyReference.cache
C:\0a_share_with_virtual_box\ebs\gitsources\webcwebbrowser\webc\WebC\project\msvc.net\libpng\libpng___Win32_Debug_JavaScript_Unicode\libpng.write.1.tlog
C:\0A_SHARE_WITH_VIRTUAL_BOX\EBS\GITSOURCES\WEBCWEBBROWSER\WEBC\WEBC\PROJECT\MSVC.NET\LIBPNG\LIBPNG___WIN32_DEBUG_JAVASCRIPT_UNICODE\PNG.OBJ
C:\0A_SHARE_WITH_VIRTUAL_BOX\EBS\GITSOURCES\WEBCWEBBROWSER\WEBC\WEBC\PROJECT\MSVC.NET\LIBPNG\LIBPNG___WIN32_DEBUG_JAVASCRIPT_UNICODE\PNGERROR.OBJ
C:\0A_SHARE_WITH_VIRTUAL_BOX\EBS\GITSOURCES\WEBCWEBBROWSER\WEBC\WEBC\PROJECT\MSVC.NET\LIBPNG\LIBPNG___WIN32_DEBUG_JAVASCRIPT_UNICODE\PNGGCCRD.OBJ
C:\0A_SHARE_WITH_VIRTUAL_BOX\EBS\GITSOURCES\WEBCWEBBROWSER\WEBC\WEBC\PROJECT\MSVC.NET\LIBPNG\LIBPNG___WIN32_DEBUG_JAVASCRIPT_UNICODE\PNGGET.OBJ
C:\0A_SHARE_WITH_VIRTUAL_BOX\EBS\GITSOURCES\WEBCWEBBROWSER\WEBC\WEBC\PROJECT\MSVC.NET\LIBPNG\LIBPNG___WIN32_DEBUG_JAVASCRIPT_UNICODE\PNGMEM.OBJ
C:\0A_SHARE_WITH_VIRTUAL_BOX\EBS\GITSOURCES\WEBCWEBBROWSER\WEBC\WEBC\PROJECT\MSVC.NET\LIBPNG\LIBPNG___WIN32_DEBUG_JAVASCRIPT_UNICODE\PNGPREAD.OBJ
C:\0A_SHARE_WITH_VIRTUAL_BOX\EBS\GITSOURCES\WEBCWEBBROWSER\WEBC\WEBC\PROJECT\MSVC.NET\LIBPNG\LIBPNG___WIN32_DEBUG_JAVASCRIPT_UNICODE\PNGREAD.OBJ
C:\0A_SHARE_WITH_VIRTUAL_BOX\EBS\GITSOURCES\WEBCWEBBROWSER\WEBC\WEBC\PROJECT\MSVC.NET\LIBPNG\LIBPNG___WIN32_DEBUG_JAVASCRIPT_UNICODE\PNGRIO.OBJ
C:\0A_SHARE_WITH_VIRTUAL_BOX\EBS\GITSOURCES\WEBCWEBBROWSER\WEBC\WEBC\PROJECT\MSVC.NET\LIBPNG\LIBPNG___WIN32_DEBUG_JAVASCRIPT_UNICODE\PNGRTRAN.OBJ
C:\0A_SHARE_WITH_VIRTUAL_BOX\EBS\GITSOURCES\WEBCWEBBROWSER\WEBC\WEBC\PROJECT\MSVC.NET\LIBPNG\LIBPNG___WIN32_DEBUG_JAVASCRIPT_UNICODE\PNGRUTIL.OBJ
C:\0A_SHARE_WITH_VIRTUAL_BOX\EBS\GITSOURCES\WEBCWEBBROWSER\WEBC\WEBC\PROJECT\MSVC.NET\LIBPNG\LIBPNG___WIN32_DEBUG_JAVASCRIPT_UNICODE\PNGSET.OBJ
C:\0A_SHARE_WITH_VIRTUAL_BOX\EBS\GITSOURCES\WEBCWEBBROWSER\WEBC\WEBC\PROJECT\MSVC.NET\LIBPNG\LIBPNG___WIN32_DEBUG_JAVASCRIPT_UNICODE\PNGTEST.OBJ
C:\0A_SHARE_WITH_VIRTUAL_BOX\EBS\GITSOURCES\WEBCWEBBROWSER\WEBC\WEBC\PROJECT\MSVC.NET\LIBPNG\LIBPNG___WIN32_DEBUG_JAVASCRIPT_UNICODE\PNGTRANS.OBJ
C:\0A_SHARE_WITH_VIRTUAL_BOX\EBS\GITSOURCES\WEBCWEBBROWSER\WEBC\WEBC\PROJECT\MSVC.NET\LIBPNG\LIBPNG___WIN32_DEBUG_JAVASCRIPT_UNICODE\PNGVCRD.OBJ
C:\0A_SHARE_WITH_VIRTUAL_BOX\EBS\GITSOURCES\WEBCWEBBROWSER\WEBC\WEBC\PROJECT\MSVC.NET\LIBPNG\LIBPNG___WIN32_DEBUG_JAVASCRIPT_UNICODE\PNGWIO.OBJ
C:\0A_SHARE_WITH_VIRTUAL_BOX\EBS\GITSOURCES\WEBCWEBBROWSER\WEBC\WEBC\PROJECT\MSVC.NET\LIBPNG\LIBPNG___WIN32_DEBUG_JAVASCRIPT_UNICODE\PNGWRITE.OBJ
C:\0A_SHARE_WITH_VIRTUAL_BOX\EBS\GITSOURCES\WEBCWEBBROWSER\WEBC\WEBC\PROJECT\MSVC.NET\LIBPNG\LIBPNG___WIN32_DEBUG_JAVASCRIPT_UNICODE\PNGWTRAN.OBJ
C:\0A_SHARE_WITH_VIRTUAL_BOX\EBS\GITSOURCES\WEBCWEBBROWSER\WEBC\WEBC\PROJECT\MSVC.NET\LIBPNG\LIBPNG___WIN32_DEBUG_JAVASCRIPT_UNICODE\PNGWUTIL.OBJ
C:\0a_share_with_virtual_box\ebs\gitsources\webcwebbrowser\webc\WebC\project\msvc.net\libpng\libpng___Win32_Debug_JavaScript_Unicode\vc100.idb
C:\0A_SHARE_WITH_VIRTUAL_BOX\EBS\GITSOURCES\WEBCWEBBROWSER\WEBC\WEBC\PROJECT\MSVC.NET\LIBPNG\LIBPNG___WIN32_DEBUG_JAVASCRIPT_UNICODE\VC100.PDB
