C:\0a_share_with_virtual_box\ebs\gitsources\webcwebbrowser\webc\WebC\project\msvc.net\webcdemo_gdip_VC10\Debug JavaScript Unicode\BscMake.command.1.tlog
C:\0a_share_with_virtual_box\ebs\gitsources\webcwebbrowser\webc\WebC\project\msvc.net\webcdemo_gdip_VC10\Debug JavaScript Unicode\bscmake.read.1.tlog
C:\0a_share_with_virtual_box\ebs\gitsources\webcwebbrowser\webc\WebC\project\msvc.net\webcdemo_gdip_VC10\Debug JavaScript Unicode\bscmake.write.1.tlog
C:\0a_share_with_virtual_box\ebs\gitsources\webcwebbrowser\webc\WebC\project\msvc.net\webcdemo_gdip_VC10\Debug JavaScript Unicode\cl.command.1.tlog
C:\0a_share_with_virtual_box\ebs\gitsources\webcwebbrowser\webc\WebC\project\msvc.net\webcdemo_gdip_VC10\Debug JavaScript Unicode\CL.read.1.tlog
C:\0a_share_with_virtual_box\ebs\gitsources\webcwebbrowser\webc\WebC\project\msvc.net\webcdemo_gdip_VC10\Debug JavaScript Unicode\CL.write.1.tlog
C:\0a_share_with_virtual_box\ebs\gitsources\webcwebbrowser\webc\WebC\project\msvc.net\webcdemo_gdip_VC10\Debug JavaScript Unicode\link.352.read.1.tlog
C:\0a_share_with_virtual_box\ebs\gitsources\webcwebbrowser\webc\WebC\project\msvc.net\webcdemo_gdip_VC10\Debug JavaScript Unicode\link.352.write.1.tlog
C:\0a_share_with_virtual_box\ebs\gitsources\webcwebbrowser\webc\WebC\project\msvc.net\webcdemo_gdip_VC10\Debug JavaScript Unicode\link.352-cvtres.read.1.tlog
C:\0a_share_with_virtual_box\ebs\gitsources\webcwebbrowser\webc\WebC\project\msvc.net\webcdemo_gdip_VC10\Debug JavaScript Unicode\link.352-cvtres.write.1.tlog
C:\0a_share_with_virtual_box\ebs\gitsources\webcwebbrowser\webc\WebC\project\msvc.net\webcdemo_gdip_VC10\Debug JavaScript Unicode\link.command.1.tlog
C:\0a_share_with_virtual_box\ebs\gitsources\webcwebbrowser\webc\WebC\project\msvc.net\webcdemo_gdip_VC10\Debug JavaScript Unicode\link.read.1.tlog
C:\0a_share_with_virtual_box\ebs\gitsources\webcwebbrowser\webc\WebC\project\msvc.net\webcdemo_gdip_VC10\Debug JavaScript Unicode\link.write.1.tlog
C:\0a_share_with_virtual_box\ebs\gitsources\webcwebbrowser\webc\WebC\project\msvc.net\webcdemo_gdip_VC10\Debug JavaScript Unicode\link-cvtres.read.1.tlog
C:\0a_share_with_virtual_box\ebs\gitsources\webcwebbrowser\webc\WebC\project\msvc.net\webcdemo_gdip_VC10\Debug JavaScript Unicode\link-cvtres.write.1.tlog
C:\0a_share_with_virtual_box\ebs\gitsources\webcwebbrowser\webc\WebC\project\msvc.net\webcdemo_gdip_VC10\Debug JavaScript Unicode\mt.command.1.tlog
C:\0a_share_with_virtual_box\ebs\gitsources\webcwebbrowser\webc\WebC\project\msvc.net\webcdemo_gdip_VC10\Debug JavaScript Unicode\mt.read.1.tlog
C:\0a_share_with_virtual_box\ebs\gitsources\webcwebbrowser\webc\WebC\project\msvc.net\webcdemo_gdip_VC10\Debug JavaScript Unicode\mt.write.1.tlog
C:\0a_share_with_virtual_box\ebs\gitsources\webcwebbrowser\webc\WebC\project\msvc.net\webcdemo_gdip_VC10\Debug JavaScript Unicode\rc.command.1.tlog
C:\0a_share_with_virtual_box\ebs\gitsources\webcwebbrowser\webc\WebC\project\msvc.net\webcdemo_gdip_VC10\Debug JavaScript Unicode\rc.read.1.tlog
C:\0a_share_with_virtual_box\ebs\gitsources\webcwebbrowser\webc\WebC\project\msvc.net\webcdemo_gdip_VC10\Debug JavaScript Unicode\rc.write.1.tlog
C:\0a_share_with_virtual_box\ebs\gitsources\webcwebbrowser\webc\WebC\project\msvc.net\webcdemo_gdip_VC10\Debug JavaScript Unicode\vc100.idb
C:\0A_SHARE_WITH_VIRTUAL_BOX\EBS\GITSOURCES\WEBCWEBBROWSER\WEBC\WEBC\PROJECT\MSVC.NET\WEBCDEMO_GDIP_VC10\DEBUG JAVASCRIPT UNICODE\VC100.PDB
C:\0A_SHARE_WITH_VIRTUAL_BOX\EBS\GITSOURCES\WEBCWEBBROWSER\WEBC\WEBC\PROJECT\MSVC.NET\WEBCDEMO_GDIP_VC10\DEBUG JAVASCRIPT UNICODE\WEBCDEMO_GDIP.BSC
C:\0A_SHARE_WITH_VIRTUAL_BOX\EBS\GITSOURCES\WEBCWEBBROWSER\WEBC\WEBC\PROJECT\MSVC.NET\WEBCDEMO_GDIP_VC10\DEBUG JAVASCRIPT UNICODE\WEBCDEMO_GDIP.EXE
C:\0A_SHARE_WITH_VIRTUAL_BOX\EBS\GITSOURCES\WEBCWEBBROWSER\WEBC\WEBC\PROJECT\MSVC.NET\WEBCDEMO_GDIP_VC10\DEBUG JAVASCRIPT UNICODE\WEBCDEMO_GDIP.EXE.EMBED.MANIFEST
C:\0A_SHARE_WITH_VIRTUAL_BOX\EBS\GITSOURCES\WEBCWEBBROWSER\WEBC\WEBC\PROJECT\MSVC.NET\WEBCDEMO_GDIP_VC10\DEBUG JAVASCRIPT UNICODE\WEBCDEMO_GDIP.EXE.EMBED.MANIFEST.RES
C:\0A_SHARE_WITH_VIRTUAL_BOX\EBS\GITSOURCES\WEBCWEBBROWSER\WEBC\WEBC\PROJECT\MSVC.NET\WEBCDEMO_GDIP_VC10\DEBUG JAVASCRIPT UNICODE\WEBCDEMO_GDIP.EXE.INTERMEDIATE.MANIFEST
C:\0A_SHARE_WITH_VIRTUAL_BOX\EBS\GITSOURCES\WEBCWEBBROWSER\WEBC\WEBC\PROJECT\MSVC.NET\WEBCDEMO_GDIP_VC10\DEBUG JAVASCRIPT UNICODE\WEBCDEMO_GDIP.ILK
C:\0A_SHARE_WITH_VIRTUAL_BOX\EBS\GITSOURCES\WEBCWEBBROWSER\WEBC\WEBC\PROJECT\MSVC.NET\WEBCDEMO_GDIP_VC10\DEBUG JAVASCRIPT UNICODE\WEBCDEMO_GDIP.OBJ
C:\0A_SHARE_WITH_VIRTUAL_BOX\EBS\GITSOURCES\WEBCWEBBROWSER\WEBC\WEBC\PROJECT\MSVC.NET\WEBCDEMO_GDIP_VC10\DEBUG JAVASCRIPT UNICODE\WEBCDEMO_GDIP.PDB
C:\0A_SHARE_WITH_VIRTUAL_BOX\EBS\GITSOURCES\WEBCWEBBROWSER\WEBC\WEBC\PROJECT\MSVC.NET\WEBCDEMO_GDIP_VC10\DEBUG JAVASCRIPT UNICODE\WEBCDEMO_GDIP.RES
C:\0A_SHARE_WITH_VIRTUAL_BOX\EBS\GITSOURCES\WEBCWEBBROWSER\WEBC\WEBC\PROJECT\MSVC.NET\WEBCDEMO_GDIP_VC10\DEBUG JAVASCRIPT UNICODE\WEBCDEMO_GDIP.SBR
C:\0a_share_with_virtual_box\ebs\gitsources\webcwebbrowser\webc\WebC\project\msvc.net\webcdemo_gdip_VC10\Debug JavaScript Unicode\webcdemo_gdip.write.1.tlog
C:\0a_share_with_virtual_box\ebs\gitsources\webcwebbrowser\webc\WebC\project\msvc.net\webcdemo_gdip_VC10\Debug JavaScript Unicode\webcdemo_gdip_manifest.rc
C:\0A_SHARE_WITH_VIRTUAL_BOX\EBS\GITSOURCES\WEBCWEBBROWSER\WEBC\WEBC\PROJECT\MSVC.NET\WEBCDEMO_GDIP_VC10\DEBUG JAVASCRIPT UNICODE\WEBCGDIP.OBJ
C:\0A_SHARE_WITH_VIRTUAL_BOX\EBS\GITSOURCES\WEBCWEBBROWSER\WEBC\WEBC\PROJECT\MSVC.NET\WEBCDEMO_GDIP_VC10\DEBUG JAVASCRIPT UNICODE\WEBCGDIP.SBR
C:\0A_SHARE_WITH_VIRTUAL_BOX\EBS\GITSOURCES\WEBCWEBBROWSER\WEBC\WEBC\PROJECT\MSVC.NET\WEBCDEMO_GDIP_VC10\DEBUG JAVASCRIPT UNICODE\WFGDIP.OBJ
C:\0A_SHARE_WITH_VIRTUAL_BOX\EBS\GITSOURCES\WEBCWEBBROWSER\WEBC\WEBC\PROJECT\MSVC.NET\WEBCDEMO_GDIP_VC10\DEBUG JAVASCRIPT UNICODE\WFGDIP.SBR
Debug JavaScript Unicode\webcdemo_gdip.bsc
Debug JavaScript Unicode\webcdemo_gdip.ilk
Debug JavaScript Unicode\webcdemo_gdip.pdb
