C:\DEV\WEBC\WEBC\PROJECT\MSVC.NET\APPBUILDER_EMGL\DEBUG JAVASCRIPT UNICODE\ARIALBOLD10B0020E007E.OBJ
C:\DEV\WEBC\WEBC\PROJECT\MSVC.NET\APPBUILDER_EMGL\DEBUG JAVASCRIPT UNICODE\ARIALBOLD10B0020E007E.SBR
C:\DEV\WEBC\WEBC\PROJECT\MSVC.NET\APPBUILDER_EMGL\DEBUG JAVASCRIPT UNICODE\ARIALBOLD14B0020E007E.OBJ
C:\DEV\WEBC\WEBC\PROJECT\MSVC.NET\APPBUILDER_EMGL\DEBUG JAVASCRIPT UNICODE\ARIALBOLD14B0020E007E.SBR
C:\DEV\WEBC\WEBC\PROJECT\MSVC.NET\APPBUILDER_EMGL\DEBUG JAVASCRIPT UNICODE\ARIALBOLD20B0020E007E.OBJ
C:\DEV\WEBC\WEBC\PROJECT\MSVC.NET\APPBUILDER_EMGL\DEBUG JAVASCRIPT UNICODE\ARIALBOLD20B0020E007E.SBR
C:\DEV\WEBC\WEBC\PROJECT\MSVC.NET\APPBUILDER_EMGL\DEBUG JAVASCRIPT UNICODE\ARIALBOLD6B0020E007E.OBJ
C:\DEV\WEBC\WEBC\PROJECT\MSVC.NET\APPBUILDER_EMGL\DEBUG JAVASCRIPT UNICODE\ARIALBOLD6B0020E007E.SBR
C:\DEV\WEBC\WEBC\PROJECT\MSVC.NET\APPBUILDER_EMGL\DEBUG JAVASCRIPT UNICODE\ARIALBOLD9B0020E007E.OBJ
C:\DEV\WEBC\WEBC\PROJECT\MSVC.NET\APPBUILDER_EMGL\DEBUG JAVASCRIPT UNICODE\ARIALBOLD9B0020E007E.SBR
C:\DEV\WEBC\WEBC\PROJECT\MSVC.NET\APPBUILDER_EMGL\DEBUG JAVASCRIPT UNICODE\ARIALITALIC10B0020E007E.OBJ
C:\DEV\WEBC\WEBC\PROJECT\MSVC.NET\APPBUILDER_EMGL\DEBUG JAVASCRIPT UNICODE\ARIALITALIC10B0020E007E.SBR
C:\DEV\WEBC\WEBC\PROJECT\MSVC.NET\APPBUILDER_EMGL\DEBUG JAVASCRIPT UNICODE\ARIALITALIC6B0020E007E.OBJ
C:\DEV\WEBC\WEBC\PROJECT\MSVC.NET\APPBUILDER_EMGL\DEBUG JAVASCRIPT UNICODE\ARIALITALIC6B0020E007E.SBR
C:\DEV\WEBC\WEBC\PROJECT\MSVC.NET\APPBUILDER_EMGL\DEBUG JAVASCRIPT UNICODE\ARIALITALIC9B0020E007E.OBJ
C:\DEV\WEBC\WEBC\PROJECT\MSVC.NET\APPBUILDER_EMGL\DEBUG JAVASCRIPT UNICODE\ARIALITALIC9B0020E007E.SBR
C:\DEV\WEBC\WEBC\PROJECT\MSVC.NET\APPBUILDER_EMGL\DEBUG JAVASCRIPT UNICODE\ARIALREGULAR10B0020E007E.OBJ
C:\DEV\WEBC\WEBC\PROJECT\MSVC.NET\APPBUILDER_EMGL\DEBUG JAVASCRIPT UNICODE\ARIALREGULAR10B0020E007E.SBR
C:\DEV\WEBC\WEBC\PROJECT\MSVC.NET\APPBUILDER_EMGL\DEBUG JAVASCRIPT UNICODE\ARIALREGULAR14B0020E007E.OBJ
C:\DEV\WEBC\WEBC\PROJECT\MSVC.NET\APPBUILDER_EMGL\DEBUG JAVASCRIPT UNICODE\ARIALREGULAR14B0020E007E.SBR
C:\DEV\WEBC\WEBC\PROJECT\MSVC.NET\APPBUILDER_EMGL\DEBUG JAVASCRIPT UNICODE\ARIALREGULAR20B0020E007E.OBJ
C:\DEV\WEBC\WEBC\PROJECT\MSVC.NET\APPBUILDER_EMGL\DEBUG JAVASCRIPT UNICODE\ARIALREGULAR20B0020E007E.SBR
C:\DEV\WEBC\WEBC\PROJECT\MSVC.NET\APPBUILDER_EMGL\DEBUG JAVASCRIPT UNICODE\ARIALREGULAR6B0020E007E.OBJ
C:\DEV\WEBC\WEBC\PROJECT\MSVC.NET\APPBUILDER_EMGL\DEBUG JAVASCRIPT UNICODE\ARIALREGULAR6B0020E007E.SBR
C:\DEV\WEBC\WEBC\PROJECT\MSVC.NET\APPBUILDER_EMGL\DEBUG JAVASCRIPT UNICODE\ARIALREGULAR9B0020E007E.OBJ
C:\DEV\WEBC\WEBC\PROJECT\MSVC.NET\APPBUILDER_EMGL\DEBUG JAVASCRIPT UNICODE\ARIALREGULAR9B0020E007E.SBR
C:\DEV\WEBC\WEBC\PROJECT\MSVC.NET\APPBUILDER_EMGL\DEBUG JAVASCRIPT UNICODE\ATTR.OBJ
C:\DEV\WEBC\WEBC\PROJECT\MSVC.NET\APPBUILDER_EMGL\DEBUG JAVASCRIPT UNICODE\ATTR.SBR
C:\DEV\WEBC\WEBC\PROJECT\MSVC.NET\APPBUILDER_EMGL\DEBUG JAVASCRIPT UNICODE\BMPDECODE.OBJ
C:\DEV\WEBC\WEBC\PROJECT\MSVC.NET\APPBUILDER_EMGL\DEBUG JAVASCRIPT UNICODE\BMPDECODE.SBR
C:\DEV\WEBC\WEBC\PROJECT\MSVC.NET\APPBUILDER_EMGL\DEBUG JAVASCRIPT UNICODE\BMPLOAD.OBJ
C:\DEV\WEBC\WEBC\PROJECT\MSVC.NET\APPBUILDER_EMGL\DEBUG JAVASCRIPT UNICODE\BMPLOAD.SBR
C:\dev\webc\WebC\project\msvc.net\AppBuilder_emgl\Debug JavaScript Unicode\BscMake.command.1.tlog
C:\dev\webc\WebC\project\msvc.net\AppBuilder_emgl\Debug JavaScript Unicode\bscmake.read.1.tlog
C:\dev\webc\WebC\project\msvc.net\AppBuilder_emgl\Debug JavaScript Unicode\bscmake.write.1.tlog
C:\DEV\WEBC\WEBC\PROJECT\MSVC.NET\APPBUILDER_EMGL\DEBUG JAVASCRIPT UNICODE\BUTTONCONTROL.OBJ
C:\DEV\WEBC\WEBC\PROJECT\MSVC.NET\APPBUILDER_EMGL\DEBUG JAVASCRIPT UNICODE\BUTTONCONTROL.SBR
C:\DEV\WEBC\WEBC\PROJECT\MSVC.NET\APPBUILDER_EMGL\DEBUG JAVASCRIPT UNICODE\BUTTONEXAMPLE.OBJ
C:\DEV\WEBC\WEBC\PROJECT\MSVC.NET\APPBUILDER_EMGL\DEBUG JAVASCRIPT UNICODE\BUTTONEXAMPLE.SBR
C:\DEV\WEBC\WEBC\PROJECT\MSVC.NET\APPBUILDER_EMGL\DEBUG JAVASCRIPT UNICODE\CHECKBOXOBJECT.OBJ
C:\DEV\WEBC\WEBC\PROJECT\MSVC.NET\APPBUILDER_EMGL\DEBUG JAVASCRIPT UNICODE\CHECKBOXOBJECT.SBR
C:\dev\webc\WebC\project\msvc.net\AppBuilder_emgl\Debug JavaScript Unicode\cl.command.1.tlog
C:\dev\webc\WebC\project\msvc.net\AppBuilder_emgl\Debug JavaScript Unicode\CL.read.1.tlog
C:\dev\webc\WebC\project\msvc.net\AppBuilder_emgl\Debug JavaScript Unicode\CL.write.1.tlog
C:\DEV\WEBC\WEBC\PROJECT\MSVC.NET\APPBUILDER_EMGL\DEBUG JAVASCRIPT UNICODE\COURIERBOLD10B0020E007E.OBJ
C:\DEV\WEBC\WEBC\PROJECT\MSVC.NET\APPBUILDER_EMGL\DEBUG JAVASCRIPT UNICODE\COURIERBOLD10B0020E007E.SBR
C:\DEV\WEBC\WEBC\PROJECT\MSVC.NET\APPBUILDER_EMGL\DEBUG JAVASCRIPT UNICODE\COURIERBOLD14B0020E007E.OBJ
C:\DEV\WEBC\WEBC\PROJECT\MSVC.NET\APPBUILDER_EMGL\DEBUG JAVASCRIPT UNICODE\COURIERBOLD14B0020E007E.SBR
C:\DEV\WEBC\WEBC\PROJECT\MSVC.NET\APPBUILDER_EMGL\DEBUG JAVASCRIPT UNICODE\COURIERBOLD20B0020E007E.OBJ
C:\DEV\WEBC\WEBC\PROJECT\MSVC.NET\APPBUILDER_EMGL\DEBUG JAVASCRIPT UNICODE\COURIERBOLD20B0020E007E.SBR
C:\DEV\WEBC\WEBC\PROJECT\MSVC.NET\APPBUILDER_EMGL\DEBUG JAVASCRIPT UNICODE\COURIERREGULAR10B0020E007E.OBJ
C:\DEV\WEBC\WEBC\PROJECT\MSVC.NET\APPBUILDER_EMGL\DEBUG JAVASCRIPT UNICODE\COURIERREGULAR10B0020E007E.SBR
C:\DEV\WEBC\WEBC\PROJECT\MSVC.NET\APPBUILDER_EMGL\DEBUG JAVASCRIPT UNICODE\COURIERREGULAR14B0020E007E.OBJ
C:\DEV\WEBC\WEBC\PROJECT\MSVC.NET\APPBUILDER_EMGL\DEBUG JAVASCRIPT UNICODE\COURIERREGULAR14B0020E007E.SBR
C:\DEV\WEBC\WEBC\PROJECT\MSVC.NET\APPBUILDER_EMGL\DEBUG JAVASCRIPT UNICODE\COURIERREGULAR20B0020E007E.OBJ
C:\DEV\WEBC\WEBC\PROJECT\MSVC.NET\APPBUILDER_EMGL\DEBUG JAVASCRIPT UNICODE\COURIERREGULAR20B0020E007E.SBR
C:\DEV\WEBC\WEBC\PROJECT\MSVC.NET\APPBUILDER_EMGL\DEBUG JAVASCRIPT UNICODE\DISPLAYOBJECT.OBJ
C:\DEV\WEBC\WEBC\PROJECT\MSVC.NET\APPBUILDER_EMGL\DEBUG JAVASCRIPT UNICODE\DISPLAYOBJECT.SBR
C:\DEV\WEBC\WEBC\PROJECT\MSVC.NET\APPBUILDER_EMGL\DEBUG JAVASCRIPT UNICODE\DISPLAYOBJECTGRAPHOBJ.OBJ
C:\DEV\WEBC\WEBC\PROJECT\MSVC.NET\APPBUILDER_EMGL\DEBUG JAVASCRIPT UNICODE\DISPLAYOBJECTGRAPHOBJ.SBR
C:\DEV\WEBC\WEBC\PROJECT\MSVC.NET\APPBUILDER_EMGL\DEBUG JAVASCRIPT UNICODE\DIVOBJECT.OBJ
C:\DEV\WEBC\WEBC\PROJECT\MSVC.NET\APPBUILDER_EMGL\DEBUG JAVASCRIPT UNICODE\DIVOBJECT.SBR
C:\DEV\WEBC\WEBC\PROJECT\MSVC.NET\APPBUILDER_EMGL\DEBUG JAVASCRIPT UNICODE\DOCUMENT.OBJ
C:\DEV\WEBC\WEBC\PROJECT\MSVC.NET\APPBUILDER_EMGL\DEBUG JAVASCRIPT UNICODE\DOCUMENT.SBR
C:\DEV\WEBC\WEBC\PROJECT\MSVC.NET\APPBUILDER_EMGL\DEBUG JAVASCRIPT UNICODE\EGBFBGRADIENTS.OBJ
C:\DEV\WEBC\WEBC\PROJECT\MSVC.NET\APPBUILDER_EMGL\DEBUG JAVASCRIPT UNICODE\EGBFBGRADIENTS.SBR
C:\DEV\WEBC\WEBC\PROJECT\MSVC.NET\APPBUILDER_EMGL\DEBUG JAVASCRIPT UNICODE\EGBFBMAIN.OBJ
C:\DEV\WEBC\WEBC\PROJECT\MSVC.NET\APPBUILDER_EMGL\DEBUG JAVASCRIPT UNICODE\EGBFBMAIN.SBR
C:\DEV\WEBC\WEBC\PROJECT\MSVC.NET\APPBUILDER_EMGL\DEBUG JAVASCRIPT UNICODE\EGBFFONTS.OBJ
C:\DEV\WEBC\WEBC\PROJECT\MSVC.NET\APPBUILDER_EMGL\DEBUG JAVASCRIPT UNICODE\EGBFFONTS.SBR
C:\DEV\WEBC\WEBC\PROJECT\MSVC.NET\APPBUILDER_EMGL\DEBUG JAVASCRIPT UNICODE\EGBLGRAPHNAMETOCOLOR.OBJ
C:\DEV\WEBC\WEBC\PROJECT\MSVC.NET\APPBUILDER_EMGL\DEBUG JAVASCRIPT UNICODE\EGBLGRAPHNAMETOCOLOR.SBR
C:\DEV\WEBC\WEBC\PROJECT\MSVC.NET\APPBUILDER_EMGL\DEBUG JAVASCRIPT UNICODE\EGBLINEGRAPHICS.OBJ
C:\DEV\WEBC\WEBC\PROJECT\MSVC.NET\APPBUILDER_EMGL\DEBUG JAVASCRIPT UNICODE\EGBLINEGRAPHICS.SBR
C:\DEV\WEBC\WEBC\PROJECT\MSVC.NET\APPBUILDER_EMGL\DEBUG JAVASCRIPT UNICODE\EGBLINEGRAPHICSPLUSPLUS.OBJ
C:\DEV\WEBC\WEBC\PROJECT\MSVC.NET\APPBUILDER_EMGL\DEBUG JAVASCRIPT UNICODE\EGBLINEGRAPHICSPLUSPLUS.SBR
C:\DEV\WEBC\WEBC\PROJECT\MSVC.NET\APPBUILDER_EMGL\DEBUG JAVASCRIPT UNICODE\EGLLOGO.OBJ
C:\DEV\WEBC\WEBC\PROJECT\MSVC.NET\APPBUILDER_EMGL\DEBUG JAVASCRIPT UNICODE\EGLLOGO.SBR
C:\DEV\WEBC\WEBC\PROJECT\MSVC.NET\APPBUILDER_EMGL\DEBUG JAVASCRIPT UNICODE\EGLSTYLESHEETS.OBJ
C:\DEV\WEBC\WEBC\PROJECT\MSVC.NET\APPBUILDER_EMGL\DEBUG JAVASCRIPT UNICODE\EGLSTYLESHEETS.SBR
C:\DEV\WEBC\WEBC\PROJECT\MSVC.NET\APPBUILDER_EMGL\DEBUG JAVASCRIPT UNICODE\ELEMENT.OBJ
C:\DEV\WEBC\WEBC\PROJECT\MSVC.NET\APPBUILDER_EMGL\DEBUG JAVASCRIPT UNICODE\ELEMENT.SBR
C:\DEV\WEBC\WEBC\PROJECT\MSVC.NET\APPBUILDER_EMGL\DEBUG JAVASCRIPT UNICODE\EXAMPLEDATA.OBJ
C:\DEV\WEBC\WEBC\PROJECT\MSVC.NET\APPBUILDER_EMGL\DEBUG JAVASCRIPT UNICODE\EXAMPLEDATA.SBR
C:\DEV\WEBC\WEBC\PROJECT\MSVC.NET\APPBUILDER_EMGL\DEBUG JAVASCRIPT UNICODE\EXAMPLEDESIGNER.OBJ
C:\DEV\WEBC\WEBC\PROJECT\MSVC.NET\APPBUILDER_EMGL\DEBUG JAVASCRIPT UNICODE\EXAMPLEDESIGNER.SBR
C:\DEV\WEBC\WEBC\PROJECT\MSVC.NET\APPBUILDER_EMGL\DEBUG JAVASCRIPT UNICODE\EXAMPLES.OBJ
C:\DEV\WEBC\WEBC\PROJECT\MSVC.NET\APPBUILDER_EMGL\DEBUG JAVASCRIPT UNICODE\EXAMPLES.SBR
C:\DEV\WEBC\WEBC\PROJECT\MSVC.NET\APPBUILDER_EMGL\DEBUG JAVASCRIPT UNICODE\EXAMPLESDISPLAYMANAGER.OBJ
C:\DEV\WEBC\WEBC\PROJECT\MSVC.NET\APPBUILDER_EMGL\DEBUG JAVASCRIPT UNICODE\EXAMPLESDISPLAYMANAGER.SBR
C:\DEV\WEBC\WEBC\PROJECT\MSVC.NET\APPBUILDER_EMGL\DEBUG JAVASCRIPT UNICODE\EXAMPLESGRAPHOBJ.OBJ
C:\DEV\WEBC\WEBC\PROJECT\MSVC.NET\APPBUILDER_EMGL\DEBUG JAVASCRIPT UNICODE\EXAMPLESGRAPHOBJ.SBR
C:\DEV\WEBC\WEBC\PROJECT\MSVC.NET\APPBUILDER_EMGL\DEBUG JAVASCRIPT UNICODE\EXAMPLESUTILITIES.OBJ
C:\DEV\WEBC\WEBC\PROJECT\MSVC.NET\APPBUILDER_EMGL\DEBUG JAVASCRIPT UNICODE\EXAMPLESUTILITIES.SBR
C:\DEV\WEBC\WEBC\PROJECT\MSVC.NET\APPBUILDER_EMGL\DEBUG JAVASCRIPT UNICODE\FBBITMAPS.OBJ
C:\DEV\WEBC\WEBC\PROJECT\MSVC.NET\APPBUILDER_EMGL\DEBUG JAVASCRIPT UNICODE\FBBITMAPS.SBR
C:\DEV\WEBC\WEBC\PROJECT\MSVC.NET\APPBUILDER_EMGL\DEBUG JAVASCRIPT UNICODE\FILESTREAM.OBJ
C:\DEV\WEBC\WEBC\PROJECT\MSVC.NET\APPBUILDER_EMGL\DEBUG JAVASCRIPT UNICODE\FILESTREAM.SBR
C:\DEV\WEBC\WEBC\PROJECT\MSVC.NET\APPBUILDER_EMGL\DEBUG JAVASCRIPT UNICODE\IMAGEMAPCONTROL.OBJ
C:\DEV\WEBC\WEBC\PROJECT\MSVC.NET\APPBUILDER_EMGL\DEBUG JAVASCRIPT UNICODE\IMAGEMAPCONTROL.SBR
C:\DEV\WEBC\WEBC\PROJECT\MSVC.NET\APPBUILDER_EMGL\DEBUG JAVASCRIPT UNICODE\IMAGEMAPEXAMPLE.OBJ
C:\DEV\WEBC\WEBC\PROJECT\MSVC.NET\APPBUILDER_EMGL\DEBUG JAVASCRIPT UNICODE\IMAGEMAPEXAMPLE.SBR
C:\DEV\WEBC\WEBC\PROJECT\MSVC.NET\APPBUILDER_EMGL\DEBUG JAVASCRIPT UNICODE\INTRODUCTORYTEXT.OBJ
C:\DEV\WEBC\WEBC\PROJECT\MSVC.NET\APPBUILDER_EMGL\DEBUG JAVASCRIPT UNICODE\INTRODUCTORYTEXT.SBR
C:\DEV\WEBC\WEBC\PROJECT\MSVC.NET\APPBUILDER_EMGL\DEBUG JAVASCRIPT UNICODE\IXML.OBJ
C:\DEV\WEBC\WEBC\PROJECT\MSVC.NET\APPBUILDER_EMGL\DEBUG JAVASCRIPT UNICODE\IXML.SBR
C:\DEV\WEBC\WEBC\PROJECT\MSVC.NET\APPBUILDER_EMGL\DEBUG JAVASCRIPT UNICODE\IXMLMEMBUF.OBJ
C:\DEV\WEBC\WEBC\PROJECT\MSVC.NET\APPBUILDER_EMGL\DEBUG JAVASCRIPT UNICODE\IXMLMEMBUF.SBR
C:\DEV\WEBC\WEBC\PROJECT\MSVC.NET\APPBUILDER_EMGL\DEBUG JAVASCRIPT UNICODE\IXMLPARSER.OBJ
C:\DEV\WEBC\WEBC\PROJECT\MSVC.NET\APPBUILDER_EMGL\DEBUG JAVASCRIPT UNICODE\IXMLPARSER.SBR
C:\DEV\WEBC\WEBC\PROJECT\MSVC.NET\APPBUILDER_EMGL\DEBUG JAVASCRIPT UNICODE\KEYBOARD.OBJ
C:\DEV\WEBC\WEBC\PROJECT\MSVC.NET\APPBUILDER_EMGL\DEBUG JAVASCRIPT UNICODE\KEYBOARD.SBR
C:\DEV\WEBC\WEBC\PROJECT\MSVC.NET\APPBUILDER_EMGL\DEBUG JAVASCRIPT UNICODE\KEYBOARDDOWN.OBJ
C:\DEV\WEBC\WEBC\PROJECT\MSVC.NET\APPBUILDER_EMGL\DEBUG JAVASCRIPT UNICODE\KEYBOARDDOWN.SBR
C:\dev\webc\WebC\project\msvc.net\AppBuilder_emgl\Debug JavaScript Unicode\link.1172.read.1.tlog
C:\dev\webc\WebC\project\msvc.net\AppBuilder_emgl\Debug JavaScript Unicode\link.1172.write.1.tlog
C:\dev\webc\WebC\project\msvc.net\AppBuilder_emgl\Debug JavaScript Unicode\link.1172-cvtres.read.1.tlog
C:\dev\webc\WebC\project\msvc.net\AppBuilder_emgl\Debug JavaScript Unicode\link.1172-cvtres.write.1.tlog
C:\dev\webc\WebC\project\msvc.net\AppBuilder_emgl\Debug JavaScript Unicode\link.2968.read.1.tlog
C:\dev\webc\WebC\project\msvc.net\AppBuilder_emgl\Debug JavaScript Unicode\link.2968.write.1.tlog
C:\dev\webc\WebC\project\msvc.net\AppBuilder_emgl\Debug JavaScript Unicode\link.2968-cvtres.read.1.tlog
C:\dev\webc\WebC\project\msvc.net\AppBuilder_emgl\Debug JavaScript Unicode\link.2968-cvtres.write.1.tlog
C:\dev\webc\WebC\project\msvc.net\AppBuilder_emgl\Debug JavaScript Unicode\link.command.1.tlog
C:\dev\webc\WebC\project\msvc.net\AppBuilder_emgl\Debug JavaScript Unicode\link.read.1.tlog
C:\dev\webc\WebC\project\msvc.net\AppBuilder_emgl\Debug JavaScript Unicode\link.write.1.tlog
C:\dev\webc\WebC\project\msvc.net\AppBuilder_emgl\Debug JavaScript Unicode\link-cvtres.read.1.tlog
C:\dev\webc\WebC\project\msvc.net\AppBuilder_emgl\Debug JavaScript Unicode\link-cvtres.write.1.tlog
C:\DEV\WEBC\WEBC\PROJECT\MSVC.NET\APPBUILDER_EMGL\DEBUG JAVASCRIPT UNICODE\MENUOFEXAMPLE.OBJ
C:\DEV\WEBC\WEBC\PROJECT\MSVC.NET\APPBUILDER_EMGL\DEBUG JAVASCRIPT UNICODE\MENUOFEXAMPLE.SBR
C:\dev\webc\WebC\project\msvc.net\AppBuilder_emgl\Debug JavaScript Unicode\mt.command.1.tlog
C:\dev\webc\WebC\project\msvc.net\AppBuilder_emgl\Debug JavaScript Unicode\mt.read.1.tlog
C:\dev\webc\WebC\project\msvc.net\AppBuilder_emgl\Debug JavaScript Unicode\mt.write.1.tlog
C:\DEV\WEBC\WEBC\PROJECT\MSVC.NET\APPBUILDER_EMGL\DEBUG JAVASCRIPT UNICODE\NAMEDNODEMAP.OBJ
C:\DEV\WEBC\WEBC\PROJECT\MSVC.NET\APPBUILDER_EMGL\DEBUG JAVASCRIPT UNICODE\NAMEDNODEMAP.SBR
C:\DEV\WEBC\WEBC\PROJECT\MSVC.NET\APPBUILDER_EMGL\DEBUG JAVASCRIPT UNICODE\NODE.OBJ
C:\DEV\WEBC\WEBC\PROJECT\MSVC.NET\APPBUILDER_EMGL\DEBUG JAVASCRIPT UNICODE\NODE.SBR
C:\DEV\WEBC\WEBC\PROJECT\MSVC.NET\APPBUILDER_EMGL\DEBUG JAVASCRIPT UNICODE\NODELIST.OBJ
C:\DEV\WEBC\WEBC\PROJECT\MSVC.NET\APPBUILDER_EMGL\DEBUG JAVASCRIPT UNICODE\NODELIST.SBR
C:\DEV\WEBC\WEBC\PROJECT\MSVC.NET\APPBUILDER_EMGL\DEBUG JAVASCRIPT UNICODE\OVAL3DDD0.OBJ
C:\DEV\WEBC\WEBC\PROJECT\MSVC.NET\APPBUILDER_EMGL\DEBUG JAVASCRIPT UNICODE\OVAL3DDD0.SBR
C:\DEV\WEBC\WEBC\PROJECT\MSVC.NET\APPBUILDER_EMGL\DEBUG JAVASCRIPT UNICODE\OVAL3DDD1.OBJ
C:\DEV\WEBC\WEBC\PROJECT\MSVC.NET\APPBUILDER_EMGL\DEBUG JAVASCRIPT UNICODE\OVAL3DDD1.SBR
C:\dev\webc\WebC\project\msvc.net\AppBuilder_emgl\Debug JavaScript Unicode\rc.command.1.tlog
C:\dev\webc\WebC\project\msvc.net\AppBuilder_emgl\Debug JavaScript Unicode\rc.read.1.tlog
C:\dev\webc\WebC\project\msvc.net\AppBuilder_emgl\Debug JavaScript Unicode\rc.write.1.tlog
C:\DEV\WEBC\WEBC\PROJECT\MSVC.NET\APPBUILDER_EMGL\DEBUG JAVASCRIPT UNICODE\RECTCLASS.OBJ
C:\DEV\WEBC\WEBC\PROJECT\MSVC.NET\APPBUILDER_EMGL\DEBUG JAVASCRIPT UNICODE\RECTCLASS.SBR
C:\DEV\WEBC\WEBC\PROJECT\MSVC.NET\APPBUILDER_EMGL\DEBUG JAVASCRIPT UNICODE\SCOPEEXAMPLE.OBJ
C:\DEV\WEBC\WEBC\PROJECT\MSVC.NET\APPBUILDER_EMGL\DEBUG JAVASCRIPT UNICODE\SCOPEEXAMPLE.SBR
C:\DEV\WEBC\WEBC\PROJECT\MSVC.NET\APPBUILDER_EMGL\DEBUG JAVASCRIPT UNICODE\SCROLLBARCONTROL.OBJ
C:\DEV\WEBC\WEBC\PROJECT\MSVC.NET\APPBUILDER_EMGL\DEBUG JAVASCRIPT UNICODE\SCROLLBARCONTROL.SBR
C:\DEV\WEBC\WEBC\PROJECT\MSVC.NET\APPBUILDER_EMGL\DEBUG JAVASCRIPT UNICODE\SCROLLBAREXAMPLE.OBJ
C:\DEV\WEBC\WEBC\PROJECT\MSVC.NET\APPBUILDER_EMGL\DEBUG JAVASCRIPT UNICODE\SCROLLBAREXAMPLE.SBR
C:\DEV\WEBC\WEBC\PROJECT\MSVC.NET\APPBUILDER_EMGL\DEBUG JAVASCRIPT UNICODE\SPEEDO.OBJ
C:\DEV\WEBC\WEBC\PROJECT\MSVC.NET\APPBUILDER_EMGL\DEBUG JAVASCRIPT UNICODE\SPEEDO.SBR
C:\DEV\WEBC\WEBC\PROJECT\MSVC.NET\APPBUILDER_EMGL\DEBUG JAVASCRIPT UNICODE\SPEEDOMETEREXAMPLE.OBJ
C:\DEV\WEBC\WEBC\PROJECT\MSVC.NET\APPBUILDER_EMGL\DEBUG JAVASCRIPT UNICODE\SPEEDOMETEREXAMPLE.SBR
C:\DEV\WEBC\WEBC\PROJECT\MSVC.NET\APPBUILDER_EMGL\DEBUG JAVASCRIPT UNICODE\STANDARDCOMPONENTS.OBJ
C:\DEV\WEBC\WEBC\PROJECT\MSVC.NET\APPBUILDER_EMGL\DEBUG JAVASCRIPT UNICODE\STANDARDCOMPONENTS.SBR
C:\DEV\WEBC\WEBC\PROJECT\MSVC.NET\APPBUILDER_EMGL\DEBUG JAVASCRIPT UNICODE\TAHOMABOLD10B0020E007E.OBJ
C:\DEV\WEBC\WEBC\PROJECT\MSVC.NET\APPBUILDER_EMGL\DEBUG JAVASCRIPT UNICODE\TAHOMABOLD10B0020E007E.SBR
C:\DEV\WEBC\WEBC\PROJECT\MSVC.NET\APPBUILDER_EMGL\DEBUG JAVASCRIPT UNICODE\TAHOMABOLD11B0020E007E.OBJ
C:\DEV\WEBC\WEBC\PROJECT\MSVC.NET\APPBUILDER_EMGL\DEBUG JAVASCRIPT UNICODE\TAHOMABOLD11B0020E007E.SBR
C:\DEV\WEBC\WEBC\PROJECT\MSVC.NET\APPBUILDER_EMGL\DEBUG JAVASCRIPT UNICODE\TAHOMABOLD12B0020E007E.OBJ
C:\DEV\WEBC\WEBC\PROJECT\MSVC.NET\APPBUILDER_EMGL\DEBUG JAVASCRIPT UNICODE\TAHOMABOLD12B0020E007E.SBR
C:\DEV\WEBC\WEBC\PROJECT\MSVC.NET\APPBUILDER_EMGL\DEBUG JAVASCRIPT UNICODE\TAHOMABOLD13B0020E007E.OBJ
C:\DEV\WEBC\WEBC\PROJECT\MSVC.NET\APPBUILDER_EMGL\DEBUG JAVASCRIPT UNICODE\TAHOMABOLD13B0020E007E.SBR
C:\DEV\WEBC\WEBC\PROJECT\MSVC.NET\APPBUILDER_EMGL\DEBUG JAVASCRIPT UNICODE\TAHOMABOLD14B0020E007E.OBJ
C:\DEV\WEBC\WEBC\PROJECT\MSVC.NET\APPBUILDER_EMGL\DEBUG JAVASCRIPT UNICODE\TAHOMABOLD14B0020E007E.SBR
C:\DEV\WEBC\WEBC\PROJECT\MSVC.NET\APPBUILDER_EMGL\DEBUG JAVASCRIPT UNICODE\TAHOMABOLD15B0020E007E.OBJ
C:\DEV\WEBC\WEBC\PROJECT\MSVC.NET\APPBUILDER_EMGL\DEBUG JAVASCRIPT UNICODE\TAHOMABOLD15B0020E007E.SBR
C:\DEV\WEBC\WEBC\PROJECT\MSVC.NET\APPBUILDER_EMGL\DEBUG JAVASCRIPT UNICODE\TAHOMABOLD16B0020E007E.OBJ
C:\DEV\WEBC\WEBC\PROJECT\MSVC.NET\APPBUILDER_EMGL\DEBUG JAVASCRIPT UNICODE\TAHOMABOLD16B0020E007E.SBR
C:\DEV\WEBC\WEBC\PROJECT\MSVC.NET\APPBUILDER_EMGL\DEBUG JAVASCRIPT UNICODE\TAHOMABOLD17B0020E007E.OBJ
C:\DEV\WEBC\WEBC\PROJECT\MSVC.NET\APPBUILDER_EMGL\DEBUG JAVASCRIPT UNICODE\TAHOMABOLD17B0020E007E.SBR
C:\DEV\WEBC\WEBC\PROJECT\MSVC.NET\APPBUILDER_EMGL\DEBUG JAVASCRIPT UNICODE\TAHOMABOLD18B0020E007E.OBJ
C:\DEV\WEBC\WEBC\PROJECT\MSVC.NET\APPBUILDER_EMGL\DEBUG JAVASCRIPT UNICODE\TAHOMABOLD18B0020E007E.SBR
C:\DEV\WEBC\WEBC\PROJECT\MSVC.NET\APPBUILDER_EMGL\DEBUG JAVASCRIPT UNICODE\TAHOMABOLD20B0020E007E.OBJ
C:\DEV\WEBC\WEBC\PROJECT\MSVC.NET\APPBUILDER_EMGL\DEBUG JAVASCRIPT UNICODE\TAHOMABOLD20B0020E007E.SBR
C:\DEV\WEBC\WEBC\PROJECT\MSVC.NET\APPBUILDER_EMGL\DEBUG JAVASCRIPT UNICODE\TAHOMABOLD22B0020E007E.OBJ
C:\DEV\WEBC\WEBC\PROJECT\MSVC.NET\APPBUILDER_EMGL\DEBUG JAVASCRIPT UNICODE\TAHOMABOLD22B0020E007E.SBR
C:\DEV\WEBC\WEBC\PROJECT\MSVC.NET\APPBUILDER_EMGL\DEBUG JAVASCRIPT UNICODE\TAHOMABOLD24B0020E007E.OBJ
C:\DEV\WEBC\WEBC\PROJECT\MSVC.NET\APPBUILDER_EMGL\DEBUG JAVASCRIPT UNICODE\TAHOMABOLD24B0020E007E.SBR
C:\DEV\WEBC\WEBC\PROJECT\MSVC.NET\APPBUILDER_EMGL\DEBUG JAVASCRIPT UNICODE\TAHOMAREGULAR10B0020E007E.OBJ
C:\DEV\WEBC\WEBC\PROJECT\MSVC.NET\APPBUILDER_EMGL\DEBUG JAVASCRIPT UNICODE\TAHOMAREGULAR10B0020E007E.SBR
C:\DEV\WEBC\WEBC\PROJECT\MSVC.NET\APPBUILDER_EMGL\DEBUG JAVASCRIPT UNICODE\TAHOMAREGULAR11B0020E007E.OBJ
C:\DEV\WEBC\WEBC\PROJECT\MSVC.NET\APPBUILDER_EMGL\DEBUG JAVASCRIPT UNICODE\TAHOMAREGULAR11B0020E007E.SBR
C:\DEV\WEBC\WEBC\PROJECT\MSVC.NET\APPBUILDER_EMGL\DEBUG JAVASCRIPT UNICODE\TAHOMAREGULAR12B0020E007E.OBJ
C:\DEV\WEBC\WEBC\PROJECT\MSVC.NET\APPBUILDER_EMGL\DEBUG JAVASCRIPT UNICODE\TAHOMAREGULAR12B0020E007E.SBR
C:\DEV\WEBC\WEBC\PROJECT\MSVC.NET\APPBUILDER_EMGL\DEBUG JAVASCRIPT UNICODE\TAHOMAREGULAR13B0020E007E.OBJ
C:\DEV\WEBC\WEBC\PROJECT\MSVC.NET\APPBUILDER_EMGL\DEBUG JAVASCRIPT UNICODE\TAHOMAREGULAR13B0020E007E.SBR
C:\DEV\WEBC\WEBC\PROJECT\MSVC.NET\APPBUILDER_EMGL\DEBUG JAVASCRIPT UNICODE\TAHOMAREGULAR14B0020E007E.OBJ
C:\DEV\WEBC\WEBC\PROJECT\MSVC.NET\APPBUILDER_EMGL\DEBUG JAVASCRIPT UNICODE\TAHOMAREGULAR14B0020E007E.SBR
C:\DEV\WEBC\WEBC\PROJECT\MSVC.NET\APPBUILDER_EMGL\DEBUG JAVASCRIPT UNICODE\TAHOMAREGULAR15B0020E007E.OBJ
C:\DEV\WEBC\WEBC\PROJECT\MSVC.NET\APPBUILDER_EMGL\DEBUG JAVASCRIPT UNICODE\TAHOMAREGULAR15B0020E007E.SBR
C:\DEV\WEBC\WEBC\PROJECT\MSVC.NET\APPBUILDER_EMGL\DEBUG JAVASCRIPT UNICODE\TAHOMAREGULAR16B0020E007E.OBJ
C:\DEV\WEBC\WEBC\PROJECT\MSVC.NET\APPBUILDER_EMGL\DEBUG JAVASCRIPT UNICODE\TAHOMAREGULAR16B0020E007E.SBR
C:\DEV\WEBC\WEBC\PROJECT\MSVC.NET\APPBUILDER_EMGL\DEBUG JAVASCRIPT UNICODE\TAHOMAREGULAR17B0020E007E.OBJ
C:\DEV\WEBC\WEBC\PROJECT\MSVC.NET\APPBUILDER_EMGL\DEBUG JAVASCRIPT UNICODE\TAHOMAREGULAR17B0020E007E.SBR
C:\DEV\WEBC\WEBC\PROJECT\MSVC.NET\APPBUILDER_EMGL\DEBUG JAVASCRIPT UNICODE\TAHOMAREGULAR18B0020E007E.OBJ
C:\DEV\WEBC\WEBC\PROJECT\MSVC.NET\APPBUILDER_EMGL\DEBUG JAVASCRIPT UNICODE\TAHOMAREGULAR18B0020E007E.SBR
C:\DEV\WEBC\WEBC\PROJECT\MSVC.NET\APPBUILDER_EMGL\DEBUG JAVASCRIPT UNICODE\TAHOMAREGULAR20B0020E007E.OBJ
C:\DEV\WEBC\WEBC\PROJECT\MSVC.NET\APPBUILDER_EMGL\DEBUG JAVASCRIPT UNICODE\TAHOMAREGULAR20B0020E007E.SBR
C:\DEV\WEBC\WEBC\PROJECT\MSVC.NET\APPBUILDER_EMGL\DEBUG JAVASCRIPT UNICODE\TAHOMAREGULAR22B0020E007E.OBJ
C:\DEV\WEBC\WEBC\PROJECT\MSVC.NET\APPBUILDER_EMGL\DEBUG JAVASCRIPT UNICODE\TAHOMAREGULAR22B0020E007E.SBR
C:\DEV\WEBC\WEBC\PROJECT\MSVC.NET\APPBUILDER_EMGL\DEBUG JAVASCRIPT UNICODE\TAHOMAREGULAR24B0020E007E.OBJ
C:\DEV\WEBC\WEBC\PROJECT\MSVC.NET\APPBUILDER_EMGL\DEBUG JAVASCRIPT UNICODE\TAHOMAREGULAR24B0020E007E.SBR
C:\DEV\WEBC\WEBC\PROJECT\MSVC.NET\APPBUILDER_EMGL\DEBUG JAVASCRIPT UNICODE\TEXTBOXCONTROL.OBJ
C:\DEV\WEBC\WEBC\PROJECT\MSVC.NET\APPBUILDER_EMGL\DEBUG JAVASCRIPT UNICODE\TEXTBOXCONTROL.SBR
C:\DEV\WEBC\WEBC\PROJECT\MSVC.NET\APPBUILDER_EMGL\DEBUG JAVASCRIPT UNICODE\TEXTEDITCONTROL.OBJ
C:\DEV\WEBC\WEBC\PROJECT\MSVC.NET\APPBUILDER_EMGL\DEBUG JAVASCRIPT UNICODE\TEXTEDITCONTROL.SBR
C:\DEV\WEBC\WEBC\PROJECT\MSVC.NET\APPBUILDER_EMGL\DEBUG JAVASCRIPT UNICODE\TEXTEXAMPLES.OBJ
C:\DEV\WEBC\WEBC\PROJECT\MSVC.NET\APPBUILDER_EMGL\DEBUG JAVASCRIPT UNICODE\TEXTEXAMPLES.SBR
C:\DEV\WEBC\WEBC\PROJECT\MSVC.NET\APPBUILDER_EMGL\DEBUG JAVASCRIPT UNICODE\TEXTOBJECT.OBJ
C:\DEV\WEBC\WEBC\PROJECT\MSVC.NET\APPBUILDER_EMGL\DEBUG JAVASCRIPT UNICODE\TEXTOBJECT.SBR
C:\dev\webc\WebC\project\msvc.net\AppBuilder_emgl\Debug JavaScript Unicode\vc100.idb
C:\DEV\WEBC\WEBC\PROJECT\MSVC.NET\APPBUILDER_EMGL\DEBUG JAVASCRIPT UNICODE\VC100.PDB
C:\DEV\WEBC\WEBC\PROJECT\MSVC.NET\APPBUILDER_EMGL\DEBUG JAVASCRIPT UNICODE\VECTORGRAPHICS.OBJ
C:\DEV\WEBC\WEBC\PROJECT\MSVC.NET\APPBUILDER_EMGL\DEBUG JAVASCRIPT UNICODE\VECTORGRAPHICS.SBR
C:\DEV\WEBC\WEBC\PROJECT\MSVC.NET\APPBUILDER_EMGL\DEBUG JAVASCRIPT UNICODE\WEBCDEMO_GDIP.BSC
C:\DEV\WEBC\WEBC\PROJECT\MSVC.NET\APPBUILDER_EMGL\DEBUG JAVASCRIPT UNICODE\WEBCDEMO_GDIP.EXE
C:\DEV\WEBC\WEBC\PROJECT\MSVC.NET\APPBUILDER_EMGL\DEBUG JAVASCRIPT UNICODE\WEBCDEMO_GDIP.EXE.EMBED.MANIFEST
C:\DEV\WEBC\WEBC\PROJECT\MSVC.NET\APPBUILDER_EMGL\DEBUG JAVASCRIPT UNICODE\WEBCDEMO_GDIP.EXE.EMBED.MANIFEST.RES
C:\DEV\WEBC\WEBC\PROJECT\MSVC.NET\APPBUILDER_EMGL\DEBUG JAVASCRIPT UNICODE\WEBCDEMO_GDIP.EXE.INTERMEDIATE.MANIFEST
C:\DEV\WEBC\WEBC\PROJECT\MSVC.NET\APPBUILDER_EMGL\DEBUG JAVASCRIPT UNICODE\WEBCDEMO_GDIP.ILK
C:\DEV\WEBC\WEBC\PROJECT\MSVC.NET\APPBUILDER_EMGL\DEBUG JAVASCRIPT UNICODE\WEBCDEMO_GDIP.OBJ
C:\DEV\WEBC\WEBC\PROJECT\MSVC.NET\APPBUILDER_EMGL\DEBUG JAVASCRIPT UNICODE\WEBCDEMO_GDIP.PDB
C:\DEV\WEBC\WEBC\PROJECT\MSVC.NET\APPBUILDER_EMGL\DEBUG JAVASCRIPT UNICODE\WEBCDEMO_GDIP.RES
C:\DEV\WEBC\WEBC\PROJECT\MSVC.NET\APPBUILDER_EMGL\DEBUG JAVASCRIPT UNICODE\WEBCDEMO_GDIP.SBR
C:\dev\webc\WebC\project\msvc.net\AppBuilder_emgl\Debug JavaScript Unicode\webcdemo_gdip.write.1.tlog
C:\dev\webc\WebC\project\msvc.net\AppBuilder_emgl\Debug JavaScript Unicode\webcdemo_gdip_manifest.rc
C:\DEV\WEBC\WEBC\PROJECT\MSVC.NET\APPBUILDER_EMGL\DEBUG JAVASCRIPT UNICODE\WEBCEMGLINIT.OBJ
C:\DEV\WEBC\WEBC\PROJECT\MSVC.NET\APPBUILDER_EMGL\DEBUG JAVASCRIPT UNICODE\WEBCEMGLINIT.SBR
C:\DEV\WEBC\WEBC\PROJECT\MSVC.NET\APPBUILDER_EMGL\DEBUG JAVASCRIPT UNICODE\WEBCFONTINTERFACE.OBJ
C:\DEV\WEBC\WEBC\PROJECT\MSVC.NET\APPBUILDER_EMGL\DEBUG JAVASCRIPT UNICODE\WEBCFONTINTERFACE.SBR
C:\DEV\WEBC\WEBC\PROJECT\MSVC.NET\APPBUILDER_EMGL\DEBUG JAVASCRIPT UNICODE\WEBCGDIP.OBJ
C:\DEV\WEBC\WEBC\PROJECT\MSVC.NET\APPBUILDER_EMGL\DEBUG JAVASCRIPT UNICODE\WEBCGDIP.SBR
C:\DEV\WEBC\WEBC\PROJECT\MSVC.NET\APPBUILDER_EMGL\DEBUG JAVASCRIPT UNICODE\WEBCINTERFACE.OBJ
C:\DEV\WEBC\WEBC\PROJECT\MSVC.NET\APPBUILDER_EMGL\DEBUG JAVASCRIPT UNICODE\WEBCINTERFACE.SBR
C:\DEV\WEBC\WEBC\PROJECT\MSVC.NET\APPBUILDER_EMGL\DEBUG JAVASCRIPT UNICODE\WFGDIP.OBJ
C:\DEV\WEBC\WEBC\PROJECT\MSVC.NET\APPBUILDER_EMGL\DEBUG JAVASCRIPT UNICODE\WFGDIP.SBR
C:\DEV\WEBC\WEBC\PROJECT\MSVC.NET\APPBUILDER_EMGL\DEBUG JAVASCRIPT UNICODE\WINDOWSBITMAPEVENTING.OBJ
C:\DEV\WEBC\WEBC\PROJECT\MSVC.NET\APPBUILDER_EMGL\DEBUG JAVASCRIPT UNICODE\WINDOWSBITMAPEVENTING.SBR
C:\DEV\WEBC\WEBC\PROJECT\MSVC.NET\APPBUILDER_EMGL\DEBUG JAVASCRIPT UNICODE\WINDOWSBITMAPFRAMEBUFFER.OBJ
C:\DEV\WEBC\WEBC\PROJECT\MSVC.NET\APPBUILDER_EMGL\DEBUG JAVASCRIPT UNICODE\WINDOWSBITMAPFRAMEBUFFER.SBR
Debug JavaScript Unicode\webcdemo_gdip.bsc
Debug JavaScript Unicode\webcdemo_gdip.ilk
Debug JavaScript Unicode\webcdemo_gdip.pdb
