C:\0a_share_with_virtual_box\ebs\gitsources\webcwebbrowser\webc\WebC\project\msvc.net\zlib\.\zlib___Win32_Debug_JavaScript_Unicode\zlib.lib
C:\0A_SHARE_WITH_VIRTUAL_BOX\EBS\GITSOURCES\WEBCWEBBROWSER\WEBC\WEBC\PROJECT\MSVC.NET\ZLIB\ZLIB___WIN32_DEBUG_JAVASCRIPT_UNICODE\ADLER32.OBJ
C:\0a_share_with_virtual_box\ebs\gitsources\webcwebbrowser\webc\WebC\project\msvc.net\zlib\zlib___Win32_Debug_JavaScript_Unicode\cl.command.1.tlog
C:\0a_share_with_virtual_box\ebs\gitsources\webcwebbrowser\webc\WebC\project\msvc.net\zlib\zlib___Win32_Debug_JavaScript_Unicode\CL.read.1.tlog
C:\0a_share_with_virtual_box\ebs\gitsources\webcwebbrowser\webc\WebC\project\msvc.net\zlib\zlib___Win32_Debug_JavaScript_Unicode\CL.write.1.tlog
C:\0A_SHARE_WITH_VIRTUAL_BOX\EBS\GITSOURCES\WEBCWEBBROWSER\WEBC\WEBC\PROJECT\MSVC.NET\ZLIB\ZLIB___WIN32_DEBUG_JAVASCRIPT_UNICODE\COMPRESS.OBJ
C:\0A_SHARE_WITH_VIRTUAL_BOX\EBS\GITSOURCES\WEBCWEBBROWSER\WEBC\WEBC\PROJECT\MSVC.NET\ZLIB\ZLIB___WIN32_DEBUG_JAVASCRIPT_UNICODE\CRC32.OBJ
C:\0A_SHARE_WITH_VIRTUAL_BOX\EBS\GITSOURCES\WEBCWEBBROWSER\WEBC\WEBC\PROJECT\MSVC.NET\ZLIB\ZLIB___WIN32_DEBUG_JAVASCRIPT_UNICODE\DEFLATE.OBJ
C:\0A_SHARE_WITH_VIRTUAL_BOX\EBS\GITSOURCES\WEBCWEBBROWSER\WEBC\WEBC\PROJECT\MSVC.NET\ZLIB\ZLIB___WIN32_DEBUG_JAVASCRIPT_UNICODE\GZIO.OBJ
C:\0A_SHARE_WITH_VIRTUAL_BOX\EBS\GITSOURCES\WEBCWEBBROWSER\WEBC\WEBC\PROJECT\MSVC.NET\ZLIB\ZLIB___WIN32_DEBUG_JAVASCRIPT_UNICODE\INFBLOCK.OBJ
C:\0A_SHARE_WITH_VIRTUAL_BOX\EBS\GITSOURCES\WEBCWEBBROWSER\WEBC\WEBC\PROJECT\MSVC.NET\ZLIB\ZLIB___WIN32_DEBUG_JAVASCRIPT_UNICODE\INFCODES.OBJ
C:\0A_SHARE_WITH_VIRTUAL_BOX\EBS\GITSOURCES\WEBCWEBBROWSER\WEBC\WEBC\PROJECT\MSVC.NET\ZLIB\ZLIB___WIN32_DEBUG_JAVASCRIPT_UNICODE\INFFAST.OBJ
C:\0A_SHARE_WITH_VIRTUAL_BOX\EBS\GITSOURCES\WEBCWEBBROWSER\WEBC\WEBC\PROJECT\MSVC.NET\ZLIB\ZLIB___WIN32_DEBUG_JAVASCRIPT_UNICODE\INFLATE.OBJ
C:\0A_SHARE_WITH_VIRTUAL_BOX\EBS\GITSOURCES\WEBCWEBBROWSER\WEBC\WEBC\PROJECT\MSVC.NET\ZLIB\ZLIB___WIN32_DEBUG_JAVASCRIPT_UNICODE\INFTREES.OBJ
C:\0A_SHARE_WITH_VIRTUAL_BOX\EBS\GITSOURCES\WEBCWEBBROWSER\WEBC\WEBC\PROJECT\MSVC.NET\ZLIB\ZLIB___WIN32_DEBUG_JAVASCRIPT_UNICODE\INFUTIL.OBJ
C:\0a_share_with_virtual_box\ebs\gitsources\webcwebbrowser\webc\WebC\project\msvc.net\zlib\zlib___Win32_Debug_JavaScript_Unicode\lib.command.1.tlog
C:\0a_share_with_virtual_box\ebs\gitsources\webcwebbrowser\webc\WebC\project\msvc.net\zlib\zlib___Win32_Debug_JavaScript_Unicode\Lib-link.read.1.tlog
C:\0a_share_with_virtual_box\ebs\gitsources\webcwebbrowser\webc\WebC\project\msvc.net\zlib\zlib___Win32_Debug_JavaScript_Unicode\Lib-link.write.1.tlog
C:\0A_SHARE_WITH_VIRTUAL_BOX\EBS\GITSOURCES\WEBCWEBBROWSER\WEBC\WEBC\PROJECT\MSVC.NET\ZLIB\ZLIB___WIN32_DEBUG_JAVASCRIPT_UNICODE\TREES.OBJ
C:\0A_SHARE_WITH_VIRTUAL_BOX\EBS\GITSOURCES\WEBCWEBBROWSER\WEBC\WEBC\PROJECT\MSVC.NET\ZLIB\ZLIB___WIN32_DEBUG_JAVASCRIPT_UNICODE\UNCOMPR.OBJ
C:\0a_share_with_virtual_box\ebs\gitsources\webcwebbrowser\webc\WebC\project\msvc.net\zlib\zlib___Win32_Debug_JavaScript_Unicode\vc100.idb
C:\0A_SHARE_WITH_VIRTUAL_BOX\EBS\GITSOURCES\WEBCWEBBROWSER\WEBC\WEBC\PROJECT\MSVC.NET\ZLIB\ZLIB___WIN32_DEBUG_JAVASCRIPT_UNICODE\VC100.PDB
C:\0A_SHARE_WITH_VIRTUAL_BOX\EBS\GITSOURCES\WEBCWEBBROWSER\WEBC\WEBC\PROJECT\MSVC.NET\ZLIB\ZLIB___WIN32_DEBUG_JAVASCRIPT_UNICODE\ZLIB.LIB
C:\0a_share_with_virtual_box\ebs\gitsources\webcwebbrowser\webc\WebC\project\msvc.net\zlib\zlib___Win32_Debug_JavaScript_Unicode\zlib.write.1.tlog
C:\0A_SHARE_WITH_VIRTUAL_BOX\EBS\GITSOURCES\WEBCWEBBROWSER\WEBC\WEBC\PROJECT\MSVC.NET\ZLIB\ZLIB___WIN32_DEBUG_JAVASCRIPT_UNICODE\ZUTIL.OBJ
