C:\dev\EMGLANDWEBC\webc\WebC\project\msvc\zlib\.\zlib___Win32_Debug_JavaScript_Unicode\zlib.lib
C:\dev\EMGLANDWEBC\webc\WebC\project\msvc\zlib\zlib___Win32_Debug_JavaScript_Unicode\adler32.obj
C:\dev\EMGLANDWEBC\webc\WebC\project\msvc\zlib\zlib___Win32_Debug_JavaScript_Unicode\cl.command.1.tlog
C:\dev\EMGLANDWEBC\webc\WebC\project\msvc\zlib\zlib___Win32_Debug_JavaScript_Unicode\CL.read.1.tlog
C:\dev\EMGLANDWEBC\webc\WebC\project\msvc\zlib\zlib___Win32_Debug_JavaScript_Unicode\CL.write.1.tlog
C:\dev\EMGLANDWEBC\webc\WebC\project\msvc\zlib\zlib___Win32_Debug_JavaScript_Unicode\compress.obj
C:\dev\EMGLANDWEBC\webc\WebC\project\msvc\zlib\zlib___Win32_Debug_JavaScript_Unicode\crc32.obj
C:\dev\EMGLANDWEBC\webc\WebC\project\msvc\zlib\zlib___Win32_Debug_JavaScript_Unicode\deflate.obj
C:\dev\EMGLANDWEBC\webc\WebC\project\msvc\zlib\zlib___Win32_Debug_JavaScript_Unicode\gzio.obj
C:\dev\EMGLANDWEBC\webc\WebC\project\msvc\zlib\zlib___Win32_Debug_JavaScript_Unicode\infblock.obj
C:\dev\EMGLANDWEBC\webc\WebC\project\msvc\zlib\zlib___Win32_Debug_JavaScript_Unicode\infcodes.obj
C:\dev\EMGLANDWEBC\webc\WebC\project\msvc\zlib\zlib___Win32_Debug_JavaScript_Unicode\inffast.obj
C:\dev\EMGLANDWEBC\webc\WebC\project\msvc\zlib\zlib___Win32_Debug_JavaScript_Unicode\inflate.obj
C:\dev\EMGLANDWEBC\webc\WebC\project\msvc\zlib\zlib___Win32_Debug_JavaScript_Unicode\inftrees.obj
C:\dev\EMGLANDWEBC\webc\WebC\project\msvc\zlib\zlib___Win32_Debug_JavaScript_Unicode\infutil.obj
C:\dev\EMGLANDWEBC\webc\WebC\project\msvc\zlib\zlib___Win32_Debug_JavaScript_Unicode\lib.command.1.tlog
C:\dev\EMGLANDWEBC\webc\WebC\project\msvc\zlib\zlib___Win32_Debug_JavaScript_Unicode\Lib-link.read.1.tlog
C:\dev\EMGLANDWEBC\webc\WebC\project\msvc\zlib\zlib___Win32_Debug_JavaScript_Unicode\Lib-link.write.1.tlog
C:\dev\EMGLANDWEBC\webc\WebC\project\msvc\zlib\zlib___Win32_Debug_JavaScript_Unicode\trees.obj
C:\dev\EMGLANDWEBC\webc\WebC\project\msvc\zlib\zlib___Win32_Debug_JavaScript_Unicode\uncompr.obj
C:\dev\EMGLANDWEBC\webc\WebC\project\msvc\zlib\zlib___Win32_Debug_JavaScript_Unicode\vc100.idb
C:\dev\EMGLANDWEBC\webc\WebC\project\msvc\zlib\zlib___Win32_Debug_JavaScript_Unicode\vc100.pdb
C:\dev\EMGLANDWEBC\webc\WebC\project\msvc\zlib\zlib___Win32_Debug_JavaScript_Unicode\zlib.write.1.tlog
C:\dev\EMGLANDWEBC\webc\WebC\project\msvc\zlib\zlib___Win32_Debug_JavaScript_Unicode\zutil.obj
C:\DEV\WEBC\WEBC\PROJECT\MSVC\ZLIB\ZLIB___WIN32_DEBUG_JAVASCRIPT_UNICODE\ADLER32.OBJ
C:\DEV\WEBC\WEBC\PROJECT\MSVC\ZLIB\ZLIB___WIN32_DEBUG_JAVASCRIPT_UNICODE\COMPRESS.OBJ
C:\DEV\WEBC\WEBC\PROJECT\MSVC\ZLIB\ZLIB___WIN32_DEBUG_JAVASCRIPT_UNICODE\CRC32.OBJ
C:\DEV\WEBC\WEBC\PROJECT\MSVC\ZLIB\ZLIB___WIN32_DEBUG_JAVASCRIPT_UNICODE\DEFLATE.OBJ
C:\DEV\WEBC\WEBC\PROJECT\MSVC\ZLIB\ZLIB___WIN32_DEBUG_JAVASCRIPT_UNICODE\GZIO.OBJ
C:\DEV\WEBC\WEBC\PROJECT\MSVC\ZLIB\ZLIB___WIN32_DEBUG_JAVASCRIPT_UNICODE\INFBLOCK.OBJ
C:\DEV\WEBC\WEBC\PROJECT\MSVC\ZLIB\ZLIB___WIN32_DEBUG_JAVASCRIPT_UNICODE\INFCODES.OBJ
C:\DEV\WEBC\WEBC\PROJECT\MSVC\ZLIB\ZLIB___WIN32_DEBUG_JAVASCRIPT_UNICODE\INFFAST.OBJ
C:\DEV\WEBC\WEBC\PROJECT\MSVC\ZLIB\ZLIB___WIN32_DEBUG_JAVASCRIPT_UNICODE\INFLATE.OBJ
C:\DEV\WEBC\WEBC\PROJECT\MSVC\ZLIB\ZLIB___WIN32_DEBUG_JAVASCRIPT_UNICODE\INFTREES.OBJ
C:\DEV\WEBC\WEBC\PROJECT\MSVC\ZLIB\ZLIB___WIN32_DEBUG_JAVASCRIPT_UNICODE\INFUTIL.OBJ
C:\DEV\WEBC\WEBC\PROJECT\MSVC\ZLIB\ZLIB___WIN32_DEBUG_JAVASCRIPT_UNICODE\TREES.OBJ
C:\DEV\WEBC\WEBC\PROJECT\MSVC\ZLIB\ZLIB___WIN32_DEBUG_JAVASCRIPT_UNICODE\UNCOMPR.OBJ
C:\DEV\WEBC\WEBC\PROJECT\MSVC\ZLIB\ZLIB___WIN32_DEBUG_JAVASCRIPT_UNICODE\VC100.PDB
C:\DEV\WEBC\WEBC\PROJECT\MSVC\ZLIB\ZLIB___WIN32_DEBUG_JAVASCRIPT_UNICODE\ZLIB.LIB
C:\DEV\WEBC\WEBC\PROJECT\MSVC\ZLIB\ZLIB___WIN32_DEBUG_JAVASCRIPT_UNICODE\ZUTIL.OBJ
